2022-04-09 12:56:57.618 +03:00 [INF] Generating URI for LISTING_STATUS with params: state: active
2022-04-09 12:56:57.657 +03:00 [INF] URI: https://www.alphavantage.co/query?apikey=YTXYXH479B3J1MY2&function=LISTING_STATUS&state=active
2022-04-09 12:56:57.722 +03:00 [INF] Starting to get and parse CSV from "https://www.alphavantage.co/query?apikey=YTXYXH479B3J1MY2&function=LISTING_STATUS&state=active".
2022-04-09 12:56:58.010 +03:00 [INF] Now listening on: https://localhost:5001
2022-04-09 12:56:58.011 +03:00 [INF] Now listening on: http://localhost:5000
2022-04-09 12:56:58.012 +03:00 [INF] Application started. Press Ctrl+C to shut down.
2022-04-09 12:56:58.013 +03:00 [INF] Hosting environment: Development
2022-04-09 12:56:58.014 +03:00 [INF] Content root path: D:\repo\SaluteStocks\SaluteStocksAPI\
2022-04-09 12:56:58.207 +03:00 [INF] Response has success status code
2022-04-09 12:56:58.208 +03:00 [INF] Trying to deserialize response.
2022-04-09 12:56:58.552 +03:00 [INF] Request starting HTTP/2 GET https://localhost:5001/swagger/index.html - -
2022-04-09 12:56:58.638 +03:00 [INF] Request finished HTTP/2 GET https://localhost:5001/swagger/index.html - - - 200 - text/html;charset=utf-8 87.1077ms
2022-04-09 12:56:58.752 +03:00 [INF] Request starting HTTP/2 GET https://localhost:5001/swagger/v1/swagger.json - -
2022-04-09 12:56:58.765 +03:00 [ERR] An unhandled exception has occurred while executing the request.
Swashbuckle.AspNetCore.SwaggerGen.SwaggerGeneratorException: Ambiguous HTTP method for action - SaluteStocksAPI.Controllers.ApiController.Ping (SaluteStocksAPI). Actions require an explicit HttpMethod binding for Swagger/OpenAPI 3.0
   at Swashbuckle.AspNetCore.SwaggerGen.SwaggerGenerator.GenerateOperations(IEnumerable`1 apiDescriptions, SchemaRepository schemaRepository)
   at Swashbuckle.AspNetCore.SwaggerGen.SwaggerGenerator.GeneratePaths(IEnumerable`1 apiDescriptions, SchemaRepository schemaRepository)
   at Swashbuckle.AspNetCore.SwaggerGen.SwaggerGenerator.GetSwagger(String documentName, String host, String basePath)
   at Swashbuckle.AspNetCore.Swagger.SwaggerMiddleware.Invoke(HttpContext httpContext, ISwaggerProvider swaggerProvider)
   at Microsoft.AspNetCore.Diagnostics.DeveloperExceptionPageMiddleware.Invoke(HttpContext context)
2022-04-09 12:56:58.874 +03:00 [INF] Request finished HTTP/2 GET https://localhost:5001/swagger/v1/swagger.json - - - 500 - text/plain;+charset=utf-8 122.1824ms
2022-04-09 12:56:59.040 +03:00 [INF] Entity Framework Core 6.0.3 initialized 'StocksContext' using provider 'Microsoft.EntityFrameworkCore.SqlServer:6.0.0' with options: None
2022-04-09 12:56:59.704 +03:00 [INF] Executed DbCommand (29ms) [Parameters=[], CommandType='"Text"', CommandTimeout='30']
SELECT TOP 0 T.[Symbol], T.[AssetType], T.[DelistingDate], T.[Exchange], T.[ExistInApi], T.[IpoDate], T.[LastApiRefresh], T.[LastLocalRefresh], T.[Name], T.[Status] INTO [ListingTempbe2ea339] FROM [Listing] AS T LEFT JOIN [Listing] AS Source ON 1 = 0;
2022-04-09 12:56:59.965 +03:00 [INF] Executed DbCommand (21ms) [Parameters=[], CommandType='"Text"', CommandTimeout='30']
MERGE [Listing] WITH (HOLDLOCK) AS T USING (SELECT TOP 0 * FROM [ListingTempbe2ea339] ORDER BY [Symbol]) AS S ON T.[Symbol] = S.[Symbol] WHEN NOT MATCHED BY TARGET THEN INSERT ([Symbol], [AssetType], [DelistingDate], [Exchange], [ExistInApi], [IpoDate], [LastApiRefresh], [LastLocalRefresh], [Name], [Status]) VALUES (S.[Symbol], S.[AssetType], S.[DelistingDate], S.[Exchange], S.[ExistInApi], S.[IpoDate], S.[LastApiRefresh], S.[LastLocalRefresh], S.[Name], S.[Status]) WHEN MATCHED AND EXISTS (SELECT S.[Symbol], S.[AssetType], S.[DelistingDate], S.[Exchange], S.[ExistInApi], S.[IpoDate], S.[LastApiRefresh], S.[LastLocalRefresh], S.[Name], S.[Status] EXCEPT SELECT T.[Symbol], T.[AssetType], T.[DelistingDate], T.[Exchange], T.[ExistInApi], T.[IpoDate], T.[LastApiRefresh], T.[LastLocalRefresh], T.[Name], T.[Status]) THEN UPDATE SET T.[AssetType] = S.[AssetType], T.[DelistingDate] = S.[DelistingDate], T.[Exchange] = S.[Exchange], T.[ExistInApi] = S.[ExistInApi], T.[IpoDate] = S.[IpoDate], T.[LastApiRefresh] = S.[LastApiRefresh], T.[LastLocalRefresh] = S.[LastLocalRefresh], T.[Name] = S.[Name], T.[Status] = S.[Status] WHEN NOT MATCHED BY SOURCE THEN DELETE;
2022-04-09 12:56:59.977 +03:00 [INF] Executed DbCommand (10ms) [Parameters=[], CommandType='"Text"', CommandTimeout='30']
IF OBJECT_ID ('[ListingTempbe2ea339]', 'U') IS NOT NULL DROP TABLE [ListingTempbe2ea339]
2022-04-09 12:56:59.987 +03:00 [INF] Loading missing data.
2022-04-09 12:56:59.989 +03:00 [INF] Entity Framework Core 6.0.3 initialized 'StocksContext' using provider 'Microsoft.EntityFrameworkCore.SqlServer:6.0.0' with options: None
2022-04-09 12:57:00.144 +03:00 [INF] Executed DbCommand (18ms) [Parameters=[], CommandType='"Text"', CommandTimeout='30']
SELECT [l].[Symbol]
FROM [Listing] AS [l]
2022-04-09 12:57:00.154 +03:00 [INF] Loading missing entities for SaluteStocksAPI.Models.FundamentalData.BalanceSheet
2022-04-09 12:57:00.156 +03:00 [INF] Getting already loaded entities
2022-04-09 12:57:00.169 +03:00 [INF] Entity Framework Core 6.0.3 initialized 'StocksContext' using provider 'Microsoft.EntityFrameworkCore.SqlServer:6.0.0' with options: None
2022-04-09 12:57:00.182 +03:00 [INF] Loading missing entities for SaluteStocksAPI.Models.FundamentalData.CashFlow
2022-04-09 12:57:00.182 +03:00 [INF] Getting already loaded entities
2022-04-09 12:57:00.183 +03:00 [INF] Entity Framework Core 6.0.3 initialized 'StocksContext' using provider 'Microsoft.EntityFrameworkCore.SqlServer:6.0.0' with options: None
2022-04-09 12:57:00.189 +03:00 [INF] Executed DbCommand (8ms) [Parameters=[], CommandType='"Text"', CommandTimeout='30']
SELECT DISTINCT [b].[Symbol]
FROM [BalanceSheets] AS [b]
WHERE [b].[ExistInApi] IS NOT NULL
2022-04-09 12:57:00.189 +03:00 [INF] Loading missing entities for SaluteStocksAPI.Models.FundamentalData.CompanyOverview
2022-04-09 12:57:00.191 +03:00 [INF] Getting already loaded entities
2022-04-09 12:57:00.193 +03:00 [INF] Entity Framework Core 6.0.3 initialized 'StocksContext' using provider 'Microsoft.EntityFrameworkCore.SqlServer:6.0.0' with options: None
2022-04-09 12:57:00.196 +03:00 [INF] Loading missing entities for SaluteStocksAPI.Models.FundamentalData.Earnings
2022-04-09 12:57:00.197 +03:00 [INF] Getting already loaded entities
2022-04-09 12:57:00.198 +03:00 [INF] Entity Framework Core 6.0.3 initialized 'StocksContext' using provider 'Microsoft.EntityFrameworkCore.SqlServer:6.0.0' with options: None
2022-04-09 12:57:00.198 +03:00 [INF] Already loaded: 996
2022-04-09 12:57:00.201 +03:00 [INF] Loading missing entities for SaluteStocksAPI.Models.FundamentalData.IncomeStatement
2022-04-09 12:57:00.202 +03:00 [INF] Getting already loaded entities
2022-04-09 12:57:00.203 +03:00 [INF] Entity Framework Core 6.0.3 initialized 'StocksContext' using provider 'Microsoft.EntityFrameworkCore.SqlServer:6.0.0' with options: None
2022-04-09 12:57:00.208 +03:00 [INF] Executed DbCommand (8ms) [Parameters=[], CommandType='"Text"', CommandTimeout='30']
SELECT DISTINCT [e].[Symbol]
FROM [Earnings] AS [e]
WHERE [e].[ExistInApi] IS NOT NULL
2022-04-09 12:57:00.211 +03:00 [INF] Already loaded: 494
2022-04-09 12:57:00.228 +03:00 [INF] Executed DbCommand (9ms) [Parameters=[], CommandType='"Text"', CommandTimeout='30']
SELECT DISTINCT [c].[Symbol]
FROM [CashFlows] AS [c]
WHERE [c].[ExistInApi] IS NOT NULL
2022-04-09 12:57:00.228 +03:00 [INF] Executed DbCommand (10ms) [Parameters=[], CommandType='"Text"', CommandTimeout='30']
SELECT DISTINCT [c].[Symbol]
FROM [CompanyOverviews] AS [c]
WHERE [c].[ExistInApi] IS NOT NULL
2022-04-09 12:57:00.230 +03:00 [INF] Already loaded: 466
2022-04-09 12:57:00.232 +03:00 [INF] Already loaded: 836
2022-04-09 12:57:00.258 +03:00 [INF] Executed DbCommand (10ms) [Parameters=[], CommandType='"Text"', CommandTimeout='30']
SELECT DISTINCT [i].[Symbol]
FROM [IncomeStatements] AS [i]
WHERE [i].[ExistInApi] IS NOT NULL
2022-04-09 12:57:00.260 +03:00 [INF] Already loaded: 455
