2022-05-26 22:50:26.523 +03:00 [INF] Generating URI for LISTING_STATUS with params: state: active
2022-05-26 22:50:26.547 +03:00 [INF] URI: https://www.alphavantage.co/query?apikey=XJ1HZGKIN0D10RIF&function=LISTING_STATUS&state=active
2022-05-26 22:50:26.554 +03:00 [INF] Starting to get and parse CSV from "https://www.alphavantage.co/query?apikey=XJ1HZGKIN0D10RIF&function=LISTING_STATUS&state=active".
2022-05-26 22:50:26.700 +03:00 [INF] Now listening on: https://localhost:5001
2022-05-26 22:50:26.701 +03:00 [INF] Now listening on: http://localhost:5000
2022-05-26 22:50:26.702 +03:00 [INF] Application started. Press Ctrl+C to shut down.
2022-05-26 22:50:26.703 +03:00 [INF] Hosting environment: Development
2022-05-26 22:50:26.704 +03:00 [INF] Content root path: D:\repo\SaluteStocks\SaluteStocksAPI\
2022-05-26 22:50:26.838 +03:00 [INF] Request starting HTTP/2 GET https://localhost:5001/swagger/index.html - -
2022-05-26 22:50:26.914 +03:00 [INF] Request finished HTTP/2 GET https://localhost:5001/swagger/index.html - - - 200 - text/html;charset=utf-8 78.0766ms
2022-05-26 22:50:26.959 +03:00 [INF] Response has success status code
2022-05-26 22:50:26.960 +03:00 [INF] Trying to deserialize response.
2022-05-26 22:50:27.020 +03:00 [INF] Request starting HTTP/2 GET https://localhost:5001/swagger/v1/swagger.json - -
2022-05-26 22:50:27.034 +03:00 [ERR] An unhandled exception has occurred while executing the request.
Swashbuckle.AspNetCore.SwaggerGen.SwaggerGeneratorException: Ambiguous HTTP method for action - SaluteStocksAPI.Controllers.ApiController.Ping (SaluteStocksAPI). Actions require an explicit HttpMethod binding for Swagger/OpenAPI 3.0
   at Swashbuckle.AspNetCore.SwaggerGen.SwaggerGenerator.GenerateOperations(IEnumerable`1 apiDescriptions, SchemaRepository schemaRepository)
   at Swashbuckle.AspNetCore.SwaggerGen.SwaggerGenerator.GeneratePaths(IEnumerable`1 apiDescriptions, SchemaRepository schemaRepository)
   at Swashbuckle.AspNetCore.SwaggerGen.SwaggerGenerator.GetSwagger(String documentName, String host, String basePath)
   at Swashbuckle.AspNetCore.Swagger.SwaggerMiddleware.Invoke(HttpContext httpContext, ISwaggerProvider swaggerProvider)
   at Microsoft.AspNetCore.Diagnostics.DeveloperExceptionPageMiddleware.Invoke(HttpContext context)
2022-05-26 22:50:27.065 +03:00 [INF] Request finished HTTP/2 GET https://localhost:5001/swagger/v1/swagger.json - - - 500 - text/plain;+charset=utf-8 45.3136ms
2022-05-26 22:50:27.491 +03:00 [INF] Entity Framework Core 6.0.3 initialized 'StocksContext' using provider 'Microsoft.EntityFrameworkCore.SqlServer:6.0.0' with options: None
2022-05-26 22:50:27.789 +03:00 [INF] Executed DbCommand (27ms) [Parameters=[], CommandType='"Text"', CommandTimeout='30']
SELECT TOP 0 T.[Symbol], T.[AssetType], T.[DelistingDate], T.[Exchange], T.[ExistInApi], T.[IpoDate], T.[LastApiRefresh], T.[LastLocalRefresh], T.[Name], T.[Status] INTO [ListingTemped9866f3] FROM [Listing] AS T LEFT JOIN [Listing] AS Source ON 1 = 0;
2022-05-26 22:50:27.870 +03:00 [INF] Executed DbCommand (18ms) [Parameters=[], CommandType='"Text"', CommandTimeout='30']
MERGE [Listing] WITH (HOLDLOCK) AS T USING (SELECT TOP 0 * FROM [ListingTemped9866f3] ORDER BY [Symbol]) AS S ON T.[Symbol] = S.[Symbol] WHEN NOT MATCHED BY TARGET THEN INSERT ([Symbol], [AssetType], [DelistingDate], [Exchange], [ExistInApi], [IpoDate], [LastApiRefresh], [LastLocalRefresh], [Name], [Status]) VALUES (S.[Symbol], S.[AssetType], S.[DelistingDate], S.[Exchange], S.[ExistInApi], S.[IpoDate], S.[LastApiRefresh], S.[LastLocalRefresh], S.[Name], S.[Status]) WHEN MATCHED AND EXISTS (SELECT S.[Symbol], S.[AssetType], S.[DelistingDate], S.[Exchange], S.[ExistInApi], S.[IpoDate], S.[LastApiRefresh], S.[LastLocalRefresh], S.[Name], S.[Status] EXCEPT SELECT T.[Symbol], T.[AssetType], T.[DelistingDate], T.[Exchange], T.[ExistInApi], T.[IpoDate], T.[LastApiRefresh], T.[LastLocalRefresh], T.[Name], T.[Status]) THEN UPDATE SET T.[AssetType] = S.[AssetType], T.[DelistingDate] = S.[DelistingDate], T.[Exchange] = S.[Exchange], T.[ExistInApi] = S.[ExistInApi], T.[IpoDate] = S.[IpoDate], T.[LastApiRefresh] = S.[LastApiRefresh], T.[LastLocalRefresh] = S.[LastLocalRefresh], T.[Name] = S.[Name], T.[Status] = S.[Status] WHEN NOT MATCHED BY SOURCE THEN DELETE;
2022-05-26 22:50:27.883 +03:00 [INF] Executed DbCommand (10ms) [Parameters=[], CommandType='"Text"', CommandTimeout='30']
IF OBJECT_ID ('[ListingTemped9866f3]', 'U') IS NOT NULL DROP TABLE [ListingTemped9866f3]
2022-05-26 22:50:27.893 +03:00 [INF] Loading missing data.
2022-05-26 22:50:31.960 +03:00 [INF] Entity Framework Core 6.0.3 initialized 'StocksContext' using provider 'Microsoft.EntityFrameworkCore.SqlServer:6.0.0' with options: None
2022-05-26 22:50:32.140 +03:00 [INF] Executed DbCommand (48ms) [Parameters=[], CommandType='"Text"', CommandTimeout='30']
SELECT [l].[Symbol]
FROM [Listing] AS [l]
2022-05-26 22:50:44.583 +03:00 [INF] Loading missing entities for SaluteStocksAPI.Models.FundamentalData.BalanceSheet
2022-05-26 22:50:45.423 +03:00 [INF] Getting already loaded entities
2022-05-26 22:50:46.594 +03:00 [INF] Entity Framework Core 6.0.3 initialized 'StocksContext' using provider 'Microsoft.EntityFrameworkCore.SqlServer:6.0.0' with options: None
2022-05-26 22:50:46.737 +03:00 [INF] Executed DbCommand (14ms) [Parameters=[], CommandType='"Text"', CommandTimeout='30']
SELECT DISTINCT [b].[Symbol]
FROM [BalanceSheets] AS [b]
WHERE [b].[ExistInApi] IS NOT NULL
2022-05-26 22:50:48.393 +03:00 [INF] Loading missing entities for SaluteStocksAPI.Models.FundamentalData.CashFlow
2022-05-26 22:50:48.840 +03:00 [INF] Getting already loaded entities
2022-05-26 22:50:49.301 +03:00 [INF] Entity Framework Core 6.0.3 initialized 'StocksContext' using provider 'Microsoft.EntityFrameworkCore.SqlServer:6.0.0' with options: None
2022-05-26 22:50:49.971 +03:00 [INF] Already loaded: 1607
2022-05-26 22:50:50.902 +03:00 [INF] Executed DbCommand (15ms) [Parameters=[], CommandType='"Text"', CommandTimeout='30']
SELECT DISTINCT [c].[Symbol]
FROM [CashFlows] AS [c]
WHERE [c].[ExistInApi] IS NOT NULL
2022-05-26 22:50:58.280 +03:00 [INF] Loading missing entities for SaluteStocksAPI.Models.FundamentalData.CompanyOverview
2022-05-26 22:51:01.142 +03:00 [INF] Getting already loaded entities
2022-05-26 22:51:01.143 +03:00 [INF] Entity Framework Core 6.0.3 initialized 'StocksContext' using provider 'Microsoft.EntityFrameworkCore.SqlServer:6.0.0' with options: None
2022-05-26 22:51:02.998 +03:00 [INF] Already loaded: 1236
2022-05-26 22:51:03.001 +03:00 [INF] Loading missing entities for SaluteStocksAPI.Models.FundamentalData.Earnings
2022-05-26 22:51:03.001 +03:00 [INF] Getting already loaded entities
2022-05-26 22:51:03.002 +03:00 [INF] Entity Framework Core 6.0.3 initialized 'StocksContext' using provider 'Microsoft.EntityFrameworkCore.SqlServer:6.0.0' with options: None
2022-05-26 22:51:03.007 +03:00 [INF] Loading missing entities for SaluteStocksAPI.Models.FundamentalData.IncomeStatement
2022-05-26 22:51:03.008 +03:00 [INF] Getting already loaded entities
2022-05-26 22:51:03.009 +03:00 [INF] Entity Framework Core 6.0.3 initialized 'StocksContext' using provider 'Microsoft.EntityFrameworkCore.SqlServer:6.0.0' with options: None
2022-05-26 22:51:03.010 +03:00 [INF] Executed DbCommand (9ms) [Parameters=[], CommandType='"Text"', CommandTimeout='30']
SELECT DISTINCT [c].[Symbol]
FROM [CompanyOverviews] AS [c]
WHERE [c].[ExistInApi] IS NOT NULL
2022-05-26 22:51:03.015 +03:00 [INF] Already loaded: 2138
2022-05-26 22:51:03.054 +03:00 [INF] Executed DbCommand (9ms) [Parameters=[], CommandType='"Text"', CommandTimeout='30']
SELECT DISTINCT [i].[Symbol]
FROM [IncomeStatements] AS [i]
WHERE [i].[ExistInApi] IS NOT NULL
2022-05-26 22:51:03.055 +03:00 [INF] Executed DbCommand (10ms) [Parameters=[], CommandType='"Text"', CommandTimeout='30']
SELECT DISTINCT [e].[Symbol]
FROM [Earnings] AS [e]
WHERE [e].[ExistInApi] IS NOT NULL
2022-05-26 22:51:03.058 +03:00 [INF] Already loaded: 1269
2022-05-26 22:51:03.062 +03:00 [INF] Already loaded: 1755
