2022-05-11 23:39:23.524 +03:00 [INF] Generating URI for LISTING_STATUS with params: state: active
2022-05-11 23:39:23.550 +03:00 [INF] URI: https://www.alphavantage.co/query?apikey=YTXYXH479B3J1MY2&function=LISTING_STATUS&state=active
2022-05-11 23:39:23.552 +03:00 [INF] Starting to get and parse CSV from "https://www.alphavantage.co/query?apikey=YTXYXH479B3J1MY2&function=LISTING_STATUS&state=active".
2022-05-11 23:39:23.635 +03:00 [INF] Now listening on: https://localhost:5001
2022-05-11 23:39:23.638 +03:00 [INF] Now listening on: http://localhost:5000
2022-05-11 23:39:23.640 +03:00 [INF] Application started. Press Ctrl+C to shut down.
2022-05-11 23:39:23.641 +03:00 [INF] Hosting environment: Development
2022-05-11 23:39:23.642 +03:00 [INF] Content root path: D:\repo\SaluteStocks\SaluteStocksAPI\
2022-05-11 23:39:24.186 +03:00 [INF] Request starting HTTP/2 GET https://localhost:5001/swagger/index.html - -
2022-05-11 23:39:24.259 +03:00 [INF] Request finished HTTP/2 GET https://localhost:5001/swagger/index.html - - - 200 - text/html;charset=utf-8 75.0085ms
2022-05-11 23:39:24.367 +03:00 [INF] Request starting HTTP/2 GET https://localhost:5001/swagger/v1/swagger.json - -
2022-05-11 23:39:24.379 +03:00 [ERR] An unhandled exception has occurred while executing the request.
Swashbuckle.AspNetCore.SwaggerGen.SwaggerGeneratorException: Ambiguous HTTP method for action - SaluteStocksAPI.Controllers.ApiController.Ping (SaluteStocksAPI). Actions require an explicit HttpMethod binding for Swagger/OpenAPI 3.0
   at Swashbuckle.AspNetCore.SwaggerGen.SwaggerGenerator.GenerateOperations(IEnumerable`1 apiDescriptions, SchemaRepository schemaRepository)
   at Swashbuckle.AspNetCore.SwaggerGen.SwaggerGenerator.GeneratePaths(IEnumerable`1 apiDescriptions, SchemaRepository schemaRepository)
   at Swashbuckle.AspNetCore.SwaggerGen.SwaggerGenerator.GetSwagger(String documentName, String host, String basePath)
   at Swashbuckle.AspNetCore.Swagger.SwaggerMiddleware.Invoke(HttpContext httpContext, ISwaggerProvider swaggerProvider)
   at Microsoft.AspNetCore.Diagnostics.DeveloperExceptionPageMiddleware.Invoke(HttpContext context)
2022-05-11 23:39:24.391 +03:00 [INF] Request finished HTTP/2 GET https://localhost:5001/swagger/v1/swagger.json - - - 500 - text/plain;+charset=utf-8 23.7697ms
2022-05-11 23:39:24.936 +03:00 [INF] Response has success status code
2022-05-11 23:39:24.939 +03:00 [INF] Trying to deserialize response.
2022-05-11 23:39:25.755 +03:00 [INF] Entity Framework Core 6.0.3 initialized 'StocksContext' using provider 'Microsoft.EntityFrameworkCore.SqlServer:6.0.0' with options: None
2022-05-11 23:39:26.047 +03:00 [INF] Executed DbCommand (36ms) [Parameters=[], CommandType='"Text"', CommandTimeout='30']
SELECT TOP 0 T.[Symbol], T.[AssetType], T.[DelistingDate], T.[Exchange], T.[ExistInApi], T.[IpoDate], T.[LastApiRefresh], T.[LastLocalRefresh], T.[Name], T.[Status] INTO [ListingTemp086c60cd] FROM [Listing] AS T LEFT JOIN [Listing] AS Source ON 1 = 0;
2022-05-11 23:39:27.541 +03:00 [INF] Executed DbCommand (656ms) [Parameters=[], CommandType='"Text"', CommandTimeout='30']
MERGE [Listing] WITH (HOLDLOCK) AS T USING (SELECT TOP 12594 * FROM [ListingTemp086c60cd] ORDER BY [Symbol]) AS S ON T.[Symbol] = S.[Symbol] WHEN NOT MATCHED BY TARGET THEN INSERT ([Symbol], [AssetType], [DelistingDate], [Exchange], [ExistInApi], [IpoDate], [LastApiRefresh], [LastLocalRefresh], [Name], [Status]) VALUES (S.[Symbol], S.[AssetType], S.[DelistingDate], S.[Exchange], S.[ExistInApi], S.[IpoDate], S.[LastApiRefresh], S.[LastLocalRefresh], S.[Name], S.[Status]) WHEN MATCHED AND EXISTS (SELECT S.[Symbol], S.[AssetType], S.[DelistingDate], S.[Exchange], S.[ExistInApi], S.[IpoDate], S.[LastApiRefresh], S.[LastLocalRefresh], S.[Name], S.[Status] EXCEPT SELECT T.[Symbol], T.[AssetType], T.[DelistingDate], T.[Exchange], T.[ExistInApi], T.[IpoDate], T.[LastApiRefresh], T.[LastLocalRefresh], T.[Name], T.[Status]) THEN UPDATE SET T.[AssetType] = S.[AssetType], T.[DelistingDate] = S.[DelistingDate], T.[Exchange] = S.[Exchange], T.[ExistInApi] = S.[ExistInApi], T.[IpoDate] = S.[IpoDate], T.[LastApiRefresh] = S.[LastApiRefresh], T.[LastLocalRefresh] = S.[LastLocalRefresh], T.[Name] = S.[Name], T.[Status] = S.[Status] WHEN NOT MATCHED BY SOURCE THEN DELETE;
2022-05-11 23:39:27.552 +03:00 [INF] Executed DbCommand (9ms) [Parameters=[], CommandType='"Text"', CommandTimeout='30']
IF OBJECT_ID ('[ListingTemp086c60cd]', 'U') IS NOT NULL DROP TABLE [ListingTemp086c60cd]
2022-05-11 23:39:27.570 +03:00 [INF] Loading missing data.
2022-05-11 23:39:27.573 +03:00 [INF] Entity Framework Core 6.0.3 initialized 'StocksContext' using provider 'Microsoft.EntityFrameworkCore.SqlServer:6.0.0' with options: None
2022-05-11 23:39:27.850 +03:00 [INF] Executed DbCommand (86ms) [Parameters=[], CommandType='"Text"', CommandTimeout='30']
SELECT [l].[Symbol]
FROM [Listing] AS [l]
2022-05-11 23:39:27.936 +03:00 [INF] Loading missing entities for SaluteStocksAPI.Models.FundamentalData.BalanceSheet
2022-05-11 23:39:27.938 +03:00 [INF] Getting already loaded entities
2022-05-11 23:39:27.970 +03:00 [INF] Entity Framework Core 6.0.3 initialized 'StocksContext' using provider 'Microsoft.EntityFrameworkCore.SqlServer:6.0.0' with options: None
2022-05-11 23:39:27.989 +03:00 [INF] Loading missing entities for SaluteStocksAPI.Models.FundamentalData.CashFlow
2022-05-11 23:39:27.990 +03:00 [INF] Getting already loaded entities
2022-05-11 23:39:27.991 +03:00 [INF] Entity Framework Core 6.0.3 initialized 'StocksContext' using provider 'Microsoft.EntityFrameworkCore.SqlServer:6.0.0' with options: None
2022-05-11 23:39:27.994 +03:00 [INF] Loading missing entities for SaluteStocksAPI.Models.FundamentalData.CompanyOverview
2022-05-11 23:39:27.995 +03:00 [INF] Getting already loaded entities
2022-05-11 23:39:27.995 +03:00 [INF] Entity Framework Core 6.0.3 initialized 'StocksContext' using provider 'Microsoft.EntityFrameworkCore.SqlServer:6.0.0' with options: None
2022-05-11 23:39:27.997 +03:00 [INF] Executed DbCommand (8ms) [Parameters=[], CommandType='"Text"', CommandTimeout='30']
SELECT DISTINCT [b].[Symbol]
FROM [BalanceSheets] AS [b]
WHERE [b].[ExistInApi] IS NOT NULL
2022-05-11 23:39:27.998 +03:00 [INF] Loading missing entities for SaluteStocksAPI.Models.FundamentalData.Earnings
2022-05-11 23:39:27.999 +03:00 [INF] Getting already loaded entities
2022-05-11 23:39:28.000 +03:00 [INF] Entity Framework Core 6.0.3 initialized 'StocksContext' using provider 'Microsoft.EntityFrameworkCore.SqlServer:6.0.0' with options: None
2022-05-11 23:39:28.001 +03:00 [INF] Already loaded: 1281
2022-05-11 23:39:28.003 +03:00 [INF] Loading missing entities for SaluteStocksAPI.Models.FundamentalData.IncomeStatement
2022-05-11 23:39:28.003 +03:00 [INF] Getting already loaded entities
2022-05-11 23:39:28.006 +03:00 [INF] Entity Framework Core 6.0.3 initialized 'StocksContext' using provider 'Microsoft.EntityFrameworkCore.SqlServer:6.0.0' with options: None
2022-05-11 23:39:28.007 +03:00 [INF] Trying to refresh entity SaluteStocksAPI.Models.FundamentalData.BalanceSheet with Symbol BBD
2022-05-11 23:39:28.011 +03:00 [INF] Executed DbCommand (8ms) [Parameters=[], CommandType='"Text"', CommandTimeout='30']
SELECT DISTINCT [e].[Symbol]
FROM [Earnings] AS [e]
WHERE [e].[ExistInApi] IS NOT NULL
2022-05-11 23:39:28.011 +03:00 [INF] Generating URI for BALANCE_SHEET with params: symbol: BBD
2022-05-11 23:39:28.013 +03:00 [INF] URI: https://www.alphavantage.co/query?apikey=YTXYXH479B3J1MY2&function=BALANCE_SHEET&symbol=BBD
2022-05-11 23:39:28.013 +03:00 [INF] Already loaded: 1008
2022-05-11 23:39:28.015 +03:00 [INF] Starting to get and parse JSON from "https://www.alphavantage.co/query?apikey=YTXYXH479B3J1MY2&function=BALANCE_SHEET&symbol=BBD".
2022-05-11 23:39:28.016 +03:00 [INF] Trying to refresh entity SaluteStocksAPI.Models.FundamentalData.Earnings with Symbol ATOM
2022-05-11 23:39:28.019 +03:00 [INF] Generating URI for EARNINGS with params: symbol: ATOM
2022-05-11 23:39:28.020 +03:00 [INF] URI: https://www.alphavantage.co/query?apikey=YTXYXH479B3J1MY2&function=EARNINGS&symbol=ATOM
2022-05-11 23:39:28.021 +03:00 [INF] Starting to get and parse JSON from "https://www.alphavantage.co/query?apikey=YTXYXH479B3J1MY2&function=EARNINGS&symbol=ATOM".
2022-05-11 23:39:28.030 +03:00 [INF] Executed DbCommand (9ms) [Parameters=[], CommandType='"Text"', CommandTimeout='30']
SELECT DISTINCT [c].[Symbol]
FROM [CompanyOverviews] AS [c]
WHERE [c].[ExistInApi] IS NOT NULL
2022-05-11 23:39:28.031 +03:00 [INF] Executed DbCommand (10ms) [Parameters=[], CommandType='"Text"', CommandTimeout='30']
SELECT DISTINCT [c].[Symbol]
FROM [CashFlows] AS [c]
WHERE [c].[ExistInApi] IS NOT NULL
2022-05-11 23:39:28.033 +03:00 [INF] Already loaded: 1386
2022-05-11 23:39:28.034 +03:00 [INF] Already loaded: 943
2022-05-11 23:39:28.037 +03:00 [INF] Trying to refresh entity SaluteStocksAPI.Models.FundamentalData.CashFlow with Symbol ASLN
2022-05-11 23:39:28.037 +03:00 [INF] Trying to refresh entity SaluteStocksAPI.Models.FundamentalData.CompanyOverview with Symbol BGT
2022-05-11 23:39:28.040 +03:00 [INF] Generating URI for OVERVIEW with params: symbol: BGT
2022-05-11 23:39:28.041 +03:00 [INF] URI: https://www.alphavantage.co/query?apikey=YTXYXH479B3J1MY2&function=OVERVIEW&symbol=BGT
2022-05-11 23:39:28.041 +03:00 [INF] Generating URI for CASH_FLOW with params: symbol: ASLN
2022-05-11 23:39:28.042 +03:00 [INF] Starting to get and parse JSON from "https://www.alphavantage.co/query?apikey=YTXYXH479B3J1MY2&function=OVERVIEW&symbol=BGT".
2022-05-11 23:39:28.042 +03:00 [INF] URI: https://www.alphavantage.co/query?apikey=YTXYXH479B3J1MY2&function=CASH_FLOW&symbol=ASLN
2022-05-11 23:39:28.043 +03:00 [INF] Starting to get and parse JSON from "https://www.alphavantage.co/query?apikey=YTXYXH479B3J1MY2&function=CASH_FLOW&symbol=ASLN".
2022-05-11 23:39:28.059 +03:00 [INF] Executed DbCommand (9ms) [Parameters=[], CommandType='"Text"', CommandTimeout='30']
SELECT DISTINCT [i].[Symbol]
FROM [IncomeStatements] AS [i]
WHERE [i].[ExistInApi] IS NOT NULL
2022-05-11 23:39:28.062 +03:00 [INF] Already loaded: 941
2022-05-11 23:39:28.064 +03:00 [INF] Trying to refresh entity SaluteStocksAPI.Models.FundamentalData.IncomeStatement with Symbol ASLN
2022-05-11 23:39:28.068 +03:00 [INF] Generating URI for INCOME_STATEMENT with params: symbol: ASLN
2022-05-11 23:39:28.070 +03:00 [INF] URI: https://www.alphavantage.co/query?apikey=YTXYXH479B3J1MY2&function=INCOME_STATEMENT&symbol=ASLN
2022-05-11 23:39:28.070 +03:00 [INF] Starting to get and parse JSON from "https://www.alphavantage.co/query?apikey=YTXYXH479B3J1MY2&function=INCOME_STATEMENT&symbol=ASLN".
2022-05-11 23:39:28.405 +03:00 [INF] Response has success status code
2022-05-11 23:39:28.406 +03:00 [INF] Trying to deserialize response.
2022-05-11 23:39:28.482 +03:00 [INF] Response has success status code
2022-05-11 23:39:28.483 +03:00 [INF] Trying to deserialize response.
2022-05-11 23:39:28.503 +03:00 [ERR] Failed to refresh  entity SaluteStocksAPI.Models.FundamentalData.BalanceSheet with Symbol BBD
Newtonsoft.Json.JsonSerializationException: Error converting value "10691941101.60" to type 'System.Nullable`1[System.Int64]'. Path 'annualReports[3].commonStockSharesOutstanding', line 162, position 60.
 ---> System.FormatException: Input string was not in a correct format.
   at System.Number.ThrowOverflowOrFormatException(ParsingStatus status, TypeCode type)
   at System.String.System.IConvertible.ToInt64(IFormatProvider provider)
   at System.Convert.ChangeType(Object value, Type conversionType, IFormatProvider provider)
   at Newtonsoft.Json.Serialization.JsonSerializerInternalReader.EnsureType(JsonReader reader, Object value, CultureInfo culture, JsonContract contract, Type targetType)
   --- End of inner exception stack trace ---
   at Newtonsoft.Json.Serialization.JsonSerializerInternalReader.EnsureType(JsonReader reader, Object value, CultureInfo culture, JsonContract contract, Type targetType)
   at Newtonsoft.Json.Serialization.JsonSerializerInternalReader.CreateValueInternal(JsonReader reader, Type objectType, JsonContract contract, JsonProperty member, JsonContainerContract containerContract, JsonProperty containerMember, Object existingValue)
   at Newtonsoft.Json.Serialization.JsonSerializerInternalReader.SetPropertyValue(JsonProperty property, JsonConverter propertyConverter, JsonContainerContract containerContract, JsonProperty containerProperty, JsonReader reader, Object target)
   at Newtonsoft.Json.Serialization.JsonSerializerInternalReader.PopulateObject(Object newObject, JsonReader reader, JsonObjectContract contract, JsonProperty member, String id)
   at Newtonsoft.Json.Serialization.JsonSerializerInternalReader.CreateObject(JsonReader reader, Type objectType, JsonContract contract, JsonProperty member, JsonContainerContract containerContract, JsonProperty containerMember, Object existingValue)
   at Newtonsoft.Json.Serialization.JsonSerializerInternalReader.CreateValueInternal(JsonReader reader, Type objectType, JsonContract contract, JsonProperty member, JsonContainerContract containerContract, JsonProperty containerMember, Object existingValue)
   at Newtonsoft.Json.Serialization.JsonSerializerInternalReader.PopulateList(IList list, JsonReader reader, JsonArrayContract contract, JsonProperty containerProperty, String id)
   at Newtonsoft.Json.Serialization.JsonSerializerInternalReader.CreateList(JsonReader reader, Type objectType, JsonContract contract, JsonProperty member, Object existingValue, String id)
   at Newtonsoft.Json.Serialization.JsonSerializerInternalReader.CreateValueInternal(JsonReader reader, Type objectType, JsonContract contract, JsonProperty member, JsonContainerContract containerContract, JsonProperty containerMember, Object existingValue)
   at Newtonsoft.Json.Serialization.JsonSerializerInternalReader.SetPropertyValue(JsonProperty property, JsonConverter propertyConverter, JsonContainerContract containerContract, JsonProperty containerProperty, JsonReader reader, Object target)
   at Newtonsoft.Json.Serialization.JsonSerializerInternalReader.PopulateObject(Object newObject, JsonReader reader, JsonObjectContract contract, JsonProperty member, String id)
   at Newtonsoft.Json.Serialization.JsonSerializerInternalReader.CreateObject(JsonReader reader, Type objectType, JsonContract contract, JsonProperty member, JsonContainerContract containerContract, JsonProperty containerMember, Object existingValue)
   at Newtonsoft.Json.Serialization.JsonSerializerInternalReader.CreateValueInternal(JsonReader reader, Type objectType, JsonContract contract, JsonProperty member, JsonContainerContract containerContract, JsonProperty containerMember, Object existingValue)
   at Newtonsoft.Json.Serialization.JsonSerializerInternalReader.Deserialize(JsonReader reader, Type objectType, Boolean checkAdditionalContent)
   at Newtonsoft.Json.JsonSerializer.DeserializeInternal(JsonReader reader, Type objectType)
   at Newtonsoft.Json.JsonSerializer.Deserialize(JsonReader reader, Type objectType)
   at Newtonsoft.Json.JsonConvert.DeserializeObject(String value, Type type, JsonSerializerSettings settings)
   at Newtonsoft.Json.JsonConvert.DeserializeObject[T](String value, JsonSerializerSettings settings)
   at Newtonsoft.Json.JsonConvert.DeserializeObject[T](String value)
   at SaluteStocksAPI.AlphaVantage.AlphaVantageClient.GetAndParseJsonAsync[T](Uri uri) in D:\repo\SaluteStocks\SaluteStocksAPI\AlphaVantage\AlphaVantageClient.cs:line 324
   at SaluteStocksAPI.AlphaVantage.AlphaVantageClient.GetBalanceSheet(String symbol) in D:\repo\SaluteStocks\SaluteStocksAPI\AlphaVantage\AlphaVantageClient.cs:line 82
   at SaluteStocksAPI.Service.Background.Loader.RefreshEntity[T](String symbol) in D:\repo\SaluteStocks\SaluteStocksAPI\Service\Background\Loader.cs:line 174
2022-05-11 23:39:28.503 +03:00 [ERR] Failed to refresh  entity SaluteStocksAPI.Models.FundamentalData.CashFlow with Symbol ASLN
Newtonsoft.Json.JsonSerializationException: Error converting value "-5530.22" to type 'System.Nullable`1[System.Int64]'. Path 'quarterlyReports[13].cashflowFromInvestment', line 577, position 48.
 ---> System.FormatException: Input string was not in a correct format.
   at System.Number.ThrowOverflowOrFormatException(ParsingStatus status, TypeCode type)
   at System.String.System.IConvertible.ToInt64(IFormatProvider provider)
   at System.Convert.ChangeType(Object value, Type conversionType, IFormatProvider provider)
   at Newtonsoft.Json.Serialization.JsonSerializerInternalReader.EnsureType(JsonReader reader, Object value, CultureInfo culture, JsonContract contract, Type targetType)
   --- End of inner exception stack trace ---
   at Newtonsoft.Json.Serialization.JsonSerializerInternalReader.EnsureType(JsonReader reader, Object value, CultureInfo culture, JsonContract contract, Type targetType)
   at Newtonsoft.Json.Serialization.JsonSerializerInternalReader.CreateValueInternal(JsonReader reader, Type objectType, JsonContract contract, JsonProperty member, JsonContainerContract containerContract, JsonProperty containerMember, Object existingValue)
   at Newtonsoft.Json.Serialization.JsonSerializerInternalReader.SetPropertyValue(JsonProperty property, JsonConverter propertyConverter, JsonContainerContract containerContract, JsonProperty containerProperty, JsonReader reader, Object target)
   at Newtonsoft.Json.Serialization.JsonSerializerInternalReader.PopulateObject(Object newObject, JsonReader reader, JsonObjectContract contract, JsonProperty member, String id)
   at Newtonsoft.Json.Serialization.JsonSerializerInternalReader.CreateObject(JsonReader reader, Type objectType, JsonContract contract, JsonProperty member, JsonContainerContract containerContract, JsonProperty containerMember, Object existingValue)
   at Newtonsoft.Json.Serialization.JsonSerializerInternalReader.CreateValueInternal(JsonReader reader, Type objectType, JsonContract contract, JsonProperty member, JsonContainerContract containerContract, JsonProperty containerMember, Object existingValue)
   at Newtonsoft.Json.Serialization.JsonSerializerInternalReader.PopulateList(IList list, JsonReader reader, JsonArrayContract contract, JsonProperty containerProperty, String id)
   at Newtonsoft.Json.Serialization.JsonSerializerInternalReader.CreateList(JsonReader reader, Type objectType, JsonContract contract, JsonProperty member, Object existingValue, String id)
   at Newtonsoft.Json.Serialization.JsonSerializerInternalReader.CreateValueInternal(JsonReader reader, Type objectType, JsonContract contract, JsonProperty member, JsonContainerContract containerContract, JsonProperty containerMember, Object existingValue)
   at Newtonsoft.Json.Serialization.JsonSerializerInternalReader.SetPropertyValue(JsonProperty property, JsonConverter propertyConverter, JsonContainerContract containerContract, JsonProperty containerProperty, JsonReader reader, Object target)
   at Newtonsoft.Json.Serialization.JsonSerializerInternalReader.PopulateObject(Object newObject, JsonReader reader, JsonObjectContract contract, JsonProperty member, String id)
   at Newtonsoft.Json.Serialization.JsonSerializerInternalReader.CreateObject(JsonReader reader, Type objectType, JsonContract contract, JsonProperty member, JsonContainerContract containerContract, JsonProperty containerMember, Object existingValue)
   at Newtonsoft.Json.Serialization.JsonSerializerInternalReader.CreateValueInternal(JsonReader reader, Type objectType, JsonContract contract, JsonProperty member, JsonContainerContract containerContract, JsonProperty containerMember, Object existingValue)
   at Newtonsoft.Json.Serialization.JsonSerializerInternalReader.Deserialize(JsonReader reader, Type objectType, Boolean checkAdditionalContent)
   at Newtonsoft.Json.JsonSerializer.DeserializeInternal(JsonReader reader, Type objectType)
   at Newtonsoft.Json.JsonSerializer.Deserialize(JsonReader reader, Type objectType)
   at Newtonsoft.Json.JsonConvert.DeserializeObject(String value, Type type, JsonSerializerSettings settings)
   at Newtonsoft.Json.JsonConvert.DeserializeObject[T](String value, JsonSerializerSettings settings)
   at Newtonsoft.Json.JsonConvert.DeserializeObject[T](String value)
   at SaluteStocksAPI.AlphaVantage.AlphaVantageClient.GetAndParseJsonAsync[T](Uri uri) in D:\repo\SaluteStocks\SaluteStocksAPI\AlphaVantage\AlphaVantageClient.cs:line 324
   at SaluteStocksAPI.AlphaVantage.AlphaVantageClient.GetCashFlow(String symbol) in D:\repo\SaluteStocks\SaluteStocksAPI\AlphaVantage\AlphaVantageClient.cs:line 96
   at SaluteStocksAPI.Service.Background.Loader.RefreshEntity[T](String symbol) in D:\repo\SaluteStocks\SaluteStocksAPI\Service\Background\Loader.cs:line 176
2022-05-11 23:39:28.516 +03:00 [INF] Response has success status code
2022-05-11 23:39:28.525 +03:00 [INF] Trying to deserialize response.
2022-05-11 23:39:28.531 +03:00 [INF] Response has success status code
2022-05-11 23:39:28.532 +03:00 [WRN] Reached the API limit when getting SaluteStocksAPI.Models.FundamentalData.CompanyOverview for symbol BGT
SaluteStocksAPI.AlphaVantage.Exceptions.AlphaVantageRequestLimit: {
    "Note": "Thank you for using Alpha Vantage! Our standard API call frequency is 5 calls per minute and 500 calls per day. Please visit https://www.alphavantage.co/premium/ if you would like to target a higher API call frequency."
}
   at SaluteStocksAPI.AlphaVantage.AlphaVantageClient.GetAndParseJsonAsync[T](Uri uri) in D:\repo\SaluteStocks\SaluteStocksAPI\AlphaVantage\AlphaVantageClient.cs:line 316
   at SaluteStocksAPI.AlphaVantage.AlphaVantageClient.GetCompanyOverview(String symbol) in D:\repo\SaluteStocks\SaluteStocksAPI\AlphaVantage\AlphaVantageClient.cs:line 109
   at SaluteStocksAPI.Service.Background.Loader.RefreshEntity[T](String symbol) in D:\repo\SaluteStocks\SaluteStocksAPI\Service\Background\Loader.cs:line 177
2022-05-11 23:39:28.535 +03:00 [ERR] Failed to refresh  entity SaluteStocksAPI.Models.FundamentalData.IncomeStatement with Symbol ASLN
Newtonsoft.Json.JsonSerializationException: Error converting value "30617503.98" to type 'System.Nullable`1[System.Int64]'. Path 'annualReports[4].researchAndDevelopment', line 125, position 51.
 ---> System.FormatException: Input string was not in a correct format.
   at System.Number.ThrowOverflowOrFormatException(ParsingStatus status, TypeCode type)
   at System.String.System.IConvertible.ToInt64(IFormatProvider provider)
   at System.Convert.ChangeType(Object value, Type conversionType, IFormatProvider provider)
   at Newtonsoft.Json.Serialization.JsonSerializerInternalReader.EnsureType(JsonReader reader, Object value, CultureInfo culture, JsonContract contract, Type targetType)
   --- End of inner exception stack trace ---
   at Newtonsoft.Json.Serialization.JsonSerializerInternalReader.EnsureType(JsonReader reader, Object value, CultureInfo culture, JsonContract contract, Type targetType)
   at Newtonsoft.Json.Serialization.JsonSerializerInternalReader.CreateValueInternal(JsonReader reader, Type objectType, JsonContract contract, JsonProperty member, JsonContainerContract containerContract, JsonProperty containerMember, Object existingValue)
   at Newtonsoft.Json.Serialization.JsonSerializerInternalReader.SetPropertyValue(JsonProperty property, JsonConverter propertyConverter, JsonContainerContract containerContract, JsonProperty containerProperty, JsonReader reader, Object target)
   at Newtonsoft.Json.Serialization.JsonSerializerInternalReader.PopulateObject(Object newObject, JsonReader reader, JsonObjectContract contract, JsonProperty member, String id)
   at Newtonsoft.Json.Serialization.JsonSerializerInternalReader.CreateObject(JsonReader reader, Type objectType, JsonContract contract, JsonProperty member, JsonContainerContract containerContract, JsonProperty containerMember, Object existingValue)
   at Newtonsoft.Json.Serialization.JsonSerializerInternalReader.CreateValueInternal(JsonReader reader, Type objectType, JsonContract contract, JsonProperty member, JsonContainerContract containerContract, JsonProperty containerMember, Object existingValue)
   at Newtonsoft.Json.Serialization.JsonSerializerInternalReader.PopulateList(IList list, JsonReader reader, JsonArrayContract contract, JsonProperty containerProperty, String id)
   at Newtonsoft.Json.Serialization.JsonSerializerInternalReader.CreateList(JsonReader reader, Type objectType, JsonContract contract, JsonProperty member, Object existingValue, String id)
   at Newtonsoft.Json.Serialization.JsonSerializerInternalReader.CreateValueInternal(JsonReader reader, Type objectType, JsonContract contract, JsonProperty member, JsonContainerContract containerContract, JsonProperty containerMember, Object existingValue)
   at Newtonsoft.Json.Serialization.JsonSerializerInternalReader.SetPropertyValue(JsonProperty property, JsonConverter propertyConverter, JsonContainerContract containerContract, JsonProperty containerProperty, JsonReader reader, Object target)
   at Newtonsoft.Json.Serialization.JsonSerializerInternalReader.PopulateObject(Object newObject, JsonReader reader, JsonObjectContract contract, JsonProperty member, String id)
   at Newtonsoft.Json.Serialization.JsonSerializerInternalReader.CreateObject(JsonReader reader, Type objectType, JsonContract contract, JsonProperty member, JsonContainerContract containerContract, JsonProperty containerMember, Object existingValue)
   at Newtonsoft.Json.Serialization.JsonSerializerInternalReader.CreateValueInternal(JsonReader reader, Type objectType, JsonContract contract, JsonProperty member, JsonContainerContract containerContract, JsonProperty containerMember, Object existingValue)
   at Newtonsoft.Json.Serialization.JsonSerializerInternalReader.Deserialize(JsonReader reader, Type objectType, Boolean checkAdditionalContent)
   at Newtonsoft.Json.JsonSerializer.DeserializeInternal(JsonReader reader, Type objectType)
   at Newtonsoft.Json.JsonSerializer.Deserialize(JsonReader reader, Type objectType)
   at Newtonsoft.Json.JsonConvert.DeserializeObject(String value, Type type, JsonSerializerSettings settings)
   at Newtonsoft.Json.JsonConvert.DeserializeObject[T](String value, JsonSerializerSettings settings)
   at Newtonsoft.Json.JsonConvert.DeserializeObject[T](String value)
   at SaluteStocksAPI.AlphaVantage.AlphaVantageClient.GetAndParseJsonAsync[T](Uri uri) in D:\repo\SaluteStocks\SaluteStocksAPI\AlphaVantage\AlphaVantageClient.cs:line 324
   at SaluteStocksAPI.AlphaVantage.AlphaVantageClient.GetIncomeStatement(String symbol) in D:\repo\SaluteStocks\SaluteStocksAPI\AlphaVantage\AlphaVantageClient.cs:line 69
   at SaluteStocksAPI.Service.Background.Loader.RefreshEntity[T](String symbol) in D:\repo\SaluteStocks\SaluteStocksAPI\Service\Background\Loader.cs:line 179
2022-05-11 23:39:28.573 +03:00 [INF] Response has success status code
2022-05-11 23:39:28.573 +03:00 [INF] Trying to deserialize response.
2022-05-11 23:39:28.583 +03:00 [INF] Entity Framework Core 6.0.3 initialized 'StocksContext' using provider 'Microsoft.EntityFrameworkCore.SqlServer:6.0.0' with options: None
2022-05-11 23:39:28.668 +03:00 [INF] Executed DbCommand (22ms) [Parameters=[@__symbol_0='?' (Size = 450)], CommandType='"Text"', CommandTimeout='30']
SELECT TOP(2) [c].[Symbol], [c].[Address], [c].[AnalystTargetPrice], [c].[AssetType], [c].[Beta], [c].[BookValue], [c].[CIK], [c].[Country], [c].[Currency], [c].[Description], [c].[DilutedEPSTTM], [c].[DividendDate], [c].[DividendPerShare], [c].[DividendYield], [c].[EBITDA], [c].[EPS], [c].[EVToEBITDA], [c].[EVToRevenue], [c].[ExDividendDate], [c].[Exchange], [c].[ExistInApi], [c].[FiscalYearEnd], [c].[ForwardPE], [c].[GrossProfitTTM], [c].[Industry], [c].[LastApiRefresh], [c].[LastLocalRefresh], [c].[LatestQuarter], [c].[MarketCapitalization], [c].[Name], [c].[OperatingMarginTTM], [c].[PEGRatio], [c].[PERatio], [c].[PriceToBookRatio], [c].[PriceToSalesRatioTTM], [c].[ProfitMargin], [c].[QuarterlyEarningsGrowthYOY], [c].[QuarterlyRevenueGrowthYOY], [c].[ReturnOnAssetsTTM], [c].[ReturnOnEquityTTM], [c].[RevenuePerShareTTM], [c].[RevenueTTM], [c].[Sector], [c].[SharesOutstanding], [c].[TrailingPE], [c].[_200DayMovingAverage], [c].[_50DayMovingAverage], [c].[_52WeekHigh], [c].[_52WeekLow]
FROM [CompanyOverviews] AS [c]
WHERE [c].[Symbol] = @__symbol_0
2022-05-11 23:39:28.777 +03:00 [INF] Start AddOrUpdate for SaluteStocksAPI.Models.FundamentalData.Earnings.
2022-05-11 23:39:28.789 +03:00 [INF] Executed DbCommand (8ms) [Parameters=[@__entity_Symbol_0='?' (Size = 450)], CommandType='"Text"', CommandTimeout='30']
SELECT TOP(2) [e].[Symbol], [e].[ExistInApi], [e].[LastApiRefresh], [e].[LastLocalRefresh]
FROM [Earnings] AS [e]
WHERE [e].[Symbol] = @__entity_Symbol_0
2022-05-11 23:39:28.791 +03:00 [INF] Entity does not exist. Adding to DB.
2022-05-11 23:39:28.967 +03:00 [INF] Executed DbCommand (8ms) [Parameters=[@p0='?' (Size = 450), @p1='?' (DbType = Boolean), @p2='?' (DbType = DateTime2), @p3='?' (DbType = DateTime2)], CommandType='"Text"', CommandTimeout='30']
SET NOCOUNT ON;
INSERT INTO [Earnings] ([Symbol], [ExistInApi], [LastApiRefresh], [LastLocalRefresh])
VALUES (@p0, @p1, @p2, @p3);
2022-05-11 23:39:29.029 +03:00 [INF] Executed DbCommand (50ms) [Parameters=[@p4='?' (DbType = DateTime2), @p5='?' (DbType = Double), @p6='?' (Size = 450), @p7='?' (DbType = DateTime2), @p8='?' (DbType = Double), @p9='?' (Size = 450), @p10='?' (DbType = DateTime2), @p11='?' (DbType = Double), @p12='?' (Size = 450), @p13='?' (DbType = DateTime2), @p14='?' (DbType = Double), @p15='?' (Size = 450), @p16='?' (DbType = DateTime2), @p17='?' (DbType = Double), @p18='?' (Size = 450), @p19='?' (DbType = DateTime2), @p20='?' (DbType = Double), @p21='?' (Size = 450), @p22='?' (DbType = DateTime2), @p23='?' (DbType = Double), @p24='?' (Size = 450), @p25='?' (DbType = Double), @p26='?' (DbType = DateTime2), @p27='?' (DbType = DateTime2), @p28='?' (DbType = Double), @p29='?' (DbType = Double), @p30='?' (DbType = Double), @p31='?' (Size = 450), @p32='?' (DbType = Double), @p33='?' (DbType = DateTime2), @p34='?' (DbType = DateTime2), @p35='?' (DbType = Double), @p36='?' (DbType = Double), @p37='?' (DbType = Double), @p38='?' (Size = 450), @p39='?' (DbType = Double), @p40='?' (DbType = DateTime2), @p41='?' (DbType = DateTime2), @p42='?' (DbType = Double), @p43='?' (DbType = Double), @p44='?' (DbType = Double), @p45='?' (Size = 450), @p46='?' (DbType = Double), @p47='?' (DbType = DateTime2), @p48='?' (DbType = DateTime2), @p49='?' (DbType = Double), @p50='?' (DbType = Double), @p51='?' (DbType = Double), @p52='?' (Size = 450), @p53='?' (DbType = Double), @p54='?' (DbType = DateTime2), @p55='?' (DbType = DateTime2), @p56='?' (DbType = Double), @p57='?' (DbType = Double), @p58='?' (DbType = Double), @p59='?' (Size = 450), @p60='?' (DbType = Double), @p61='?' (DbType = DateTime2), @p62='?' (DbType = DateTime2), @p63='?' (DbType = Double), @p64='?' (DbType = Double), @p65='?' (DbType = Double), @p66='?' (Size = 450), @p67='?' (DbType = Double), @p68='?' (DbType = DateTime2), @p69='?' (DbType = DateTime2), @p70='?' (DbType = Double), @p71='?' (DbType = Double), @p72='?' (DbType = Double), @p73='?' (Size = 450), @p74='?' (DbType = Double), @p75='?' (DbType = DateTime2), @p76='?' (DbType = DateTime2), @p77='?' (DbType = Double), @p78='?' (DbType = Double), @p79='?' (DbType = Double), @p80='?' (Size = 450), @p81='?' (DbType = Double), @p82='?' (DbType = DateTime2), @p83='?' (DbType = DateTime2), @p84='?' (DbType = Double), @p85='?' (DbType = Double), @p86='?' (DbType = Double), @p87='?' (Size = 450), @p88='?' (DbType = Double), @p89='?' (DbType = DateTime2), @p90='?' (DbType = DateTime2), @p91='?' (DbType = Double), @p92='?' (DbType = Double), @p93='?' (DbType = Double), @p94='?' (Size = 450), @p95='?' (DbType = Double), @p96='?' (DbType = DateTime2), @p97='?' (DbType = DateTime2), @p98='?' (DbType = Double), @p99='?' (DbType = Double), @p100='?' (DbType = Double), @p101='?' (Size = 450), @p102='?' (DbType = Double), @p103='?' (DbType = DateTime2), @p104='?' (DbType = DateTime2), @p105='?' (DbType = Double), @p106='?' (DbType = Double), @p107='?' (DbType = Double), @p108='?' (Size = 450), @p109='?' (DbType = Double), @p110='?' (DbType = DateTime2), @p111='?' (DbType = DateTime2), @p112='?' (DbType = Double), @p113='?' (DbType = Double), @p114='?' (DbType = Double), @p115='?' (Size = 450), @p116='?' (DbType = Double), @p117='?' (DbType = DateTime2), @p118='?' (DbType = DateTime2), @p119='?' (DbType = Double), @p120='?' (DbType = Double), @p121='?' (DbType = Double), @p122='?' (Size = 450), @p123='?' (DbType = Double), @p124='?' (DbType = DateTime2), @p125='?' (DbType = DateTime2), @p126='?' (DbType = Double), @p127='?' (DbType = Double), @p128='?' (DbType = Double), @p129='?' (Size = 450), @p130='?' (DbType = Double), @p131='?' (DbType = DateTime2), @p132='?' (DbType = DateTime2), @p133='?' (DbType = Double), @p134='?' (DbType = Double), @p135='?' (DbType = Double), @p136='?' (Size = 450), @p137='?' (DbType = Double), @p138='?' (DbType = DateTime2), @p139='?' (DbType = DateTime2), @p140='?' (DbType = Double), @p141='?' (DbType = Double), @p142='?' (DbType = Double), @p143='?' (Size = 450), @p144='?' (DbType = Double), @p145='?' (DbType = DateTime2), @p146='?' (DbType = DateTime2), @p147='?' (DbType = Double), @p148='?' (DbType = Double), @p149='?' (DbType = Double), @p150='?' (Size = 450), @p151='?' (DbType = Double), @p152='?' (DbType = DateTime2), @p153='?' (DbType = DateTime2), @p154='?' (DbType = Double), @p155='?' (DbType = Double), @p156='?' (DbType = Double), @p157='?' (Size = 450), @p158='?' (DbType = Double), @p159='?' (DbType = DateTime2), @p160='?' (DbType = DateTime2), @p161='?' (DbType = Double), @p162='?' (DbType = Double), @p163='?' (DbType = Double), @p164='?' (Size = 450), @p165='?' (DbType = Double), @p166='?' (DbType = DateTime2), @p167='?' (DbType = DateTime2), @p168='?' (DbType = Double), @p169='?' (DbType = Double), @p170='?' (DbType = Double), @p171='?' (Size = 450), @p172='?' (DbType = Double), @p173='?' (DbType = DateTime2), @p174='?' (DbType = DateTime2), @p175='?' (DbType = Double), @p176='?' (DbType = Double), @p177='?' (DbType = Double), @p178='?' (Size = 450), @p179='?' (DbType = Double), @p180='?' (DbType = DateTime2), @p181='?' (DbType = DateTime2), @p182='?' (DbType = Double), @p183='?' (DbType = Double), @p184='?' (DbType = Double), @p185='?' (Size = 450)], CommandType='"Text"', CommandTimeout='30']
SET NOCOUNT ON;
DECLARE @inserted0 TABLE ([Id] int, [_Position] [int]);
MERGE [AnnualEarning] USING (
VALUES (@p4, @p5, @p6, 0),
(@p7, @p8, @p9, 1),
(@p10, @p11, @p12, 2),
(@p13, @p14, @p15, 3),
(@p16, @p17, @p18, 4),
(@p19, @p20, @p21, 5),
(@p22, @p23, @p24, 6)) AS i ([FiscalDateEnding], [ReportedEPS], [Symbol], _Position) ON 1=0
WHEN NOT MATCHED THEN
INSERT ([FiscalDateEnding], [ReportedEPS], [Symbol])
VALUES (i.[FiscalDateEnding], i.[ReportedEPS], i.[Symbol])
OUTPUT INSERTED.[Id], i._Position
INTO @inserted0;

SELECT [i].[Id] FROM @inserted0 i
ORDER BY [i].[_Position];

DECLARE @inserted7 TABLE ([Id] int, [_Position] [int]);
MERGE [QuarterlyEarning] USING (
VALUES (@p25, @p26, @p27, @p28, @p29, @p30, @p31, 0),
(@p32, @p33, @p34, @p35, @p36, @p37, @p38, 1),
(@p39, @p40, @p41, @p42, @p43, @p44, @p45, 2),
(@p46, @p47, @p48, @p49, @p50, @p51, @p52, 3),
(@p53, @p54, @p55, @p56, @p57, @p58, @p59, 4),
(@p60, @p61, @p62, @p63, @p64, @p65, @p66, 5),
(@p67, @p68, @p69, @p70, @p71, @p72, @p73, 6),
(@p74, @p75, @p76, @p77, @p78, @p79, @p80, 7),
(@p81, @p82, @p83, @p84, @p85, @p86, @p87, 8),
(@p88, @p89, @p90, @p91, @p92, @p93, @p94, 9),
(@p95, @p96, @p97, @p98, @p99, @p100, @p101, 10),
(@p102, @p103, @p104, @p105, @p106, @p107, @p108, 11),
(@p109, @p110, @p111, @p112, @p113, @p114, @p115, 12),
(@p116, @p117, @p118, @p119, @p120, @p121, @p122, 13),
(@p123, @p124, @p125, @p126, @p127, @p128, @p129, 14),
(@p130, @p131, @p132, @p133, @p134, @p135, @p136, 15),
(@p137, @p138, @p139, @p140, @p141, @p142, @p143, 16),
(@p144, @p145, @p146, @p147, @p148, @p149, @p150, 17),
(@p151, @p152, @p153, @p154, @p155, @p156, @p157, 18),
(@p158, @p159, @p160, @p161, @p162, @p163, @p164, 19),
(@p165, @p166, @p167, @p168, @p169, @p170, @p171, 20),
(@p172, @p173, @p174, @p175, @p176, @p177, @p178, 21),
(@p179, @p180, @p181, @p182, @p183, @p184, @p185, 22)) AS i ([EstimatedEPS], [FiscalDateEnding], [ReportedDate], [ReportedEPS], [Surprise], [SurprisePercentage], [Symbol], _Position) ON 1=0
WHEN NOT MATCHED THEN
INSERT ([EstimatedEPS], [FiscalDateEnding], [ReportedDate], [ReportedEPS], [Surprise], [SurprisePercentage], [Symbol])
VALUES (i.[EstimatedEPS], i.[FiscalDateEnding], i.[ReportedDate], i.[ReportedEPS], i.[Surprise], i.[SurprisePercentage], i.[Symbol])
OUTPUT INSERTED.[Id], i._Position
INTO @inserted7;

SELECT [i].[Id] FROM @inserted7 i
ORDER BY [i].[_Position];
2022-05-11 23:39:29.075 +03:00 [INF] AddOrUpdate run successful.
2022-05-11 23:39:41.475 +03:00 [INF] Request starting HTTP/2 GET https://localhost:5001/api/screener-model - -
2022-05-11 23:39:41.475 +03:00 [INF] Request starting HTTP/2 GET https://localhost:5001/api/distribution/market-cap/20 - -
2022-05-11 23:39:41.478 +03:00 [INF] CORS policy execution successful.
2022-05-11 23:39:41.478 +03:00 [INF] CORS policy execution successful.
2022-05-11 23:39:41.480 +03:00 [INF] Executing endpoint 'SaluteStocksAPI.Controllers.ApiController.GetMarketCapDistribution (SaluteStocksAPI)'
2022-05-11 23:39:41.482 +03:00 [INF] Executing endpoint 'SaluteStocksAPI.Controllers.ApiController.GetScreenerModel (SaluteStocksAPI)'
2022-05-11 23:39:41.494 +03:00 [INF] Route matched with {action = "GetScreenerModel", controller = "Api"}. Executing controller action with signature System.Threading.Tasks.Task`1[Microsoft.AspNetCore.Mvc.IActionResult] GetScreenerModel() on controller SaluteStocksAPI.Controllers.ApiController (SaluteStocksAPI).
2022-05-11 23:39:41.497 +03:00 [INF] Route matched with {action = "GetMarketCapDistribution", controller = "Api"}. Executing controller action with signature System.Threading.Tasks.Task`1[System.String] GetMarketCapDistribution(Int32) on controller SaluteStocksAPI.Controllers.ApiController (SaluteStocksAPI).
2022-05-11 23:39:41.500 +03:00 [INF] Entity Framework Core 6.0.3 initialized 'StocksContext' using provider 'Microsoft.EntityFrameworkCore.SqlServer:6.0.0' with options: None
2022-05-11 23:39:41.512 +03:00 [INF] Entity Framework Core 6.0.3 initialized 'StocksContext' using provider 'Microsoft.EntityFrameworkCore.SqlServer:6.0.0' with options: None
2022-05-11 23:39:41.534 +03:00 [INF] Executed DbCommand (9ms) [Parameters=[], CommandType='"Text"', CommandTimeout='30']
SELECT MIN([c].[MarketCapitalization])
FROM [CompanyOverviews] AS [c]
WHERE [c].[ExistInApi] = CAST(1 AS bit)
2022-05-11 23:39:41.535 +03:00 [INF] Executed DbCommand (10ms) [Parameters=[], CommandType='"Text"', CommandTimeout='30']
SELECT MAX([c].[MarketCapitalization])
FROM [CompanyOverviews] AS [c]
WHERE [c].[ExistInApi] = CAST(1 AS bit)
2022-05-11 23:39:41.557 +03:00 [INF] Executed DbCommand (8ms) [Parameters=[], CommandType='"Text"', CommandTimeout='30']
SELECT MAX([c].[MarketCapitalization])
FROM [CompanyOverviews] AS [c]
WHERE [c].[ExistInApi] = CAST(1 AS bit)
2022-05-11 23:39:41.559 +03:00 [INF] Executed DbCommand (11ms) [Parameters=[], CommandType='"Text"', CommandTimeout='30']
SELECT MIN([c].[MarketCapitalization])
FROM [CompanyOverviews] AS [c]
WHERE [c].[ExistInApi] = CAST(1 AS bit)
2022-05-11 23:39:41.571 +03:00 [INF] Executed DbCommand (9ms) [Parameters=[], CommandType='"Text"', CommandTimeout='30']
SELECT MIN([c].[EBITDA])
FROM [CompanyOverviews] AS [c]
WHERE [c].[ExistInApi] = CAST(1 AS bit)
2022-05-11 23:39:41.582 +03:00 [INF] Executed DbCommand (8ms) [Parameters=[], CommandType='"Text"', CommandTimeout='30']
SELECT MAX([c].[EBITDA])
FROM [CompanyOverviews] AS [c]
WHERE [c].[ExistInApi] = CAST(1 AS bit)
2022-05-11 23:39:41.601 +03:00 [INF] Executed DbCommand (8ms) [Parameters=[], CommandType='"Text"', CommandTimeout='30']
SELECT MIN([c].[PERatio])
FROM [CompanyOverviews] AS [c]
WHERE [c].[ExistInApi] = CAST(1 AS bit)
2022-05-11 23:39:41.616 +03:00 [INF] Executed DbCommand (9ms) [Parameters=[], CommandType='"Text"', CommandTimeout='30']
SELECT MAX([c].[PERatio])
FROM [CompanyOverviews] AS [c]
WHERE [c].[ExistInApi] = CAST(1 AS bit)
2022-05-11 23:39:41.629 +03:00 [INF] Executed DbCommand (19ms) [Parameters=[@__minValue_0='?' (DbType = Int64), @__Log_1='?' (DbType = Double)], CommandType='"Text"', CommandTimeout='30']
SELECT (
    SELECT TOP(1) [c0].[MarketCapitalization]
    FROM [CompanyOverviews] AS [c0]
    WHERE (([c0].[ExistInApi] = CAST(1 AS bit)) AND ([c0].[MarketCapitalization] IS NOT NULL)) AND (CAST((LOG(CAST(([c].[MarketCapitalization] / @__minValue_0) AS float)) / @__Log_1) AS int) = CAST((LOG(CAST(([c0].[MarketCapitalization] / @__minValue_0) AS float)) / @__Log_1) AS int))) AS [Position], COUNT(*) AS [Value]
FROM [CompanyOverviews] AS [c]
WHERE ([c].[ExistInApi] = CAST(1 AS bit)) AND ([c].[MarketCapitalization] IS NOT NULL)
GROUP BY CAST((LOG(CAST(([c].[MarketCapitalization] / @__minValue_0) AS float)) / @__Log_1) AS int)
2022-05-11 23:39:41.658 +03:00 [INF] Executing OkObjectResult, writing value of type 'System.String'.
2022-05-11 23:39:41.666 +03:00 [INF] Executed action SaluteStocksAPI.Controllers.ApiController.GetScreenerModel (SaluteStocksAPI) in 165.5421ms
2022-05-11 23:39:41.668 +03:00 [INF] Executed endpoint 'SaluteStocksAPI.Controllers.ApiController.GetScreenerModel (SaluteStocksAPI)'
2022-05-11 23:39:41.678 +03:00 [INF] Request finished HTTP/2 GET https://localhost:5001/api/screener-model - - - 200 - text/plain;+charset=utf-8 202.7948ms
2022-05-11 23:39:58.604 +03:00 [INF] Trying to refresh entity SaluteStocksAPI.Models.FundamentalData.IncomeStatement with Symbol ASM
2022-05-11 23:39:58.604 +03:00 [INF] Trying to refresh entity SaluteStocksAPI.Models.FundamentalData.CompanyOverview with Symbol BGY
2022-05-11 23:39:58.604 +03:00 [INF] Trying to refresh entity SaluteStocksAPI.Models.FundamentalData.CashFlow with Symbol ASM
2022-05-11 23:39:58.604 +03:00 [INF] Trying to refresh entity SaluteStocksAPI.Models.FundamentalData.BalanceSheet with Symbol BBVA
2022-05-11 23:39:58.645 +03:00 [INF] Application is shutting down...
2022-05-11 23:39:58.651 +03:00 [INF] Generating URI for BALANCE_SHEET with params: symbol: BBVA
2022-05-11 23:39:58.652 +03:00 [INF] Generating URI for CASH_FLOW with params: symbol: ASM
2022-05-11 23:39:58.652 +03:00 [INF] Generating URI for INCOME_STATEMENT with params: symbol: ASM
2022-05-11 23:39:58.652 +03:00 [INF] Generating URI for OVERVIEW with params: symbol: BGY
2022-05-11 23:39:58.653 +03:00 [INF] URI: https://www.alphavantage.co/query?apikey=YTXYXH479B3J1MY2&function=BALANCE_SHEET&symbol=BBVA
2022-05-11 23:39:58.653 +03:00 [INF] URI: https://www.alphavantage.co/query?apikey=YTXYXH479B3J1MY2&function=CASH_FLOW&symbol=ASM
2022-05-11 23:39:58.654 +03:00 [INF] URI: https://www.alphavantage.co/query?apikey=YTXYXH479B3J1MY2&function=INCOME_STATEMENT&symbol=ASM
2022-05-11 23:39:58.655 +03:00 [INF] URI: https://www.alphavantage.co/query?apikey=YTXYXH479B3J1MY2&function=OVERVIEW&symbol=BGY
2022-05-11 23:39:58.656 +03:00 [INF] Starting to get and parse JSON from "https://www.alphavantage.co/query?apikey=YTXYXH479B3J1MY2&function=BALANCE_SHEET&symbol=BBVA".
2022-05-11 23:39:58.656 +03:00 [INF] Starting to get and parse JSON from "https://www.alphavantage.co/query?apikey=YTXYXH479B3J1MY2&function=CASH_FLOW&symbol=ASM".
2022-05-11 23:39:58.657 +03:00 [INF] Starting to get and parse JSON from "https://www.alphavantage.co/query?apikey=YTXYXH479B3J1MY2&function=INCOME_STATEMENT&symbol=ASM".
2022-05-11 23:39:58.658 +03:00 [INF] Starting to get and parse JSON from "https://www.alphavantage.co/query?apikey=YTXYXH479B3J1MY2&function=OVERVIEW&symbol=BGY".
2022-05-11 23:39:58.906 +03:00 [INF] Response has success status code
2022-05-11 23:39:58.906 +03:00 [INF] Response has success status code
2022-05-11 23:39:58.908 +03:00 [WRN] Reached the API limit when getting SaluteStocksAPI.Models.FundamentalData.CompanyOverview for symbol BGY
SaluteStocksAPI.AlphaVantage.Exceptions.AlphaVantageRequestLimit: {
    "Note": "Thank you for using Alpha Vantage! Our standard API call frequency is 5 calls per minute and 500 calls per day. Please visit https://www.alphavantage.co/premium/ if you would like to target a higher API call frequency."
}
   at SaluteStocksAPI.AlphaVantage.AlphaVantageClient.GetAndParseJsonAsync[T](Uri uri) in D:\repo\SaluteStocks\SaluteStocksAPI\AlphaVantage\AlphaVantageClient.cs:line 316
   at SaluteStocksAPI.AlphaVantage.AlphaVantageClient.GetCompanyOverview(String symbol) in D:\repo\SaluteStocks\SaluteStocksAPI\AlphaVantage\AlphaVantageClient.cs:line 109
   at SaluteStocksAPI.Service.Background.Loader.RefreshEntity[T](String symbol) in D:\repo\SaluteStocks\SaluteStocksAPI\Service\Background\Loader.cs:line 177
2022-05-11 23:39:58.908 +03:00 [WRN] Reached the API limit when getting SaluteStocksAPI.Models.FundamentalData.IncomeStatement for symbol ASM
SaluteStocksAPI.AlphaVantage.Exceptions.AlphaVantageRequestLimit: {
    "Note": "Thank you for using Alpha Vantage! Our standard API call frequency is 5 calls per minute and 500 calls per day. Please visit https://www.alphavantage.co/premium/ if you would like to target a higher API call frequency."
}
   at SaluteStocksAPI.AlphaVantage.AlphaVantageClient.GetAndParseJsonAsync[T](Uri uri) in D:\repo\SaluteStocks\SaluteStocksAPI\AlphaVantage\AlphaVantageClient.cs:line 316
   at SaluteStocksAPI.AlphaVantage.AlphaVantageClient.GetIncomeStatement(String symbol) in D:\repo\SaluteStocks\SaluteStocksAPI\AlphaVantage\AlphaVantageClient.cs:line 69
   at SaluteStocksAPI.Service.Background.Loader.RefreshEntity[T](String symbol) in D:\repo\SaluteStocks\SaluteStocksAPI\Service\Background\Loader.cs:line 179
2022-05-11 23:39:58.914 +03:00 [INF] Response has success status code
2022-05-11 23:39:58.920 +03:00 [INF] Response has success status code
2022-05-11 23:39:58.929 +03:00 [WRN] Reached the API limit when getting SaluteStocksAPI.Models.FundamentalData.BalanceSheet for symbol BBVA
SaluteStocksAPI.AlphaVantage.Exceptions.AlphaVantageRequestLimit: {
    "Note": "Thank you for using Alpha Vantage! Our standard API call frequency is 5 calls per minute and 500 calls per day. Please visit https://www.alphavantage.co/premium/ if you would like to target a higher API call frequency."
}
   at SaluteStocksAPI.AlphaVantage.AlphaVantageClient.GetAndParseJsonAsync[T](Uri uri) in D:\repo\SaluteStocks\SaluteStocksAPI\AlphaVantage\AlphaVantageClient.cs:line 316
   at SaluteStocksAPI.AlphaVantage.AlphaVantageClient.GetBalanceSheet(String symbol) in D:\repo\SaluteStocks\SaluteStocksAPI\AlphaVantage\AlphaVantageClient.cs:line 82
   at SaluteStocksAPI.Service.Background.Loader.RefreshEntity[T](String symbol) in D:\repo\SaluteStocks\SaluteStocksAPI\Service\Background\Loader.cs:line 174
2022-05-11 23:39:58.930 +03:00 [WRN] Reached the API limit when getting SaluteStocksAPI.Models.FundamentalData.CashFlow for symbol ASM
SaluteStocksAPI.AlphaVantage.Exceptions.AlphaVantageRequestLimit: {
    "Note": "Thank you for using Alpha Vantage! Our standard API call frequency is 5 calls per minute and 500 calls per day. Please visit https://www.alphavantage.co/premium/ if you would like to target a higher API call frequency."
}
   at SaluteStocksAPI.AlphaVantage.AlphaVantageClient.GetAndParseJsonAsync[T](Uri uri) in D:\repo\SaluteStocks\SaluteStocksAPI\AlphaVantage\AlphaVantageClient.cs:line 316
   at SaluteStocksAPI.AlphaVantage.AlphaVantageClient.GetCashFlow(String symbol) in D:\repo\SaluteStocks\SaluteStocksAPI\AlphaVantage\AlphaVantageClient.cs:line 96
   at SaluteStocksAPI.Service.Background.Loader.RefreshEntity[T](String symbol) in D:\repo\SaluteStocks\SaluteStocksAPI\Service\Background\Loader.cs:line 176
2022-05-11 23:39:59.096 +03:00 [INF] Trying to refresh entity SaluteStocksAPI.Models.FundamentalData.Earnings with Symbol ATRO
2022-05-11 23:39:59.098 +03:00 [INF] Generating URI for EARNINGS with params: symbol: ATRO
2022-05-11 23:39:59.099 +03:00 [INF] URI: https://www.alphavantage.co/query?apikey=YTXYXH479B3J1MY2&function=EARNINGS&symbol=ATRO
2022-05-11 23:39:59.100 +03:00 [INF] Starting to get and parse JSON from "https://www.alphavantage.co/query?apikey=YTXYXH479B3J1MY2&function=EARNINGS&symbol=ATRO".
2022-05-11 23:39:59.329 +03:00 [INF] Response has success status code
2022-05-11 23:39:59.330 +03:00 [WRN] Reached the API limit when getting SaluteStocksAPI.Models.FundamentalData.Earnings for symbol ATRO
SaluteStocksAPI.AlphaVantage.Exceptions.AlphaVantageRequestLimit: {
    "Note": "Thank you for using Alpha Vantage! Our standard API call frequency is 5 calls per minute and 500 calls per day. Please visit https://www.alphavantage.co/premium/ if you would like to target a higher API call frequency."
}
   at SaluteStocksAPI.AlphaVantage.AlphaVantageClient.GetAndParseJsonAsync[T](Uri uri) in D:\repo\SaluteStocks\SaluteStocksAPI\AlphaVantage\AlphaVantageClient.cs:line 316
   at SaluteStocksAPI.AlphaVantage.AlphaVantageClient.GetCompanyEarnings(String symbol) in D:\repo\SaluteStocks\SaluteStocksAPI\AlphaVantage\AlphaVantageClient.cs:line 142
   at SaluteStocksAPI.Service.Background.Loader.RefreshEntity[T](String symbol) in D:\repo\SaluteStocks\SaluteStocksAPI\Service\Background\Loader.cs:line 178
