2022-05-12 00:12:31.187 +03:00 [INF] Generating URI for LISTING_STATUS with params: state: active
2022-05-12 00:12:31.219 +03:00 [INF] URI: https://www.alphavantage.co/query?apikey=YTXYXH479B3J1MY2&function=LISTING_STATUS&state=active
2022-05-12 00:12:31.227 +03:00 [INF] Starting to get and parse CSV from "https://www.alphavantage.co/query?apikey=YTXYXH479B3J1MY2&function=LISTING_STATUS&state=active".
2022-05-12 00:12:31.405 +03:00 [INF] Now listening on: https://localhost:5001
2022-05-12 00:12:31.406 +03:00 [INF] Now listening on: http://localhost:5000
2022-05-12 00:12:31.407 +03:00 [INF] Application started. Press Ctrl+C to shut down.
2022-05-12 00:12:31.408 +03:00 [INF] Hosting environment: Development
2022-05-12 00:12:31.409 +03:00 [INF] Content root path: D:\repo\SaluteStocks\SaluteStocksAPI\
2022-05-12 00:12:31.890 +03:00 [INF] Request starting HTTP/2 GET https://localhost:5001/swagger/index.html - -
2022-05-12 00:12:31.962 +03:00 [INF] Request finished HTTP/2 GET https://localhost:5001/swagger/index.html - - - 200 - text/html;charset=utf-8 73.1665ms
2022-05-12 00:12:32.076 +03:00 [INF] Request starting HTTP/2 GET https://localhost:5001/swagger/v1/swagger.json - -
2022-05-12 00:12:32.089 +03:00 [ERR] An unhandled exception has occurred while executing the request.
Swashbuckle.AspNetCore.SwaggerGen.SwaggerGeneratorException: Ambiguous HTTP method for action - SaluteStocksAPI.Controllers.ApiController.Ping (SaluteStocksAPI). Actions require an explicit HttpMethod binding for Swagger/OpenAPI 3.0
   at Swashbuckle.AspNetCore.SwaggerGen.SwaggerGenerator.GenerateOperations(IEnumerable`1 apiDescriptions, SchemaRepository schemaRepository)
   at Swashbuckle.AspNetCore.SwaggerGen.SwaggerGenerator.GeneratePaths(IEnumerable`1 apiDescriptions, SchemaRepository schemaRepository)
   at Swashbuckle.AspNetCore.SwaggerGen.SwaggerGenerator.GetSwagger(String documentName, String host, String basePath)
   at Swashbuckle.AspNetCore.Swagger.SwaggerMiddleware.Invoke(HttpContext httpContext, ISwaggerProvider swaggerProvider)
   at Microsoft.AspNetCore.Diagnostics.DeveloperExceptionPageMiddleware.Invoke(HttpContext context)
2022-05-12 00:12:32.114 +03:00 [INF] Request finished HTTP/2 GET https://localhost:5001/swagger/v1/swagger.json - - - 500 - text/plain;+charset=utf-8 37.0881ms
2022-05-12 00:12:32.752 +03:00 [INF] Response has success status code
2022-05-12 00:12:32.754 +03:00 [INF] Trying to deserialize response.
2022-05-12 00:12:33.295 +03:00 [INF] Entity Framework Core 6.0.3 initialized 'StocksContext' using provider 'Microsoft.EntityFrameworkCore.SqlServer:6.0.0' with options: None
2022-05-12 00:12:33.578 +03:00 [INF] Executed DbCommand (30ms) [Parameters=[], CommandType='"Text"', CommandTimeout='30']
SELECT TOP 0 T.[Symbol], T.[AssetType], T.[DelistingDate], T.[Exchange], T.[ExistInApi], T.[IpoDate], T.[LastApiRefresh], T.[LastLocalRefresh], T.[Name], T.[Status] INTO [ListingTempc06fca11] FROM [Listing] AS T LEFT JOIN [Listing] AS Source ON 1 = 0;
2022-05-12 00:12:34.839 +03:00 [INF] Executed DbCommand (695ms) [Parameters=[], CommandType='"Text"', CommandTimeout='30']
MERGE [Listing] WITH (HOLDLOCK) AS T USING (SELECT TOP 12594 * FROM [ListingTempc06fca11] ORDER BY [Symbol]) AS S ON T.[Symbol] = S.[Symbol] WHEN NOT MATCHED BY TARGET THEN INSERT ([Symbol], [AssetType], [DelistingDate], [Exchange], [ExistInApi], [IpoDate], [LastApiRefresh], [LastLocalRefresh], [Name], [Status]) VALUES (S.[Symbol], S.[AssetType], S.[DelistingDate], S.[Exchange], S.[ExistInApi], S.[IpoDate], S.[LastApiRefresh], S.[LastLocalRefresh], S.[Name], S.[Status]) WHEN MATCHED AND EXISTS (SELECT S.[Symbol], S.[AssetType], S.[DelistingDate], S.[Exchange], S.[ExistInApi], S.[IpoDate], S.[LastApiRefresh], S.[LastLocalRefresh], S.[Name], S.[Status] EXCEPT SELECT T.[Symbol], T.[AssetType], T.[DelistingDate], T.[Exchange], T.[ExistInApi], T.[IpoDate], T.[LastApiRefresh], T.[LastLocalRefresh], T.[Name], T.[Status]) THEN UPDATE SET T.[AssetType] = S.[AssetType], T.[DelistingDate] = S.[DelistingDate], T.[Exchange] = S.[Exchange], T.[ExistInApi] = S.[ExistInApi], T.[IpoDate] = S.[IpoDate], T.[LastApiRefresh] = S.[LastApiRefresh], T.[LastLocalRefresh] = S.[LastLocalRefresh], T.[Name] = S.[Name], T.[Status] = S.[Status] WHEN NOT MATCHED BY SOURCE THEN DELETE;
2022-05-12 00:12:34.851 +03:00 [INF] Executed DbCommand (10ms) [Parameters=[], CommandType='"Text"', CommandTimeout='30']
IF OBJECT_ID ('[ListingTempc06fca11]', 'U') IS NOT NULL DROP TABLE [ListingTempc06fca11]
2022-05-12 00:12:34.863 +03:00 [INF] Loading missing data.
2022-05-12 00:12:34.866 +03:00 [INF] Entity Framework Core 6.0.3 initialized 'StocksContext' using provider 'Microsoft.EntityFrameworkCore.SqlServer:6.0.0' with options: None
2022-05-12 00:12:35.063 +03:00 [INF] Executed DbCommand (72ms) [Parameters=[], CommandType='"Text"', CommandTimeout='30']
SELECT [l].[Symbol]
FROM [Listing] AS [l]
2022-05-12 00:12:35.147 +03:00 [INF] Loading missing entities for SaluteStocksAPI.Models.FundamentalData.BalanceSheet
2022-05-12 00:12:35.148 +03:00 [INF] Getting already loaded entities
2022-05-12 00:12:35.164 +03:00 [INF] Entity Framework Core 6.0.3 initialized 'StocksContext' using provider 'Microsoft.EntityFrameworkCore.SqlServer:6.0.0' with options: None
2022-05-12 00:12:35.182 +03:00 [INF] Loading missing entities for SaluteStocksAPI.Models.FundamentalData.CashFlow
2022-05-12 00:12:35.183 +03:00 [INF] Getting already loaded entities
2022-05-12 00:12:35.184 +03:00 [INF] Entity Framework Core 6.0.3 initialized 'StocksContext' using provider 'Microsoft.EntityFrameworkCore.SqlServer:6.0.0' with options: None
2022-05-12 00:12:35.189 +03:00 [INF] Executed DbCommand (9ms) [Parameters=[], CommandType='"Text"', CommandTimeout='30']
SELECT DISTINCT [b].[Symbol]
FROM [BalanceSheets] AS [b]
WHERE [b].[ExistInApi] IS NOT NULL
2022-05-12 00:12:35.190 +03:00 [INF] Loading missing entities for SaluteStocksAPI.Models.FundamentalData.CompanyOverview
2022-05-12 00:12:35.192 +03:00 [INF] Getting already loaded entities
2022-05-12 00:12:35.193 +03:00 [INF] Entity Framework Core 6.0.3 initialized 'StocksContext' using provider 'Microsoft.EntityFrameworkCore.SqlServer:6.0.0' with options: None
2022-05-12 00:12:35.195 +03:00 [INF] Already loaded: 1281
2022-05-12 00:12:35.196 +03:00 [INF] Loading missing entities for SaluteStocksAPI.Models.FundamentalData.Earnings
2022-05-12 00:12:35.200 +03:00 [INF] Getting already loaded entities
2022-05-12 00:12:35.201 +03:00 [INF] Entity Framework Core 6.0.3 initialized 'StocksContext' using provider 'Microsoft.EntityFrameworkCore.SqlServer:6.0.0' with options: None
2022-05-12 00:12:35.204 +03:00 [INF] Executed DbCommand (8ms) [Parameters=[], CommandType='"Text"', CommandTimeout='30']
SELECT DISTINCT [c].[Symbol]
FROM [CompanyOverviews] AS [c]
WHERE [c].[ExistInApi] IS NOT NULL
2022-05-12 00:12:35.204 +03:00 [INF] Loading missing entities for SaluteStocksAPI.Models.FundamentalData.IncomeStatement
2022-05-12 00:12:35.206 +03:00 [INF] Getting already loaded entities
2022-05-12 00:12:35.207 +03:00 [INF] Entity Framework Core 6.0.3 initialized 'StocksContext' using provider 'Microsoft.EntityFrameworkCore.SqlServer:6.0.0' with options: None
2022-05-12 00:12:35.208 +03:00 [INF] Already loaded: 1388
2022-05-12 00:12:35.208 +03:00 [INF] Trying to refresh entity SaluteStocksAPI.Models.FundamentalData.BalanceSheet with Symbol BBD
2022-05-12 00:12:35.211 +03:00 [INF] Generating URI for BALANCE_SHEET with params: symbol: BBD
2022-05-12 00:12:35.212 +03:00 [INF] URI: https://www.alphavantage.co/query?apikey=YTXYXH479B3J1MY2&function=BALANCE_SHEET&symbol=BBD
2022-05-12 00:12:35.213 +03:00 [INF] Starting to get and parse JSON from "https://www.alphavantage.co/query?apikey=YTXYXH479B3J1MY2&function=BALANCE_SHEET&symbol=BBD".
2022-05-12 00:12:35.217 +03:00 [INF] Executed DbCommand (7ms) [Parameters=[], CommandType='"Text"', CommandTimeout='30']
SELECT DISTINCT [i].[Symbol]
FROM [IncomeStatements] AS [i]
WHERE [i].[ExistInApi] IS NOT NULL
2022-05-12 00:12:35.221 +03:00 [INF] Already loaded: 941
2022-05-12 00:12:35.223 +03:00 [INF] Trying to refresh entity SaluteStocksAPI.Models.FundamentalData.CompanyOverview with Symbol BH-A
2022-05-12 00:12:35.225 +03:00 [INF] Generating URI for OVERVIEW with params: symbol: BH-A
2022-05-12 00:12:35.225 +03:00 [INF] URI: https://www.alphavantage.co/query?apikey=YTXYXH479B3J1MY2&function=OVERVIEW&symbol=BH-A
2022-05-12 00:12:35.226 +03:00 [INF] Starting to get and parse JSON from "https://www.alphavantage.co/query?apikey=YTXYXH479B3J1MY2&function=OVERVIEW&symbol=BH-A".
2022-05-12 00:12:35.226 +03:00 [INF] Trying to refresh entity SaluteStocksAPI.Models.FundamentalData.IncomeStatement with Symbol ASLN
2022-05-12 00:12:35.228 +03:00 [INF] Executed DbCommand (7ms) [Parameters=[], CommandType='"Text"', CommandTimeout='30']
SELECT DISTINCT [e].[Symbol]
FROM [Earnings] AS [e]
WHERE [e].[ExistInApi] IS NOT NULL
2022-05-12 00:12:35.229 +03:00 [INF] Executed DbCommand (9ms) [Parameters=[], CommandType='"Text"', CommandTimeout='30']
SELECT DISTINCT [c].[Symbol]
FROM [CashFlows] AS [c]
WHERE [c].[ExistInApi] IS NOT NULL
2022-05-12 00:12:35.230 +03:00 [INF] Generating URI for INCOME_STATEMENT with params: symbol: ASLN
2022-05-12 00:12:35.234 +03:00 [INF] Already loaded: 1011
2022-05-12 00:12:35.234 +03:00 [INF] URI: https://www.alphavantage.co/query?apikey=YTXYXH479B3J1MY2&function=INCOME_STATEMENT&symbol=ASLN
2022-05-12 00:12:35.235 +03:00 [INF] Already loaded: 943
2022-05-12 00:12:35.236 +03:00 [INF] Starting to get and parse JSON from "https://www.alphavantage.co/query?apikey=YTXYXH479B3J1MY2&function=INCOME_STATEMENT&symbol=ASLN".
2022-05-12 00:12:35.242 +03:00 [INF] Trying to refresh entity SaluteStocksAPI.Models.FundamentalData.Earnings with Symbol ATVCW
2022-05-12 00:12:35.243 +03:00 [INF] Trying to refresh entity SaluteStocksAPI.Models.FundamentalData.CashFlow with Symbol ASLN
2022-05-12 00:12:35.244 +03:00 [INF] Generating URI for EARNINGS with params: symbol: ATVCW
2022-05-12 00:12:35.245 +03:00 [INF] Generating URI for CASH_FLOW with params: symbol: ASLN
2022-05-12 00:12:35.246 +03:00 [INF] URI: https://www.alphavantage.co/query?apikey=YTXYXH479B3J1MY2&function=EARNINGS&symbol=ATVCW
2022-05-12 00:12:35.247 +03:00 [INF] URI: https://www.alphavantage.co/query?apikey=YTXYXH479B3J1MY2&function=CASH_FLOW&symbol=ASLN
2022-05-12 00:12:35.248 +03:00 [INF] Starting to get and parse JSON from "https://www.alphavantage.co/query?apikey=YTXYXH479B3J1MY2&function=EARNINGS&symbol=ATVCW".
2022-05-12 00:12:35.248 +03:00 [INF] Starting to get and parse JSON from "https://www.alphavantage.co/query?apikey=YTXYXH479B3J1MY2&function=CASH_FLOW&symbol=ASLN".
2022-05-12 00:12:35.458 +03:00 [INF] Response has success status code
2022-05-12 00:12:35.459 +03:00 [INF] Trying to deserialize response.
2022-05-12 00:12:35.483 +03:00 [INF] Response has success status code
2022-05-12 00:12:35.484 +03:00 [INF] Trying to deserialize response.
2022-05-12 00:12:35.492 +03:00 [INF] Response has success status code
2022-05-12 00:12:35.560 +03:00 [WRN] Reached the API limit when getting SaluteStocksAPI.Models.FundamentalData.CashFlow for symbol ASLN
SaluteStocksAPI.AlphaVantage.Exceptions.AlphaVantageRequestLimit: {
    "Note": "Thank you for using Alpha Vantage! Our standard API call frequency is 5 calls per minute and 500 calls per day. Please visit https://www.alphavantage.co/premium/ if you would like to target a higher API call frequency."
}
   at SaluteStocksAPI.AlphaVantage.AlphaVantageClient.GetAndParseJsonAsync[T](Uri uri) in D:\repo\SaluteStocks\SaluteStocksAPI\AlphaVantage\AlphaVantageClient.cs:line 316
   at SaluteStocksAPI.AlphaVantage.AlphaVantageClient.GetCashFlow(String symbol) in D:\repo\SaluteStocks\SaluteStocksAPI\AlphaVantage\AlphaVantageClient.cs:line 96
   at SaluteStocksAPI.Service.Background.Loader.RefreshEntity[T](String symbol) in D:\repo\SaluteStocks\SaluteStocksAPI\Service\Background\Loader.cs:line 176
2022-05-12 00:12:35.591 +03:00 [INF] Response has success status code
2022-05-12 00:12:35.593 +03:00 [INF] Trying to deserialize response.
2022-05-12 00:12:35.611 +03:00 [INF] Entity Framework Core 6.0.3 initialized 'StocksContext' using provider 'Microsoft.EntityFrameworkCore.SqlServer:6.0.0' with options: None
2022-05-12 00:12:35.612 +03:00 [INF] Start AddOrUpdate for SaluteStocksAPI.Models.FundamentalData.CompanyOverview.
2022-05-12 00:12:35.613 +03:00 [INF] Entity Framework Core 6.0.3 initialized 'StocksContext' using provider 'Microsoft.EntityFrameworkCore.SqlServer:6.0.0' with options: None
2022-05-12 00:12:35.666 +03:00 [ERR] Failed to refresh  entity SaluteStocksAPI.Models.FundamentalData.IncomeStatement with Symbol ASLN
Newtonsoft.Json.JsonSerializationException: Error converting value "30617503.98" to type 'System.Nullable`1[System.Int64]'. Path 'annualReports[4].researchAndDevelopment', line 125, position 51.
 ---> System.FormatException: Input string was not in a correct format.
   at System.Number.ThrowOverflowOrFormatException(ParsingStatus status, TypeCode type)
   at System.String.System.IConvertible.ToInt64(IFormatProvider provider)
   at System.Convert.ChangeType(Object value, Type conversionType, IFormatProvider provider)
   at Newtonsoft.Json.Serialization.JsonSerializerInternalReader.EnsureType(JsonReader reader, Object value, CultureInfo culture, JsonContract contract, Type targetType)
   --- End of inner exception stack trace ---
   at Newtonsoft.Json.Serialization.JsonSerializerInternalReader.EnsureType(JsonReader reader, Object value, CultureInfo culture, JsonContract contract, Type targetType)
   at Newtonsoft.Json.Serialization.JsonSerializerInternalReader.CreateValueInternal(JsonReader reader, Type objectType, JsonContract contract, JsonProperty member, JsonContainerContract containerContract, JsonProperty containerMember, Object existingValue)
   at Newtonsoft.Json.Serialization.JsonSerializerInternalReader.SetPropertyValue(JsonProperty property, JsonConverter propertyConverter, JsonContainerContract containerContract, JsonProperty containerProperty, JsonReader reader, Object target)
   at Newtonsoft.Json.Serialization.JsonSerializerInternalReader.PopulateObject(Object newObject, JsonReader reader, JsonObjectContract contract, JsonProperty member, String id)
   at Newtonsoft.Json.Serialization.JsonSerializerInternalReader.CreateObject(JsonReader reader, Type objectType, JsonContract contract, JsonProperty member, JsonContainerContract containerContract, JsonProperty containerMember, Object existingValue)
   at Newtonsoft.Json.Serialization.JsonSerializerInternalReader.CreateValueInternal(JsonReader reader, Type objectType, JsonContract contract, JsonProperty member, JsonContainerContract containerContract, JsonProperty containerMember, Object existingValue)
   at Newtonsoft.Json.Serialization.JsonSerializerInternalReader.PopulateList(IList list, JsonReader reader, JsonArrayContract contract, JsonProperty containerProperty, String id)
   at Newtonsoft.Json.Serialization.JsonSerializerInternalReader.CreateList(JsonReader reader, Type objectType, JsonContract contract, JsonProperty member, Object existingValue, String id)
   at Newtonsoft.Json.Serialization.JsonSerializerInternalReader.CreateValueInternal(JsonReader reader, Type objectType, JsonContract contract, JsonProperty member, JsonContainerContract containerContract, JsonProperty containerMember, Object existingValue)
   at Newtonsoft.Json.Serialization.JsonSerializerInternalReader.SetPropertyValue(JsonProperty property, JsonConverter propertyConverter, JsonContainerContract containerContract, JsonProperty containerProperty, JsonReader reader, Object target)
   at Newtonsoft.Json.Serialization.JsonSerializerInternalReader.PopulateObject(Object newObject, JsonReader reader, JsonObjectContract contract, JsonProperty member, String id)
   at Newtonsoft.Json.Serialization.JsonSerializerInternalReader.CreateObject(JsonReader reader, Type objectType, JsonContract contract, JsonProperty member, JsonContainerContract containerContract, JsonProperty containerMember, Object existingValue)
   at Newtonsoft.Json.Serialization.JsonSerializerInternalReader.CreateValueInternal(JsonReader reader, Type objectType, JsonContract contract, JsonProperty member, JsonContainerContract containerContract, JsonProperty containerMember, Object existingValue)
   at Newtonsoft.Json.Serialization.JsonSerializerInternalReader.Deserialize(JsonReader reader, Type objectType, Boolean checkAdditionalContent)
   at Newtonsoft.Json.JsonSerializer.DeserializeInternal(JsonReader reader, Type objectType)
   at Newtonsoft.Json.JsonSerializer.Deserialize(JsonReader reader, Type objectType)
   at Newtonsoft.Json.JsonConvert.DeserializeObject(String value, Type type, JsonSerializerSettings settings)
   at Newtonsoft.Json.JsonConvert.DeserializeObject[T](String value, JsonSerializerSettings settings)
   at Newtonsoft.Json.JsonConvert.DeserializeObject[T](String value)
   at SaluteStocksAPI.AlphaVantage.AlphaVantageClient.GetAndParseJsonAsync[T](Uri uri) in D:\repo\SaluteStocks\SaluteStocksAPI\AlphaVantage\AlphaVantageClient.cs:line 324
   at SaluteStocksAPI.AlphaVantage.AlphaVantageClient.GetIncomeStatement(String symbol) in D:\repo\SaluteStocks\SaluteStocksAPI\AlphaVantage\AlphaVantageClient.cs:line 69
   at SaluteStocksAPI.Service.Background.Loader.RefreshEntity[T](String symbol) in D:\repo\SaluteStocks\SaluteStocksAPI\Service\Background\Loader.cs:line 179
2022-05-12 00:12:35.692 +03:00 [INF] Response has success status code
2022-05-12 00:12:35.694 +03:00 [INF] Trying to deserialize response.
2022-05-12 00:12:35.747 +03:00 [ERR] Failed to refresh  entity SaluteStocksAPI.Models.FundamentalData.BalanceSheet with Symbol BBD
Newtonsoft.Json.JsonSerializationException: Error converting value "10691941101.60" to type 'System.Nullable`1[System.Int64]'. Path 'annualReports[3].commonStockSharesOutstanding', line 162, position 60.
 ---> System.FormatException: Input string was not in a correct format.
   at System.Number.ThrowOverflowOrFormatException(ParsingStatus status, TypeCode type)
   at System.String.System.IConvertible.ToInt64(IFormatProvider provider)
   at System.Convert.ChangeType(Object value, Type conversionType, IFormatProvider provider)
   at Newtonsoft.Json.Serialization.JsonSerializerInternalReader.EnsureType(JsonReader reader, Object value, CultureInfo culture, JsonContract contract, Type targetType)
   --- End of inner exception stack trace ---
   at Newtonsoft.Json.Serialization.JsonSerializerInternalReader.EnsureType(JsonReader reader, Object value, CultureInfo culture, JsonContract contract, Type targetType)
   at Newtonsoft.Json.Serialization.JsonSerializerInternalReader.CreateValueInternal(JsonReader reader, Type objectType, JsonContract contract, JsonProperty member, JsonContainerContract containerContract, JsonProperty containerMember, Object existingValue)
   at Newtonsoft.Json.Serialization.JsonSerializerInternalReader.SetPropertyValue(JsonProperty property, JsonConverter propertyConverter, JsonContainerContract containerContract, JsonProperty containerProperty, JsonReader reader, Object target)
   at Newtonsoft.Json.Serialization.JsonSerializerInternalReader.PopulateObject(Object newObject, JsonReader reader, JsonObjectContract contract, JsonProperty member, String id)
   at Newtonsoft.Json.Serialization.JsonSerializerInternalReader.CreateObject(JsonReader reader, Type objectType, JsonContract contract, JsonProperty member, JsonContainerContract containerContract, JsonProperty containerMember, Object existingValue)
   at Newtonsoft.Json.Serialization.JsonSerializerInternalReader.CreateValueInternal(JsonReader reader, Type objectType, JsonContract contract, JsonProperty member, JsonContainerContract containerContract, JsonProperty containerMember, Object existingValue)
   at Newtonsoft.Json.Serialization.JsonSerializerInternalReader.PopulateList(IList list, JsonReader reader, JsonArrayContract contract, JsonProperty containerProperty, String id)
   at Newtonsoft.Json.Serialization.JsonSerializerInternalReader.CreateList(JsonReader reader, Type objectType, JsonContract contract, JsonProperty member, Object existingValue, String id)
   at Newtonsoft.Json.Serialization.JsonSerializerInternalReader.CreateValueInternal(JsonReader reader, Type objectType, JsonContract contract, JsonProperty member, JsonContainerContract containerContract, JsonProperty containerMember, Object existingValue)
   at Newtonsoft.Json.Serialization.JsonSerializerInternalReader.SetPropertyValue(JsonProperty property, JsonConverter propertyConverter, JsonContainerContract containerContract, JsonProperty containerProperty, JsonReader reader, Object target)
   at Newtonsoft.Json.Serialization.JsonSerializerInternalReader.PopulateObject(Object newObject, JsonReader reader, JsonObjectContract contract, JsonProperty member, String id)
   at Newtonsoft.Json.Serialization.JsonSerializerInternalReader.CreateObject(JsonReader reader, Type objectType, JsonContract contract, JsonProperty member, JsonContainerContract containerContract, JsonProperty containerMember, Object existingValue)
   at Newtonsoft.Json.Serialization.JsonSerializerInternalReader.CreateValueInternal(JsonReader reader, Type objectType, JsonContract contract, JsonProperty member, JsonContainerContract containerContract, JsonProperty containerMember, Object existingValue)
   at Newtonsoft.Json.Serialization.JsonSerializerInternalReader.Deserialize(JsonReader reader, Type objectType, Boolean checkAdditionalContent)
   at Newtonsoft.Json.JsonSerializer.DeserializeInternal(JsonReader reader, Type objectType)
   at Newtonsoft.Json.JsonSerializer.Deserialize(JsonReader reader, Type objectType)
   at Newtonsoft.Json.JsonConvert.DeserializeObject(String value, Type type, JsonSerializerSettings settings)
   at Newtonsoft.Json.JsonConvert.DeserializeObject[T](String value, JsonSerializerSettings settings)
   at Newtonsoft.Json.JsonConvert.DeserializeObject[T](String value)
   at SaluteStocksAPI.AlphaVantage.AlphaVantageClient.GetAndParseJsonAsync[T](Uri uri) in D:\repo\SaluteStocks\SaluteStocksAPI\AlphaVantage\AlphaVantageClient.cs:line 324
   at SaluteStocksAPI.AlphaVantage.AlphaVantageClient.GetBalanceSheet(String symbol) in D:\repo\SaluteStocks\SaluteStocksAPI\AlphaVantage\AlphaVantageClient.cs:line 82
   at SaluteStocksAPI.Service.Background.Loader.RefreshEntity[T](String symbol) in D:\repo\SaluteStocks\SaluteStocksAPI\Service\Background\Loader.cs:line 174
2022-05-12 00:12:35.798 +03:00 [INF] Executed DbCommand (18ms) [Parameters=[@__symbol_0='?' (Size = 450)], CommandType='"Text"', CommandTimeout='30']
SELECT TOP(2) [c].[Symbol], [c].[Address], [c].[AnalystTargetPrice], [c].[AssetType], [c].[Beta], [c].[BookValue], [c].[CIK], [c].[Country], [c].[Currency], [c].[Description], [c].[DilutedEPSTTM], [c].[DividendDate], [c].[DividendPerShare], [c].[DividendYield], [c].[EBITDA], [c].[EPS], [c].[EVToEBITDA], [c].[EVToRevenue], [c].[ExDividendDate], [c].[Exchange], [c].[ExistInApi], [c].[FiscalYearEnd], [c].[ForwardPE], [c].[GrossProfitTTM], [c].[Industry], [c].[LastApiRefresh], [c].[LastLocalRefresh], [c].[LatestQuarter], [c].[MarketCapitalization], [c].[Name], [c].[OperatingMarginTTM], [c].[PEGRatio], [c].[PERatio], [c].[PriceToBookRatio], [c].[PriceToSalesRatioTTM], [c].[ProfitMargin], [c].[QuarterlyEarningsGrowthYOY], [c].[QuarterlyRevenueGrowthYOY], [c].[ReturnOnAssetsTTM], [c].[ReturnOnEquityTTM], [c].[RevenuePerShareTTM], [c].[RevenueTTM], [c].[Sector], [c].[SharesOutstanding], [c].[TrailingPE], [c].[_200DayMovingAverage], [c].[_50DayMovingAverage], [c].[_52WeekHigh], [c].[_52WeekLow]
FROM [CompanyOverviews] AS [c]
WHERE [c].[Symbol] = @__symbol_0
2022-05-12 00:12:35.798 +03:00 [INF] Executed DbCommand (18ms) [Parameters=[@__entity_Symbol_0='?' (Size = 450)], CommandType='"Text"', CommandTimeout='30']
SELECT TOP(2) [c].[Symbol], [c].[Address], [c].[AnalystTargetPrice], [c].[AssetType], [c].[Beta], [c].[BookValue], [c].[CIK], [c].[Country], [c].[Currency], [c].[Description], [c].[DilutedEPSTTM], [c].[DividendDate], [c].[DividendPerShare], [c].[DividendYield], [c].[EBITDA], [c].[EPS], [c].[EVToEBITDA], [c].[EVToRevenue], [c].[ExDividendDate], [c].[Exchange], [c].[ExistInApi], [c].[FiscalYearEnd], [c].[ForwardPE], [c].[GrossProfitTTM], [c].[Industry], [c].[LastApiRefresh], [c].[LastLocalRefresh], [c].[LatestQuarter], [c].[MarketCapitalization], [c].[Name], [c].[OperatingMarginTTM], [c].[PEGRatio], [c].[PERatio], [c].[PriceToBookRatio], [c].[PriceToSalesRatioTTM], [c].[ProfitMargin], [c].[QuarterlyEarningsGrowthYOY], [c].[QuarterlyRevenueGrowthYOY], [c].[ReturnOnAssetsTTM], [c].[ReturnOnEquityTTM], [c].[RevenuePerShareTTM], [c].[RevenueTTM], [c].[Sector], [c].[SharesOutstanding], [c].[TrailingPE], [c].[_200DayMovingAverage], [c].[_50DayMovingAverage], [c].[_52WeekHigh], [c].[_52WeekLow]
FROM [CompanyOverviews] AS [c]
WHERE [c].[Symbol] = @__entity_Symbol_0
2022-05-12 00:12:35.804 +03:00 [INF] Entity does not exist. Adding to DB.
2022-05-12 00:12:35.851 +03:00 [INF] Start AddOrUpdate for SaluteStocksAPI.Models.FundamentalData.Earnings.
2022-05-12 00:12:35.862 +03:00 [INF] Executed DbCommand (7ms) [Parameters=[@__entity_Symbol_0='?' (Size = 450)], CommandType='"Text"', CommandTimeout='30']
SELECT TOP(2) [e].[Symbol], [e].[ExistInApi], [e].[LastApiRefresh], [e].[LastLocalRefresh]
FROM [Earnings] AS [e]
WHERE [e].[Symbol] = @__entity_Symbol_0
2022-05-12 00:12:35.865 +03:00 [INF] Entity does not exist. Adding to DB.
2022-05-12 00:12:35.919 +03:00 [INF] Executed DbCommand (14ms) [Parameters=[@p0='?' (Size = 450), @p1='?' (Size = 4000), @p2='?' (DbType = Double), @p3='?' (Size = 4000), @p4='?' (DbType = Double), @p5='?' (DbType = Double), @p6='?' (DbType = Int64), @p7='?' (Size = 4000), @p8='?' (Size = 4000), @p9='?' (Size = 4000), @p10='?' (DbType = Double), @p11='?' (DbType = DateTime2), @p12='?' (DbType = Double), @p13='?' (DbType = Double), @p14='?' (DbType = Int64), @p15='?' (DbType = Double), @p16='?' (DbType = Double), @p17='?' (DbType = Double), @p18='?' (DbType = DateTime2), @p19='?' (Size = 4000), @p20='?' (DbType = Boolean), @p21='?' (Size = 4000), @p22='?' (DbType = Double), @p23='?' (DbType = Int64), @p24='?' (Size = 4000), @p25='?' (DbType = DateTime2), @p26='?' (DbType = DateTime2), @p27='?' (DbType = DateTime2), @p28='?' (DbType = Int64), @p29='?' (Size = 4000), @p30='?' (DbType = Double), @p31='?' (DbType = Double), @p32='?' (DbType = Double), @p33='?' (DbType = Double), @p34='?' (DbType = Double), @p35='?' (DbType = Double), @p36='?' (DbType = Double), @p37='?' (DbType = Double), @p38='?' (DbType = Double), @p39='?' (DbType = Double), @p40='?' (DbType = Double), @p41='?' (DbType = Int64), @p42='?' (Size = 4000), @p43='?' (DbType = Int64), @p44='?' (DbType = Double), @p45='?' (DbType = Double), @p46='?' (DbType = Double), @p47='?' (DbType = Double), @p48='?' (DbType = Double)], CommandType='"Text"', CommandTimeout='30']
SET NOCOUNT ON;
INSERT INTO [CompanyOverviews] ([Symbol], [Address], [AnalystTargetPrice], [AssetType], [Beta], [BookValue], [CIK], [Country], [Currency], [Description], [DilutedEPSTTM], [DividendDate], [DividendPerShare], [DividendYield], [EBITDA], [EPS], [EVToEBITDA], [EVToRevenue], [ExDividendDate], [Exchange], [ExistInApi], [FiscalYearEnd], [ForwardPE], [GrossProfitTTM], [Industry], [LastApiRefresh], [LastLocalRefresh], [LatestQuarter], [MarketCapitalization], [Name], [OperatingMarginTTM], [PEGRatio], [PERatio], [PriceToBookRatio], [PriceToSalesRatioTTM], [ProfitMargin], [QuarterlyEarningsGrowthYOY], [QuarterlyRevenueGrowthYOY], [ReturnOnAssetsTTM], [ReturnOnEquityTTM], [RevenuePerShareTTM], [RevenueTTM], [Sector], [SharesOutstanding], [TrailingPE], [_200DayMovingAverage], [_50DayMovingAverage], [_52WeekHigh], [_52WeekLow])
VALUES (@p0, @p1, @p2, @p3, @p4, @p5, @p6, @p7, @p8, @p9, @p10, @p11, @p12, @p13, @p14, @p15, @p16, @p17, @p18, @p19, @p20, @p21, @p22, @p23, @p24, @p25, @p26, @p27, @p28, @p29, @p30, @p31, @p32, @p33, @p34, @p35, @p36, @p37, @p38, @p39, @p40, @p41, @p42, @p43, @p44, @p45, @p46, @p47, @p48);
2022-05-12 00:12:35.927 +03:00 [INF] Executed DbCommand (7ms) [Parameters=[@p0='?' (Size = 450), @p1='?' (DbType = Boolean), @p2='?' (DbType = DateTime2), @p3='?' (DbType = DateTime2)], CommandType='"Text"', CommandTimeout='30']
SET NOCOUNT ON;
INSERT INTO [Earnings] ([Symbol], [ExistInApi], [LastApiRefresh], [LastLocalRefresh])
VALUES (@p0, @p1, @p2, @p3);
2022-05-12 00:12:35.941 +03:00 [INF] AddOrUpdate run successful.
2022-05-12 00:12:35.970 +03:00 [INF] Executed DbCommand (36ms) [Parameters=[@p4='?' (DbType = DateTime2), @p5='?' (DbType = Double), @p6='?' (Size = 450), @p7='?' (DbType = DateTime2), @p8='?' (DbType = Double), @p9='?' (Size = 450), @p10='?' (DbType = Double), @p11='?' (DbType = DateTime2), @p12='?' (DbType = DateTime2), @p13='?' (DbType = Double), @p14='?' (DbType = Double), @p15='?' (DbType = Double), @p16='?' (Size = 450), @p17='?' (DbType = Double), @p18='?' (DbType = DateTime2), @p19='?' (DbType = DateTime2), @p20='?' (DbType = Double), @p21='?' (DbType = Double), @p22='?' (DbType = Double), @p23='?' (Size = 450), @p24='?' (DbType = Double), @p25='?' (DbType = DateTime2), @p26='?' (DbType = DateTime2), @p27='?' (DbType = Double), @p28='?' (DbType = Double), @p29='?' (DbType = Double), @p30='?' (Size = 450), @p31='?' (DbType = Double), @p32='?' (DbType = DateTime2), @p33='?' (DbType = DateTime2), @p34='?' (DbType = Double), @p35='?' (DbType = Double), @p36='?' (DbType = Double), @p37='?' (Size = 450)], CommandType='"Text"', CommandTimeout='30']
SET NOCOUNT ON;
DECLARE @inserted0 TABLE ([Id] int, [_Position] [int]);
MERGE [AnnualEarning] USING (
VALUES (@p4, @p5, @p6, 0),
(@p7, @p8, @p9, 1)) AS i ([FiscalDateEnding], [ReportedEPS], [Symbol], _Position) ON 1=0
WHEN NOT MATCHED THEN
INSERT ([FiscalDateEnding], [ReportedEPS], [Symbol])
VALUES (i.[FiscalDateEnding], i.[ReportedEPS], i.[Symbol])
OUTPUT INSERTED.[Id], i._Position
INTO @inserted0;

SELECT [i].[Id] FROM @inserted0 i
ORDER BY [i].[_Position];

DECLARE @inserted2 TABLE ([Id] int, [_Position] [int]);
MERGE [QuarterlyEarning] USING (
VALUES (@p10, @p11, @p12, @p13, @p14, @p15, @p16, 0),
(@p17, @p18, @p19, @p20, @p21, @p22, @p23, 1),
(@p24, @p25, @p26, @p27, @p28, @p29, @p30, 2),
(@p31, @p32, @p33, @p34, @p35, @p36, @p37, 3)) AS i ([EstimatedEPS], [FiscalDateEnding], [ReportedDate], [ReportedEPS], [Surprise], [SurprisePercentage], [Symbol], _Position) ON 1=0
WHEN NOT MATCHED THEN
INSERT ([EstimatedEPS], [FiscalDateEnding], [ReportedDate], [ReportedEPS], [Surprise], [SurprisePercentage], [Symbol])
VALUES (i.[EstimatedEPS], i.[FiscalDateEnding], i.[ReportedDate], i.[ReportedEPS], i.[Surprise], i.[SurprisePercentage], i.[Symbol])
OUTPUT INSERTED.[Id], i._Position
INTO @inserted2;

SELECT [i].[Id] FROM @inserted2 i
ORDER BY [i].[_Position];
2022-05-12 00:12:35.994 +03:00 [INF] AddOrUpdate run successful.
2022-05-12 00:12:42.065 +03:00 [INF] Request starting HTTP/2 GET https://localhost:5001/api/screener-model - -
2022-05-12 00:12:42.065 +03:00 [INF] Request starting HTTP/2 GET https://localhost:5001/api/distribution/market-cap/20 - -
2022-05-12 00:12:42.076 +03:00 [INF] CORS policy execution successful.
2022-05-12 00:12:42.076 +03:00 [INF] CORS policy execution successful.
2022-05-12 00:12:42.078 +03:00 [INF] Executing endpoint 'SaluteStocksAPI.Controllers.ApiController.GetMarketCapDistribution (SaluteStocksAPI)'
2022-05-12 00:12:42.078 +03:00 [INF] Executing endpoint 'SaluteStocksAPI.Controllers.ApiController.GetScreenerModel (SaluteStocksAPI)'
2022-05-12 00:12:42.085 +03:00 [INF] Route matched with {action = "GetScreenerModel", controller = "Api"}. Executing controller action with signature System.Threading.Tasks.Task`1[Microsoft.AspNetCore.Mvc.IActionResult] GetScreenerModel() on controller SaluteStocksAPI.Controllers.ApiController (SaluteStocksAPI).
2022-05-12 00:12:42.087 +03:00 [INF] Route matched with {action = "GetMarketCapDistribution", controller = "Api"}. Executing controller action with signature System.Threading.Tasks.Task`1[System.String] GetMarketCapDistribution(Int32) on controller SaluteStocksAPI.Controllers.ApiController (SaluteStocksAPI).
2022-05-12 00:12:42.094 +03:00 [INF] Entity Framework Core 6.0.3 initialized 'StocksContext' using provider 'Microsoft.EntityFrameworkCore.SqlServer:6.0.0' with options: None
2022-05-12 00:12:42.107 +03:00 [INF] Entity Framework Core 6.0.3 initialized 'StocksContext' using provider 'Microsoft.EntityFrameworkCore.SqlServer:6.0.0' with options: None
2022-05-12 00:12:42.125 +03:00 [INF] Executed DbCommand (8ms) [Parameters=[], CommandType='"Text"', CommandTimeout='30']
SELECT MAX([c].[MarketCapitalization])
FROM [CompanyOverviews] AS [c]
WHERE [c].[ExistInApi] = CAST(1 AS bit)
2022-05-12 00:12:42.125 +03:00 [INF] Executed DbCommand (8ms) [Parameters=[], CommandType='"Text"', CommandTimeout='30']
SELECT MIN([c].[MarketCapitalization])
FROM [CompanyOverviews] AS [c]
WHERE [c].[ExistInApi] = CAST(1 AS bit)
2022-05-12 00:12:42.141 +03:00 [INF] Executed DbCommand (8ms) [Parameters=[], CommandType='"Text"', CommandTimeout='30']
SELECT MIN([c].[MarketCapitalization])
FROM [CompanyOverviews] AS [c]
WHERE [c].[ExistInApi] = CAST(1 AS bit)
2022-05-12 00:12:42.141 +03:00 [INF] Executed DbCommand (8ms) [Parameters=[], CommandType='"Text"', CommandTimeout='30']
SELECT MAX([c].[MarketCapitalization])
FROM [CompanyOverviews] AS [c]
WHERE [c].[ExistInApi] = CAST(1 AS bit)
2022-05-12 00:12:42.155 +03:00 [INF] Executed DbCommand (10ms) [Parameters=[], CommandType='"Text"', CommandTimeout='30']
SELECT MIN([c].[EBITDA])
FROM [CompanyOverviews] AS [c]
WHERE [c].[ExistInApi] = CAST(1 AS bit)
2022-05-12 00:12:42.165 +03:00 [INF] Executed DbCommand (6ms) [Parameters=[], CommandType='"Text"', CommandTimeout='30']
SELECT MAX([c].[EBITDA])
FROM [CompanyOverviews] AS [c]
WHERE [c].[ExistInApi] = CAST(1 AS bit)
2022-05-12 00:12:42.166 +03:00 [INF] Executed DbCommand (11ms) [Parameters=[@__from_0='?' (DbType = Double), @__to_1='?' (DbType = Double)], CommandType='"Text"', CommandTimeout='30']
SELECT COUNT(*)
FROM [CompanyOverviews] AS [c]
WHERE ([c].[ExistInApi] = CAST(1 AS bit)) AND ((([c].[MarketCapitalization] IS NOT NULL) AND (CAST([c].[MarketCapitalization] AS float) > @__from_0)) AND (CAST([c].[MarketCapitalization] AS float) < @__to_1))
2022-05-12 00:12:42.179 +03:00 [INF] Executed DbCommand (9ms) [Parameters=[@__from_0='?' (DbType = Double), @__to_1='?' (DbType = Double)], CommandType='"Text"', CommandTimeout='30']
SELECT COUNT(*)
FROM [CompanyOverviews] AS [c]
WHERE ([c].[ExistInApi] = CAST(1 AS bit)) AND ((([c].[MarketCapitalization] IS NOT NULL) AND (CAST([c].[MarketCapitalization] AS float) > @__from_0)) AND (CAST([c].[MarketCapitalization] AS float) < @__to_1))
2022-05-12 00:12:42.180 +03:00 [INF] Executed DbCommand (8ms) [Parameters=[], CommandType='"Text"', CommandTimeout='30']
SELECT MIN([c].[PERatio])
FROM [CompanyOverviews] AS [c]
WHERE [c].[ExistInApi] = CAST(1 AS bit)
2022-05-12 00:12:42.192 +03:00 [INF] Executed DbCommand (10ms) [Parameters=[@__from_0='?' (DbType = Double), @__to_1='?' (DbType = Double)], CommandType='"Text"', CommandTimeout='30']
SELECT COUNT(*)
FROM [CompanyOverviews] AS [c]
WHERE ([c].[ExistInApi] = CAST(1 AS bit)) AND ((([c].[MarketCapitalization] IS NOT NULL) AND (CAST([c].[MarketCapitalization] AS float) > @__from_0)) AND (CAST([c].[MarketCapitalization] AS float) < @__to_1))
2022-05-12 00:12:42.193 +03:00 [INF] Executed DbCommand (6ms) [Parameters=[], CommandType='"Text"', CommandTimeout='30']
SELECT MAX([c].[PERatio])
FROM [CompanyOverviews] AS [c]
WHERE [c].[ExistInApi] = CAST(1 AS bit)
2022-05-12 00:12:42.203 +03:00 [INF] Executed DbCommand (9ms) [Parameters=[@__from_0='?' (DbType = Double), @__to_1='?' (DbType = Double)], CommandType='"Text"', CommandTimeout='30']
SELECT COUNT(*)
FROM [CompanyOverviews] AS [c]
WHERE ([c].[ExistInApi] = CAST(1 AS bit)) AND ((([c].[MarketCapitalization] IS NOT NULL) AND (CAST([c].[MarketCapitalization] AS float) > @__from_0)) AND (CAST([c].[MarketCapitalization] AS float) < @__to_1))
2022-05-12 00:12:42.216 +03:00 [INF] Executed DbCommand (10ms) [Parameters=[@__from_0='?' (DbType = Double), @__to_1='?' (DbType = Double)], CommandType='"Text"', CommandTimeout='30']
SELECT COUNT(*)
FROM [CompanyOverviews] AS [c]
WHERE ([c].[ExistInApi] = CAST(1 AS bit)) AND ((([c].[MarketCapitalization] IS NOT NULL) AND (CAST([c].[MarketCapitalization] AS float) > @__from_0)) AND (CAST([c].[MarketCapitalization] AS float) < @__to_1))
2022-05-12 00:12:42.218 +03:00 [INF] Executing OkObjectResult, writing value of type 'System.String'.
2022-05-12 00:12:42.223 +03:00 [INF] Executed action SaluteStocksAPI.Controllers.ApiController.GetScreenerModel (SaluteStocksAPI) in 134.6154ms
2022-05-12 00:12:42.225 +03:00 [INF] Executed endpoint 'SaluteStocksAPI.Controllers.ApiController.GetScreenerModel (SaluteStocksAPI)'
2022-05-12 00:12:42.228 +03:00 [INF] Executed DbCommand (10ms) [Parameters=[@__from_0='?' (DbType = Double), @__to_1='?' (DbType = Double)], CommandType='"Text"', CommandTimeout='30']
SELECT COUNT(*)
FROM [CompanyOverviews] AS [c]
WHERE ([c].[ExistInApi] = CAST(1 AS bit)) AND ((([c].[MarketCapitalization] IS NOT NULL) AND (CAST([c].[MarketCapitalization] AS float) > @__from_0)) AND (CAST([c].[MarketCapitalization] AS float) < @__to_1))
2022-05-12 00:12:42.229 +03:00 [INF] Request finished HTTP/2 GET https://localhost:5001/api/screener-model - - - 200 - text/plain;+charset=utf-8 164.3707ms
2022-05-12 00:12:42.238 +03:00 [INF] Executed DbCommand (8ms) [Parameters=[@__from_0='?' (DbType = Double), @__to_1='?' (DbType = Double)], CommandType='"Text"', CommandTimeout='30']
SELECT COUNT(*)
FROM [CompanyOverviews] AS [c]
WHERE ([c].[ExistInApi] = CAST(1 AS bit)) AND ((([c].[MarketCapitalization] IS NOT NULL) AND (CAST([c].[MarketCapitalization] AS float) > @__from_0)) AND (CAST([c].[MarketCapitalization] AS float) < @__to_1))
2022-05-12 00:12:42.254 +03:00 [INF] Executed DbCommand (11ms) [Parameters=[@__from_0='?' (DbType = Double), @__to_1='?' (DbType = Double)], CommandType='"Text"', CommandTimeout='30']
SELECT COUNT(*)
FROM [CompanyOverviews] AS [c]
WHERE ([c].[ExistInApi] = CAST(1 AS bit)) AND ((([c].[MarketCapitalization] IS NOT NULL) AND (CAST([c].[MarketCapitalization] AS float) > @__from_0)) AND (CAST([c].[MarketCapitalization] AS float) < @__to_1))
2022-05-12 00:12:42.268 +03:00 [INF] Executed DbCommand (11ms) [Parameters=[@__from_0='?' (DbType = Double), @__to_1='?' (DbType = Double)], CommandType='"Text"', CommandTimeout='30']
SELECT COUNT(*)
FROM [CompanyOverviews] AS [c]
WHERE ([c].[ExistInApi] = CAST(1 AS bit)) AND ((([c].[MarketCapitalization] IS NOT NULL) AND (CAST([c].[MarketCapitalization] AS float) > @__from_0)) AND (CAST([c].[MarketCapitalization] AS float) < @__to_1))
2022-05-12 00:12:42.280 +03:00 [INF] Executed DbCommand (8ms) [Parameters=[@__from_0='?' (DbType = Double), @__to_1='?' (DbType = Double)], CommandType='"Text"', CommandTimeout='30']
SELECT COUNT(*)
FROM [CompanyOverviews] AS [c]
WHERE ([c].[ExistInApi] = CAST(1 AS bit)) AND ((([c].[MarketCapitalization] IS NOT NULL) AND (CAST([c].[MarketCapitalization] AS float) > @__from_0)) AND (CAST([c].[MarketCapitalization] AS float) < @__to_1))
2022-05-12 00:12:42.294 +03:00 [INF] Executed DbCommand (11ms) [Parameters=[@__from_0='?' (DbType = Double), @__to_1='?' (DbType = Double)], CommandType='"Text"', CommandTimeout='30']
SELECT COUNT(*)
FROM [CompanyOverviews] AS [c]
WHERE ([c].[ExistInApi] = CAST(1 AS bit)) AND ((([c].[MarketCapitalization] IS NOT NULL) AND (CAST([c].[MarketCapitalization] AS float) > @__from_0)) AND (CAST([c].[MarketCapitalization] AS float) < @__to_1))
2022-05-12 00:12:42.308 +03:00 [INF] Executed DbCommand (11ms) [Parameters=[@__from_0='?' (DbType = Double), @__to_1='?' (DbType = Double)], CommandType='"Text"', CommandTimeout='30']
SELECT COUNT(*)
FROM [CompanyOverviews] AS [c]
WHERE ([c].[ExistInApi] = CAST(1 AS bit)) AND ((([c].[MarketCapitalization] IS NOT NULL) AND (CAST([c].[MarketCapitalization] AS float) > @__from_0)) AND (CAST([c].[MarketCapitalization] AS float) < @__to_1))
2022-05-12 00:12:42.320 +03:00 [INF] Executed DbCommand (9ms) [Parameters=[@__from_0='?' (DbType = Double), @__to_1='?' (DbType = Double)], CommandType='"Text"', CommandTimeout='30']
SELECT COUNT(*)
FROM [CompanyOverviews] AS [c]
WHERE ([c].[ExistInApi] = CAST(1 AS bit)) AND ((([c].[MarketCapitalization] IS NOT NULL) AND (CAST([c].[MarketCapitalization] AS float) > @__from_0)) AND (CAST([c].[MarketCapitalization] AS float) < @__to_1))
2022-05-12 00:12:42.331 +03:00 [INF] Executed DbCommand (8ms) [Parameters=[@__from_0='?' (DbType = Double), @__to_1='?' (DbType = Double)], CommandType='"Text"', CommandTimeout='30']
SELECT COUNT(*)
FROM [CompanyOverviews] AS [c]
WHERE ([c].[ExistInApi] = CAST(1 AS bit)) AND ((([c].[MarketCapitalization] IS NOT NULL) AND (CAST([c].[MarketCapitalization] AS float) > @__from_0)) AND (CAST([c].[MarketCapitalization] AS float) < @__to_1))
2022-05-12 00:12:42.345 +03:00 [INF] Executed DbCommand (10ms) [Parameters=[@__from_0='?' (DbType = Double), @__to_1='?' (DbType = Double)], CommandType='"Text"', CommandTimeout='30']
SELECT COUNT(*)
FROM [CompanyOverviews] AS [c]
WHERE ([c].[ExistInApi] = CAST(1 AS bit)) AND ((([c].[MarketCapitalization] IS NOT NULL) AND (CAST([c].[MarketCapitalization] AS float) > @__from_0)) AND (CAST([c].[MarketCapitalization] AS float) < @__to_1))
2022-05-12 00:12:42.357 +03:00 [INF] Executed DbCommand (10ms) [Parameters=[@__from_0='?' (DbType = Double), @__to_1='?' (DbType = Double)], CommandType='"Text"', CommandTimeout='30']
SELECT COUNT(*)
FROM [CompanyOverviews] AS [c]
WHERE ([c].[ExistInApi] = CAST(1 AS bit)) AND ((([c].[MarketCapitalization] IS NOT NULL) AND (CAST([c].[MarketCapitalization] AS float) > @__from_0)) AND (CAST([c].[MarketCapitalization] AS float) < @__to_1))
2022-05-12 00:12:42.371 +03:00 [INF] Executed DbCommand (11ms) [Parameters=[@__from_0='?' (DbType = Double), @__to_1='?' (DbType = Double)], CommandType='"Text"', CommandTimeout='30']
SELECT COUNT(*)
FROM [CompanyOverviews] AS [c]
WHERE ([c].[ExistInApi] = CAST(1 AS bit)) AND ((([c].[MarketCapitalization] IS NOT NULL) AND (CAST([c].[MarketCapitalization] AS float) > @__from_0)) AND (CAST([c].[MarketCapitalization] AS float) < @__to_1))
2022-05-12 00:12:42.384 +03:00 [INF] Executed DbCommand (10ms) [Parameters=[@__from_0='?' (DbType = Double), @__to_1='?' (DbType = Double)], CommandType='"Text"', CommandTimeout='30']
SELECT COUNT(*)
FROM [CompanyOverviews] AS [c]
WHERE ([c].[ExistInApi] = CAST(1 AS bit)) AND ((([c].[MarketCapitalization] IS NOT NULL) AND (CAST([c].[MarketCapitalization] AS float) > @__from_0)) AND (CAST([c].[MarketCapitalization] AS float) < @__to_1))
2022-05-12 00:12:42.397 +03:00 [INF] Executed DbCommand (11ms) [Parameters=[@__from_0='?' (DbType = Double), @__to_1='?' (DbType = Double)], CommandType='"Text"', CommandTimeout='30']
SELECT COUNT(*)
FROM [CompanyOverviews] AS [c]
WHERE ([c].[ExistInApi] = CAST(1 AS bit)) AND ((([c].[MarketCapitalization] IS NOT NULL) AND (CAST([c].[MarketCapitalization] AS float) > @__from_0)) AND (CAST([c].[MarketCapitalization] AS float) < @__to_1))
2022-05-12 00:13:20.172 +03:00 [INF] Trying to refresh entity SaluteStocksAPI.Models.FundamentalData.CashFlow with Symbol ASM
2022-05-12 00:13:20.173 +03:00 [INF] Trying to refresh entity SaluteStocksAPI.Models.FundamentalData.CompanyOverview with Symbol BHACU
2022-05-12 00:13:20.173 +03:00 [INF] Trying to refresh entity SaluteStocksAPI.Models.FundamentalData.Earnings with Symbol ATXS
2022-05-12 00:13:20.189 +03:00 [INF] Generating URI for OVERVIEW with params: symbol: BHACU
2022-05-12 00:13:20.185 +03:00 [INF] Generating URI for CASH_FLOW with params: symbol: ASM
2022-05-12 00:13:20.204 +03:00 [INF] URI: https://www.alphavantage.co/query?apikey=YTXYXH479B3J1MY2&function=OVERVIEW&symbol=BHACU
2022-05-12 00:13:20.212 +03:00 [INF] URI: https://www.alphavantage.co/query?apikey=YTXYXH479B3J1MY2&function=CASH_FLOW&symbol=ASM
2022-05-12 00:13:20.222 +03:00 [INF] Generating URI for EARNINGS with params: symbol: ATXS
2022-05-12 00:13:20.231 +03:00 [INF] Trying to refresh entity SaluteStocksAPI.Models.FundamentalData.IncomeStatement with Symbol ASM
2022-05-12 00:13:20.227 +03:00 [INF] Starting to get and parse JSON from "https://www.alphavantage.co/query?apikey=YTXYXH479B3J1MY2&function=OVERVIEW&symbol=BHACU".
2022-05-12 00:13:20.228 +03:00 [INF] Starting to get and parse JSON from "https://www.alphavantage.co/query?apikey=YTXYXH479B3J1MY2&function=CASH_FLOW&symbol=ASM".
2022-05-12 00:13:20.237 +03:00 [INF] URI: https://www.alphavantage.co/query?apikey=YTXYXH479B3J1MY2&function=EARNINGS&symbol=ATXS
2022-05-12 00:13:20.240 +03:00 [INF] Generating URI for INCOME_STATEMENT with params: symbol: ASM
2022-05-12 00:13:20.238 +03:00 [INF] Executing ObjectResult, writing value of type 'System.String'.
2022-05-12 00:13:20.237 +03:00 [INF] Trying to refresh entity SaluteStocksAPI.Models.FundamentalData.BalanceSheet with Symbol BBVA
2022-05-12 00:13:20.242 +03:00 [INF] Starting to get and parse JSON from "https://www.alphavantage.co/query?apikey=YTXYXH479B3J1MY2&function=EARNINGS&symbol=ATXS".
2022-05-12 00:13:20.243 +03:00 [INF] URI: https://www.alphavantage.co/query?apikey=YTXYXH479B3J1MY2&function=INCOME_STATEMENT&symbol=ASM
2022-05-12 00:13:20.244 +03:00 [INF] Executed action SaluteStocksAPI.Controllers.ApiController.GetMarketCapDistribution (SaluteStocksAPI) in 38156.0214ms
2022-05-12 00:13:20.247 +03:00 [INF] Generating URI for BALANCE_SHEET with params: symbol: BBVA
2022-05-12 00:13:20.247 +03:00 [INF] Starting to get and parse JSON from "https://www.alphavantage.co/query?apikey=YTXYXH479B3J1MY2&function=INCOME_STATEMENT&symbol=ASM".
2022-05-12 00:13:20.248 +03:00 [INF] Executed endpoint 'SaluteStocksAPI.Controllers.ApiController.GetMarketCapDistribution (SaluteStocksAPI)'
2022-05-12 00:13:20.249 +03:00 [INF] URI: https://www.alphavantage.co/query?apikey=YTXYXH479B3J1MY2&function=BALANCE_SHEET&symbol=BBVA
2022-05-12 00:13:20.251 +03:00 [INF] Request finished HTTP/2 GET https://localhost:5001/api/distribution/market-cap/20 - - - 200 - text/plain;+charset=utf-8 38186.4916ms
2022-05-12 00:13:20.252 +03:00 [INF] Starting to get and parse JSON from "https://www.alphavantage.co/query?apikey=YTXYXH479B3J1MY2&function=BALANCE_SHEET&symbol=BBVA".
2022-05-12 00:13:20.487 +03:00 [INF] Response has success status code
2022-05-12 00:13:20.487 +03:00 [INF] Response has success status code
2022-05-12 00:13:20.488 +03:00 [INF] Trying to deserialize response.
2022-05-12 00:13:20.488 +03:00 [INF] Trying to deserialize response.
2022-05-12 00:13:20.490 +03:00 [INF] Start AddOrUpdate for SaluteStocksAPI.Models.FundamentalData.CompanyOverview.
2022-05-12 00:13:20.490 +03:00 [INF] Entity Framework Core 6.0.3 initialized 'StocksContext' using provider 'Microsoft.EntityFrameworkCore.SqlServer:6.0.0' with options: None
2022-05-12 00:13:20.491 +03:00 [INF] Entity Framework Core 6.0.3 initialized 'StocksContext' using provider 'Microsoft.EntityFrameworkCore.SqlServer:6.0.0' with options: None
2022-05-12 00:13:20.504 +03:00 [INF] Executed DbCommand (9ms) [Parameters=[@__symbol_0='?' (Size = 450)], CommandType='"Text"', CommandTimeout='30']
SELECT TOP(2) [c].[Symbol], [c].[Address], [c].[AnalystTargetPrice], [c].[AssetType], [c].[Beta], [c].[BookValue], [c].[CIK], [c].[Country], [c].[Currency], [c].[Description], [c].[DilutedEPSTTM], [c].[DividendDate], [c].[DividendPerShare], [c].[DividendYield], [c].[EBITDA], [c].[EPS], [c].[EVToEBITDA], [c].[EVToRevenue], [c].[ExDividendDate], [c].[Exchange], [c].[ExistInApi], [c].[FiscalYearEnd], [c].[ForwardPE], [c].[GrossProfitTTM], [c].[Industry], [c].[LastApiRefresh], [c].[LastLocalRefresh], [c].[LatestQuarter], [c].[MarketCapitalization], [c].[Name], [c].[OperatingMarginTTM], [c].[PEGRatio], [c].[PERatio], [c].[PriceToBookRatio], [c].[PriceToSalesRatioTTM], [c].[ProfitMargin], [c].[QuarterlyEarningsGrowthYOY], [c].[QuarterlyRevenueGrowthYOY], [c].[ReturnOnAssetsTTM], [c].[ReturnOnEquityTTM], [c].[RevenuePerShareTTM], [c].[RevenueTTM], [c].[Sector], [c].[SharesOutstanding], [c].[TrailingPE], [c].[_200DayMovingAverage], [c].[_50DayMovingAverage], [c].[_52WeekHigh], [c].[_52WeekLow]
FROM [CompanyOverviews] AS [c]
WHERE [c].[Symbol] = @__symbol_0
2022-05-12 00:13:20.506 +03:00 [INF] Executed DbCommand (9ms) [Parameters=[@__entity_Symbol_0='?' (Size = 450)], CommandType='"Text"', CommandTimeout='30']
SELECT TOP(2) [c].[Symbol], [c].[Address], [c].[AnalystTargetPrice], [c].[AssetType], [c].[Beta], [c].[BookValue], [c].[CIK], [c].[Country], [c].[Currency], [c].[Description], [c].[DilutedEPSTTM], [c].[DividendDate], [c].[DividendPerShare], [c].[DividendYield], [c].[EBITDA], [c].[EPS], [c].[EVToEBITDA], [c].[EVToRevenue], [c].[ExDividendDate], [c].[Exchange], [c].[ExistInApi], [c].[FiscalYearEnd], [c].[ForwardPE], [c].[GrossProfitTTM], [c].[Industry], [c].[LastApiRefresh], [c].[LastLocalRefresh], [c].[LatestQuarter], [c].[MarketCapitalization], [c].[Name], [c].[OperatingMarginTTM], [c].[PEGRatio], [c].[PERatio], [c].[PriceToBookRatio], [c].[PriceToSalesRatioTTM], [c].[ProfitMargin], [c].[QuarterlyEarningsGrowthYOY], [c].[QuarterlyRevenueGrowthYOY], [c].[ReturnOnAssetsTTM], [c].[ReturnOnEquityTTM], [c].[RevenuePerShareTTM], [c].[RevenueTTM], [c].[Sector], [c].[SharesOutstanding], [c].[TrailingPE], [c].[_200DayMovingAverage], [c].[_50DayMovingAverage], [c].[_52WeekHigh], [c].[_52WeekLow]
FROM [CompanyOverviews] AS [c]
WHERE [c].[Symbol] = @__entity_Symbol_0
2022-05-12 00:13:20.506 +03:00 [INF] Start AddOrUpdate for SaluteStocksAPI.Models.FundamentalData.Earnings.
2022-05-12 00:13:20.510 +03:00 [INF] Entity does not exist. Adding to DB.
2022-05-12 00:13:20.519 +03:00 [INF] Executed DbCommand (8ms) [Parameters=[@__entity_Symbol_0='?' (Size = 450)], CommandType='"Text"', CommandTimeout='30']
SELECT TOP(2) [e].[Symbol], [e].[ExistInApi], [e].[LastApiRefresh], [e].[LastLocalRefresh]
FROM [Earnings] AS [e]
WHERE [e].[Symbol] = @__entity_Symbol_0
2022-05-12 00:13:20.521 +03:00 [INF] Entity does not exist. Adding to DB.
2022-05-12 00:13:20.532 +03:00 [INF] Executed DbCommand (12ms) [Parameters=[@p0='?' (Size = 450), @p1='?' (Size = 4000), @p2='?' (DbType = Double), @p3='?' (Size = 4000), @p4='?' (DbType = Double), @p5='?' (DbType = Double), @p6='?' (DbType = Int64), @p7='?' (Size = 4000), @p8='?' (Size = 4000), @p9='?' (Size = 4000), @p10='?' (DbType = Double), @p11='?' (DbType = DateTime2), @p12='?' (DbType = Double), @p13='?' (DbType = Double), @p14='?' (DbType = Int64), @p15='?' (DbType = Double), @p16='?' (DbType = Double), @p17='?' (DbType = Double), @p18='?' (DbType = DateTime2), @p19='?' (Size = 4000), @p20='?' (DbType = Boolean), @p21='?' (Size = 4000), @p22='?' (DbType = Double), @p23='?' (DbType = Int64), @p24='?' (Size = 4000), @p25='?' (DbType = DateTime2), @p26='?' (DbType = DateTime2), @p27='?' (DbType = DateTime2), @p28='?' (DbType = Int64), @p29='?' (Size = 4000), @p30='?' (DbType = Double), @p31='?' (DbType = Double), @p32='?' (DbType = Double), @p33='?' (DbType = Double), @p34='?' (DbType = Double), @p35='?' (DbType = Double), @p36='?' (DbType = Double), @p37='?' (DbType = Double), @p38='?' (DbType = Double), @p39='?' (DbType = Double), @p40='?' (DbType = Double), @p41='?' (DbType = Int64), @p42='?' (Size = 4000), @p43='?' (DbType = Int64), @p44='?' (DbType = Double), @p45='?' (DbType = Double), @p46='?' (DbType = Double), @p47='?' (DbType = Double), @p48='?' (DbType = Double)], CommandType='"Text"', CommandTimeout='30']
SET NOCOUNT ON;
INSERT INTO [CompanyOverviews] ([Symbol], [Address], [AnalystTargetPrice], [AssetType], [Beta], [BookValue], [CIK], [Country], [Currency], [Description], [DilutedEPSTTM], [DividendDate], [DividendPerShare], [DividendYield], [EBITDA], [EPS], [EVToEBITDA], [EVToRevenue], [ExDividendDate], [Exchange], [ExistInApi], [FiscalYearEnd], [ForwardPE], [GrossProfitTTM], [Industry], [LastApiRefresh], [LastLocalRefresh], [LatestQuarter], [MarketCapitalization], [Name], [OperatingMarginTTM], [PEGRatio], [PERatio], [PriceToBookRatio], [PriceToSalesRatioTTM], [ProfitMargin], [QuarterlyEarningsGrowthYOY], [QuarterlyRevenueGrowthYOY], [ReturnOnAssetsTTM], [ReturnOnEquityTTM], [RevenuePerShareTTM], [RevenueTTM], [Sector], [SharesOutstanding], [TrailingPE], [_200DayMovingAverage], [_50DayMovingAverage], [_52WeekHigh], [_52WeekLow])
VALUES (@p0, @p1, @p2, @p3, @p4, @p5, @p6, @p7, @p8, @p9, @p10, @p11, @p12, @p13, @p14, @p15, @p16, @p17, @p18, @p19, @p20, @p21, @p22, @p23, @p24, @p25, @p26, @p27, @p28, @p29, @p30, @p31, @p32, @p33, @p34, @p35, @p36, @p37, @p38, @p39, @p40, @p41, @p42, @p43, @p44, @p45, @p46, @p47, @p48);
2022-05-12 00:13:20.535 +03:00 [INF] Executed DbCommand (4ms) [Parameters=[@p0='?' (Size = 450), @p1='?' (DbType = Boolean), @p2='?' (DbType = DateTime2), @p3='?' (DbType = DateTime2)], CommandType='"Text"', CommandTimeout='30']
SET NOCOUNT ON;
INSERT INTO [Earnings] ([Symbol], [ExistInApi], [LastApiRefresh], [LastLocalRefresh])
VALUES (@p0, @p1, @p2, @p3);
2022-05-12 00:13:20.543 +03:00 [INF] AddOrUpdate run successful.
2022-05-12 00:13:20.603 +03:00 [INF] Executed DbCommand (65ms) [Parameters=[@p4='?' (DbType = DateTime2), @p5='?' (DbType = Double), @p6='?' (Size = 450), @p7='?' (DbType = DateTime2), @p8='?' (DbType = Double), @p9='?' (Size = 450), @p10='?' (DbType = DateTime2), @p11='?' (DbType = Double), @p12='?' (Size = 450), @p13='?' (DbType = DateTime2), @p14='?' (DbType = Double), @p15='?' (Size = 450), @p16='?' (DbType = DateTime2), @p17='?' (DbType = Double), @p18='?' (Size = 450), @p19='?' (DbType = DateTime2), @p20='?' (DbType = Double), @p21='?' (Size = 450), @p22='?' (DbType = DateTime2), @p23='?' (DbType = Double), @p24='?' (Size = 450), @p25='?' (DbType = DateTime2), @p26='?' (DbType = Double), @p27='?' (Size = 450), @p28='?' (DbType = Double), @p29='?' (DbType = DateTime2), @p30='?' (DbType = DateTime2), @p31='?' (DbType = Double), @p32='?' (DbType = Double), @p33='?' (DbType = Double), @p34='?' (Size = 450), @p35='?' (DbType = Double), @p36='?' (DbType = DateTime2), @p37='?' (DbType = DateTime2), @p38='?' (DbType = Double), @p39='?' (DbType = Double), @p40='?' (DbType = Double), @p41='?' (Size = 450), @p42='?' (DbType = Double), @p43='?' (DbType = DateTime2), @p44='?' (DbType = DateTime2), @p45='?' (DbType = Double), @p46='?' (DbType = Double), @p47='?' (DbType = Double), @p48='?' (Size = 450), @p49='?' (DbType = Double), @p50='?' (DbType = DateTime2), @p51='?' (DbType = DateTime2), @p52='?' (DbType = Double), @p53='?' (DbType = Double), @p54='?' (DbType = Double), @p55='?' (Size = 450), @p56='?' (DbType = Double), @p57='?' (DbType = DateTime2), @p58='?' (DbType = DateTime2), @p59='?' (DbType = Double), @p60='?' (DbType = Double), @p61='?' (DbType = Double), @p62='?' (Size = 450), @p63='?' (DbType = Double), @p64='?' (DbType = DateTime2), @p65='?' (DbType = DateTime2), @p66='?' (DbType = Double), @p67='?' (DbType = Double), @p68='?' (DbType = Double), @p69='?' (Size = 450), @p70='?' (DbType = Double), @p71='?' (DbType = DateTime2), @p72='?' (DbType = DateTime2), @p73='?' (DbType = Double), @p74='?' (DbType = Double), @p75='?' (DbType = Double), @p76='?' (Size = 450), @p77='?' (DbType = Double), @p78='?' (DbType = DateTime2), @p79='?' (DbType = DateTime2), @p80='?' (DbType = Double), @p81='?' (DbType = Double), @p82='?' (DbType = Double), @p83='?' (Size = 450), @p84='?' (DbType = Double), @p85='?' (DbType = DateTime2), @p86='?' (DbType = DateTime2), @p87='?' (DbType = Double), @p88='?' (DbType = Double), @p89='?' (DbType = Double), @p90='?' (Size = 450), @p91='?' (DbType = Double), @p92='?' (DbType = DateTime2), @p93='?' (DbType = DateTime2), @p94='?' (DbType = Double), @p95='?' (DbType = Double), @p96='?' (DbType = Double), @p97='?' (Size = 450), @p98='?' (DbType = Double), @p99='?' (DbType = DateTime2), @p100='?' (DbType = DateTime2), @p101='?' (DbType = Double), @p102='?' (DbType = Double), @p103='?' (DbType = Double), @p104='?' (Size = 450), @p105='?' (DbType = Double), @p106='?' (DbType = DateTime2), @p107='?' (DbType = DateTime2), @p108='?' (DbType = Double), @p109='?' (DbType = Double), @p110='?' (DbType = Double), @p111='?' (Size = 450), @p112='?' (DbType = Double), @p113='?' (DbType = DateTime2), @p114='?' (DbType = DateTime2), @p115='?' (DbType = Double), @p116='?' (DbType = Double), @p117='?' (DbType = Double), @p118='?' (Size = 450), @p119='?' (DbType = Double), @p120='?' (DbType = DateTime2), @p121='?' (DbType = DateTime2), @p122='?' (DbType = Double), @p123='?' (DbType = Double), @p124='?' (DbType = Double), @p125='?' (Size = 450), @p126='?' (DbType = Double), @p127='?' (DbType = DateTime2), @p128='?' (DbType = DateTime2), @p129='?' (DbType = Double), @p130='?' (DbType = Double), @p131='?' (DbType = Double), @p132='?' (Size = 450), @p133='?' (DbType = Double), @p134='?' (DbType = DateTime2), @p135='?' (DbType = DateTime2), @p136='?' (DbType = Double), @p137='?' (DbType = Double), @p138='?' (DbType = Double), @p139='?' (Size = 450), @p140='?' (DbType = Double), @p141='?' (DbType = DateTime2), @p142='?' (DbType = DateTime2), @p143='?' (DbType = Double), @p144='?' (DbType = Double), @p145='?' (DbType = Double), @p146='?' (Size = 450), @p147='?' (DbType = Double), @p148='?' (DbType = DateTime2), @p149='?' (DbType = DateTime2), @p150='?' (DbType = Double), @p151='?' (DbType = Double), @p152='?' (DbType = Double), @p153='?' (Size = 450), @p154='?' (DbType = Double), @p155='?' (DbType = DateTime2), @p156='?' (DbType = DateTime2), @p157='?' (DbType = Double), @p158='?' (DbType = Double), @p159='?' (DbType = Double), @p160='?' (Size = 450), @p161='?' (DbType = Double), @p162='?' (DbType = DateTime2), @p163='?' (DbType = DateTime2), @p164='?' (DbType = Double), @p165='?' (DbType = Double), @p166='?' (DbType = Double), @p167='?' (Size = 450), @p168='?' (DbType = Double), @p169='?' (DbType = DateTime2), @p170='?' (DbType = DateTime2), @p171='?' (DbType = Double), @p172='?' (DbType = Double), @p173='?' (DbType = Double), @p174='?' (Size = 450), @p175='?' (DbType = Double), @p176='?' (DbType = DateTime2), @p177='?' (DbType = DateTime2), @p178='?' (DbType = Double), @p179='?' (DbType = Double), @p180='?' (DbType = Double), @p181='?' (Size = 450), @p182='?' (DbType = Double), @p183='?' (DbType = DateTime2), @p184='?' (DbType = DateTime2), @p185='?' (DbType = Double), @p186='?' (DbType = Double), @p187='?' (DbType = Double), @p188='?' (Size = 450), @p189='?' (DbType = Double), @p190='?' (DbType = DateTime2), @p191='?' (DbType = DateTime2), @p192='?' (DbType = Double), @p193='?' (DbType = Double), @p194='?' (DbType = Double), @p195='?' (Size = 450), @p196='?' (DbType = Double), @p197='?' (DbType = DateTime2), @p198='?' (DbType = DateTime2), @p199='?' (DbType = Double), @p200='?' (DbType = Double), @p201='?' (DbType = Double), @p202='?' (Size = 450), @p203='?' (DbType = Double), @p204='?' (DbType = DateTime2), @p205='?' (DbType = DateTime2), @p206='?' (DbType = Double), @p207='?' (DbType = Double), @p208='?' (DbType = Double), @p209='?' (Size = 450), @p210='?' (DbType = Double), @p211='?' (DbType = DateTime2), @p212='?' (DbType = DateTime2), @p213='?' (DbType = Double), @p214='?' (DbType = Double), @p215='?' (DbType = Double), @p216='?' (Size = 450), @p217='?' (DbType = Double), @p218='?' (DbType = DateTime2), @p219='?' (DbType = DateTime2), @p220='?' (DbType = Double), @p221='?' (DbType = Double), @p222='?' (DbType = Double), @p223='?' (Size = 450)], CommandType='"Text"', CommandTimeout='30']
SET NOCOUNT ON;
DECLARE @inserted0 TABLE ([Id] int, [_Position] [int]);
MERGE [AnnualEarning] USING (
VALUES (@p4, @p5, @p6, 0),
(@p7, @p8, @p9, 1),
(@p10, @p11, @p12, 2),
(@p13, @p14, @p15, 3),
(@p16, @p17, @p18, 4),
(@p19, @p20, @p21, 5),
(@p22, @p23, @p24, 6),
(@p25, @p26, @p27, 7)) AS i ([FiscalDateEnding], [ReportedEPS], [Symbol], _Position) ON 1=0
WHEN NOT MATCHED THEN
INSERT ([FiscalDateEnding], [ReportedEPS], [Symbol])
VALUES (i.[FiscalDateEnding], i.[ReportedEPS], i.[Symbol])
OUTPUT INSERTED.[Id], i._Position
INTO @inserted0;

SELECT [i].[Id] FROM @inserted0 i
ORDER BY [i].[_Position];

DECLARE @inserted8 TABLE ([Id] int, [_Position] [int]);
MERGE [QuarterlyEarning] USING (
VALUES (@p28, @p29, @p30, @p31, @p32, @p33, @p34, 0),
(@p35, @p36, @p37, @p38, @p39, @p40, @p41, 1),
(@p42, @p43, @p44, @p45, @p46, @p47, @p48, 2),
(@p49, @p50, @p51, @p52, @p53, @p54, @p55, 3),
(@p56, @p57, @p58, @p59, @p60, @p61, @p62, 4),
(@p63, @p64, @p65, @p66, @p67, @p68, @p69, 5),
(@p70, @p71, @p72, @p73, @p74, @p75, @p76, 6),
(@p77, @p78, @p79, @p80, @p81, @p82, @p83, 7),
(@p84, @p85, @p86, @p87, @p88, @p89, @p90, 8),
(@p91, @p92, @p93, @p94, @p95, @p96, @p97, 9),
(@p98, @p99, @p100, @p101, @p102, @p103, @p104, 10),
(@p105, @p106, @p107, @p108, @p109, @p110, @p111, 11),
(@p112, @p113, @p114, @p115, @p116, @p117, @p118, 12),
(@p119, @p120, @p121, @p122, @p123, @p124, @p125, 13),
(@p126, @p127, @p128, @p129, @p130, @p131, @p132, 14),
(@p133, @p134, @p135, @p136, @p137, @p138, @p139, 15),
(@p140, @p141, @p142, @p143, @p144, @p145, @p146, 16),
(@p147, @p148, @p149, @p150, @p151, @p152, @p153, 17),
(@p154, @p155, @p156, @p157, @p158, @p159, @p160, 18),
(@p161, @p162, @p163, @p164, @p165, @p166, @p167, 19),
(@p168, @p169, @p170, @p171, @p172, @p173, @p174, 20),
(@p175, @p176, @p177, @p178, @p179, @p180, @p181, 21),
(@p182, @p183, @p184, @p185, @p186, @p187, @p188, 22),
(@p189, @p190, @p191, @p192, @p193, @p194, @p195, 23),
(@p196, @p197, @p198, @p199, @p200, @p201, @p202, 24),
(@p203, @p204, @p205, @p206, @p207, @p208, @p209, 25),
(@p210, @p211, @p212, @p213, @p214, @p215, @p216, 26),
(@p217, @p218, @p219, @p220, @p221, @p222, @p223, 27)) AS i ([EstimatedEPS], [FiscalDateEnding], [ReportedDate], [ReportedEPS], [Surprise], [SurprisePercentage], [Symbol], _Position) ON 1=0
WHEN NOT MATCHED THEN
INSERT ([EstimatedEPS], [FiscalDateEnding], [ReportedDate], [ReportedEPS], [Surprise], [SurprisePercentage], [Symbol])
VALUES (i.[EstimatedEPS], i.[FiscalDateEnding], i.[ReportedDate], i.[ReportedEPS], i.[Surprise], i.[SurprisePercentage], i.[Symbol])
OUTPUT INSERTED.[Id], i._Position
INTO @inserted8;

SELECT [i].[Id] FROM @inserted8 i
ORDER BY [i].[_Position];
2022-05-12 00:13:20.609 +03:00 [INF] Response has success status code
2022-05-12 00:13:20.616 +03:00 [INF] Trying to deserialize response.
2022-05-12 00:13:20.620 +03:00 [INF] Response has success status code
2022-05-12 00:13:20.621 +03:00 [INF] Trying to deserialize response.
2022-05-12 00:13:20.623 +03:00 [INF] AddOrUpdate run successful.
2022-05-12 00:13:20.667 +03:00 [ERR] Failed to refresh  entity SaluteStocksAPI.Models.FundamentalData.IncomeStatement with Symbol ASM
Newtonsoft.Json.JsonSerializationException: Error converting value "8469671.02" to type 'System.Nullable`1[System.Int64]'. Path 'quarterlyReports[20].totalRevenue', line 710, position 40.
 ---> System.FormatException: Input string was not in a correct format.
   at System.Number.ThrowOverflowOrFormatException(ParsingStatus status, TypeCode type)
   at System.String.System.IConvertible.ToInt64(IFormatProvider provider)
   at System.Convert.ChangeType(Object value, Type conversionType, IFormatProvider provider)
   at Newtonsoft.Json.Serialization.JsonSerializerInternalReader.EnsureType(JsonReader reader, Object value, CultureInfo culture, JsonContract contract, Type targetType)
   --- End of inner exception stack trace ---
   at Newtonsoft.Json.Serialization.JsonSerializerInternalReader.EnsureType(JsonReader reader, Object value, CultureInfo culture, JsonContract contract, Type targetType)
   at Newtonsoft.Json.Serialization.JsonSerializerInternalReader.CreateValueInternal(JsonReader reader, Type objectType, JsonContract contract, JsonProperty member, JsonContainerContract containerContract, JsonProperty containerMember, Object existingValue)
   at Newtonsoft.Json.Serialization.JsonSerializerInternalReader.SetPropertyValue(JsonProperty property, JsonConverter propertyConverter, JsonContainerContract containerContract, JsonProperty containerProperty, JsonReader reader, Object target)
   at Newtonsoft.Json.Serialization.JsonSerializerInternalReader.PopulateObject(Object newObject, JsonReader reader, JsonObjectContract contract, JsonProperty member, String id)
   at Newtonsoft.Json.Serialization.JsonSerializerInternalReader.CreateObject(JsonReader reader, Type objectType, JsonContract contract, JsonProperty member, JsonContainerContract containerContract, JsonProperty containerMember, Object existingValue)
   at Newtonsoft.Json.Serialization.JsonSerializerInternalReader.CreateValueInternal(JsonReader reader, Type objectType, JsonContract contract, JsonProperty member, JsonContainerContract containerContract, JsonProperty containerMember, Object existingValue)
   at Newtonsoft.Json.Serialization.JsonSerializerInternalReader.PopulateList(IList list, JsonReader reader, JsonArrayContract contract, JsonProperty containerProperty, String id)
   at Newtonsoft.Json.Serialization.JsonSerializerInternalReader.CreateList(JsonReader reader, Type objectType, JsonContract contract, JsonProperty member, Object existingValue, String id)
   at Newtonsoft.Json.Serialization.JsonSerializerInternalReader.CreateValueInternal(JsonReader reader, Type objectType, JsonContract contract, JsonProperty member, JsonContainerContract containerContract, JsonProperty containerMember, Object existingValue)
   at Newtonsoft.Json.Serialization.JsonSerializerInternalReader.SetPropertyValue(JsonProperty property, JsonConverter propertyConverter, JsonContainerContract containerContract, JsonProperty containerProperty, JsonReader reader, Object target)
   at Newtonsoft.Json.Serialization.JsonSerializerInternalReader.PopulateObject(Object newObject, JsonReader reader, JsonObjectContract contract, JsonProperty member, String id)
   at Newtonsoft.Json.Serialization.JsonSerializerInternalReader.CreateObject(JsonReader reader, Type objectType, JsonContract contract, JsonProperty member, JsonContainerContract containerContract, JsonProperty containerMember, Object existingValue)
   at Newtonsoft.Json.Serialization.JsonSerializerInternalReader.CreateValueInternal(JsonReader reader, Type objectType, JsonContract contract, JsonProperty member, JsonContainerContract containerContract, JsonProperty containerMember, Object existingValue)
   at Newtonsoft.Json.Serialization.JsonSerializerInternalReader.Deserialize(JsonReader reader, Type objectType, Boolean checkAdditionalContent)
   at Newtonsoft.Json.JsonSerializer.DeserializeInternal(JsonReader reader, Type objectType)
   at Newtonsoft.Json.JsonSerializer.Deserialize(JsonReader reader, Type objectType)
   at Newtonsoft.Json.JsonConvert.DeserializeObject(String value, Type type, JsonSerializerSettings settings)
   at Newtonsoft.Json.JsonConvert.DeserializeObject[T](String value, JsonSerializerSettings settings)
   at Newtonsoft.Json.JsonConvert.DeserializeObject[T](String value)
   at SaluteStocksAPI.AlphaVantage.AlphaVantageClient.GetAndParseJsonAsync[T](Uri uri) in D:\repo\SaluteStocks\SaluteStocksAPI\AlphaVantage\AlphaVantageClient.cs:line 324
   at SaluteStocksAPI.AlphaVantage.AlphaVantageClient.GetIncomeStatement(String symbol) in D:\repo\SaluteStocks\SaluteStocksAPI\AlphaVantage\AlphaVantageClient.cs:line 69
   at SaluteStocksAPI.Service.Background.Loader.RefreshEntity[T](String symbol) in D:\repo\SaluteStocks\SaluteStocksAPI\Service\Background\Loader.cs:line 179
2022-05-12 00:13:20.718 +03:00 [ERR] Failed to refresh  entity SaluteStocksAPI.Models.FundamentalData.CashFlow with Symbol ASM
Newtonsoft.Json.JsonSerializationException: Error converting value "561990.19" to type 'System.Nullable`1[System.Int64]'. Path 'quarterlyReports[20].changeInInventory', line 792, position 44.
 ---> System.FormatException: Input string was not in a correct format.
   at System.Number.ThrowOverflowOrFormatException(ParsingStatus status, TypeCode type)
   at System.String.System.IConvertible.ToInt64(IFormatProvider provider)
   at System.Convert.ChangeType(Object value, Type conversionType, IFormatProvider provider)
   at Newtonsoft.Json.Serialization.JsonSerializerInternalReader.EnsureType(JsonReader reader, Object value, CultureInfo culture, JsonContract contract, Type targetType)
   --- End of inner exception stack trace ---
   at Newtonsoft.Json.Serialization.JsonSerializerInternalReader.EnsureType(JsonReader reader, Object value, CultureInfo culture, JsonContract contract, Type targetType)
   at Newtonsoft.Json.Serialization.JsonSerializerInternalReader.CreateValueInternal(JsonReader reader, Type objectType, JsonContract contract, JsonProperty member, JsonContainerContract containerContract, JsonProperty containerMember, Object existingValue)
   at Newtonsoft.Json.Serialization.JsonSerializerInternalReader.SetPropertyValue(JsonProperty property, JsonConverter propertyConverter, JsonContainerContract containerContract, JsonProperty containerProperty, JsonReader reader, Object target)
   at Newtonsoft.Json.Serialization.JsonSerializerInternalReader.PopulateObject(Object newObject, JsonReader reader, JsonObjectContract contract, JsonProperty member, String id)
   at Newtonsoft.Json.Serialization.JsonSerializerInternalReader.CreateObject(JsonReader reader, Type objectType, JsonContract contract, JsonProperty member, JsonContainerContract containerContract, JsonProperty containerMember, Object existingValue)
   at Newtonsoft.Json.Serialization.JsonSerializerInternalReader.CreateValueInternal(JsonReader reader, Type objectType, JsonContract contract, JsonProperty member, JsonContainerContract containerContract, JsonProperty containerMember, Object existingValue)
   at Newtonsoft.Json.Serialization.JsonSerializerInternalReader.PopulateList(IList list, JsonReader reader, JsonArrayContract contract, JsonProperty containerProperty, String id)
   at Newtonsoft.Json.Serialization.JsonSerializerInternalReader.CreateList(JsonReader reader, Type objectType, JsonContract contract, JsonProperty member, Object existingValue, String id)
   at Newtonsoft.Json.Serialization.JsonSerializerInternalReader.CreateValueInternal(JsonReader reader, Type objectType, JsonContract contract, JsonProperty member, JsonContainerContract containerContract, JsonProperty containerMember, Object existingValue)
   at Newtonsoft.Json.Serialization.JsonSerializerInternalReader.SetPropertyValue(JsonProperty property, JsonConverter propertyConverter, JsonContainerContract containerContract, JsonProperty containerProperty, JsonReader reader, Object target)
   at Newtonsoft.Json.Serialization.JsonSerializerInternalReader.PopulateObject(Object newObject, JsonReader reader, JsonObjectContract contract, JsonProperty member, String id)
   at Newtonsoft.Json.Serialization.JsonSerializerInternalReader.CreateObject(JsonReader reader, Type objectType, JsonContract contract, JsonProperty member, JsonContainerContract containerContract, JsonProperty containerMember, Object existingValue)
   at Newtonsoft.Json.Serialization.JsonSerializerInternalReader.CreateValueInternal(JsonReader reader, Type objectType, JsonContract contract, JsonProperty member, JsonContainerContract containerContract, JsonProperty containerMember, Object existingValue)
   at Newtonsoft.Json.Serialization.JsonSerializerInternalReader.Deserialize(JsonReader reader, Type objectType, Boolean checkAdditionalContent)
   at Newtonsoft.Json.JsonSerializer.DeserializeInternal(JsonReader reader, Type objectType)
   at Newtonsoft.Json.JsonSerializer.Deserialize(JsonReader reader, Type objectType)
   at Newtonsoft.Json.JsonConvert.DeserializeObject(String value, Type type, JsonSerializerSettings settings)
   at Newtonsoft.Json.JsonConvert.DeserializeObject[T](String value, JsonSerializerSettings settings)
   at Newtonsoft.Json.JsonConvert.DeserializeObject[T](String value)
   at SaluteStocksAPI.AlphaVantage.AlphaVantageClient.GetAndParseJsonAsync[T](Uri uri) in D:\repo\SaluteStocks\SaluteStocksAPI\AlphaVantage\AlphaVantageClient.cs:line 324
   at SaluteStocksAPI.AlphaVantage.AlphaVantageClient.GetCashFlow(String symbol) in D:\repo\SaluteStocks\SaluteStocksAPI\AlphaVantage\AlphaVantageClient.cs:line 96
   at SaluteStocksAPI.Service.Background.Loader.RefreshEntity[T](String symbol) in D:\repo\SaluteStocks\SaluteStocksAPI\Service\Background\Loader.cs:line 176
2022-05-12 00:13:20.734 +03:00 [INF] Response has success status code
2022-05-12 00:13:20.770 +03:00 [INF] Trying to deserialize response.
2022-05-12 00:13:20.822 +03:00 [ERR] Failed to refresh  entity SaluteStocksAPI.Models.FundamentalData.BalanceSheet with Symbol BBVA
Newtonsoft.Json.JsonSerializationException: Error converting value "10664071274.09" to type 'System.Nullable`1[System.Int64]'. Path 'quarterlyReports[13].propertyPlantEquipment', line 736, position 54.
 ---> System.FormatException: Input string was not in a correct format.
   at System.Number.ThrowOverflowOrFormatException(ParsingStatus status, TypeCode type)
   at System.Convert.ToInt64(String value, IFormatProvider provider)
   at System.String.System.IConvertible.ToInt64(IFormatProvider provider)
   at System.Convert.ChangeType(Object value, Type conversionType, IFormatProvider provider)
   at Newtonsoft.Json.Serialization.JsonSerializerInternalReader.EnsureType(JsonReader reader, Object value, CultureInfo culture, JsonContract contract, Type targetType)
   --- End of inner exception stack trace ---
   at Newtonsoft.Json.Serialization.JsonSerializerInternalReader.EnsureType(JsonReader reader, Object value, CultureInfo culture, JsonContract contract, Type targetType)
   at Newtonsoft.Json.Serialization.JsonSerializerInternalReader.CreateValueInternal(JsonReader reader, Type objectType, JsonContract contract, JsonProperty member, JsonContainerContract containerContract, JsonProperty containerMember, Object existingValue)
   at Newtonsoft.Json.Serialization.JsonSerializerInternalReader.SetPropertyValue(JsonProperty property, JsonConverter propertyConverter, JsonContainerContract containerContract, JsonProperty containerProperty, JsonReader reader, Object target)
   at Newtonsoft.Json.Serialization.JsonSerializerInternalReader.PopulateObject(Object newObject, JsonReader reader, JsonObjectContract contract, JsonProperty member, String id)
   at Newtonsoft.Json.Serialization.JsonSerializerInternalReader.CreateObject(JsonReader reader, Type objectType, JsonContract contract, JsonProperty member, JsonContainerContract containerContract, JsonProperty containerMember, Object existingValue)
   at Newtonsoft.Json.Serialization.JsonSerializerInternalReader.CreateValueInternal(JsonReader reader, Type objectType, JsonContract contract, JsonProperty member, JsonContainerContract containerContract, JsonProperty containerMember, Object existingValue)
   at Newtonsoft.Json.Serialization.JsonSerializerInternalReader.PopulateList(IList list, JsonReader reader, JsonArrayContract contract, JsonProperty containerProperty, String id)
   at Newtonsoft.Json.Serialization.JsonSerializerInternalReader.CreateList(JsonReader reader, Type objectType, JsonContract contract, JsonProperty member, Object existingValue, String id)
   at Newtonsoft.Json.Serialization.JsonSerializerInternalReader.CreateValueInternal(JsonReader reader, Type objectType, JsonContract contract, JsonProperty member, JsonContainerContract containerContract, JsonProperty containerMember, Object existingValue)
   at Newtonsoft.Json.Serialization.JsonSerializerInternalReader.SetPropertyValue(JsonProperty property, JsonConverter propertyConverter, JsonContainerContract containerContract, JsonProperty containerProperty, JsonReader reader, Object target)
   at Newtonsoft.Json.Serialization.JsonSerializerInternalReader.PopulateObject(Object newObject, JsonReader reader, JsonObjectContract contract, JsonProperty member, String id)
   at Newtonsoft.Json.Serialization.JsonSerializerInternalReader.CreateObject(JsonReader reader, Type objectType, JsonContract contract, JsonProperty member, JsonContainerContract containerContract, JsonProperty containerMember, Object existingValue)
   at Newtonsoft.Json.Serialization.JsonSerializerInternalReader.CreateValueInternal(JsonReader reader, Type objectType, JsonContract contract, JsonProperty member, JsonContainerContract containerContract, JsonProperty containerMember, Object existingValue)
   at Newtonsoft.Json.Serialization.JsonSerializerInternalReader.Deserialize(JsonReader reader, Type objectType, Boolean checkAdditionalContent)
   at Newtonsoft.Json.JsonSerializer.DeserializeInternal(JsonReader reader, Type objectType)
   at Newtonsoft.Json.JsonSerializer.Deserialize(JsonReader reader, Type objectType)
   at Newtonsoft.Json.JsonConvert.DeserializeObject(String value, Type type, JsonSerializerSettings settings)
   at Newtonsoft.Json.JsonConvert.DeserializeObject[T](String value, JsonSerializerSettings settings)
   at Newtonsoft.Json.JsonConvert.DeserializeObject[T](String value)
   at SaluteStocksAPI.AlphaVantage.AlphaVantageClient.GetAndParseJsonAsync[T](Uri uri) in D:\repo\SaluteStocks\SaluteStocksAPI\AlphaVantage\AlphaVantageClient.cs:line 324
   at SaluteStocksAPI.AlphaVantage.AlphaVantageClient.GetBalanceSheet(String symbol) in D:\repo\SaluteStocks\SaluteStocksAPI\AlphaVantage\AlphaVantageClient.cs:line 82
   at SaluteStocksAPI.Service.Background.Loader.RefreshEntity[T](String symbol) in D:\repo\SaluteStocks\SaluteStocksAPI\Service\Background\Loader.cs:line 174
