2022-04-11 15:09:59.116 +03:00 [INF] Generating URI for LISTING_STATUS with params: state: active
2022-04-11 15:09:59.140 +03:00 [INF] URI: https://www.alphavantage.co/query?apikey=YTXYXH479B3J1MY2&function=LISTING_STATUS&state=active
2022-04-11 15:09:59.148 +03:00 [INF] Starting to get and parse CSV from "https://www.alphavantage.co/query?apikey=YTXYXH479B3J1MY2&function=LISTING_STATUS&state=active".
2022-04-11 15:09:59.308 +03:00 [INF] Now listening on: https://localhost:5001
2022-04-11 15:09:59.309 +03:00 [INF] Now listening on: http://localhost:5000
2022-04-11 15:09:59.310 +03:00 [INF] Application started. Press Ctrl+C to shut down.
2022-04-11 15:09:59.311 +03:00 [INF] Hosting environment: Development
2022-04-11 15:09:59.312 +03:00 [INF] Content root path: D:\repo\SaluteStocks\SaluteStocksAPI\
2022-04-11 15:09:59.613 +03:00 [INF] Request starting HTTP/2 GET https://localhost:5001/swagger/index.html - -
2022-04-11 15:09:59.685 +03:00 [INF] Request finished HTTP/2 GET https://localhost:5001/swagger/index.html - - - 200 - text/html;charset=utf-8 72.4775ms
2022-04-11 15:09:59.797 +03:00 [INF] Request starting HTTP/2 GET https://localhost:5001/swagger/v1/swagger.json - -
2022-04-11 15:09:59.806 +03:00 [ERR] An unhandled exception has occurred while executing the request.
Swashbuckle.AspNetCore.SwaggerGen.SwaggerGeneratorException: Ambiguous HTTP method for action - SaluteStocksAPI.Controllers.ApiController.Ping (SaluteStocksAPI). Actions require an explicit HttpMethod binding for Swagger/OpenAPI 3.0
   at Swashbuckle.AspNetCore.SwaggerGen.SwaggerGenerator.GenerateOperations(IEnumerable`1 apiDescriptions, SchemaRepository schemaRepository)
   at Swashbuckle.AspNetCore.SwaggerGen.SwaggerGenerator.GeneratePaths(IEnumerable`1 apiDescriptions, SchemaRepository schemaRepository)
   at Swashbuckle.AspNetCore.SwaggerGen.SwaggerGenerator.GetSwagger(String documentName, String host, String basePath)
   at Swashbuckle.AspNetCore.Swagger.SwaggerMiddleware.Invoke(HttpContext httpContext, ISwaggerProvider swaggerProvider)
   at Microsoft.AspNetCore.Diagnostics.DeveloperExceptionPageMiddleware.Invoke(HttpContext context)
2022-04-11 15:09:59.831 +03:00 [INF] Request finished HTTP/2 GET https://localhost:5001/swagger/v1/swagger.json - - - 500 - text/plain;+charset=utf-8 34.4985ms
2022-04-11 15:10:00.666 +03:00 [INF] Response has success status code
2022-04-11 15:10:00.668 +03:00 [INF] Trying to deserialize response.
2022-04-11 15:10:01.267 +03:00 [INF] Entity Framework Core 6.0.3 initialized 'StocksContext' using provider 'Microsoft.EntityFrameworkCore.SqlServer:6.0.0' with options: None
2022-04-11 15:10:01.554 +03:00 [INF] Executed DbCommand (25ms) [Parameters=[], CommandType='"Text"', CommandTimeout='30']
SELECT TOP 0 T.[Symbol], T.[AssetType], T.[DelistingDate], T.[Exchange], T.[ExistInApi], T.[IpoDate], T.[LastApiRefresh], T.[LastLocalRefresh], T.[Name], T.[Status] INTO [ListingTempee9f1bb5] FROM [Listing] AS T LEFT JOIN [Listing] AS Source ON 1 = 0;
2022-04-11 15:10:02.657 +03:00 [INF] Executed DbCommand (541ms) [Parameters=[], CommandType='"Text"', CommandTimeout='30']
MERGE [Listing] WITH (HOLDLOCK) AS T USING (SELECT TOP 12533 * FROM [ListingTempee9f1bb5] ORDER BY [Symbol]) AS S ON T.[Symbol] = S.[Symbol] WHEN NOT MATCHED BY TARGET THEN INSERT ([Symbol], [AssetType], [DelistingDate], [Exchange], [ExistInApi], [IpoDate], [LastApiRefresh], [LastLocalRefresh], [Name], [Status]) VALUES (S.[Symbol], S.[AssetType], S.[DelistingDate], S.[Exchange], S.[ExistInApi], S.[IpoDate], S.[LastApiRefresh], S.[LastLocalRefresh], S.[Name], S.[Status]) WHEN MATCHED AND EXISTS (SELECT S.[Symbol], S.[AssetType], S.[DelistingDate], S.[Exchange], S.[ExistInApi], S.[IpoDate], S.[LastApiRefresh], S.[LastLocalRefresh], S.[Name], S.[Status] EXCEPT SELECT T.[Symbol], T.[AssetType], T.[DelistingDate], T.[Exchange], T.[ExistInApi], T.[IpoDate], T.[LastApiRefresh], T.[LastLocalRefresh], T.[Name], T.[Status]) THEN UPDATE SET T.[AssetType] = S.[AssetType], T.[DelistingDate] = S.[DelistingDate], T.[Exchange] = S.[Exchange], T.[ExistInApi] = S.[ExistInApi], T.[IpoDate] = S.[IpoDate], T.[LastApiRefresh] = S.[LastApiRefresh], T.[LastLocalRefresh] = S.[LastLocalRefresh], T.[Name] = S.[Name], T.[Status] = S.[Status] WHEN NOT MATCHED BY SOURCE THEN DELETE;
2022-04-11 15:10:02.669 +03:00 [INF] Executed DbCommand (9ms) [Parameters=[], CommandType='"Text"', CommandTimeout='30']
IF OBJECT_ID ('[ListingTempee9f1bb5]', 'U') IS NOT NULL DROP TABLE [ListingTempee9f1bb5]
2022-04-11 15:10:02.681 +03:00 [INF] Loading missing data.
2022-04-11 15:10:02.684 +03:00 [INF] Entity Framework Core 6.0.3 initialized 'StocksContext' using provider 'Microsoft.EntityFrameworkCore.SqlServer:6.0.0' with options: None
2022-04-11 15:10:02.839 +03:00 [INF] Executed DbCommand (15ms) [Parameters=[], CommandType='"Text"', CommandTimeout='30']
SELECT [l].[Symbol]
FROM [Listing] AS [l]
2022-04-11 15:10:02.885 +03:00 [INF] Loading missing entities for SaluteStocksAPI.Models.FundamentalData.BalanceSheet
2022-04-11 15:10:02.887 +03:00 [INF] Getting already loaded entities
2022-04-11 15:10:02.901 +03:00 [INF] Entity Framework Core 6.0.3 initialized 'StocksContext' using provider 'Microsoft.EntityFrameworkCore.SqlServer:6.0.0' with options: None
2022-04-11 15:10:02.921 +03:00 [INF] Loading missing entities for SaluteStocksAPI.Models.FundamentalData.CashFlow
2022-04-11 15:10:02.924 +03:00 [INF] Getting already loaded entities
2022-04-11 15:10:02.925 +03:00 [INF] Entity Framework Core 6.0.3 initialized 'StocksContext' using provider 'Microsoft.EntityFrameworkCore.SqlServer:6.0.0' with options: None
2022-04-11 15:10:02.927 +03:00 [ERR] Failed executing DbCommand (11ms) [Parameters=[], CommandType='"Text"', CommandTimeout='30']
SELECT DISTINCT [b].[Symbol]
FROM [BalanceSheet] AS [b]
WHERE [b].[ExistInApi] IS NOT NULL
2022-04-11 15:10:02.934 +03:00 [INF] Loading missing entities for SaluteStocksAPI.Models.FundamentalData.CompanyOverview
2022-04-11 15:10:02.936 +03:00 [INF] Getting already loaded entities
2022-04-11 15:10:02.938 +03:00 [INF] Entity Framework Core 6.0.3 initialized 'StocksContext' using provider 'Microsoft.EntityFrameworkCore.SqlServer:6.0.0' with options: None
2022-04-11 15:10:02.939 +03:00 [ERR] An exception occurred while iterating over the results of a query for context type 'SaluteStocksAPI.DataBase.StocksContext'.
Microsoft.Data.SqlClient.SqlException (0x80131904): Invalid object name 'BalanceSheet'.
   at Microsoft.Data.SqlClient.SqlCommand.<>c.<ExecuteDbDataReaderAsync>b__188_0(Task`1 result)
   at System.Threading.Tasks.ContinuationResultTaskFromResultTask`2.InnerInvoke()
   at System.Threading.Tasks.Task.<>c.<.cctor>b__272_0(Object obj)
   at System.Threading.ExecutionContext.RunInternal(ExecutionContext executionContext, ContextCallback callback, Object state)
--- End of stack trace from previous location ---
   at System.Threading.ExecutionContext.RunInternal(ExecutionContext executionContext, ContextCallback callback, Object state)
   at System.Threading.Tasks.Task.ExecuteWithThreadLocal(Task& currentTaskSlot, Thread threadPoolThread)
--- End of stack trace from previous location ---
   at Microsoft.EntityFrameworkCore.Storage.RelationalCommand.ExecuteReaderAsync(RelationalCommandParameterObject parameterObject, CancellationToken cancellationToken)
   at Microsoft.EntityFrameworkCore.Storage.RelationalCommand.ExecuteReaderAsync(RelationalCommandParameterObject parameterObject, CancellationToken cancellationToken)
   at Microsoft.EntityFrameworkCore.Query.Internal.SingleQueryingEnumerable`1.AsyncEnumerator.InitializeReaderAsync(AsyncEnumerator enumerator, CancellationToken cancellationToken)
   at Microsoft.EntityFrameworkCore.SqlServer.Storage.Internal.SqlServerExecutionStrategy.ExecuteAsync[TState,TResult](TState state, Func`4 operation, Func`4 verifySucceeded, CancellationToken cancellationToken)
   at Microsoft.EntityFrameworkCore.Query.Internal.SingleQueryingEnumerable`1.AsyncEnumerator.MoveNextAsync()
ClientConnectionId:b9dc10ca-0f6e-44a5-9b28-5ea9234723c1
Error Number:208,State:1,Class:16
Microsoft.Data.SqlClient.SqlException (0x80131904): Invalid object name 'BalanceSheet'.
   at Microsoft.Data.SqlClient.SqlCommand.<>c.<ExecuteDbDataReaderAsync>b__188_0(Task`1 result)
   at System.Threading.Tasks.ContinuationResultTaskFromResultTask`2.InnerInvoke()
   at System.Threading.Tasks.Task.<>c.<.cctor>b__272_0(Object obj)
   at System.Threading.ExecutionContext.RunInternal(ExecutionContext executionContext, ContextCallback callback, Object state)
--- End of stack trace from previous location ---
   at System.Threading.ExecutionContext.RunInternal(ExecutionContext executionContext, ContextCallback callback, Object state)
   at System.Threading.Tasks.Task.ExecuteWithThreadLocal(Task& currentTaskSlot, Thread threadPoolThread)
--- End of stack trace from previous location ---
   at Microsoft.EntityFrameworkCore.Storage.RelationalCommand.ExecuteReaderAsync(RelationalCommandParameterObject parameterObject, CancellationToken cancellationToken)
   at Microsoft.EntityFrameworkCore.Storage.RelationalCommand.ExecuteReaderAsync(RelationalCommandParameterObject parameterObject, CancellationToken cancellationToken)
   at Microsoft.EntityFrameworkCore.Query.Internal.SingleQueryingEnumerable`1.AsyncEnumerator.InitializeReaderAsync(AsyncEnumerator enumerator, CancellationToken cancellationToken)
   at Microsoft.EntityFrameworkCore.SqlServer.Storage.Internal.SqlServerExecutionStrategy.ExecuteAsync[TState,TResult](TState state, Func`4 operation, Func`4 verifySucceeded, CancellationToken cancellationToken)
   at Microsoft.EntityFrameworkCore.Query.Internal.SingleQueryingEnumerable`1.AsyncEnumerator.MoveNextAsync()
ClientConnectionId:b9dc10ca-0f6e-44a5-9b28-5ea9234723c1
Error Number:208,State:1,Class:16
2022-04-11 15:10:02.941 +03:00 [INF] Loading missing entities for SaluteStocksAPI.Models.FundamentalData.Earnings
2022-04-11 15:10:02.946 +03:00 [INF] Getting already loaded entities
2022-04-11 15:10:02.948 +03:00 [INF] Entity Framework Core 6.0.3 initialized 'StocksContext' using provider 'Microsoft.EntityFrameworkCore.SqlServer:6.0.0' with options: None
2022-04-11 15:10:02.996 +03:00 [ERR] Failed executing DbCommand (55ms) [Parameters=[], CommandType='"Text"', CommandTimeout='30']
SELECT DISTINCT [c].[Symbol]
FROM [CompanyOverview] AS [c]
WHERE [c].[ExistInApi] IS NOT NULL
2022-04-11 15:10:03.020 +03:00 [INF] Loading missing entities for SaluteStocksAPI.Models.FundamentalData.IncomeStatement
2022-04-11 15:10:03.020 +03:00 [ERR] Failed to load missing entities for SaluteStocksAPI.Models.FundamentalData.BalanceSheet
Microsoft.Data.SqlClient.SqlException (0x80131904): Invalid object name 'BalanceSheet'.
   at Microsoft.Data.SqlClient.SqlCommand.<>c.<ExecuteDbDataReaderAsync>b__188_0(Task`1 result)
   at System.Threading.Tasks.ContinuationResultTaskFromResultTask`2.InnerInvoke()
   at System.Threading.Tasks.Task.<>c.<.cctor>b__272_0(Object obj)
   at System.Threading.ExecutionContext.RunInternal(ExecutionContext executionContext, ContextCallback callback, Object state)
--- End of stack trace from previous location ---
   at System.Threading.ExecutionContext.RunInternal(ExecutionContext executionContext, ContextCallback callback, Object state)
   at System.Threading.Tasks.Task.ExecuteWithThreadLocal(Task& currentTaskSlot, Thread threadPoolThread)
--- End of stack trace from previous location ---
   at Microsoft.EntityFrameworkCore.Storage.RelationalCommand.ExecuteReaderAsync(RelationalCommandParameterObject parameterObject, CancellationToken cancellationToken)
   at Microsoft.EntityFrameworkCore.Storage.RelationalCommand.ExecuteReaderAsync(RelationalCommandParameterObject parameterObject, CancellationToken cancellationToken)
   at Microsoft.EntityFrameworkCore.Query.Internal.SingleQueryingEnumerable`1.AsyncEnumerator.InitializeReaderAsync(AsyncEnumerator enumerator, CancellationToken cancellationToken)
   at Microsoft.EntityFrameworkCore.SqlServer.Storage.Internal.SqlServerExecutionStrategy.ExecuteAsync[TState,TResult](TState state, Func`4 operation, Func`4 verifySucceeded, CancellationToken cancellationToken)
   at Microsoft.EntityFrameworkCore.Query.Internal.SingleQueryingEnumerable`1.AsyncEnumerator.MoveNextAsync()
   at Microsoft.EntityFrameworkCore.EntityFrameworkQueryableExtensions.ToListAsync[TSource](IQueryable`1 source, CancellationToken cancellationToken)
   at Microsoft.EntityFrameworkCore.EntityFrameworkQueryableExtensions.ToListAsync[TSource](IQueryable`1 source, CancellationToken cancellationToken)
   at SaluteStocksAPI.Service.Background.Loader.<>c__DisplayClass7_1.<<LoadMissingData>g__LoadMissingEntities|0>d`1.MoveNext() in D:\repo\SaluteStocks\SaluteStocksAPI\Service\Background\Loader.cs:line 131
--- End of stack trace from previous location ---
   at SaluteStocksAPI.Service.Background.Loader.<>c__DisplayClass7_1.<<LoadMissingData>g__LoadMissingEntities|0>d`1.MoveNext() in D:\repo\SaluteStocks\SaluteStocksAPI\Service\Background\Loader.cs:line 135
ClientConnectionId:b9dc10ca-0f6e-44a5-9b28-5ea9234723c1
Error Number:208,State:1,Class:16
2022-04-11 15:10:03.021 +03:00 [ERR] Failed executing DbCommand (89ms) [Parameters=[], CommandType='"Text"', CommandTimeout='30']
SELECT DISTINCT [c].[Symbol]
FROM [CashFlow] AS [c]
WHERE [c].[ExistInApi] IS NOT NULL
2022-04-11 15:10:03.021 +03:00 [ERR] An exception occurred while iterating over the results of a query for context type 'SaluteStocksAPI.DataBase.StocksContext'.
Microsoft.Data.SqlClient.SqlException (0x80131904): Invalid object name 'CompanyOverview'.
   at Microsoft.Data.SqlClient.SqlCommand.<>c.<ExecuteDbDataReaderAsync>b__188_0(Task`1 result)
   at System.Threading.Tasks.ContinuationResultTaskFromResultTask`2.InnerInvoke()
   at System.Threading.Tasks.Task.<>c.<.cctor>b__272_0(Object obj)
   at System.Threading.ExecutionContext.RunInternal(ExecutionContext executionContext, ContextCallback callback, Object state)
--- End of stack trace from previous location ---
   at System.Threading.ExecutionContext.RunInternal(ExecutionContext executionContext, ContextCallback callback, Object state)
   at System.Threading.Tasks.Task.ExecuteWithThreadLocal(Task& currentTaskSlot, Thread threadPoolThread)
--- End of stack trace from previous location ---
   at Microsoft.EntityFrameworkCore.Storage.RelationalCommand.ExecuteReaderAsync(RelationalCommandParameterObject parameterObject, CancellationToken cancellationToken)
   at Microsoft.EntityFrameworkCore.Storage.RelationalCommand.ExecuteReaderAsync(RelationalCommandParameterObject parameterObject, CancellationToken cancellationToken)
   at Microsoft.EntityFrameworkCore.Query.Internal.SingleQueryingEnumerable`1.AsyncEnumerator.InitializeReaderAsync(AsyncEnumerator enumerator, CancellationToken cancellationToken)
   at Microsoft.EntityFrameworkCore.SqlServer.Storage.Internal.SqlServerExecutionStrategy.ExecuteAsync[TState,TResult](TState state, Func`4 operation, Func`4 verifySucceeded, CancellationToken cancellationToken)
   at Microsoft.EntityFrameworkCore.Query.Internal.SingleQueryingEnumerable`1.AsyncEnumerator.MoveNextAsync()
ClientConnectionId:b9dc10ca-0f6e-44a5-9b28-5ea9234723c1
Error Number:208,State:1,Class:16
Microsoft.Data.SqlClient.SqlException (0x80131904): Invalid object name 'CompanyOverview'.
   at Microsoft.Data.SqlClient.SqlCommand.<>c.<ExecuteDbDataReaderAsync>b__188_0(Task`1 result)
   at System.Threading.Tasks.ContinuationResultTaskFromResultTask`2.InnerInvoke()
   at System.Threading.Tasks.Task.<>c.<.cctor>b__272_0(Object obj)
   at System.Threading.ExecutionContext.RunInternal(ExecutionContext executionContext, ContextCallback callback, Object state)
--- End of stack trace from previous location ---
   at System.Threading.ExecutionContext.RunInternal(ExecutionContext executionContext, ContextCallback callback, Object state)
   at System.Threading.Tasks.Task.ExecuteWithThreadLocal(Task& currentTaskSlot, Thread threadPoolThread)
--- End of stack trace from previous location ---
   at Microsoft.EntityFrameworkCore.Storage.RelationalCommand.ExecuteReaderAsync(RelationalCommandParameterObject parameterObject, CancellationToken cancellationToken)
   at Microsoft.EntityFrameworkCore.Storage.RelationalCommand.ExecuteReaderAsync(RelationalCommandParameterObject parameterObject, CancellationToken cancellationToken)
   at Microsoft.EntityFrameworkCore.Query.Internal.SingleQueryingEnumerable`1.AsyncEnumerator.InitializeReaderAsync(AsyncEnumerator enumerator, CancellationToken cancellationToken)
   at Microsoft.EntityFrameworkCore.SqlServer.Storage.Internal.SqlServerExecutionStrategy.ExecuteAsync[TState,TResult](TState state, Func`4 operation, Func`4 verifySucceeded, CancellationToken cancellationToken)
   at Microsoft.EntityFrameworkCore.Query.Internal.SingleQueryingEnumerable`1.AsyncEnumerator.MoveNextAsync()
ClientConnectionId:b9dc10ca-0f6e-44a5-9b28-5ea9234723c1
Error Number:208,State:1,Class:16
2022-04-11 15:10:03.021 +03:00 [INF] Getting already loaded entities
2022-04-11 15:10:03.034 +03:00 [ERR] An exception occurred while iterating over the results of a query for context type 'SaluteStocksAPI.DataBase.StocksContext'.
Microsoft.Data.SqlClient.SqlException (0x80131904): Invalid object name 'CashFlow'.
   at Microsoft.Data.SqlClient.SqlCommand.<>c.<ExecuteDbDataReaderAsync>b__188_0(Task`1 result)
   at System.Threading.Tasks.ContinuationResultTaskFromResultTask`2.InnerInvoke()
   at System.Threading.Tasks.Task.<>c.<.cctor>b__272_0(Object obj)
   at System.Threading.ExecutionContext.RunInternal(ExecutionContext executionContext, ContextCallback callback, Object state)
--- End of stack trace from previous location ---
   at System.Threading.ExecutionContext.RunInternal(ExecutionContext executionContext, ContextCallback callback, Object state)
   at System.Threading.Tasks.Task.ExecuteWithThreadLocal(Task& currentTaskSlot, Thread threadPoolThread)
--- End of stack trace from previous location ---
   at Microsoft.EntityFrameworkCore.Storage.RelationalCommand.ExecuteReaderAsync(RelationalCommandParameterObject parameterObject, CancellationToken cancellationToken)
   at Microsoft.EntityFrameworkCore.Storage.RelationalCommand.ExecuteReaderAsync(RelationalCommandParameterObject parameterObject, CancellationToken cancellationToken)
   at Microsoft.EntityFrameworkCore.Query.Internal.SingleQueryingEnumerable`1.AsyncEnumerator.InitializeReaderAsync(AsyncEnumerator enumerator, CancellationToken cancellationToken)
   at Microsoft.EntityFrameworkCore.SqlServer.Storage.Internal.SqlServerExecutionStrategy.ExecuteAsync[TState,TResult](TState state, Func`4 operation, Func`4 verifySucceeded, CancellationToken cancellationToken)
   at Microsoft.EntityFrameworkCore.Query.Internal.SingleQueryingEnumerable`1.AsyncEnumerator.MoveNextAsync()
ClientConnectionId:5deb77e1-c06a-4ce8-b2eb-ed1372b1afdc
Error Number:208,State:1,Class:16
Microsoft.Data.SqlClient.SqlException (0x80131904): Invalid object name 'CashFlow'.
   at Microsoft.Data.SqlClient.SqlCommand.<>c.<ExecuteDbDataReaderAsync>b__188_0(Task`1 result)
   at System.Threading.Tasks.ContinuationResultTaskFromResultTask`2.InnerInvoke()
   at System.Threading.Tasks.Task.<>c.<.cctor>b__272_0(Object obj)
   at System.Threading.ExecutionContext.RunInternal(ExecutionContext executionContext, ContextCallback callback, Object state)
--- End of stack trace from previous location ---
   at System.Threading.ExecutionContext.RunInternal(ExecutionContext executionContext, ContextCallback callback, Object state)
   at System.Threading.Tasks.Task.ExecuteWithThreadLocal(Task& currentTaskSlot, Thread threadPoolThread)
--- End of stack trace from previous location ---
   at Microsoft.EntityFrameworkCore.Storage.RelationalCommand.ExecuteReaderAsync(RelationalCommandParameterObject parameterObject, CancellationToken cancellationToken)
   at Microsoft.EntityFrameworkCore.Storage.RelationalCommand.ExecuteReaderAsync(RelationalCommandParameterObject parameterObject, CancellationToken cancellationToken)
   at Microsoft.EntityFrameworkCore.Query.Internal.SingleQueryingEnumerable`1.AsyncEnumerator.InitializeReaderAsync(AsyncEnumerator enumerator, CancellationToken cancellationToken)
   at Microsoft.EntityFrameworkCore.SqlServer.Storage.Internal.SqlServerExecutionStrategy.ExecuteAsync[TState,TResult](TState state, Func`4 operation, Func`4 verifySucceeded, CancellationToken cancellationToken)
   at Microsoft.EntityFrameworkCore.Query.Internal.SingleQueryingEnumerable`1.AsyncEnumerator.MoveNextAsync()
ClientConnectionId:5deb77e1-c06a-4ce8-b2eb-ed1372b1afdc
Error Number:208,State:1,Class:16
2022-04-11 15:10:03.061 +03:00 [INF] Entity Framework Core 6.0.3 initialized 'StocksContext' using provider 'Microsoft.EntityFrameworkCore.SqlServer:6.0.0' with options: None
2022-04-11 15:10:03.077 +03:00 [ERR] Failed to load missing entities for SaluteStocksAPI.Models.FundamentalData.CompanyOverview
Microsoft.Data.SqlClient.SqlException (0x80131904): Invalid object name 'CompanyOverview'.
   at Microsoft.Data.SqlClient.SqlCommand.<>c.<ExecuteDbDataReaderAsync>b__188_0(Task`1 result)
   at System.Threading.Tasks.ContinuationResultTaskFromResultTask`2.InnerInvoke()
   at System.Threading.Tasks.Task.<>c.<.cctor>b__272_0(Object obj)
   at System.Threading.ExecutionContext.RunInternal(ExecutionContext executionContext, ContextCallback callback, Object state)
--- End of stack trace from previous location ---
   at System.Threading.ExecutionContext.RunInternal(ExecutionContext executionContext, ContextCallback callback, Object state)
   at System.Threading.Tasks.Task.ExecuteWithThreadLocal(Task& currentTaskSlot, Thread threadPoolThread)
--- End of stack trace from previous location ---
   at Microsoft.EntityFrameworkCore.Storage.RelationalCommand.ExecuteReaderAsync(RelationalCommandParameterObject parameterObject, CancellationToken cancellationToken)
   at Microsoft.EntityFrameworkCore.Storage.RelationalCommand.ExecuteReaderAsync(RelationalCommandParameterObject parameterObject, CancellationToken cancellationToken)
   at Microsoft.EntityFrameworkCore.Query.Internal.SingleQueryingEnumerable`1.AsyncEnumerator.InitializeReaderAsync(AsyncEnumerator enumerator, CancellationToken cancellationToken)
   at Microsoft.EntityFrameworkCore.SqlServer.Storage.Internal.SqlServerExecutionStrategy.ExecuteAsync[TState,TResult](TState state, Func`4 operation, Func`4 verifySucceeded, CancellationToken cancellationToken)
   at Microsoft.EntityFrameworkCore.Query.Internal.SingleQueryingEnumerable`1.AsyncEnumerator.MoveNextAsync()
   at Microsoft.EntityFrameworkCore.EntityFrameworkQueryableExtensions.ToListAsync[TSource](IQueryable`1 source, CancellationToken cancellationToken)
   at Microsoft.EntityFrameworkCore.EntityFrameworkQueryableExtensions.ToListAsync[TSource](IQueryable`1 source, CancellationToken cancellationToken)
   at SaluteStocksAPI.Service.Background.Loader.<>c__DisplayClass7_1.<<LoadMissingData>g__LoadMissingEntities|0>d`1.MoveNext() in D:\repo\SaluteStocks\SaluteStocksAPI\Service\Background\Loader.cs:line 131
--- End of stack trace from previous location ---
   at SaluteStocksAPI.Service.Background.Loader.<>c__DisplayClass7_1.<<LoadMissingData>g__LoadMissingEntities|0>d`1.MoveNext() in D:\repo\SaluteStocks\SaluteStocksAPI\Service\Background\Loader.cs:line 135
ClientConnectionId:b9dc10ca-0f6e-44a5-9b28-5ea9234723c1
Error Number:208,State:1,Class:16
2022-04-11 15:10:03.092 +03:00 [INF] Executed DbCommand (72ms) [Parameters=[], CommandType='"Text"', CommandTimeout='30']
SELECT DISTINCT [e].[Symbol]
FROM [Earnings] AS [e]
WHERE [e].[ExistInApi] IS NOT NULL
2022-04-11 15:10:03.117 +03:00 [ERR] Failed to load missing entities for SaluteStocksAPI.Models.FundamentalData.CashFlow
Microsoft.Data.SqlClient.SqlException (0x80131904): Invalid object name 'CashFlow'.
   at Microsoft.Data.SqlClient.SqlCommand.<>c.<ExecuteDbDataReaderAsync>b__188_0(Task`1 result)
   at System.Threading.Tasks.ContinuationResultTaskFromResultTask`2.InnerInvoke()
   at System.Threading.Tasks.Task.<>c.<.cctor>b__272_0(Object obj)
   at System.Threading.ExecutionContext.RunInternal(ExecutionContext executionContext, ContextCallback callback, Object state)
--- End of stack trace from previous location ---
   at System.Threading.ExecutionContext.RunInternal(ExecutionContext executionContext, ContextCallback callback, Object state)
   at System.Threading.Tasks.Task.ExecuteWithThreadLocal(Task& currentTaskSlot, Thread threadPoolThread)
--- End of stack trace from previous location ---
   at Microsoft.EntityFrameworkCore.Storage.RelationalCommand.ExecuteReaderAsync(RelationalCommandParameterObject parameterObject, CancellationToken cancellationToken)
   at Microsoft.EntityFrameworkCore.Storage.RelationalCommand.ExecuteReaderAsync(RelationalCommandParameterObject parameterObject, CancellationToken cancellationToken)
   at Microsoft.EntityFrameworkCore.Query.Internal.SingleQueryingEnumerable`1.AsyncEnumerator.InitializeReaderAsync(AsyncEnumerator enumerator, CancellationToken cancellationToken)
   at Microsoft.EntityFrameworkCore.SqlServer.Storage.Internal.SqlServerExecutionStrategy.ExecuteAsync[TState,TResult](TState state, Func`4 operation, Func`4 verifySucceeded, CancellationToken cancellationToken)
   at Microsoft.EntityFrameworkCore.Query.Internal.SingleQueryingEnumerable`1.AsyncEnumerator.MoveNextAsync()
   at Microsoft.EntityFrameworkCore.EntityFrameworkQueryableExtensions.ToListAsync[TSource](IQueryable`1 source, CancellationToken cancellationToken)
   at Microsoft.EntityFrameworkCore.EntityFrameworkQueryableExtensions.ToListAsync[TSource](IQueryable`1 source, CancellationToken cancellationToken)
   at SaluteStocksAPI.Service.Background.Loader.<>c__DisplayClass7_1.<<LoadMissingData>g__LoadMissingEntities|0>d`1.MoveNext() in D:\repo\SaluteStocks\SaluteStocksAPI\Service\Background\Loader.cs:line 131
--- End of stack trace from previous location ---
   at SaluteStocksAPI.Service.Background.Loader.<>c__DisplayClass7_1.<<LoadMissingData>g__LoadMissingEntities|0>d`1.MoveNext() in D:\repo\SaluteStocks\SaluteStocksAPI\Service\Background\Loader.cs:line 135
ClientConnectionId:5deb77e1-c06a-4ce8-b2eb-ed1372b1afdc
Error Number:208,State:1,Class:16
2022-04-11 15:10:03.125 +03:00 [ERR] Failed executing DbCommand (9ms) [Parameters=[], CommandType='"Text"', CommandTimeout='30']
SELECT DISTINCT [i].[Symbol]
FROM [IncomeStatement] AS [i]
WHERE [i].[ExistInApi] IS NOT NULL
2022-04-11 15:10:03.127 +03:00 [INF] Already loaded: 536
2022-04-11 15:10:03.136 +03:00 [ERR] An exception occurred while iterating over the results of a query for context type 'SaluteStocksAPI.DataBase.StocksContext'.
Microsoft.Data.SqlClient.SqlException (0x80131904): Invalid object name 'IncomeStatement'.
   at Microsoft.Data.SqlClient.SqlCommand.<>c.<ExecuteDbDataReaderAsync>b__188_0(Task`1 result)
   at System.Threading.Tasks.ContinuationResultTaskFromResultTask`2.InnerInvoke()
   at System.Threading.Tasks.Task.<>c.<.cctor>b__272_0(Object obj)
   at System.Threading.ExecutionContext.RunInternal(ExecutionContext executionContext, ContextCallback callback, Object state)
--- End of stack trace from previous location ---
   at System.Threading.ExecutionContext.RunInternal(ExecutionContext executionContext, ContextCallback callback, Object state)
   at System.Threading.Tasks.Task.ExecuteWithThreadLocal(Task& currentTaskSlot, Thread threadPoolThread)
--- End of stack trace from previous location ---
   at Microsoft.EntityFrameworkCore.Storage.RelationalCommand.ExecuteReaderAsync(RelationalCommandParameterObject parameterObject, CancellationToken cancellationToken)
   at Microsoft.EntityFrameworkCore.Storage.RelationalCommand.ExecuteReaderAsync(RelationalCommandParameterObject parameterObject, CancellationToken cancellationToken)
   at Microsoft.EntityFrameworkCore.Query.Internal.SingleQueryingEnumerable`1.AsyncEnumerator.InitializeReaderAsync(AsyncEnumerator enumerator, CancellationToken cancellationToken)
   at Microsoft.EntityFrameworkCore.SqlServer.Storage.Internal.SqlServerExecutionStrategy.ExecuteAsync[TState,TResult](TState state, Func`4 operation, Func`4 verifySucceeded, CancellationToken cancellationToken)
   at Microsoft.EntityFrameworkCore.Query.Internal.SingleQueryingEnumerable`1.AsyncEnumerator.MoveNextAsync()
ClientConnectionId:5deb77e1-c06a-4ce8-b2eb-ed1372b1afdc
Error Number:208,State:1,Class:16
Microsoft.Data.SqlClient.SqlException (0x80131904): Invalid object name 'IncomeStatement'.
   at Microsoft.Data.SqlClient.SqlCommand.<>c.<ExecuteDbDataReaderAsync>b__188_0(Task`1 result)
   at System.Threading.Tasks.ContinuationResultTaskFromResultTask`2.InnerInvoke()
   at System.Threading.Tasks.Task.<>c.<.cctor>b__272_0(Object obj)
   at System.Threading.ExecutionContext.RunInternal(ExecutionContext executionContext, ContextCallback callback, Object state)
--- End of stack trace from previous location ---
   at System.Threading.ExecutionContext.RunInternal(ExecutionContext executionContext, ContextCallback callback, Object state)
   at System.Threading.Tasks.Task.ExecuteWithThreadLocal(Task& currentTaskSlot, Thread threadPoolThread)
--- End of stack trace from previous location ---
   at Microsoft.EntityFrameworkCore.Storage.RelationalCommand.ExecuteReaderAsync(RelationalCommandParameterObject parameterObject, CancellationToken cancellationToken)
   at Microsoft.EntityFrameworkCore.Storage.RelationalCommand.ExecuteReaderAsync(RelationalCommandParameterObject parameterObject, CancellationToken cancellationToken)
   at Microsoft.EntityFrameworkCore.Query.Internal.SingleQueryingEnumerable`1.AsyncEnumerator.InitializeReaderAsync(AsyncEnumerator enumerator, CancellationToken cancellationToken)
   at Microsoft.EntityFrameworkCore.SqlServer.Storage.Internal.SqlServerExecutionStrategy.ExecuteAsync[TState,TResult](TState state, Func`4 operation, Func`4 verifySucceeded, CancellationToken cancellationToken)
   at Microsoft.EntityFrameworkCore.Query.Internal.SingleQueryingEnumerable`1.AsyncEnumerator.MoveNextAsync()
ClientConnectionId:5deb77e1-c06a-4ce8-b2eb-ed1372b1afdc
Error Number:208,State:1,Class:16
2022-04-11 15:10:03.140 +03:00 [INF] Trying to refresh entity SaluteStocksAPI.Models.FundamentalData.Earnings with Symbol AJRD
2022-04-11 15:10:03.178 +03:00 [ERR] Failed to load missing entities for SaluteStocksAPI.Models.FundamentalData.IncomeStatement
Microsoft.Data.SqlClient.SqlException (0x80131904): Invalid object name 'IncomeStatement'.
   at Microsoft.Data.SqlClient.SqlCommand.<>c.<ExecuteDbDataReaderAsync>b__188_0(Task`1 result)
   at System.Threading.Tasks.ContinuationResultTaskFromResultTask`2.InnerInvoke()
   at System.Threading.Tasks.Task.<>c.<.cctor>b__272_0(Object obj)
   at System.Threading.ExecutionContext.RunInternal(ExecutionContext executionContext, ContextCallback callback, Object state)
--- End of stack trace from previous location ---
   at System.Threading.ExecutionContext.RunInternal(ExecutionContext executionContext, ContextCallback callback, Object state)
   at System.Threading.Tasks.Task.ExecuteWithThreadLocal(Task& currentTaskSlot, Thread threadPoolThread)
--- End of stack trace from previous location ---
   at Microsoft.EntityFrameworkCore.Storage.RelationalCommand.ExecuteReaderAsync(RelationalCommandParameterObject parameterObject, CancellationToken cancellationToken)
   at Microsoft.EntityFrameworkCore.Storage.RelationalCommand.ExecuteReaderAsync(RelationalCommandParameterObject parameterObject, CancellationToken cancellationToken)
   at Microsoft.EntityFrameworkCore.Query.Internal.SingleQueryingEnumerable`1.AsyncEnumerator.InitializeReaderAsync(AsyncEnumerator enumerator, CancellationToken cancellationToken)
   at Microsoft.EntityFrameworkCore.SqlServer.Storage.Internal.SqlServerExecutionStrategy.ExecuteAsync[TState,TResult](TState state, Func`4 operation, Func`4 verifySucceeded, CancellationToken cancellationToken)
   at Microsoft.EntityFrameworkCore.Query.Internal.SingleQueryingEnumerable`1.AsyncEnumerator.MoveNextAsync()
   at Microsoft.EntityFrameworkCore.EntityFrameworkQueryableExtensions.ToListAsync[TSource](IQueryable`1 source, CancellationToken cancellationToken)
   at Microsoft.EntityFrameworkCore.EntityFrameworkQueryableExtensions.ToListAsync[TSource](IQueryable`1 source, CancellationToken cancellationToken)
   at SaluteStocksAPI.Service.Background.Loader.<>c__DisplayClass7_1.<<LoadMissingData>g__LoadMissingEntities|0>d`1.MoveNext() in D:\repo\SaluteStocks\SaluteStocksAPI\Service\Background\Loader.cs:line 131
--- End of stack trace from previous location ---
   at SaluteStocksAPI.Service.Background.Loader.<>c__DisplayClass7_1.<<LoadMissingData>g__LoadMissingEntities|0>d`1.MoveNext() in D:\repo\SaluteStocks\SaluteStocksAPI\Service\Background\Loader.cs:line 135
ClientConnectionId:5deb77e1-c06a-4ce8-b2eb-ed1372b1afdc
Error Number:208,State:1,Class:16
2022-04-11 15:10:03.180 +03:00 [INF] Generating URI for EARNINGS with params: symbol: AJRD
2022-04-11 15:10:03.186 +03:00 [INF] URI: https://www.alphavantage.co/query?apikey=YTXYXH479B3J1MY2&function=EARNINGS&symbol=AJRD
2022-04-11 15:10:03.188 +03:00 [INF] Starting to get and parse JSON from "https://www.alphavantage.co/query?apikey=YTXYXH479B3J1MY2&function=EARNINGS&symbol=AJRD".
2022-04-11 15:10:04.097 +03:00 [INF] Response has success status code
2022-04-11 15:10:04.099 +03:00 [INF] Trying to deserialize response.
2022-04-11 15:10:04.182 +03:00 [INF] Entity Framework Core 6.0.3 initialized 'StocksContext' using provider 'Microsoft.EntityFrameworkCore.SqlServer:6.0.0' with options: None
2022-04-11 15:10:04.254 +03:00 [ERR] Failed executing DbCommand (19ms) [Parameters=[@__symbol_0='?' (Size = 450)], CommandType='"Text"', CommandTimeout='30']
SELECT TOP(2) [c].[Symbol], [c].[Address], [c].[AnalystTargetPrice], [c].[AssetType], [c].[Beta], [c].[BookValue], [c].[CIK], [c].[Country], [c].[Currency], [c].[Description], [c].[DilutedEPSTTM], [c].[DividendDate], [c].[DividendPerShare], [c].[DividendYield], [c].[EBITDA], [c].[EPS], [c].[EVToEBITDA], [c].[EVToRevenue], [c].[ExDividendDate], [c].[Exchange], [c].[ExistInApi], [c].[FiscalYearEnd], [c].[ForwardPE], [c].[GrossProfitTTM], [c].[Industry], [c].[LastApiRefresh], [c].[LastLocalRefresh], [c].[LatestQuarter], [c].[MarketCapitalization], [c].[Name], [c].[OperatingMarginTTM], [c].[PEGRatio], [c].[PERatio], [c].[PriceToBookRatio], [c].[PriceToSalesRatioTTM], [c].[ProfitMargin], [c].[QuarterlyEarningsGrowthYOY], [c].[QuarterlyRevenueGrowthYOY], [c].[ReturnOnAssetsTTM], [c].[ReturnOnEquityTTM], [c].[RevenuePerShareTTM], [c].[RevenueTTM], [c].[Sector], [c].[SharesOutstanding], [c].[TrailingPE], [c].[_200DayMovingAverage], [c].[_50DayMovingAverage], [c].[_52WeekHigh], [c].[_52WeekLow]
FROM [CompanyOverview] AS [c]
WHERE [c].[Symbol] = @__symbol_0
2022-04-11 15:10:04.258 +03:00 [ERR] An exception occurred while iterating over the results of a query for context type 'SaluteStocksAPI.DataBase.StocksContext'.
Microsoft.Data.SqlClient.SqlException (0x80131904): Invalid object name 'CompanyOverview'.
   at Microsoft.Data.SqlClient.SqlCommand.<>c.<ExecuteDbDataReaderAsync>b__188_0(Task`1 result)
   at System.Threading.Tasks.ContinuationResultTaskFromResultTask`2.InnerInvoke()
   at System.Threading.Tasks.Task.<>c.<.cctor>b__272_0(Object obj)
   at System.Threading.ExecutionContext.RunInternal(ExecutionContext executionContext, ContextCallback callback, Object state)
--- End of stack trace from previous location ---
   at System.Threading.ExecutionContext.RunInternal(ExecutionContext executionContext, ContextCallback callback, Object state)
   at System.Threading.Tasks.Task.ExecuteWithThreadLocal(Task& currentTaskSlot, Thread threadPoolThread)
--- End of stack trace from previous location ---
   at Microsoft.EntityFrameworkCore.Storage.RelationalCommand.ExecuteReaderAsync(RelationalCommandParameterObject parameterObject, CancellationToken cancellationToken)
   at Microsoft.EntityFrameworkCore.Storage.RelationalCommand.ExecuteReaderAsync(RelationalCommandParameterObject parameterObject, CancellationToken cancellationToken)
   at Microsoft.EntityFrameworkCore.Query.Internal.SingleQueryingEnumerable`1.AsyncEnumerator.InitializeReaderAsync(AsyncEnumerator enumerator, CancellationToken cancellationToken)
   at Microsoft.EntityFrameworkCore.SqlServer.Storage.Internal.SqlServerExecutionStrategy.ExecuteAsync[TState,TResult](TState state, Func`4 operation, Func`4 verifySucceeded, CancellationToken cancellationToken)
   at Microsoft.EntityFrameworkCore.Query.Internal.SingleQueryingEnumerable`1.AsyncEnumerator.MoveNextAsync()
ClientConnectionId:5deb77e1-c06a-4ce8-b2eb-ed1372b1afdc
Error Number:208,State:1,Class:16
Microsoft.Data.SqlClient.SqlException (0x80131904): Invalid object name 'CompanyOverview'.
   at Microsoft.Data.SqlClient.SqlCommand.<>c.<ExecuteDbDataReaderAsync>b__188_0(Task`1 result)
   at System.Threading.Tasks.ContinuationResultTaskFromResultTask`2.InnerInvoke()
   at System.Threading.Tasks.Task.<>c.<.cctor>b__272_0(Object obj)
   at System.Threading.ExecutionContext.RunInternal(ExecutionContext executionContext, ContextCallback callback, Object state)
--- End of stack trace from previous location ---
   at System.Threading.ExecutionContext.RunInternal(ExecutionContext executionContext, ContextCallback callback, Object state)
   at System.Threading.Tasks.Task.ExecuteWithThreadLocal(Task& currentTaskSlot, Thread threadPoolThread)
--- End of stack trace from previous location ---
   at Microsoft.EntityFrameworkCore.Storage.RelationalCommand.ExecuteReaderAsync(RelationalCommandParameterObject parameterObject, CancellationToken cancellationToken)
   at Microsoft.EntityFrameworkCore.Storage.RelationalCommand.ExecuteReaderAsync(RelationalCommandParameterObject parameterObject, CancellationToken cancellationToken)
   at Microsoft.EntityFrameworkCore.Query.Internal.SingleQueryingEnumerable`1.AsyncEnumerator.InitializeReaderAsync(AsyncEnumerator enumerator, CancellationToken cancellationToken)
   at Microsoft.EntityFrameworkCore.SqlServer.Storage.Internal.SqlServerExecutionStrategy.ExecuteAsync[TState,TResult](TState state, Func`4 operation, Func`4 verifySucceeded, CancellationToken cancellationToken)
   at Microsoft.EntityFrameworkCore.Query.Internal.SingleQueryingEnumerable`1.AsyncEnumerator.MoveNextAsync()
ClientConnectionId:5deb77e1-c06a-4ce8-b2eb-ed1372b1afdc
Error Number:208,State:1,Class:16
