2022-04-03 02:22:50.959 +03:00 [INF] Generating URI for LISTING_STATUS with params: state: active
2022-04-03 02:22:50.993 +03:00 [INF] URI: https://www.alphavantage.co/query?apikey=YTXYXH479B3J1MY2&function=LISTING_STATUS&state=active
2022-04-03 02:22:51.001 +03:00 [INF] Starting to get and parse CSV from "https://www.alphavantage.co/query?apikey=YTXYXH479B3J1MY2&function=LISTING_STATUS&state=active".
2022-04-03 02:22:51.210 +03:00 [INF] Now listening on: https://localhost:5001
2022-04-03 02:22:51.212 +03:00 [INF] Now listening on: http://localhost:5000
2022-04-03 02:22:51.215 +03:00 [INF] Application started. Press Ctrl+C to shut down.
2022-04-03 02:22:51.216 +03:00 [INF] Hosting environment: Development
2022-04-03 02:22:51.217 +03:00 [INF] Content root path: D:\repo\SaluteStocks\SaluteStocksAPI\
2022-04-03 02:22:51.801 +03:00 [INF] Request starting HTTP/2 GET https://localhost:5001/swagger/index.html - -
2022-04-03 02:22:51.933 +03:00 [INF] Request finished HTTP/2 GET https://localhost:5001/swagger/index.html - - - 200 - text/html;charset=utf-8 133.7766ms
2022-04-03 02:22:51.935 +03:00 [INF] Request starting HTTP/2 GET https://localhost:5001/_framework/aspnetcore-browser-refresh.js - -
2022-04-03 02:22:51.943 +03:00 [INF] Request finished HTTP/2 GET https://localhost:5001/_framework/aspnetcore-browser-refresh.js - - - 200 11949 application/javascript;+charset=utf-8 8.2958ms
2022-04-03 02:22:52.050 +03:00 [INF] Request starting HTTP/2 GET https://localhost:5001/swagger/v1/swagger.json - -
2022-04-03 02:22:52.064 +03:00 [ERR] An unhandled exception has occurred while executing the request.
Swashbuckle.AspNetCore.SwaggerGen.SwaggerGeneratorException: Ambiguous HTTP method for action - SaluteStocksAPI.Controllers.ApiController.Ping (SaluteStocksAPI). Actions require an explicit HttpMethod binding for Swagger/OpenAPI 3.0
   at Swashbuckle.AspNetCore.SwaggerGen.SwaggerGenerator.GenerateOperations(IEnumerable`1 apiDescriptions, SchemaRepository schemaRepository)
   at Swashbuckle.AspNetCore.SwaggerGen.SwaggerGenerator.GeneratePaths(IEnumerable`1 apiDescriptions, SchemaRepository schemaRepository)
   at Swashbuckle.AspNetCore.SwaggerGen.SwaggerGenerator.GetSwagger(String documentName, String host, String basePath)
   at Swashbuckle.AspNetCore.Swagger.SwaggerMiddleware.Invoke(HttpContext httpContext, ISwaggerProvider swaggerProvider)
   at Microsoft.AspNetCore.Diagnostics.DeveloperExceptionPageMiddleware.Invoke(HttpContext context)
2022-04-03 02:22:52.087 +03:00 [INF] Request finished HTTP/2 GET https://localhost:5001/swagger/v1/swagger.json - - - 500 - text/plain;+charset=utf-8 36.0613ms
2022-04-03 02:22:55.737 +03:00 [INF] Response has success status code
2022-04-03 02:22:55.740 +03:00 [INF] Trying to deserialize response.
2022-04-03 02:22:56.364 +03:00 [INF] Entity Framework Core 6.0.3 initialized 'StocksContext' using provider 'Microsoft.EntityFrameworkCore.SqlServer:6.0.0' with options: None
2022-04-03 02:22:56.654 +03:00 [INF] Executed DbCommand (26ms) [Parameters=[], CommandType='"Text"', CommandTimeout='30']
SELECT TOP 0 T.[Symbol], T.[AssetType], T.[DelistingDate], T.[Exchange], T.[ExistInApi], T.[IpoDate], T.[LastApiRefresh], T.[LastLocalRefresh], T.[Name], T.[Status] INTO [ListingTemp2b673d84] FROM [Listing] AS T LEFT JOIN [Listing] AS Source ON 1 = 0;
2022-04-03 02:22:57.736 +03:00 [INF] Executed DbCommand (576ms) [Parameters=[], CommandType='"Text"', CommandTimeout='30']
MERGE [Listing] WITH (HOLDLOCK) AS T USING (SELECT TOP 12514 * FROM [ListingTemp2b673d84] ORDER BY [Symbol]) AS S ON T.[Symbol] = S.[Symbol] WHEN NOT MATCHED BY TARGET THEN INSERT ([Symbol], [AssetType], [DelistingDate], [Exchange], [ExistInApi], [IpoDate], [LastApiRefresh], [LastLocalRefresh], [Name], [Status]) VALUES (S.[Symbol], S.[AssetType], S.[DelistingDate], S.[Exchange], S.[ExistInApi], S.[IpoDate], S.[LastApiRefresh], S.[LastLocalRefresh], S.[Name], S.[Status]) WHEN MATCHED AND EXISTS (SELECT S.[Symbol], S.[AssetType], S.[DelistingDate], S.[Exchange], S.[ExistInApi], S.[IpoDate], S.[LastApiRefresh], S.[LastLocalRefresh], S.[Name], S.[Status] EXCEPT SELECT T.[Symbol], T.[AssetType], T.[DelistingDate], T.[Exchange], T.[ExistInApi], T.[IpoDate], T.[LastApiRefresh], T.[LastLocalRefresh], T.[Name], T.[Status]) THEN UPDATE SET T.[AssetType] = S.[AssetType], T.[DelistingDate] = S.[DelistingDate], T.[Exchange] = S.[Exchange], T.[ExistInApi] = S.[ExistInApi], T.[IpoDate] = S.[IpoDate], T.[LastApiRefresh] = S.[LastApiRefresh], T.[LastLocalRefresh] = S.[LastLocalRefresh], T.[Name] = S.[Name], T.[Status] = S.[Status] WHEN NOT MATCHED BY SOURCE THEN DELETE;
2022-04-03 02:22:57.748 +03:00 [INF] Executed DbCommand (10ms) [Parameters=[], CommandType='"Text"', CommandTimeout='30']
IF OBJECT_ID ('[ListingTemp2b673d84]', 'U') IS NOT NULL DROP TABLE [ListingTemp2b673d84]
2022-04-03 02:22:57.762 +03:00 [INF] Loading missing data.
2022-04-03 02:22:57.765 +03:00 [INF] Entity Framework Core 6.0.3 initialized 'StocksContext' using provider 'Microsoft.EntityFrameworkCore.SqlServer:6.0.0' with options: None
2022-04-03 02:22:57.983 +03:00 [INF] Executed DbCommand (75ms) [Parameters=[], CommandType='"Text"', CommandTimeout='30']
SELECT [l].[Symbol]
FROM [Listing] AS [l]
2022-04-03 02:22:58.062 +03:00 [INF] Loading missing entities for SaluteStocksAPI.Models.FundamentalData.BalanceSheet
2022-04-03 02:22:58.064 +03:00 [INF] Getting already loaded entities
2022-04-03 02:22:58.093 +03:00 [INF] Entity Framework Core 6.0.3 initialized 'StocksContext' using provider 'Microsoft.EntityFrameworkCore.SqlServer:6.0.0' with options: None
2022-04-03 02:22:58.108 +03:00 [INF] Loading missing entities for SaluteStocksAPI.Models.FundamentalData.CashFlow
2022-04-03 02:22:58.108 +03:00 [INF] Getting already loaded entities
2022-04-03 02:22:58.109 +03:00 [INF] Entity Framework Core 6.0.3 initialized 'StocksContext' using provider 'Microsoft.EntityFrameworkCore.SqlServer:6.0.0' with options: None
2022-04-03 02:22:58.115 +03:00 [INF] Loading missing entities for SaluteStocksAPI.Models.FundamentalData.CompanyOverview
2022-04-03 02:22:58.115 +03:00 [INF] Getting already loaded entities
2022-04-03 02:22:58.115 +03:00 [INF] Executed DbCommand (8ms) [Parameters=[], CommandType='"Text"', CommandTimeout='30']
SELECT DISTINCT [b].[Symbol]
FROM [BalanceSheets] AS [b]
WHERE [b].[ExistInApi] IS NOT NULL
2022-04-03 02:22:58.116 +03:00 [INF] Entity Framework Core 6.0.3 initialized 'StocksContext' using provider 'Microsoft.EntityFrameworkCore.SqlServer:6.0.0' with options: None
2022-04-03 02:22:58.118 +03:00 [INF] Already loaded: 786
2022-04-03 02:22:58.120 +03:00 [INF] Loading missing entities for SaluteStocksAPI.Models.FundamentalData.Earnings
2022-04-03 02:22:58.121 +03:00 [INF] Getting already loaded entities
2022-04-03 02:22:58.122 +03:00 [INF] Trying to refresh entity SaluteStocksAPI.Models.FundamentalData.BalanceSheet with Symbol AIO
2022-04-03 02:22:58.123 +03:00 [INF] Entity Framework Core 6.0.3 initialized 'StocksContext' using provider 'Microsoft.EntityFrameworkCore.SqlServer:6.0.0' with options: None
2022-04-03 02:22:58.125 +03:00 [INF] Generating URI for BALANCE_SHEET with params: symbol: AIO
2022-04-03 02:22:58.126 +03:00 [INF] URI: https://www.alphavantage.co/query?apikey=YTXYXH479B3J1MY2&function=BALANCE_SHEET&symbol=AIO
2022-04-03 02:22:58.127 +03:00 [INF] Loading missing entities for SaluteStocksAPI.Models.FundamentalData.IncomeStatement
2022-04-03 02:22:58.127 +03:00 [INF] Executed DbCommand (8ms) [Parameters=[], CommandType='"Text"', CommandTimeout='30']
SELECT DISTINCT [c].[Symbol]
FROM [CompanyOverviews] AS [c]
WHERE [c].[ExistInApi] IS NOT NULL
2022-04-03 02:22:58.127 +03:00 [INF] Getting already loaded entities
2022-04-03 02:22:58.128 +03:00 [INF] Starting to get and parse JSON from "https://www.alphavantage.co/query?apikey=YTXYXH479B3J1MY2&function=BALANCE_SHEET&symbol=AIO".
2022-04-03 02:22:58.129 +03:00 [INF] Already loaded: 385
2022-04-03 02:22:58.130 +03:00 [INF] Entity Framework Core 6.0.3 initialized 'StocksContext' using provider 'Microsoft.EntityFrameworkCore.SqlServer:6.0.0' with options: None
2022-04-03 02:22:58.132 +03:00 [INF] Trying to refresh entity SaluteStocksAPI.Models.FundamentalData.CompanyOverview with Symbol ACABW
2022-04-03 02:22:58.136 +03:00 [INF] Generating URI for OVERVIEW with params: symbol: ACABW
2022-04-03 02:22:58.137 +03:00 [INF] URI: https://www.alphavantage.co/query?apikey=YTXYXH479B3J1MY2&function=OVERVIEW&symbol=ACABW
2022-04-03 02:22:58.138 +03:00 [INF] Starting to get and parse JSON from "https://www.alphavantage.co/query?apikey=YTXYXH479B3J1MY2&function=OVERVIEW&symbol=ACABW".
2022-04-03 02:22:58.143 +03:00 [INF] Executed DbCommand (9ms) [Parameters=[], CommandType='"Text"', CommandTimeout='30']
SELECT DISTINCT [i].[Symbol]
FROM [IncomeStatements] AS [i]
WHERE [i].[ExistInApi] IS NOT NULL
2022-04-03 02:22:58.145 +03:00 [INF] Already loaded: 98
2022-04-03 02:22:58.146 +03:00 [INF] Trying to refresh entity SaluteStocksAPI.Models.FundamentalData.IncomeStatement with Symbol AAQC-WS
2022-04-03 02:22:58.148 +03:00 [INF] Generating URI for INCOME_STATEMENT with params: symbol: AAQC-WS
2022-04-03 02:22:58.148 +03:00 [INF] URI: https://www.alphavantage.co/query?apikey=YTXYXH479B3J1MY2&function=INCOME_STATEMENT&symbol=AAQC-WS
2022-04-03 02:22:58.149 +03:00 [INF] Starting to get and parse JSON from "https://www.alphavantage.co/query?apikey=YTXYXH479B3J1MY2&function=INCOME_STATEMENT&symbol=AAQC-WS".
2022-04-03 02:22:58.176 +03:00 [INF] Executed DbCommand (25ms) [Parameters=[], CommandType='"Text"', CommandTimeout='30']
SELECT DISTINCT [e].[Symbol]
FROM [Earnings] AS [e]
WHERE [e].[ExistInApi] IS NOT NULL
2022-04-03 02:22:58.176 +03:00 [INF] Executed DbCommand (26ms) [Parameters=[], CommandType='"Text"', CommandTimeout='30']
SELECT DISTINCT [c].[Symbol]
FROM [CashFlows] AS [c]
WHERE [c].[ExistInApi] IS NOT NULL
2022-04-03 02:22:58.178 +03:00 [INF] Already loaded: 109
2022-04-03 02:22:58.180 +03:00 [INF] Already loaded: 112
2022-04-03 02:22:58.180 +03:00 [INF] Trying to refresh entity SaluteStocksAPI.Models.FundamentalData.Earnings with Symbol AAQC-U
2022-04-03 02:22:58.181 +03:00 [INF] Trying to refresh entity SaluteStocksAPI.Models.FundamentalData.CashFlow with Symbol AAQC-U
2022-04-03 02:22:58.183 +03:00 [INF] Generating URI for EARNINGS with params: symbol: AAQC-U
2022-04-03 02:22:58.183 +03:00 [INF] Generating URI for CASH_FLOW with params: symbol: AAQC-U
2022-04-03 02:22:58.183 +03:00 [INF] URI: https://www.alphavantage.co/query?apikey=YTXYXH479B3J1MY2&function=EARNINGS&symbol=AAQC-U
2022-04-03 02:22:58.185 +03:00 [INF] URI: https://www.alphavantage.co/query?apikey=YTXYXH479B3J1MY2&function=CASH_FLOW&symbol=AAQC-U
2022-04-03 02:22:58.185 +03:00 [INF] Starting to get and parse JSON from "https://www.alphavantage.co/query?apikey=YTXYXH479B3J1MY2&function=EARNINGS&symbol=AAQC-U".
2022-04-03 02:22:58.186 +03:00 [INF] Starting to get and parse JSON from "https://www.alphavantage.co/query?apikey=YTXYXH479B3J1MY2&function=CASH_FLOW&symbol=AAQC-U".
2022-04-03 02:22:58.355 +03:00 [INF] Response has success status code
2022-04-03 02:22:58.356 +03:00 [INF] Trying to deserialize response.
2022-04-03 02:22:58.366 +03:00 [INF] Response has success status code
2022-04-03 02:22:58.370 +03:00 [INF] Trying to deserialize response.
2022-04-03 02:22:58.431 +03:00 [INF] Entity Framework Core 6.0.3 initialized 'StocksContext' using provider 'Microsoft.EntityFrameworkCore.SqlServer:6.0.0' with options: None
2022-04-03 02:22:58.431 +03:00 [INF] Entity Framework Core 6.0.3 initialized 'StocksContext' using provider 'Microsoft.EntityFrameworkCore.SqlServer:6.0.0' with options: None
2022-04-03 02:22:58.499 +03:00 [INF] Executed DbCommand (19ms) [Parameters=[@__symbol_0='?' (Size = 450)], CommandType='"Text"', CommandTimeout='30']
SELECT TOP(2) [c].[Symbol], [c].[Address], [c].[AnalystTargetPrice], [c].[AssetType], [c].[Beta], [c].[BookValue], [c].[CIK], [c].[Country], [c].[Currency], [c].[Description], [c].[DilutedEPSTTM], [c].[DividendDate], [c].[DividendPerShare], [c].[DividendYield], [c].[EBITDA], [c].[EPS], [c].[EVToEBITDA], [c].[EVToRevenue], [c].[ExDividendDate], [c].[Exchange], [c].[ExistInApi], [c].[FiscalYearEnd], [c].[ForwardPE], [c].[GrossProfitTTM], [c].[Industry], [c].[LastApiRefresh], [c].[LastLocalRefresh], [c].[LatestQuarter], [c].[MarketCapitalization], [c].[Name], [c].[OperatingMarginTTM], [c].[PEGRatio], [c].[PERatio], [c].[PriceToBookRatio], [c].[PriceToSalesRatioTTM], [c].[ProfitMargin], [c].[QuarterlyEarningsGrowthYOY], [c].[QuarterlyRevenueGrowthYOY], [c].[ReturnOnAssetsTTM], [c].[ReturnOnEquityTTM], [c].[RevenuePerShareTTM], [c].[RevenueTTM], [c].[Sector], [c].[SharesOutstanding], [c].[TrailingPE], [c].[_200DayMovingAverage], [c].[_50DayMovingAverage], [c].[_52WeekHigh], [c].[_52WeekLow]
FROM [CompanyOverviews] AS [c]
WHERE [c].[Symbol] = @__symbol_0
2022-04-03 02:22:58.499 +03:00 [INF] Executed DbCommand (20ms) [Parameters=[@__symbol_0='?' (Size = 450)], CommandType='"Text"', CommandTimeout='30']
SELECT TOP(2) [c].[Symbol], [c].[Address], [c].[AnalystTargetPrice], [c].[AssetType], [c].[Beta], [c].[BookValue], [c].[CIK], [c].[Country], [c].[Currency], [c].[Description], [c].[DilutedEPSTTM], [c].[DividendDate], [c].[DividendPerShare], [c].[DividendYield], [c].[EBITDA], [c].[EPS], [c].[EVToEBITDA], [c].[EVToRevenue], [c].[ExDividendDate], [c].[Exchange], [c].[ExistInApi], [c].[FiscalYearEnd], [c].[ForwardPE], [c].[GrossProfitTTM], [c].[Industry], [c].[LastApiRefresh], [c].[LastLocalRefresh], [c].[LatestQuarter], [c].[MarketCapitalization], [c].[Name], [c].[OperatingMarginTTM], [c].[PEGRatio], [c].[PERatio], [c].[PriceToBookRatio], [c].[PriceToSalesRatioTTM], [c].[ProfitMargin], [c].[QuarterlyEarningsGrowthYOY], [c].[QuarterlyRevenueGrowthYOY], [c].[ReturnOnAssetsTTM], [c].[ReturnOnEquityTTM], [c].[RevenuePerShareTTM], [c].[RevenueTTM], [c].[Sector], [c].[SharesOutstanding], [c].[TrailingPE], [c].[_200DayMovingAverage], [c].[_50DayMovingAverage], [c].[_52WeekHigh], [c].[_52WeekLow]
FROM [CompanyOverviews] AS [c]
WHERE [c].[Symbol] = @__symbol_0
2022-04-03 02:22:58.519 +03:00 [ERR] An exception occurred while iterating over the results of a query for context type 'SaluteStocksAPI.DataBase.StocksContext'.
System.InvalidCastException: Unable to cast object of type 'System.Int64' to type 'System.Double'.
   at Microsoft.Data.SqlClient.SqlBuffer.get_Double()
   at Microsoft.Data.SqlClient.SqlDataReader.GetDouble(Int32 i)
   at lambda_method73(Closure , QueryContext , DbDataReader , ResultContext , SingleQueryResultCoordinator )
   at Microsoft.EntityFrameworkCore.Query.Internal.SingleQueryingEnumerable`1.AsyncEnumerator.MoveNextAsync()
System.InvalidCastException: Unable to cast object of type 'System.Int64' to type 'System.Double'.
   at Microsoft.Data.SqlClient.SqlBuffer.get_Double()
   at Microsoft.Data.SqlClient.SqlDataReader.GetDouble(Int32 i)
   at lambda_method73(Closure , QueryContext , DbDataReader , ResultContext , SingleQueryResultCoordinator )
   at Microsoft.EntityFrameworkCore.Query.Internal.SingleQueryingEnumerable`1.AsyncEnumerator.MoveNextAsync()
2022-04-03 02:22:58.519 +03:00 [ERR] An exception occurred while iterating over the results of a query for context type 'SaluteStocksAPI.DataBase.StocksContext'.
System.InvalidCastException: Unable to cast object of type 'System.Int64' to type 'System.Double'.
   at Microsoft.Data.SqlClient.SqlBuffer.get_Double()
   at Microsoft.Data.SqlClient.SqlDataReader.GetDouble(Int32 i)
   at lambda_method73(Closure , QueryContext , DbDataReader , ResultContext , SingleQueryResultCoordinator )
   at Microsoft.EntityFrameworkCore.Query.Internal.SingleQueryingEnumerable`1.AsyncEnumerator.MoveNextAsync()
System.InvalidCastException: Unable to cast object of type 'System.Int64' to type 'System.Double'.
   at Microsoft.Data.SqlClient.SqlBuffer.get_Double()
   at Microsoft.Data.SqlClient.SqlDataReader.GetDouble(Int32 i)
   at lambda_method73(Closure , QueryContext , DbDataReader , ResultContext , SingleQueryResultCoordinator )
   at Microsoft.EntityFrameworkCore.Query.Internal.SingleQueryingEnumerable`1.AsyncEnumerator.MoveNextAsync()
2022-04-03 02:22:58.576 +03:00 [ERR] Failed to refresh  entity SaluteStocksAPI.Models.FundamentalData.CashFlow with Symbol AAQC-U
System.InvalidCastException: Unable to cast object of type 'System.Int64' to type 'System.Double'.
   at Microsoft.Data.SqlClient.SqlBuffer.get_Double()
   at Microsoft.Data.SqlClient.SqlDataReader.GetDouble(Int32 i)
   at lambda_method73(Closure , QueryContext , DbDataReader , ResultContext , SingleQueryResultCoordinator )
   at Microsoft.EntityFrameworkCore.Query.Internal.SingleQueryingEnumerable`1.AsyncEnumerator.MoveNextAsync()
   at Microsoft.EntityFrameworkCore.Query.ShapedQueryCompilingExpressionVisitor.SingleOrDefaultAsync[TSource](IAsyncEnumerable`1 asyncEnumerable, CancellationToken cancellationToken)
   at Microsoft.EntityFrameworkCore.Query.ShapedQueryCompilingExpressionVisitor.SingleOrDefaultAsync[TSource](IAsyncEnumerable`1 asyncEnumerable, CancellationToken cancellationToken)
   at SaluteStocksAPI.Service.DataBaseRepository.Get[T](String symbol) in D:\repo\SaluteStocks\SaluteStocksAPI\Service\DataBaseRepository.cs:line 54
   at SaluteStocksAPI.Service.Background.Loader.RefreshEntity[T](String symbol) in D:\repo\SaluteStocks\SaluteStocksAPI\Service\Background\Loader.cs:line 189
2022-04-03 02:22:58.590 +03:00 [INF] Response has success status code
2022-04-03 02:22:58.605 +03:00 [ERR] Failed to refresh  entity SaluteStocksAPI.Models.FundamentalData.Earnings with Symbol AAQC-U
System.InvalidCastException: Unable to cast object of type 'System.Int64' to type 'System.Double'.
   at Microsoft.Data.SqlClient.SqlBuffer.get_Double()
   at Microsoft.Data.SqlClient.SqlDataReader.GetDouble(Int32 i)
   at lambda_method73(Closure , QueryContext , DbDataReader , ResultContext , SingleQueryResultCoordinator )
   at Microsoft.EntityFrameworkCore.Query.Internal.SingleQueryingEnumerable`1.AsyncEnumerator.MoveNextAsync()
   at Microsoft.EntityFrameworkCore.Query.ShapedQueryCompilingExpressionVisitor.SingleOrDefaultAsync[TSource](IAsyncEnumerable`1 asyncEnumerable, CancellationToken cancellationToken)
   at Microsoft.EntityFrameworkCore.Query.ShapedQueryCompilingExpressionVisitor.SingleOrDefaultAsync[TSource](IAsyncEnumerable`1 asyncEnumerable, CancellationToken cancellationToken)
   at SaluteStocksAPI.Service.DataBaseRepository.Get[T](String symbol) in D:\repo\SaluteStocks\SaluteStocksAPI\Service\DataBaseRepository.cs:line 54
   at SaluteStocksAPI.Service.Background.Loader.RefreshEntity[T](String symbol) in D:\repo\SaluteStocks\SaluteStocksAPI\Service\Background\Loader.cs:line 189
2022-04-03 02:22:58.612 +03:00 [INF] Response has success status code
2022-04-03 02:22:58.630 +03:00 [INF] Trying to deserialize response.
2022-04-03 02:22:58.706 +03:00 [WRN] Reached the API limit when getting SaluteStocksAPI.Models.FundamentalData.IncomeStatement for symbol AAQC-WS
SaluteStocksAPI.AlphaVantage.Exceptions.AlphaVantageRequestLimit: {
    "Note": "Thank you for using Alpha Vantage! Our standard API call frequency is 5 calls per minute and 500 calls per day. Please visit https://www.alphavantage.co/premium/ if you would like to target a higher API call frequency."
}
   at SaluteStocksAPI.AlphaVantage.AlphaVantageClient.GetAndParseJsonAsync[T](Uri uri) in D:\repo\SaluteStocks\SaluteStocksAPI\AlphaVantage\AlphaVantageClient.cs:line 316
   at SaluteStocksAPI.AlphaVantage.AlphaVantageClient.GetIncomeStatement(String symbol) in D:\repo\SaluteStocks\SaluteStocksAPI\AlphaVantage\AlphaVantageClient.cs:line 69
   at SaluteStocksAPI.Service.Background.Loader.RefreshEntity[T](String symbol) in D:\repo\SaluteStocks\SaluteStocksAPI\Service\Background\Loader.cs:line 181
2022-04-03 02:22:58.720 +03:00 [INF] Start AddOrUpdate for SaluteStocksAPI.Models.FundamentalData.CompanyOverview.
2022-04-03 02:22:58.721 +03:00 [INF] Entity Framework Core 6.0.3 initialized 'StocksContext' using provider 'Microsoft.EntityFrameworkCore.SqlServer:6.0.0' with options: None
2022-04-03 02:22:58.737 +03:00 [INF] Executed DbCommand (9ms) [Parameters=[@__entity_Symbol_0='?' (Size = 450)], CommandType='"Text"', CommandTimeout='30']
SELECT TOP(2) [c].[Symbol], [c].[Address], [c].[AnalystTargetPrice], [c].[AssetType], [c].[Beta], [c].[BookValue], [c].[CIK], [c].[Country], [c].[Currency], [c].[Description], [c].[DilutedEPSTTM], [c].[DividendDate], [c].[DividendPerShare], [c].[DividendYield], [c].[EBITDA], [c].[EPS], [c].[EVToEBITDA], [c].[EVToRevenue], [c].[ExDividendDate], [c].[Exchange], [c].[ExistInApi], [c].[FiscalYearEnd], [c].[ForwardPE], [c].[GrossProfitTTM], [c].[Industry], [c].[LastApiRefresh], [c].[LastLocalRefresh], [c].[LatestQuarter], [c].[MarketCapitalization], [c].[Name], [c].[OperatingMarginTTM], [c].[PEGRatio], [c].[PERatio], [c].[PriceToBookRatio], [c].[PriceToSalesRatioTTM], [c].[ProfitMargin], [c].[QuarterlyEarningsGrowthYOY], [c].[QuarterlyRevenueGrowthYOY], [c].[ReturnOnAssetsTTM], [c].[ReturnOnEquityTTM], [c].[RevenuePerShareTTM], [c].[RevenueTTM], [c].[Sector], [c].[SharesOutstanding], [c].[TrailingPE], [c].[_200DayMovingAverage], [c].[_50DayMovingAverage], [c].[_52WeekHigh], [c].[_52WeekLow]
FROM [CompanyOverviews] AS [c]
WHERE [c].[Symbol] = @__entity_Symbol_0
2022-04-03 02:22:58.739 +03:00 [ERR] An exception occurred while iterating over the results of a query for context type 'SaluteStocksAPI.DataBase.StocksContext'.
System.InvalidCastException: Unable to cast object of type 'System.Int64' to type 'System.Double'.
   at Microsoft.Data.SqlClient.SqlBuffer.get_Double()
   at Microsoft.Data.SqlClient.SqlDataReader.GetDouble(Int32 i)
   at lambda_method179(Closure , QueryContext , DbDataReader , ResultContext , SingleQueryResultCoordinator )
   at Microsoft.EntityFrameworkCore.Query.Internal.SingleQueryingEnumerable`1.AsyncEnumerator.MoveNextAsync()
System.InvalidCastException: Unable to cast object of type 'System.Int64' to type 'System.Double'.
   at Microsoft.Data.SqlClient.SqlBuffer.get_Double()
   at Microsoft.Data.SqlClient.SqlDataReader.GetDouble(Int32 i)
   at lambda_method179(Closure , QueryContext , DbDataReader , ResultContext , SingleQueryResultCoordinator )
   at Microsoft.EntityFrameworkCore.Query.Internal.SingleQueryingEnumerable`1.AsyncEnumerator.MoveNextAsync()
2022-04-03 02:22:58.772 +03:00 [ERR] Failed to refresh  entity SaluteStocksAPI.Models.FundamentalData.CompanyOverview with Symbol ACABW
System.InvalidCastException: Unable to cast object of type 'System.Int64' to type 'System.Double'.
   at Microsoft.Data.SqlClient.SqlBuffer.get_Double()
   at Microsoft.Data.SqlClient.SqlDataReader.GetDouble(Int32 i)
   at lambda_method179(Closure , QueryContext , DbDataReader , ResultContext , SingleQueryResultCoordinator )
   at Microsoft.EntityFrameworkCore.Query.Internal.SingleQueryingEnumerable`1.AsyncEnumerator.MoveNextAsync()
   at Microsoft.EntityFrameworkCore.Query.ShapedQueryCompilingExpressionVisitor.SingleOrDefaultAsync[TSource](IAsyncEnumerable`1 asyncEnumerable, CancellationToken cancellationToken)
   at Microsoft.EntityFrameworkCore.Query.ShapedQueryCompilingExpressionVisitor.SingleOrDefaultAsync[TSource](IAsyncEnumerable`1 asyncEnumerable, CancellationToken cancellationToken)
   at SaluteStocksAPI.Service.DataBaseRepository.AddOrUpdate[T](T entity) in D:\repo\SaluteStocks\SaluteStocksAPI\Service\DataBaseRepository.cs:line 37
   at SaluteStocksAPI.Service.Background.Loader.RefreshEntity[T](String symbol) in D:\repo\SaluteStocks\SaluteStocksAPI\Service\Background\Loader.cs:line 201
2022-04-03 02:22:59.047 +03:00 [INF] Response has success status code
2022-04-03 02:22:59.047 +03:00 [INF] Trying to deserialize response.
2022-04-03 02:22:59.049 +03:00 [WRN] Bad response: {
    "Error Message": "Invalid API call. Please retry or visit the documentation (https://www.alphavantage.co/documentation/) for BALANCE_SHEET."
}
2022-04-03 02:22:59.091 +03:00 [INF] Entity Framework Core 6.0.3 initialized 'StocksContext' using provider 'Microsoft.EntityFrameworkCore.SqlServer:6.0.0' with options: None
2022-04-03 02:22:59.102 +03:00 [INF] Executed DbCommand (9ms) [Parameters=[@__symbol_0='?' (Size = 450)], CommandType='"Text"', CommandTimeout='30']
SELECT TOP(2) [c].[Symbol], [c].[Address], [c].[AnalystTargetPrice], [c].[AssetType], [c].[Beta], [c].[BookValue], [c].[CIK], [c].[Country], [c].[Currency], [c].[Description], [c].[DilutedEPSTTM], [c].[DividendDate], [c].[DividendPerShare], [c].[DividendYield], [c].[EBITDA], [c].[EPS], [c].[EVToEBITDA], [c].[EVToRevenue], [c].[ExDividendDate], [c].[Exchange], [c].[ExistInApi], [c].[FiscalYearEnd], [c].[ForwardPE], [c].[GrossProfitTTM], [c].[Industry], [c].[LastApiRefresh], [c].[LastLocalRefresh], [c].[LatestQuarter], [c].[MarketCapitalization], [c].[Name], [c].[OperatingMarginTTM], [c].[PEGRatio], [c].[PERatio], [c].[PriceToBookRatio], [c].[PriceToSalesRatioTTM], [c].[ProfitMargin], [c].[QuarterlyEarningsGrowthYOY], [c].[QuarterlyRevenueGrowthYOY], [c].[ReturnOnAssetsTTM], [c].[ReturnOnEquityTTM], [c].[RevenuePerShareTTM], [c].[RevenueTTM], [c].[Sector], [c].[SharesOutstanding], [c].[TrailingPE], [c].[_200DayMovingAverage], [c].[_50DayMovingAverage], [c].[_52WeekHigh], [c].[_52WeekLow]
FROM [CompanyOverviews] AS [c]
WHERE [c].[Symbol] = @__symbol_0
2022-04-03 02:22:59.107 +03:00 [INF] Generating URI for OVERVIEW with params: symbol: AIO
2022-04-03 02:22:59.108 +03:00 [INF] URI: https://www.alphavantage.co/query?apikey=YTXYXH479B3J1MY2&function=OVERVIEW&symbol=AIO
2022-04-03 02:22:59.108 +03:00 [INF] Starting to get and parse JSON from "https://www.alphavantage.co/query?apikey=YTXYXH479B3J1MY2&function=OVERVIEW&symbol=AIO".
