2022-04-03 19:52:48.221 +03:00 [INF] Generating URI for LISTING_STATUS with params: state: active
2022-04-03 19:52:48.246 +03:00 [INF] URI: https://www.alphavantage.co/query?apikey=YTXYXH479B3J1MY2&function=LISTING_STATUS&state=active
2022-04-03 19:52:48.254 +03:00 [INF] Starting to get and parse CSV from "https://www.alphavantage.co/query?apikey=YTXYXH479B3J1MY2&function=LISTING_STATUS&state=active".
2022-04-03 19:52:48.422 +03:00 [INF] Now listening on: https://localhost:5001
2022-04-03 19:52:48.423 +03:00 [INF] Now listening on: http://localhost:5000
2022-04-03 19:52:48.424 +03:00 [INF] Application started. Press Ctrl+C to shut down.
2022-04-03 19:52:48.425 +03:00 [INF] Hosting environment: Development
2022-04-03 19:52:48.426 +03:00 [INF] Content root path: D:\repo\SaluteStocks\SaluteStocksAPI\
2022-04-03 19:52:48.961 +03:00 [INF] Request starting HTTP/2 GET https://localhost:5001/swagger/index.html - -
2022-04-03 19:52:49.041 +03:00 [INF] Request finished HTTP/2 GET https://localhost:5001/swagger/index.html - - - 200 - text/html;charset=utf-8 82.1861ms
2022-04-03 19:52:49.159 +03:00 [INF] Request starting HTTP/2 GET https://localhost:5001/swagger/v1/swagger.json - -
2022-04-03 19:52:49.172 +03:00 [ERR] An unhandled exception has occurred while executing the request.
Swashbuckle.AspNetCore.SwaggerGen.SwaggerGeneratorException: Ambiguous HTTP method for action - SaluteStocksAPI.Controllers.ApiController.Ping (SaluteStocksAPI). Actions require an explicit HttpMethod binding for Swagger/OpenAPI 3.0
   at Swashbuckle.AspNetCore.SwaggerGen.SwaggerGenerator.GenerateOperations(IEnumerable`1 apiDescriptions, SchemaRepository schemaRepository)
   at Swashbuckle.AspNetCore.SwaggerGen.SwaggerGenerator.GeneratePaths(IEnumerable`1 apiDescriptions, SchemaRepository schemaRepository)
   at Swashbuckle.AspNetCore.SwaggerGen.SwaggerGenerator.GetSwagger(String documentName, String host, String basePath)
   at Swashbuckle.AspNetCore.Swagger.SwaggerMiddleware.Invoke(HttpContext httpContext, ISwaggerProvider swaggerProvider)
   at Microsoft.AspNetCore.Diagnostics.DeveloperExceptionPageMiddleware.Invoke(HttpContext context)
2022-04-03 19:52:49.194 +03:00 [INF] Request finished HTTP/2 GET https://localhost:5001/swagger/v1/swagger.json - - - 500 - text/plain;+charset=utf-8 34.6086ms
2022-04-03 19:52:54.215 +03:00 [INF] Response has success status code
2022-04-03 19:52:54.218 +03:00 [INF] Trying to deserialize response.
2022-04-03 19:52:54.937 +03:00 [INF] Entity Framework Core 6.0.3 initialized 'StocksContext' using provider 'Microsoft.EntityFrameworkCore.SqlServer:6.0.0' with options: None
2022-04-03 19:52:55.214 +03:00 [INF] Executed DbCommand (28ms) [Parameters=[], CommandType='"Text"', CommandTimeout='30']
SELECT TOP 0 T.[Symbol], T.[AssetType], T.[DelistingDate], T.[Exchange], T.[ExistInApi], T.[IpoDate], T.[LastApiRefresh], T.[LastLocalRefresh], T.[Name], T.[Status] INTO [ListingTemp8ba3dde9] FROM [Listing] AS T LEFT JOIN [Listing] AS Source ON 1 = 0;
2022-04-03 19:52:56.383 +03:00 [INF] Executed DbCommand (601ms) [Parameters=[], CommandType='"Text"', CommandTimeout='30']
MERGE [Listing] WITH (HOLDLOCK) AS T USING (SELECT TOP 12514 * FROM [ListingTemp8ba3dde9] ORDER BY [Symbol]) AS S ON T.[Symbol] = S.[Symbol] WHEN NOT MATCHED BY TARGET THEN INSERT ([Symbol], [AssetType], [DelistingDate], [Exchange], [ExistInApi], [IpoDate], [LastApiRefresh], [LastLocalRefresh], [Name], [Status]) VALUES (S.[Symbol], S.[AssetType], S.[DelistingDate], S.[Exchange], S.[ExistInApi], S.[IpoDate], S.[LastApiRefresh], S.[LastLocalRefresh], S.[Name], S.[Status]) WHEN MATCHED AND EXISTS (SELECT S.[Symbol], S.[AssetType], S.[DelistingDate], S.[Exchange], S.[ExistInApi], S.[IpoDate], S.[LastApiRefresh], S.[LastLocalRefresh], S.[Name], S.[Status] EXCEPT SELECT T.[Symbol], T.[AssetType], T.[DelistingDate], T.[Exchange], T.[ExistInApi], T.[IpoDate], T.[LastApiRefresh], T.[LastLocalRefresh], T.[Name], T.[Status]) THEN UPDATE SET T.[AssetType] = S.[AssetType], T.[DelistingDate] = S.[DelistingDate], T.[Exchange] = S.[Exchange], T.[ExistInApi] = S.[ExistInApi], T.[IpoDate] = S.[IpoDate], T.[LastApiRefresh] = S.[LastApiRefresh], T.[LastLocalRefresh] = S.[LastLocalRefresh], T.[Name] = S.[Name], T.[Status] = S.[Status] WHEN NOT MATCHED BY SOURCE THEN DELETE;
2022-04-03 19:52:56.398 +03:00 [INF] Executed DbCommand (13ms) [Parameters=[], CommandType='"Text"', CommandTimeout='30']
IF OBJECT_ID ('[ListingTemp8ba3dde9]', 'U') IS NOT NULL DROP TABLE [ListingTemp8ba3dde9]
2022-04-03 19:52:56.408 +03:00 [INF] Loading missing data.
2022-04-03 19:52:56.411 +03:00 [INF] Entity Framework Core 6.0.3 initialized 'StocksContext' using provider 'Microsoft.EntityFrameworkCore.SqlServer:6.0.0' with options: None
2022-04-03 19:52:56.545 +03:00 [INF] Executed DbCommand (14ms) [Parameters=[], CommandType='"Text"', CommandTimeout='30']
SELECT [l].[Symbol]
FROM [Listing] AS [l]
2022-04-03 19:52:56.576 +03:00 [INF] Loading missing entities for SaluteStocksAPI.Models.FundamentalData.BalanceSheet
2022-04-03 19:52:56.578 +03:00 [INF] Getting already loaded entities
2022-04-03 19:52:56.591 +03:00 [INF] Entity Framework Core 6.0.3 initialized 'StocksContext' using provider 'Microsoft.EntityFrameworkCore.SqlServer:6.0.0' with options: None
2022-04-03 19:52:56.604 +03:00 [INF] Loading missing entities for SaluteStocksAPI.Models.FundamentalData.CashFlow
2022-04-03 19:52:56.605 +03:00 [INF] Getting already loaded entities
2022-04-03 19:52:56.606 +03:00 [INF] Entity Framework Core 6.0.3 initialized 'StocksContext' using provider 'Microsoft.EntityFrameworkCore.SqlServer:6.0.0' with options: None
2022-04-03 19:52:56.610 +03:00 [INF] Loading missing entities for SaluteStocksAPI.Models.FundamentalData.CompanyOverview
2022-04-03 19:52:56.611 +03:00 [INF] Getting already loaded entities
2022-04-03 19:52:56.611 +03:00 [INF] Executed DbCommand (8ms) [Parameters=[], CommandType='"Text"', CommandTimeout='30']
SELECT DISTINCT [b].[Symbol]
FROM [BalanceSheets] AS [b]
WHERE [b].[ExistInApi] IS NOT NULL
2022-04-03 19:52:56.612 +03:00 [INF] Entity Framework Core 6.0.3 initialized 'StocksContext' using provider 'Microsoft.EntityFrameworkCore.SqlServer:6.0.0' with options: None
2022-04-03 19:52:56.615 +03:00 [INF] Already loaded: 788
2022-04-03 19:52:56.617 +03:00 [INF] Loading missing entities for SaluteStocksAPI.Models.FundamentalData.Earnings
2022-04-03 19:52:56.617 +03:00 [INF] Getting already loaded entities
2022-04-03 19:52:56.618 +03:00 [INF] Entity Framework Core 6.0.3 initialized 'StocksContext' using provider 'Microsoft.EntityFrameworkCore.SqlServer:6.0.0' with options: None
2022-04-03 19:52:56.621 +03:00 [INF] Loading missing entities for SaluteStocksAPI.Models.FundamentalData.IncomeStatement
2022-04-03 19:52:56.622 +03:00 [INF] Getting already loaded entities
2022-04-03 19:52:56.622 +03:00 [INF] Trying to refresh entity SaluteStocksAPI.Models.FundamentalData.BalanceSheet with Symbol ARES
2022-04-03 19:52:56.623 +03:00 [INF] Entity Framework Core 6.0.3 initialized 'StocksContext' using provider 'Microsoft.EntityFrameworkCore.SqlServer:6.0.0' with options: None
2022-04-03 19:52:56.623 +03:00 [INF] Executed DbCommand (6ms) [Parameters=[], CommandType='"Text"', CommandTimeout='30']
SELECT DISTINCT [c].[Symbol]
FROM [CompanyOverviews] AS [c]
WHERE [c].[ExistInApi] IS NOT NULL
2022-04-03 19:52:56.624 +03:00 [INF] Generating URI for BALANCE_SHEET with params: symbol: ARES
2022-04-03 19:52:56.626 +03:00 [INF] Already loaded: 387
2022-04-03 19:52:56.626 +03:00 [INF] URI: https://www.alphavantage.co/query?apikey=YTXYXH479B3J1MY2&function=BALANCE_SHEET&symbol=ARES
2022-04-03 19:52:56.627 +03:00 [INF] Trying to refresh entity SaluteStocksAPI.Models.FundamentalData.CompanyOverview with Symbol ACABW
2022-04-03 19:52:56.631 +03:00 [INF] Starting to get and parse JSON from "https://www.alphavantage.co/query?apikey=YTXYXH479B3J1MY2&function=BALANCE_SHEET&symbol=ARES".
2022-04-03 19:52:56.632 +03:00 [INF] Generating URI for OVERVIEW with params: symbol: ACABW
2022-04-03 19:52:56.635 +03:00 [INF] URI: https://www.alphavantage.co/query?apikey=YTXYXH479B3J1MY2&function=OVERVIEW&symbol=ACABW
2022-04-03 19:52:56.635 +03:00 [INF] Starting to get and parse JSON from "https://www.alphavantage.co/query?apikey=YTXYXH479B3J1MY2&function=OVERVIEW&symbol=ACABW".
2022-04-03 19:52:56.688 +03:00 [INF] Executed DbCommand (7ms) [Parameters=[], CommandType='"Text"', CommandTimeout='30']
SELECT DISTINCT [e].[Symbol]
FROM [Earnings] AS [e]
WHERE [e].[ExistInApi] IS NOT NULL
2022-04-03 19:52:56.689 +03:00 [INF] Already loaded: 109
2022-04-03 19:52:56.690 +03:00 [INF] Trying to refresh entity SaluteStocksAPI.Models.FundamentalData.Earnings with Symbol AAQC-U
2022-04-03 19:52:56.693 +03:00 [INF] Generating URI for EARNINGS with params: symbol: AAQC-U
2022-04-03 19:52:56.693 +03:00 [INF] URI: https://www.alphavantage.co/query?apikey=YTXYXH479B3J1MY2&function=EARNINGS&symbol=AAQC-U
2022-04-03 19:52:56.694 +03:00 [INF] Starting to get and parse JSON from "https://www.alphavantage.co/query?apikey=YTXYXH479B3J1MY2&function=EARNINGS&symbol=AAQC-U".
2022-04-03 19:52:56.696 +03:00 [INF] Executed DbCommand (16ms) [Parameters=[], CommandType='"Text"', CommandTimeout='30']
SELECT DISTINCT [c].[Symbol]
FROM [CashFlows] AS [c]
WHERE [c].[ExistInApi] IS NOT NULL
2022-04-03 19:52:56.698 +03:00 [INF] Already loaded: 112
2022-04-03 19:52:56.698 +03:00 [INF] Trying to refresh entity SaluteStocksAPI.Models.FundamentalData.CashFlow with Symbol AAQC-U
2022-04-03 19:52:56.700 +03:00 [INF] Generating URI for CASH_FLOW with params: symbol: AAQC-U
2022-04-03 19:52:56.701 +03:00 [INF] URI: https://www.alphavantage.co/query?apikey=YTXYXH479B3J1MY2&function=CASH_FLOW&symbol=AAQC-U
2022-04-03 19:52:56.702 +03:00 [INF] Starting to get and parse JSON from "https://www.alphavantage.co/query?apikey=YTXYXH479B3J1MY2&function=CASH_FLOW&symbol=AAQC-U".
2022-04-03 19:52:56.722 +03:00 [INF] Executed DbCommand (8ms) [Parameters=[], CommandType='"Text"', CommandTimeout='30']
SELECT DISTINCT [i].[Symbol]
FROM [IncomeStatements] AS [i]
WHERE [i].[ExistInApi] IS NOT NULL
2022-04-03 19:52:56.724 +03:00 [INF] Already loaded: 98
2022-04-03 19:52:56.724 +03:00 [INF] Trying to refresh entity SaluteStocksAPI.Models.FundamentalData.IncomeStatement with Symbol AAQC-WS
2022-04-03 19:52:56.726 +03:00 [INF] Generating URI for INCOME_STATEMENT with params: symbol: AAQC-WS
2022-04-03 19:52:56.727 +03:00 [INF] URI: https://www.alphavantage.co/query?apikey=YTXYXH479B3J1MY2&function=INCOME_STATEMENT&symbol=AAQC-WS
2022-04-03 19:52:56.728 +03:00 [INF] Starting to get and parse JSON from "https://www.alphavantage.co/query?apikey=YTXYXH479B3J1MY2&function=INCOME_STATEMENT&symbol=AAQC-WS".
2022-04-03 19:52:57.230 +03:00 [INF] Response has success status code
2022-04-03 19:52:57.230 +03:00 [INF] Trying to deserialize response.
2022-04-03 19:52:57.298 +03:00 [INF] Entity Framework Core 6.0.3 initialized 'StocksContext' using provider 'Microsoft.EntityFrameworkCore.SqlServer:6.0.0' with options: None
2022-04-03 19:52:57.359 +03:00 [INF] Executed DbCommand (16ms) [Parameters=[@__symbol_0='?' (Size = 450)], CommandType='"Text"', CommandTimeout='30']
SELECT TOP(2) [c].[Symbol], [c].[Address], [c].[AnalystTargetPrice], [c].[AssetType], [c].[Beta], [c].[BookValue], [c].[CIK], [c].[Country], [c].[Currency], [c].[Description], [c].[DilutedEPSTTM], [c].[DividendDate], [c].[DividendPerShare], [c].[DividendYield], [c].[EBITDA], [c].[EPS], [c].[EVToEBITDA], [c].[EVToRevenue], [c].[ExDividendDate], [c].[Exchange], [c].[ExistInApi], [c].[FiscalYearEnd], [c].[ForwardPE], [c].[GrossProfitTTM], [c].[Industry], [c].[LastApiRefresh], [c].[LastLocalRefresh], [c].[LatestQuarter], [c].[MarketCapitalization], [c].[Name], [c].[OperatingMarginTTM], [c].[PEGRatio], [c].[PERatio], [c].[PriceToBookRatio], [c].[PriceToSalesRatioTTM], [c].[ProfitMargin], [c].[QuarterlyEarningsGrowthYOY], [c].[QuarterlyRevenueGrowthYOY], [c].[ReturnOnAssetsTTM], [c].[ReturnOnEquityTTM], [c].[RevenuePerShareTTM], [c].[RevenueTTM], [c].[Sector], [c].[SharesOutstanding], [c].[TrailingPE], [c].[_200DayMovingAverage], [c].[_50DayMovingAverage], [c].[_52WeekHigh], [c].[_52WeekLow]
FROM [CompanyOverviews] AS [c]
WHERE [c].[Symbol] = @__symbol_0
2022-04-03 19:52:57.418 +03:00 [INF] Start AddOrUpdate for SaluteStocksAPI.Models.FundamentalData.CashFlow.
2022-04-03 19:52:57.432 +03:00 [INF] Executed DbCommand (11ms) [Parameters=[@__entity_Symbol_0='?' (Size = 450)], CommandType='"Text"', CommandTimeout='30']
SELECT TOP(2) [c].[Symbol], [c].[ExistInApi], [c].[LastApiRefresh], [c].[LastLocalRefresh]
FROM [CashFlows] AS [c]
WHERE [c].[Symbol] = @__entity_Symbol_0
2022-04-03 19:52:57.435 +03:00 [INF] Entity does not exist. Adding to DB.
2022-04-03 19:52:57.518 +03:00 [INF] Executed DbCommand (11ms) [Parameters=[@p0='?' (Size = 450), @p1='?' (DbType = Boolean), @p2='?' (DbType = DateTime2), @p3='?' (DbType = DateTime2)], CommandType='"Text"', CommandTimeout='30']
SET NOCOUNT ON;
INSERT INTO [CashFlows] ([Symbol], [ExistInApi], [LastApiRefresh], [LastLocalRefresh])
VALUES (@p0, @p1, @p2, @p3);
2022-04-03 19:52:57.536 +03:00 [INF] AddOrUpdate run successful.
2022-04-03 19:52:58.083 +03:00 [INF] Response has success status code
2022-04-03 19:52:58.085 +03:00 [INF] Trying to deserialize response.
2022-04-03 19:52:58.108 +03:00 [INF] Entity Framework Core 6.0.3 initialized 'StocksContext' using provider 'Microsoft.EntityFrameworkCore.SqlServer:6.0.0' with options: None
2022-04-03 19:52:58.174 +03:00 [INF] Response has success status code
2022-04-03 19:52:58.175 +03:00 [INF] Trying to deserialize response.
2022-04-03 19:52:58.178 +03:00 [INF] Executed DbCommand (67ms) [Parameters=[@__symbol_0='?' (Size = 450)], CommandType='"Text"', CommandTimeout='30']
SELECT TOP(2) [c].[Symbol], [c].[Address], [c].[AnalystTargetPrice], [c].[AssetType], [c].[Beta], [c].[BookValue], [c].[CIK], [c].[Country], [c].[Currency], [c].[Description], [c].[DilutedEPSTTM], [c].[DividendDate], [c].[DividendPerShare], [c].[DividendYield], [c].[EBITDA], [c].[EPS], [c].[EVToEBITDA], [c].[EVToRevenue], [c].[ExDividendDate], [c].[Exchange], [c].[ExistInApi], [c].[FiscalYearEnd], [c].[ForwardPE], [c].[GrossProfitTTM], [c].[Industry], [c].[LastApiRefresh], [c].[LastLocalRefresh], [c].[LatestQuarter], [c].[MarketCapitalization], [c].[Name], [c].[OperatingMarginTTM], [c].[PEGRatio], [c].[PERatio], [c].[PriceToBookRatio], [c].[PriceToSalesRatioTTM], [c].[ProfitMargin], [c].[QuarterlyEarningsGrowthYOY], [c].[QuarterlyRevenueGrowthYOY], [c].[ReturnOnAssetsTTM], [c].[ReturnOnEquityTTM], [c].[RevenuePerShareTTM], [c].[RevenueTTM], [c].[Sector], [c].[SharesOutstanding], [c].[TrailingPE], [c].[_200DayMovingAverage], [c].[_50DayMovingAverage], [c].[_52WeekHigh], [c].[_52WeekLow]
FROM [CompanyOverviews] AS [c]
WHERE [c].[Symbol] = @__symbol_0
2022-04-03 19:52:58.180 +03:00 [INF] Generating URI for OVERVIEW with params: symbol: ARES
2022-04-03 19:52:58.181 +03:00 [INF] URI: https://www.alphavantage.co/query?apikey=YTXYXH479B3J1MY2&function=OVERVIEW&symbol=ARES
2022-04-03 19:52:58.182 +03:00 [INF] Starting to get and parse JSON from "https://www.alphavantage.co/query?apikey=YTXYXH479B3J1MY2&function=OVERVIEW&symbol=ARES".
2022-04-03 19:52:58.187 +03:00 [INF] Start AddOrUpdate for SaluteStocksAPI.Models.FundamentalData.CompanyOverview.
2022-04-03 19:52:58.189 +03:00 [INF] Entity Framework Core 6.0.3 initialized 'StocksContext' using provider 'Microsoft.EntityFrameworkCore.SqlServer:6.0.0' with options: None
2022-04-03 19:52:58.205 +03:00 [INF] Executed DbCommand (10ms) [Parameters=[@__entity_Symbol_0='?' (Size = 450)], CommandType='"Text"', CommandTimeout='30']
SELECT TOP(2) [c].[Symbol], [c].[Address], [c].[AnalystTargetPrice], [c].[AssetType], [c].[Beta], [c].[BookValue], [c].[CIK], [c].[Country], [c].[Currency], [c].[Description], [c].[DilutedEPSTTM], [c].[DividendDate], [c].[DividendPerShare], [c].[DividendYield], [c].[EBITDA], [c].[EPS], [c].[EVToEBITDA], [c].[EVToRevenue], [c].[ExDividendDate], [c].[Exchange], [c].[ExistInApi], [c].[FiscalYearEnd], [c].[ForwardPE], [c].[GrossProfitTTM], [c].[Industry], [c].[LastApiRefresh], [c].[LastLocalRefresh], [c].[LatestQuarter], [c].[MarketCapitalization], [c].[Name], [c].[OperatingMarginTTM], [c].[PEGRatio], [c].[PERatio], [c].[PriceToBookRatio], [c].[PriceToSalesRatioTTM], [c].[ProfitMargin], [c].[QuarterlyEarningsGrowthYOY], [c].[QuarterlyRevenueGrowthYOY], [c].[ReturnOnAssetsTTM], [c].[ReturnOnEquityTTM], [c].[RevenuePerShareTTM], [c].[RevenueTTM], [c].[Sector], [c].[SharesOutstanding], [c].[TrailingPE], [c].[_200DayMovingAverage], [c].[_50DayMovingAverage], [c].[_52WeekHigh], [c].[_52WeekLow]
FROM [CompanyOverviews] AS [c]
WHERE [c].[Symbol] = @__entity_Symbol_0
2022-04-03 19:52:58.207 +03:00 [INF] Entity already exist. Updating entity DB.
2022-04-03 19:52:58.240 +03:00 [INF] Executed DbCommand (19ms) [Parameters=[@p5='?' (Size = 450), @p0='?' (DbType = Double), @p1='?' (DbType = Boolean), @p2='?' (Size = 4000), @p3='?' (DbType = DateTime2), @p4='?' (DbType = Double)], CommandType='"Text"', CommandTimeout='30']
SET NOCOUNT ON;
UPDATE [CompanyOverviews] SET [BookValue] = @p0, [ExistInApi] = @p1, [FiscalYearEnd] = @p2, [LastLocalRefresh] = @p3, [_52WeekHigh] = @p4
WHERE [Symbol] = @p5;
SELECT @@ROWCOUNT;
2022-04-03 19:52:58.248 +03:00 [INF] AddOrUpdate run successful.
2022-04-03 19:52:58.278 +03:00 [INF] Response has success status code
2022-04-03 19:52:58.311 +03:00 [INF] Response has success status code
2022-04-03 19:52:58.338 +03:00 [INF] Trying to deserialize response.
2022-04-03 19:52:58.345 +03:00 [WRN] Reached the API limit when getting SaluteStocksAPI.Models.FundamentalData.IncomeStatement for symbol AAQC-WS
SaluteStocksAPI.AlphaVantage.Exceptions.AlphaVantageRequestLimit: {
    "Note": "Thank you for using Alpha Vantage! Our standard API call frequency is 5 calls per minute and 500 calls per day. Please visit https://www.alphavantage.co/premium/ if you would like to target a higher API call frequency."
}
   at SaluteStocksAPI.AlphaVantage.AlphaVantageClient.GetAndParseJsonAsync[T](Uri uri) in D:\repo\SaluteStocks\SaluteStocksAPI\AlphaVantage\AlphaVantageClient.cs:line 316
   at SaluteStocksAPI.AlphaVantage.AlphaVantageClient.GetIncomeStatement(String symbol) in D:\repo\SaluteStocks\SaluteStocksAPI\AlphaVantage\AlphaVantageClient.cs:line 69
   at SaluteStocksAPI.Service.Background.Loader.RefreshEntity[T](String symbol) in D:\repo\SaluteStocks\SaluteStocksAPI\Service\Background\Loader.cs:line 181
2022-04-03 19:52:58.349 +03:00 [INF] Entity Framework Core 6.0.3 initialized 'StocksContext' using provider 'Microsoft.EntityFrameworkCore.SqlServer:6.0.0' with options: None
2022-04-03 19:52:58.382 +03:00 [INF] Executed DbCommand (11ms) [Parameters=[@__symbol_0='?' (Size = 450)], CommandType='"Text"', CommandTimeout='30']
SELECT TOP(2) [c].[Symbol], [c].[Address], [c].[AnalystTargetPrice], [c].[AssetType], [c].[Beta], [c].[BookValue], [c].[CIK], [c].[Country], [c].[Currency], [c].[Description], [c].[DilutedEPSTTM], [c].[DividendDate], [c].[DividendPerShare], [c].[DividendYield], [c].[EBITDA], [c].[EPS], [c].[EVToEBITDA], [c].[EVToRevenue], [c].[ExDividendDate], [c].[Exchange], [c].[ExistInApi], [c].[FiscalYearEnd], [c].[ForwardPE], [c].[GrossProfitTTM], [c].[Industry], [c].[LastApiRefresh], [c].[LastLocalRefresh], [c].[LatestQuarter], [c].[MarketCapitalization], [c].[Name], [c].[OperatingMarginTTM], [c].[PEGRatio], [c].[PERatio], [c].[PriceToBookRatio], [c].[PriceToSalesRatioTTM], [c].[ProfitMargin], [c].[QuarterlyEarningsGrowthYOY], [c].[QuarterlyRevenueGrowthYOY], [c].[ReturnOnAssetsTTM], [c].[ReturnOnEquityTTM], [c].[RevenuePerShareTTM], [c].[RevenueTTM], [c].[Sector], [c].[SharesOutstanding], [c].[TrailingPE], [c].[_200DayMovingAverage], [c].[_50DayMovingAverage], [c].[_52WeekHigh], [c].[_52WeekLow]
FROM [CompanyOverviews] AS [c]
WHERE [c].[Symbol] = @__symbol_0
2022-04-03 19:52:58.384 +03:00 [INF] Start AddOrUpdate for SaluteStocksAPI.Models.FundamentalData.Earnings.
2022-04-03 19:52:58.397 +03:00 [INF] Executed DbCommand (10ms) [Parameters=[@__entity_Symbol_0='?' (Size = 450)], CommandType='"Text"', CommandTimeout='30']
SELECT TOP(2) [e].[Symbol], [e].[ExistInApi], [e].[LastApiRefresh], [e].[LastLocalRefresh]
FROM [Earnings] AS [e]
WHERE [e].[Symbol] = @__entity_Symbol_0
2022-04-03 19:52:58.399 +03:00 [INF] Entity does not exist. Adding to DB.
2022-04-03 19:52:58.424 +03:00 [INF] Executed DbCommand (12ms) [Parameters=[@p0='?' (Size = 450), @p1='?' (DbType = Boolean), @p2='?' (DbType = DateTime2), @p3='?' (DbType = DateTime2)], CommandType='"Text"', CommandTimeout='30']
SET NOCOUNT ON;
INSERT INTO [Earnings] ([Symbol], [ExistInApi], [LastApiRefresh], [LastLocalRefresh])
VALUES (@p0, @p1, @p2, @p3);
2022-04-03 19:52:58.431 +03:00 [INF] AddOrUpdate run successful.
2022-04-03 19:53:05.520 +03:00 [INF] Response has success status code
2022-04-03 19:53:05.520 +03:00 [INF] Trying to deserialize response.
2022-04-03 19:53:05.521 +03:00 [INF] Start AddOrUpdate for SaluteStocksAPI.Models.FundamentalData.CompanyOverview.
2022-04-03 19:53:05.532 +03:00 [INF] Executed DbCommand (10ms) [Parameters=[@__entity_Symbol_0='?' (Size = 450)], CommandType='"Text"', CommandTimeout='30']
SELECT TOP(2) [c].[Symbol], [c].[Address], [c].[AnalystTargetPrice], [c].[AssetType], [c].[Beta], [c].[BookValue], [c].[CIK], [c].[Country], [c].[Currency], [c].[Description], [c].[DilutedEPSTTM], [c].[DividendDate], [c].[DividendPerShare], [c].[DividendYield], [c].[EBITDA], [c].[EPS], [c].[EVToEBITDA], [c].[EVToRevenue], [c].[ExDividendDate], [c].[Exchange], [c].[ExistInApi], [c].[FiscalYearEnd], [c].[ForwardPE], [c].[GrossProfitTTM], [c].[Industry], [c].[LastApiRefresh], [c].[LastLocalRefresh], [c].[LatestQuarter], [c].[MarketCapitalization], [c].[Name], [c].[OperatingMarginTTM], [c].[PEGRatio], [c].[PERatio], [c].[PriceToBookRatio], [c].[PriceToSalesRatioTTM], [c].[ProfitMargin], [c].[QuarterlyEarningsGrowthYOY], [c].[QuarterlyRevenueGrowthYOY], [c].[ReturnOnAssetsTTM], [c].[ReturnOnEquityTTM], [c].[RevenuePerShareTTM], [c].[RevenueTTM], [c].[Sector], [c].[SharesOutstanding], [c].[TrailingPE], [c].[_200DayMovingAverage], [c].[_50DayMovingAverage], [c].[_52WeekHigh], [c].[_52WeekLow]
FROM [CompanyOverviews] AS [c]
WHERE [c].[Symbol] = @__entity_Symbol_0
2022-04-03 19:53:05.534 +03:00 [INF] Entity does not exist. Adding to DB.
2022-04-03 19:53:05.558 +03:00 [INF] Executed DbCommand (16ms) [Parameters=[@p0='?' (Size = 450), @p1='?' (Size = 4000), @p2='?' (DbType = Double), @p3='?' (Size = 4000), @p4='?' (DbType = Double), @p5='?' (DbType = Double), @p6='?' (DbType = Int64), @p7='?' (Size = 4000), @p8='?' (Size = 4000), @p9='?' (Size = 4000), @p10='?' (DbType = Double), @p11='?' (DbType = DateTime2), @p12='?' (DbType = Double), @p13='?' (DbType = Double), @p14='?' (DbType = Int64), @p15='?' (DbType = Double), @p16='?' (DbType = Double), @p17='?' (DbType = Double), @p18='?' (DbType = DateTime2), @p19='?' (Size = 4000), @p20='?' (DbType = Boolean), @p21='?' (Size = 4000), @p22='?' (DbType = Double), @p23='?' (DbType = Int64), @p24='?' (Size = 4000), @p25='?' (DbType = DateTime2), @p26='?' (DbType = DateTime2), @p27='?' (DbType = Int64), @p28='?' (Size = 4000), @p29='?' (DbType = Double), @p30='?' (DbType = Double), @p31='?' (DbType = Double), @p32='?' (DbType = Double), @p33='?' (DbType = Double), @p34='?' (DbType = Double), @p35='?' (DbType = Double), @p36='?' (DbType = Double), @p37='?' (DbType = Double), @p38='?' (DbType = Double), @p39='?' (DbType = Double), @p40='?' (DbType = Int64), @p41='?' (Size = 4000), @p42='?' (DbType = Int64), @p43='?' (DbType = Double), @p44='?' (DbType = Double), @p45='?' (DbType = Double), @p46='?' (DbType = Double), @p47='?' (DbType = Double)], CommandType='"Text"', CommandTimeout='30']
SET NOCOUNT ON;
INSERT INTO [CompanyOverviews] ([Symbol], [Address], [AnalystTargetPrice], [AssetType], [Beta], [BookValue], [CIK], [Country], [Currency], [Description], [DilutedEPSTTM], [DividendDate], [DividendPerShare], [DividendYield], [EBITDA], [EPS], [EVToEBITDA], [EVToRevenue], [ExDividendDate], [Exchange], [ExistInApi], [FiscalYearEnd], [ForwardPE], [GrossProfitTTM], [Industry], [LastApiRefresh], [LatestQuarter], [MarketCapitalization], [Name], [OperatingMarginTTM], [PEGRatio], [PERatio], [PriceToBookRatio], [PriceToSalesRatioTTM], [ProfitMargin], [QuarterlyEarningsGrowthYOY], [QuarterlyRevenueGrowthYOY], [ReturnOnAssetsTTM], [ReturnOnEquityTTM], [RevenuePerShareTTM], [RevenueTTM], [Sector], [SharesOutstanding], [TrailingPE], [_200DayMovingAverage], [_50DayMovingAverage], [_52WeekHigh], [_52WeekLow])
VALUES (@p0, @p1, @p2, @p3, @p4, @p5, @p6, @p7, @p8, @p9, @p10, @p11, @p12, @p13, @p14, @p15, @p16, @p17, @p18, @p19, @p20, @p21, @p22, @p23, @p24, @p25, @p26, @p27, @p28, @p29, @p30, @p31, @p32, @p33, @p34, @p35, @p36, @p37, @p38, @p39, @p40, @p41, @p42, @p43, @p44, @p45, @p46, @p47);
SELECT [LastLocalRefresh]
FROM [CompanyOverviews]
WHERE @@ROWCOUNT = 1 AND [Symbol] = @p0;
2022-04-03 19:53:05.574 +03:00 [INF] AddOrUpdate run successful.
2022-04-03 19:53:05.574 +03:00 [INF] Start AddOrUpdate for SaluteStocksAPI.Models.FundamentalData.BalanceSheet.
2022-04-03 19:53:05.584 +03:00 [INF] Executed DbCommand (7ms) [Parameters=[@__entity_Symbol_0='?' (Size = 450)], CommandType='"Text"', CommandTimeout='30']
SELECT TOP(2) [b].[Symbol], [b].[ExistInApi], [b].[LastApiRefresh], [b].[LastLocalRefresh]
FROM [BalanceSheets] AS [b]
WHERE [b].[Symbol] = @__entity_Symbol_0
2022-04-03 19:53:05.587 +03:00 [INF] Entity does not exist. Adding to DB.
2022-04-03 19:53:05.684 +03:00 [INF] Executed DbCommand (8ms) [Parameters=[@p0='?' (Size = 450), @p1='?' (DbType = Boolean), @p2='?' (DbType = DateTime2), @p3='?' (DbType = DateTime2)], CommandType='"Text"', CommandTimeout='30']
SET NOCOUNT ON;
INSERT INTO [BalanceSheets] ([Symbol], [ExistInApi], [LastApiRefresh], [LastLocalRefresh])
VALUES (@p0, @p1, @p2, @p3);
2022-04-03 19:53:05.780 +03:00 [INF] Executed DbCommand (86ms) [Parameters=[@p4='?' (DbType = Double), @p5='?' (DbType = Double), @p6='?' (DbType = Double), @p7='?' (DbType = Double), @p8='?' (DbType = Double), @p9='?' (DbType = Double), @p10='?' (DbType = Double), @p11='?' (DbType = Double), @p12='?' (DbType = Double), @p13='?' (DbType = Double), @p14='?' (DbType = Double), @p15='?' (DbType = DateTime2), @p16='?' (DbType = Double), @p17='?' (DbType = Double), @p18='?' (DbType = Double), @p19='?' (DbType = Double), @p20='?' (DbType = Double), @p21='?' (DbType = Double), @p22='?' (DbType = Double), @p23='?' (DbType = Double), @p24='?' (DbType = Double), @p25='?' (DbType = Double), @p26='?' (DbType = Double), @p27='?' (DbType = Double), @p28='?' (DbType = Double), @p29='?' (Size = 4000), @p30='?' (DbType = Double), @p31='?' (DbType = Double), @p32='?' (DbType = Double), @p33='?' (DbType = Double), @p34='?' (Size = 450), @p35='?' (DbType = Double), @p36='?' (DbType = Double), @p37='?' (DbType = Double), @p38='?' (DbType = Double), @p39='?' (DbType = Double), @p40='?' (DbType = Double), @p41='?' (DbType = Double), @p42='?' (DbType = Double), @p43='?' (DbType = Double), @p44='?' (DbType = Double), @p45='?' (DbType = Double), @p46='?' (DbType = Double), @p47='?' (DbType = Double), @p48='?' (DbType = Double), @p49='?' (DbType = Double), @p50='?' (DbType = Double), @p51='?' (DbType = Double), @p52='?' (DbType = Double), @p53='?' (DbType = Double), @p54='?' (DbType = DateTime2), @p55='?' (DbType = Double), @p56='?' (DbType = Double), @p57='?' (DbType = Double), @p58='?' (DbType = Double), @p59='?' (DbType = Double), @p60='?' (DbType = Double), @p61='?' (DbType = Double), @p62='?' (DbType = Double), @p63='?' (DbType = Double), @p64='?' (DbType = Double), @p65='?' (DbType = Double), @p66='?' (DbType = Double), @p67='?' (DbType = Double), @p68='?' (Size = 4000), @p69='?' (DbType = Double), @p70='?' (DbType = Double), @p71='?' (DbType = Double), @p72='?' (DbType = Double), @p73='?' (Size = 450), @p74='?' (DbType = Double), @p75='?' (DbType = Double), @p76='?' (DbType = Double), @p77='?' (DbType = Double), @p78='?' (DbType = Double), @p79='?' (DbType = Double), @p80='?' (DbType = Double), @p81='?' (DbType = Double), @p82='?' (DbType = Double), @p83='?' (DbType = Double), @p84='?' (DbType = Double), @p85='?' (DbType = Double), @p86='?' (DbType = Double), @p87='?' (DbType = Double), @p88='?' (DbType = Double), @p89='?' (DbType = Double), @p90='?' (DbType = Double), @p91='?' (DbType = Double), @p92='?' (DbType = Double), @p93='?' (DbType = DateTime2), @p94='?' (DbType = Double), @p95='?' (DbType = Double), @p96='?' (DbType = Double), @p97='?' (DbType = Double), @p98='?' (DbType = Double), @p99='?' (DbType = Double), @p100='?' (DbType = Double), @p101='?' (DbType = Double), @p102='?' (DbType = Double), @p103='?' (DbType = Double), @p104='?' (DbType = Double), @p105='?' (DbType = Double), @p106='?' (DbType = Double), @p107='?' (Size = 4000), @p108='?' (DbType = Double), @p109='?' (DbType = Double), @p110='?' (DbType = Double), @p111='?' (DbType = Double), @p112='?' (Size = 450), @p113='?' (DbType = Double), @p114='?' (DbType = Double), @p115='?' (DbType = Double), @p116='?' (DbType = Double), @p117='?' (DbType = Double), @p118='?' (DbType = Double), @p119='?' (DbType = Double), @p120='?' (DbType = Double), @p121='?' (DbType = Double), @p122='?' (DbType = Double), @p123='?' (DbType = Double), @p124='?' (DbType = Double), @p125='?' (DbType = Double), @p126='?' (DbType = Double), @p127='?' (DbType = Double), @p128='?' (DbType = Double), @p129='?' (DbType = Double), @p130='?' (DbType = Double), @p131='?' (DbType = Double), @p132='?' (DbType = DateTime2), @p133='?' (DbType = Double), @p134='?' (DbType = Double), @p135='?' (DbType = Double), @p136='?' (DbType = Double), @p137='?' (DbType = Double), @p138='?' (DbType = Double), @p139='?' (DbType = Double), @p140='?' (DbType = Double), @p141='?' (DbType = Double), @p142='?' (DbType = Double), @p143='?' (DbType = Double), @p144='?' (DbType = Double), @p145='?' (DbType = Double), @p146='?' (Size = 4000), @p147='?' (DbType = Double), @p148='?' (DbType = Double), @p149='?' (DbType = Double), @p150='?' (DbType = Double), @p151='?' (Size = 450), @p152='?' (DbType = Double), @p153='?' (DbType = Double), @p154='?' (DbType = Double), @p155='?' (DbType = Double), @p156='?' (DbType = Double), @p157='?' (DbType = Double), @p158='?' (DbType = Double), @p159='?' (DbType = Double), @p160='?' (DbType = Double), @p161='?' (DbType = Double), @p162='?' (DbType = Double), @p163='?' (DbType = Double), @p164='?' (DbType = Double), @p165='?' (DbType = Double), @p166='?' (DbType = Double), @p167='?' (DbType = Double), @p168='?' (DbType = Double), @p169='?' (DbType = Double), @p170='?' (DbType = Double), @p171='?' (DbType = DateTime2), @p172='?' (DbType = Double), @p173='?' (DbType = Double), @p174='?' (DbType = Double), @p175='?' (DbType = Double), @p176='?' (DbType = Double), @p177='?' (DbType = Double), @p178='?' (DbType = Double), @p179='?' (DbType = Double), @p180='?' (DbType = Double), @p181='?' (DbType = Double), @p182='?' (DbType = Double), @p183='?' (DbType = Double), @p184='?' (DbType = Double), @p185='?' (Size = 4000), @p186='?' (DbType = Double), @p187='?' (DbType = Double), @p188='?' (DbType = Double), @p189='?' (DbType = Double), @p190='?' (Size = 450), @p191='?' (DbType = Double), @p192='?' (DbType = Double), @p193='?' (DbType = Double), @p194='?' (DbType = Double), @p195='?' (DbType = Double), @p196='?' (DbType = Double), @p197='?' (DbType = Double), @p198='?' (DbType = Double), @p199='?' (DbType = Double), @p200='?' (DbType = Double), @p201='?' (DbType = Double), @p202='?' (DbType = Double), @p203='?' (DbType = Double), @p204='?' (DbType = Double), @p205='?' (DbType = Double), @p206='?' (DbType = Double), @p207='?' (DbType = Double), @p208='?' (DbType = Double), @p209='?' (DbType = Double), @p210='?' (DbType = DateTime2), @p211='?' (DbType = Double), @p212='?' (DbType = Double), @p213='?' (DbType = Double), @p214='?' (DbType = Double), @p215='?' (DbType = Double), @p216='?' (DbType = Double), @p217='?' (DbType = Double), @p218='?' (DbType = Double), @p219='?' (DbType = Double), @p220='?' (DbType = Double), @p221='?' (DbType = Double), @p222='?' (DbType = Double), @p223='?' (DbType = Double), @p224='?' (Size = 4000), @p225='?' (DbType = Double), @p226='?' (DbType = Double), @p227='?' (DbType = Double), @p228='?' (DbType = Double), @p229='?' (Size = 450), @p230='?' (DbType = Double), @p231='?' (DbType = Double), @p232='?' (DbType = Double), @p233='?' (DbType = Double), @p234='?' (DbType = Double), @p235='?' (DbType = Double), @p236='?' (DbType = Double), @p237='?' (DbType = Double), @p238='?' (DbType = Double), @p239='?' (DbType = Double), @p240='?' (DbType = Double), @p241='?' (DbType = Double), @p242='?' (DbType = Double), @p243='?' (DbType = Double), @p244='?' (DbType = Double), @p245='?' (DbType = Double), @p246='?' (DbType = Double), @p247='?' (DbType = Double), @p248='?' (DbType = Double), @p249='?' (DbType = DateTime2), @p250='?' (DbType = Double), @p251='?' (DbType = Double), @p252='?' (DbType = Double), @p253='?' (DbType = Double), @p254='?' (DbType = Double), @p255='?' (DbType = Double), @p256='?' (DbType = Double), @p257='?' (DbType = Double), @p258='?' (DbType = Double), @p259='?' (DbType = Double), @p260='?' (DbType = Double), @p261='?' (DbType = Double), @p262='?' (DbType = Double), @p263='?' (Size = 4000), @p264='?' (DbType = Double), @p265='?' (DbType = Double), @p266='?' (DbType = Double), @p267='?' (DbType = Double), @p268='?' (Size = 450), @p269='?' (DbType = Double), @p270='?' (DbType = Double), @p271='?' (DbType = Double), @p272='?' (DbType = Double), @p273='?' (DbType = Double), @p274='?' (DbType = Double), @p275='?' (DbType = Double), @p276='?' (DbType = Double), @p277='?' (DbType = Double), @p278='?' (DbType = Double), @p279='?' (DbType = Double), @p280='?' (DbType = Double), @p281='?' (DbType = Double), @p282='?' (DbType = Double), @p283='?' (DbType = Double), @p284='?' (DbType = Double), @p285='?' (DbType = Double), @p286='?' (DbType = Double), @p287='?' (DbType = Double), @p288='?' (DbType = DateTime2), @p289='?' (DbType = Double), @p290='?' (DbType = Double), @p291='?' (DbType = Double), @p292='?' (DbType = Double), @p293='?' (DbType = Double), @p294='?' (DbType = Double), @p295='?' (DbType = Double), @p296='?' (DbType = Double), @p297='?' (DbType = Double), @p298='?' (DbType = Double), @p299='?' (DbType = Double), @p300='?' (DbType = Double), @p301='?' (DbType = Double), @p302='?' (Size = 4000), @p303='?' (DbType = Double), @p304='?' (DbType = Double), @p305='?' (DbType = Double), @p306='?' (DbType = Double), @p307='?' (Size = 450), @p308='?' (DbType = Double), @p309='?' (DbType = Double), @p310='?' (DbType = Double), @p311='?' (DbType = Double), @p312='?' (DbType = Double), @p313='?' (DbType = Double), @p314='?' (DbType = Double), @p315='?' (DbType = Double), @p316='?' (DbType = Double), @p317='?' (DbType = Double), @p318='?' (DbType = Double), @p319='?' (DbType = Double), @p320='?' (DbType = Double), @p321='?' (DbType = Double), @p322='?' (DbType = Double), @p323='?' (DbType = Double), @p324='?' (DbType = Double), @p325='?' (DbType = Double), @p326='?' (DbType = Double), @p327='?' (DbType = DateTime2), @p328='?' (DbType = Double), @p329='?' (DbType = Double), @p330='?' (DbType = Double), @p331='?' (DbType = Double), @p332='?' (DbType = Double), @p333='?' (DbType = Double), @p334='?' (DbType = Double), @p335='?' (DbType = Double), @p336='?' (DbType = Double), @p337='?' (DbType = Double), @p338='?' (DbType = Double), @p339='?' (DbType = Double), @p340='?' (DbType = Double), @p341='?' (Size = 4000), @p342='?' (DbType = Double), @p343='?' (DbType = Double), @p344='?' (DbType = Double), @p345='?' (DbType = Double), @p346='?' (Size = 450), @p347='?' (DbType = Double), @p348='?' (DbType = Double), @p349='?' (DbType = Double), @p350='?' (DbType = Double), @p351='?' (DbType = Double), @p352='?' (DbType = Double), @p353='?' (DbType = Double), @p354='?' (DbType = Double), @p355='?' (DbType = Double), @p356='?' (DbType = Double), @p357='?' (DbType = Double), @p358='?' (DbType = Double), @p359='?' (DbType = Double), @p360='?' (DbType = Double), @p361='?' (DbType = Double), @p362='?' (DbType = Double), @p363='?' (DbType = Double), @p364='?' (DbType = Double), @p365='?' (DbType = Double), @p366='?' (DbType = DateTime2), @p367='?' (DbType = Double), @p368='?' (DbType = Double), @p369='?' (DbType = Double), @p370='?' (DbType = Double), @p371='?' (DbType = Double), @p372='?' (DbType = Double), @p373='?' (DbType = Double), @p374='?' (DbType = Double), @p375='?' (DbType = Double), @p376='?' (DbType = Double), @p377='?' (DbType = Double), @p378='?' (DbType = Double), @p379='?' (DbType = Double), @p380='?' (Size = 4000), @p381='?' (DbType = Double), @p382='?' (DbType = Double), @p383='?' (DbType = Double), @p384='?' (DbType = Double), @p385='?' (Size = 450), @p386='?' (DbType = Double), @p387='?' (DbType = Double), @p388='?' (DbType = Double), @p389='?' (DbType = Double), @p390='?' (DbType = Double), @p391='?' (DbType = Double), @p392='?' (DbType = Double), @p393='?' (DbType = Double), @p394='?' (DbType = Double), @p395='?' (DbType = Double), @p396='?' (DbType = Double), @p397='?' (DbType = Double), @p398='?' (DbType = Double), @p399='?' (DbType = Double), @p400='?' (DbType = Double), @p401='?' (DbType = Double), @p402='?' (DbType = Double), @p403='?' (DbType = Double), @p404='?' (DbType = Double), @p405='?' (DbType = DateTime2), @p406='?' (DbType = Double), @p407='?' (DbType = Double), @p408='?' (DbType = Double), @p409='?' (DbType = Double), @p410='?' (DbType = Double), @p411='?' (DbType = Double), @p412='?' (DbType = Double), @p413='?' (DbType = Double), @p414='?' (DbType = Double), @p415='?' (DbType = Double), @p416='?' (DbType = Double), @p417='?' (DbType = Double), @p418='?' (DbType = Double), @p419='?' (Size = 4000), @p420='?' (DbType = Double), @p421='?' (DbType = Double), @p422='?' (DbType = Double), @p423='?' (DbType = Double), @p424='?' (Size = 450), @p425='?' (DbType = Double), @p426='?' (DbType = Double), @p427='?' (DbType = Double), @p428='?' (DbType = Double), @p429='?' (DbType = Double), @p430='?' (DbType = Double), @p431='?' (DbType = Double), @p432='?' (DbType = Double), @p433='?' (DbType = Double), @p434='?' (DbType = Double), @p435='?' (DbType = Double), @p436='?' (DbType = Double), @p437='?' (DbType = Double), @p438='?' (DbType = Double), @p439='?' (DbType = Double), @p440='?' (DbType = Double), @p441='?' (DbType = Double), @p442='?' (DbType = Double), @p443='?' (DbType = Double), @p444='?' (DbType = DateTime2), @p445='?' (DbType = Double), @p446='?' (DbType = Double), @p447='?' (DbType = Double), @p448='?' (DbType = Double), @p449='?' (DbType = Double), @p450='?' (DbType = Double), @p451='?' (DbType = Double), @p452='?' (DbType = Double), @p453='?' (DbType = Double), @p454='?' (DbType = Double), @p455='?' (DbType = Double), @p456='?' (DbType = Double), @p457='?' (DbType = Double), @p458='?' (Size = 4000), @p459='?' (DbType = Double), @p460='?' (DbType = Double), @p461='?' (DbType = Double), @p462='?' (DbType = Double), @p463='?' (Size = 450), @p464='?' (DbType = Double), @p465='?' (DbType = Double), @p466='?' (DbType = Double), @p467='?' (DbType = Double), @p468='?' (DbType = Double), @p469='?' (DbType = Double), @p470='?' (DbType = Double), @p471='?' (DbType = Double), @p472='?' (DbType = Double), @p473='?' (DbType = Double), @p474='?' (DbType = Double), @p475='?' (DbType = Double), @p476='?' (DbType = Double), @p477='?' (DbType = Double), @p478='?' (DbType = Double), @p479='?' (DbType = Double), @p480='?' (DbType = Double), @p481='?' (DbType = Double), @p482='?' (DbType = Double), @p483='?' (DbType = DateTime2), @p484='?' (DbType = Double), @p485='?' (DbType = Double), @p486='?' (DbType = Double), @p487='?' (DbType = Double), @p488='?' (DbType = Double), @p489='?' (DbType = Double), @p490='?' (DbType = Double), @p491='?' (DbType = Double), @p492='?' (DbType = Double), @p493='?' (DbType = Double), @p494='?' (DbType = Double), @p495='?' (DbType = Double), @p496='?' (DbType = Double), @p497='?' (Size = 4000), @p498='?' (DbType = Double), @p499='?' (DbType = Double), @p500='?' (DbType = Double), @p501='?' (DbType = Double), @p502='?' (Size = 450), @p503='?' (DbType = Double), @p504='?' (DbType = Double), @p505='?' (DbType = Double), @p506='?' (DbType = Double), @p507='?' (DbType = Double), @p508='?' (DbType = Double), @p509='?' (DbType = Double), @p510='?' (DbType = Double), @p511='?' (DbType = Double), @p512='?' (DbType = Double), @p513='?' (DbType = Double), @p514='?' (DbType = Double), @p515='?' (DbType = Double), @p516='?' (DbType = Double), @p517='?' (DbType = Double), @p518='?' (DbType = Double), @p519='?' (DbType = Double), @p520='?' (DbType = Double), @p521='?' (DbType = Double), @p522='?' (DbType = DateTime2), @p523='?' (DbType = Double), @p524='?' (DbType = Double), @p525='?' (DbType = Double), @p526='?' (DbType = Double), @p527='?' (DbType = Double), @p528='?' (DbType = Double), @p529='?' (DbType = Double), @p530='?' (DbType = Double), @p531='?' (DbType = Double), @p532='?' (DbType = Double), @p533='?' (DbType = Double), @p534='?' (DbType = Double), @p535='?' (DbType = Double), @p536='?' (Size = 4000), @p537='?' (DbType = Double), @p538='?' (DbType = Double), @p539='?' (DbType = Double), @p540='?' (DbType = Double), @p541='?' (Size = 450), @p542='?' (DbType = Double), @p543='?' (DbType = Double), @p544='?' (DbType = Double), @p545='?' (DbType = Double), @p546='?' (DbType = Double), @p547='?' (DbType = Double), @p548='?' (DbType = Double), @p549='?' (DbType = Double), @p550='?' (DbType = Double), @p551='?' (DbType = Double), @p552='?' (DbType = Double), @p553='?' (DbType = Double), @p554='?' (DbType = Double), @p555='?' (DbType = Double), @p556='?' (DbType = Double), @p557='?' (DbType = Double), @p558='?' (DbType = Double), @p559='?' (DbType = Double), @p560='?' (DbType = Double), @p561='?' (DbType = DateTime2), @p562='?' (DbType = Double), @p563='?' (DbType = Double), @p564='?' (DbType = Double), @p565='?' (DbType = Double), @p566='?' (DbType = Double), @p567='?' (DbType = Double), @p568='?' (DbType = Double), @p569='?' (DbType = Double), @p570='?' (DbType = Double), @p571='?' (DbType = Double), @p572='?' (DbType = Double), @p573='?' (DbType = Double), @p574='?' (DbType = Double), @p575='?' (Size = 4000), @p576='?' (DbType = Double), @p577='?' (DbType = Double), @p578='?' (DbType = Double), @p579='?' (DbType = Double), @p580='?' (Size = 450), @p581='?' (DbType = Double), @p582='?' (DbType = Double), @p583='?' (DbType = Double), @p584='?' (DbType = Double), @p585='?' (DbType = Double), @p586='?' (DbType = Double), @p587='?' (DbType = Double), @p588='?' (DbType = Double), @p589='?' (DbType = Double), @p590='?' (DbType = Double), @p591='?' (DbType = Double), @p592='?' (DbType = Double), @p593='?' (DbType = Double), @p594='?' (DbType = Double), @p595='?' (DbType = Double), @p596='?' (DbType = Double), @p597='?' (DbType = Double), @p598='?' (DbType = Double), @p599='?' (DbType = Double), @p600='?' (DbType = DateTime2), @p601='?' (DbType = Double), @p602='?' (DbType = Double), @p603='?' (DbType = Double), @p604='?' (DbType = Double), @p605='?' (DbType = Double), @p606='?' (DbType = Double), @p607='?' (DbType = Double), @p608='?' (DbType = Double), @p609='?' (DbType = Double), @p610='?' (DbType = Double), @p611='?' (DbType = Double), @p612='?' (DbType = Double), @p613='?' (DbType = Double), @p614='?' (Size = 4000), @p615='?' (DbType = Double), @p616='?' (DbType = Double), @p617='?' (DbType = Double), @p618='?' (DbType = Double), @p619='?' (Size = 450), @p620='?' (DbType = Double), @p621='?' (DbType = Double), @p622='?' (DbType = Double), @p623='?' (DbType = Double), @p624='?' (DbType = Double), @p625='?' (DbType = Double), @p626='?' (DbType = Double), @p627='?' (DbType = Double), @p628='?' (DbType = Double), @p629='?' (DbType = Double), @p630='?' (DbType = Double), @p631='?' (DbType = Double), @p632='?' (DbType = Double), @p633='?' (DbType = Double), @p634='?' (DbType = Double), @p635='?' (DbType = Double), @p636='?' (DbType = Double), @p637='?' (DbType = Double), @p638='?' (DbType = Double), @p639='?' (DbType = DateTime2), @p640='?' (DbType = Double), @p641='?' (DbType = Double), @p642='?' (DbType = Double), @p643='?' (DbType = Double), @p644='?' (DbType = Double), @p645='?' (DbType = Double), @p646='?' (DbType = Double), @p647='?' (DbType = Double), @p648='?' (DbType = Double), @p649='?' (DbType = Double), @p650='?' (DbType = Double), @p651='?' (DbType = Double), @p652='?' (DbType = Double), @p653='?' (Size = 4000), @p654='?' (DbType = Double), @p655='?' (DbType = Double), @p656='?' (DbType = Double), @p657='?' (DbType = Double), @p658='?' (Size = 450), @p659='?' (DbType = Double), @p660='?' (DbType = Double), @p661='?' (DbType = Double), @p662='?' (DbType = Double), @p663='?' (DbType = Double), @p664='?' (DbType = Double), @p665='?' (DbType = Double), @p666='?' (DbType = Double), @p667='?' (DbType = Double), @p668='?' (DbType = Double), @p669='?' (DbType = Double), @p670='?' (DbType = Double), @p671='?' (DbType = Double), @p672='?' (DbType = Double), @p673='?' (DbType = Double), @p674='?' (DbType = Double), @p675='?' (DbType = Double), @p676='?' (DbType = Double), @p677='?' (DbType = Double), @p678='?' (DbType = DateTime2), @p679='?' (DbType = Double), @p680='?' (DbType = Double), @p681='?' (DbType = Double), @p682='?' (DbType = Double), @p683='?' (DbType = Double), @p684='?' (DbType = Double), @p685='?' (DbType = Double), @p686='?' (DbType = Double), @p687='?' (DbType = Double), @p688='?' (DbType = Double), @p689='?' (DbType = Double), @p690='?' (DbType = Double), @p691='?' (DbType = Double), @p692='?' (Size = 4000), @p693='?' (DbType = Double), @p694='?' (DbType = Double), @p695='?' (DbType = Double), @p696='?' (DbType = Double), @p697='?' (Size = 450), @p698='?' (DbType = Double), @p699='?' (DbType = Double), @p700='?' (DbType = Double), @p701='?' (DbType = Double), @p702='?' (DbType = Double), @p703='?' (DbType = Double), @p704='?' (DbType = Double), @p705='?' (DbType = Double), @p706='?' (DbType = Double), @p707='?' (DbType = Double), @p708='?' (DbType = Double), @p709='?' (DbType = Double), @p710='?' (DbType = Double), @p711='?' (DbType = Double), @p712='?' (DbType = Double), @p713='?' (DbType = Double), @p714='?' (DbType = Double), @p715='?' (DbType = Double), @p716='?' (DbType = Double), @p717='?' (DbType = DateTime2), @p718='?' (DbType = Double), @p719='?' (DbType = Double), @p720='?' (DbType = Double), @p721='?' (DbType = Double), @p722='?' (DbType = Double), @p723='?' (DbType = Double), @p724='?' (DbType = Double), @p725='?' (DbType = Double), @p726='?' (DbType = Double), @p727='?' (DbType = Double), @p728='?' (DbType = Double), @p729='?' (DbType = Double), @p730='?' (DbType = Double), @p731='?' (Size = 4000), @p732='?' (DbType = Double), @p733='?' (DbType = Double), @p734='?' (DbType = Double), @p735='?' (DbType = Double), @p736='?' (Size = 450), @p737='?' (DbType = Double), @p738='?' (DbType = Double), @p739='?' (DbType = Double), @p740='?' (DbType = Double), @p741='?' (DbType = Double), @p742='?' (DbType = Double), @p743='?' (DbType = Double), @p744='?' (DbType = Double), @p745='?' (DbType = Double), @p746='?' (DbType = Double), @p747='?' (DbType = Double), @p748='?' (DbType = Double), @p749='?' (DbType = Double), @p750='?' (DbType = Double), @p751='?' (DbType = Double), @p752='?' (DbType = Double), @p753='?' (DbType = Double), @p754='?' (DbType = Double), @p755='?' (DbType = Double), @p756='?' (DbType = DateTime2), @p757='?' (DbType = Double), @p758='?' (DbType = Double), @p759='?' (DbType = Double), @p760='?' (DbType = Double), @p761='?' (DbType = Double), @p762='?' (DbType = Double), @p763='?' (DbType = Double), @p764='?' (DbType = Double), @p765='?' (DbType = Double), @p766='?' (DbType = Double), @p767='?' (DbType = Double), @p768='?' (DbType = Double), @p769='?' (DbType = Double), @p770='?' (Size = 4000), @p771='?' (DbType = Double), @p772='?' (DbType = Double), @p773='?' (DbType = Double), @p774='?' (DbType = Double), @p775='?' (Size = 450), @p776='?' (DbType = Double), @p777='?' (DbType = Double), @p778='?' (DbType = Double), @p779='?' (DbType = Double), @p780='?' (DbType = Double), @p781='?' (DbType = Double), @p782='?' (DbType = Double), @p783='?' (DbType = Double), @p784='?' (DbType = Double), @p785='?' (DbType = Double), @p786='?' (DbType = Double), @p787='?' (DbType = Double), @p788='?' (DbType = Double), @p789='?' (DbType = Double), @p790='?' (DbType = Double), @p791='?' (DbType = Double), @p792='?' (DbType = Double), @p793='?' (DbType = Double), @p794='?' (DbType = Double), @p795='?' (DbType = DateTime2), @p796='?' (DbType = Double), @p797='?' (DbType = Double), @p798='?' (DbType = Double), @p799='?' (DbType = Double), @p800='?' (DbType = Double), @p801='?' (DbType = Double), @p802='?' (DbType = Double), @p803='?' (DbType = Double), @p804='?' (DbType = Double), @p805='?' (DbType = Double), @p806='?' (DbType = Double), @p807='?' (DbType = Double), @p808='?' (DbType = Double), @p809='?' (Size = 4000), @p810='?' (DbType = Double), @p811='?' (DbType = Double), @p812='?' (DbType = Double), @p813='?' (DbType = Double), @p814='?' (Size = 450), @p815='?' (DbType = Double), @p816='?' (DbType = Double), @p817='?' (DbType = Double), @p818='?' (DbType = Double), @p819='?' (DbType = Double), @p820='?' (DbType = Double), @p821='?' (DbType = Double), @p822='?' (DbType = Double), @p823='?' (DbType = Double), @p824='?' (DbType = Double), @p825='?' (DbType = Double), @p826='?' (DbType = Double), @p827='?' (DbType = Double), @p828='?' (DbType = Double), @p829='?' (DbType = Double), @p830='?' (DbType = Double), @p831='?' (DbType = Double), @p832='?' (DbType = Double), @p833='?' (DbType = Double), @p834='?' (DbType = DateTime2), @p835='?' (DbType = Double), @p836='?' (DbType = Double), @p837='?' (DbType = Double), @p838='?' (DbType = Double), @p839='?' (DbType = Double), @p840='?' (DbType = Double), @p841='?' (DbType = Double), @p842='?' (DbType = Double), @p843='?' (DbType = Double), @p844='?' (DbType = Double), @p845='?' (DbType = Double), @p846='?' (DbType = Double), @p847='?' (DbType = Double), @p848='?' (Size = 4000), @p849='?' (DbType = Double), @p850='?' (DbType = Double), @p851='?' (DbType = Double), @p852='?' (DbType = Double), @p853='?' (Size = 450), @p854='?' (DbType = Double), @p855='?' (DbType = Double), @p856='?' (DbType = Double), @p857='?' (DbType = Double), @p858='?' (DbType = Double), @p859='?' (DbType = Double), @p860='?' (DbType = Double), @p861='?' (DbType = Double), @p862='?' (DbType = Double), @p863='?' (DbType = Double), @p864='?' (DbType = Double), @p865='?' (DbType = Double), @p866='?' (DbType = Double), @p867='?' (DbType = Double), @p868='?' (DbType = Double), @p869='?' (DbType = Double), @p870='?' (DbType = Double), @p871='?' (DbType = Double), @p872='?' (DbType = Double), @p873='?' (DbType = DateTime2), @p874='?' (DbType = Double), @p875='?' (DbType = Double), @p876='?' (DbType = Double), @p877='?' (DbType = Double), @p878='?' (DbType = Double), @p879='?' (DbType = Double), @p880='?' (DbType = Double), @p881='?' (DbType = Double), @p882='?' (DbType = Double), @p883='?' (DbType = Double), @p884='?' (DbType = Double), @p885='?' (DbType = Double), @p886='?' (DbType = Double), @p887='?' (Size = 4000), @p888='?' (DbType = Double), @p889='?' (DbType = Double), @p890='?' (DbType = Double), @p891='?' (DbType = Double), @p892='?' (Size = 450), @p893='?' (DbType = Double), @p894='?' (DbType = Double), @p895='?' (DbType = Double), @p896='?' (DbType = Double), @p897='?' (DbType = Double), @p898='?' (DbType = Double), @p899='?' (DbType = Double), @p900='?' (DbType = Double), @p901='?' (DbType = Double), @p902='?' (DbType = Double), @p903='?' (DbType = Double), @p904='?' (DbType = Double), @p905='?' (DbType = Double), @p906='?' (DbType = Double), @p907='?' (DbType = Double), @p908='?' (DbType = Double), @p909='?' (DbType = Double), @p910='?' (DbType = Double), @p911='?' (DbType = Double), @p912='?' (DbType = DateTime2), @p913='?' (DbType = Double), @p914='?' (DbType = Double), @p915='?' (DbType = Double), @p916='?' (DbType = Double), @p917='?' (DbType = Double), @p918='?' (DbType = Double), @p919='?' (DbType = Double), @p920='?' (DbType = Double), @p921='?' (DbType = Double), @p922='?' (DbType = Double), @p923='?' (DbType = Double), @p924='?' (DbType = Double), @p925='?' (DbType = Double), @p926='?' (Size = 4000), @p927='?' (DbType = Double), @p928='?' (DbType = Double), @p929='?' (DbType = Double), @p930='?' (DbType = Double), @p931='?' (Size = 450), @p932='?' (DbType = Double), @p933='?' (DbType = Double), @p934='?' (DbType = Double), @p935='?' (DbType = Double), @p936='?' (DbType = Double), @p937='?' (DbType = Double), @p938='?' (DbType = Double), @p939='?' (DbType = Double), @p940='?' (DbType = Double), @p941='?' (DbType = Double), @p942='?' (DbType = Double), @p943='?' (DbType = Double), @p944='?' (DbType = Double), @p945='?' (DbType = Double), @p946='?' (DbType = Double), @p947='?' (DbType = Double), @p948='?' (DbType = Double), @p949='?' (DbType = Double), @p950='?' (DbType = Double), @p951='?' (DbType = DateTime2), @p952='?' (DbType = Double), @p953='?' (DbType = Double), @p954='?' (DbType = Double), @p955='?' (DbType = Double), @p956='?' (DbType = Double), @p957='?' (DbType = Double), @p958='?' (DbType = Double), @p959='?' (DbType = Double), @p960='?' (DbType = Double), @p961='?' (DbType = Double), @p962='?' (DbType = Double), @p963='?' (DbType = Double), @p964='?' (DbType = Double), @p965='?' (Size = 4000), @p966='?' (DbType = Double), @p967='?' (DbType = Double), @p968='?' (DbType = Double), @p969='?' (DbType = Double), @p970='?' (Size = 450), @p971='?' (DbType = Double), @p972='?' (DbType = Double), @p973='?' (DbType = Double), @p974='?' (DbType = Double), @p975='?' (DbType = Double), @p976='?' (DbType = Double), @p977='?' (DbType = Double), @p978='?' (DbType = Double)], CommandType='"Text"', CommandTimeout='30']
SET NOCOUNT ON;
DECLARE @inserted0 TABLE ([Id] int, [_Position] [int]);
MERGE [BalanceSheetAnnualReport] USING (
VALUES (@p4, @p5, @p6, @p7, @p8, @p9, @p10, @p11, @p12, @p13, @p14, @p15, @p16, @p17, @p18, @p19, @p20, @p21, @p22, @p23, @p24, @p25, @p26, @p27, @p28, @p29, @p30, @p31, @p32, @p33, @p34, @p35, @p36, @p37, @p38, @p39, @p40, @p41, @p42, 0),
(@p43, @p44, @p45, @p46, @p47, @p48, @p49, @p50, @p51, @p52, @p53, @p54, @p55, @p56, @p57, @p58, @p59, @p60, @p61, @p62, @p63, @p64, @p65, @p66, @p67, @p68, @p69, @p70, @p71, @p72, @p73, @p74, @p75, @p76, @p77, @p78, @p79, @p80, @p81, 1),
(@p82, @p83, @p84, @p85, @p86, @p87, @p88, @p89, @p90, @p91, @p92, @p93, @p94, @p95, @p96, @p97, @p98, @p99, @p100, @p101, @p102, @p103, @p104, @p105, @p106, @p107, @p108, @p109, @p110, @p111, @p112, @p113, @p114, @p115, @p116, @p117, @p118, @p119, @p120, 2),
(@p121, @p122, @p123, @p124, @p125, @p126, @p127, @p128, @p129, @p130, @p131, @p132, @p133, @p134, @p135, @p136, @p137, @p138, @p139, @p140, @p141, @p142, @p143, @p144, @p145, @p146, @p147, @p148, @p149, @p150, @p151, @p152, @p153, @p154, @p155, @p156, @p157, @p158, @p159, 3),
(@p160, @p161, @p162, @p163, @p164, @p165, @p166, @p167, @p168, @p169, @p170, @p171, @p172, @p173, @p174, @p175, @p176, @p177, @p178, @p179, @p180, @p181, @p182, @p183, @p184, @p185, @p186, @p187, @p188, @p189, @p190, @p191, @p192, @p193, @p194, @p195, @p196, @p197, @p198, 4)) AS i ([AccumulatedDepreciationAmortizationPPE], [CapitalLeaseObligations], [CashAndCashEquivalentsAtCarryingValue], [CashAndShortTermInvestments], [CommonStock], [CommonStockSharesOutstanding], [CurrentAccountsPayable], [CurrentDebt], [CurrentLongTermDebt], [CurrentNetReceivables], [DeferredRevenue], [FiscalDateEnding], [Goodwill], [IntangibleAssets], [IntangibleAssetsExcludingGoodwill], [Inventory], [Investments], [LongTermDebt], [LongTermDebtNoncurrent], [LongTermInvestments], [OtherCurrentAssets], [OtherCurrentLiabilities], [OtherNonCurrentAssets], [OtherNonCurrentLiabilities], [PropertyPlantEquipment], [ReportedCurrency], [RetainedEarnings], [ShortLongTermDebtTotal], [ShortTermDebt], [ShortTermInvestments], [Symbol], [TotalAssets], [TotalCurrentAssets], [TotalCurrentLiabilities], [TotalLiabilities], [TotalNonCurrentAssets], [TotalNonCurrentLiabilities], [TotalShareholderEquity], [TreasuryStock], _Position) ON 1=0
WHEN NOT MATCHED THEN
INSERT ([AccumulatedDepreciationAmortizationPPE], [CapitalLeaseObligations], [CashAndCashEquivalentsAtCarryingValue], [CashAndShortTermInvestments], [CommonStock], [CommonStockSharesOutstanding], [CurrentAccountsPayable], [CurrentDebt], [CurrentLongTermDebt], [CurrentNetReceivables], [DeferredRevenue], [FiscalDateEnding], [Goodwill], [IntangibleAssets], [IntangibleAssetsExcludingGoodwill], [Inventory], [Investments], [LongTermDebt], [LongTermDebtNoncurrent], [LongTermInvestments], [OtherCurrentAssets], [OtherCurrentLiabilities], [OtherNonCurrentAssets], [OtherNonCurrentLiabilities], [PropertyPlantEquipment], [ReportedCurrency], [RetainedEarnings], [ShortLongTermDebtTotal], [ShortTermDebt], [ShortTermInvestments], [Symbol], [TotalAssets], [TotalCurrentAssets], [TotalCurrentLiabilities], [TotalLiabilities], [TotalNonCurrentAssets], [TotalNonCurrentLiabilities], [TotalShareholderEquity], [TreasuryStock])
VALUES (i.[AccumulatedDepreciationAmortizationPPE], i.[CapitalLeaseObligations], i.[CashAndCashEquivalentsAtCarryingValue], i.[CashAndShortTermInvestments], i.[CommonStock], i.[CommonStockSharesOutstanding], i.[CurrentAccountsPayable], i.[CurrentDebt], i.[CurrentLongTermDebt], i.[CurrentNetReceivables], i.[DeferredRevenue], i.[FiscalDateEnding], i.[Goodwill], i.[IntangibleAssets], i.[IntangibleAssetsExcludingGoodwill], i.[Inventory], i.[Investments], i.[LongTermDebt], i.[LongTermDebtNoncurrent], i.[LongTermInvestments], i.[OtherCurrentAssets], i.[OtherCurrentLiabilities], i.[OtherNonCurrentAssets], i.[OtherNonCurrentLiabilities], i.[PropertyPlantEquipment], i.[ReportedCurrency], i.[RetainedEarnings], i.[ShortLongTermDebtTotal], i.[ShortTermDebt], i.[ShortTermInvestments], i.[Symbol], i.[TotalAssets], i.[TotalCurrentAssets], i.[TotalCurrentLiabilities], i.[TotalLiabilities], i.[TotalNonCurrentAssets], i.[TotalNonCurrentLiabilities], i.[TotalShareholderEquity], i.[TreasuryStock])
OUTPUT INSERTED.[Id], i._Position
INTO @inserted0;

SELECT [i].[Id] FROM @inserted0 i
ORDER BY [i].[_Position];

DECLARE @inserted5 TABLE ([Id] int, [_Position] [int]);
MERGE [BalanceSheetQuarterlyReports] USING (
VALUES (@p199, @p200, @p201, @p202, @p203, @p204, @p205, @p206, @p207, @p208, @p209, @p210, @p211, @p212, @p213, @p214, @p215, @p216, @p217, @p218, @p219, @p220, @p221, @p222, @p223, @p224, @p225, @p226, @p227, @p228, @p229, @p230, @p231, @p232, @p233, @p234, @p235, @p236, @p237, 0),
(@p238, @p239, @p240, @p241, @p242, @p243, @p244, @p245, @p246, @p247, @p248, @p249, @p250, @p251, @p252, @p253, @p254, @p255, @p256, @p257, @p258, @p259, @p260, @p261, @p262, @p263, @p264, @p265, @p266, @p267, @p268, @p269, @p270, @p271, @p272, @p273, @p274, @p275, @p276, 1),
(@p277, @p278, @p279, @p280, @p281, @p282, @p283, @p284, @p285, @p286, @p287, @p288, @p289, @p290, @p291, @p292, @p293, @p294, @p295, @p296, @p297, @p298, @p299, @p300, @p301, @p302, @p303, @p304, @p305, @p306, @p307, @p308, @p309, @p310, @p311, @p312, @p313, @p314, @p315, 2),
(@p316, @p317, @p318, @p319, @p320, @p321, @p322, @p323, @p324, @p325, @p326, @p327, @p328, @p329, @p330, @p331, @p332, @p333, @p334, @p335, @p336, @p337, @p338, @p339, @p340, @p341, @p342, @p343, @p344, @p345, @p346, @p347, @p348, @p349, @p350, @p351, @p352, @p353, @p354, 3),
(@p355, @p356, @p357, @p358, @p359, @p360, @p361, @p362, @p363, @p364, @p365, @p366, @p367, @p368, @p369, @p370, @p371, @p372, @p373, @p374, @p375, @p376, @p377, @p378, @p379, @p380, @p381, @p382, @p383, @p384, @p385, @p386, @p387, @p388, @p389, @p390, @p391, @p392, @p393, 4),
(@p394, @p395, @p396, @p397, @p398, @p399, @p400, @p401, @p402, @p403, @p404, @p405, @p406, @p407, @p408, @p409, @p410, @p411, @p412, @p413, @p414, @p415, @p416, @p417, @p418, @p419, @p420, @p421, @p422, @p423, @p424, @p425, @p426, @p427, @p428, @p429, @p430, @p431, @p432, 5),
(@p433, @p434, @p435, @p436, @p437, @p438, @p439, @p440, @p441, @p442, @p443, @p444, @p445, @p446, @p447, @p448, @p449, @p450, @p451, @p452, @p453, @p454, @p455, @p456, @p457, @p458, @p459, @p460, @p461, @p462, @p463, @p464, @p465, @p466, @p467, @p468, @p469, @p470, @p471, 6),
(@p472, @p473, @p474, @p475, @p476, @p477, @p478, @p479, @p480, @p481, @p482, @p483, @p484, @p485, @p486, @p487, @p488, @p489, @p490, @p491, @p492, @p493, @p494, @p495, @p496, @p497, @p498, @p499, @p500, @p501, @p502, @p503, @p504, @p505, @p506, @p507, @p508, @p509, @p510, 7),
(@p511, @p512, @p513, @p514, @p515, @p516, @p517, @p518, @p519, @p520, @p521, @p522, @p523, @p524, @p525, @p526, @p527, @p528, @p529, @p530, @p531, @p532, @p533, @p534, @p535, @p536, @p537, @p538, @p539, @p540, @p541, @p542, @p543, @p544, @p545, @p546, @p547, @p548, @p549, 8),
(@p550, @p551, @p552, @p553, @p554, @p555, @p556, @p557, @p558, @p559, @p560, @p561, @p562, @p563, @p564, @p565, @p566, @p567, @p568, @p569, @p570, @p571, @p572, @p573, @p574, @p575, @p576, @p577, @p578, @p579, @p580, @p581, @p582, @p583, @p584, @p585, @p586, @p587, @p588, 9),
(@p589, @p590, @p591, @p592, @p593, @p594, @p595, @p596, @p597, @p598, @p599, @p600, @p601, @p602, @p603, @p604, @p605, @p606, @p607, @p608, @p609, @p610, @p611, @p612, @p613, @p614, @p615, @p616, @p617, @p618, @p619, @p620, @p621, @p622, @p623, @p624, @p625, @p626, @p627, 10),
(@p628, @p629, @p630, @p631, @p632, @p633, @p634, @p635, @p636, @p637, @p638, @p639, @p640, @p641, @p642, @p643, @p644, @p645, @p646, @p647, @p648, @p649, @p650, @p651, @p652, @p653, @p654, @p655, @p656, @p657, @p658, @p659, @p660, @p661, @p662, @p663, @p664, @p665, @p666, 11),
(@p667, @p668, @p669, @p670, @p671, @p672, @p673, @p674, @p675, @p676, @p677, @p678, @p679, @p680, @p681, @p682, @p683, @p684, @p685, @p686, @p687, @p688, @p689, @p690, @p691, @p692, @p693, @p694, @p695, @p696, @p697, @p698, @p699, @p700, @p701, @p702, @p703, @p704, @p705, 12),
(@p706, @p707, @p708, @p709, @p710, @p711, @p712, @p713, @p714, @p715, @p716, @p717, @p718, @p719, @p720, @p721, @p722, @p723, @p724, @p725, @p726, @p727, @p728, @p729, @p730, @p731, @p732, @p733, @p734, @p735, @p736, @p737, @p738, @p739, @p740, @p741, @p742, @p743, @p744, 13),
(@p745, @p746, @p747, @p748, @p749, @p750, @p751, @p752, @p753, @p754, @p755, @p756, @p757, @p758, @p759, @p760, @p761, @p762, @p763, @p764, @p765, @p766, @p767, @p768, @p769, @p770, @p771, @p772, @p773, @p774, @p775, @p776, @p777, @p778, @p779, @p780, @p781, @p782, @p783, 14),
(@p784, @p785, @p786, @p787, @p788, @p789, @p790, @p791, @p792, @p793, @p794, @p795, @p796, @p797, @p798, @p799, @p800, @p801, @p802, @p803, @p804, @p805, @p806, @p807, @p808, @p809, @p810, @p811, @p812, @p813, @p814, @p815, @p816, @p817, @p818, @p819, @p820, @p821, @p822, 15),
(@p823, @p824, @p825, @p826, @p827, @p828, @p829, @p830, @p831, @p832, @p833, @p834, @p835, @p836, @p837, @p838, @p839, @p840, @p841, @p842, @p843, @p844, @p845, @p846, @p847, @p848, @p849, @p850, @p851, @p852, @p853, @p854, @p855, @p856, @p857, @p858, @p859, @p860, @p861, 16),
(@p862, @p863, @p864, @p865, @p866, @p867, @p868, @p869, @p870, @p871, @p872, @p873, @p874, @p875, @p876, @p877, @p878, @p879, @p880, @p881, @p882, @p883, @p884, @p885, @p886, @p887, @p888, @p889, @p890, @p891, @p892, @p893, @p894, @p895, @p896, @p897, @p898, @p899, @p900, 17),
(@p901, @p902, @p903, @p904, @p905, @p906, @p907, @p908, @p909, @p910, @p911, @p912, @p913, @p914, @p915, @p916, @p917, @p918, @p919, @p920, @p921, @p922, @p923, @p924, @p925, @p926, @p927, @p928, @p929, @p930, @p931, @p932, @p933, @p934, @p935, @p936, @p937, @p938, @p939, 18),
(@p940, @p941, @p942, @p943, @p944, @p945, @p946, @p947, @p948, @p949, @p950, @p951, @p952, @p953, @p954, @p955, @p956, @p957, @p958, @p959, @p960, @p961, @p962, @p963, @p964, @p965, @p966, @p967, @p968, @p969, @p970, @p971, @p972, @p973, @p974, @p975, @p976, @p977, @p978, 19)) AS i ([AccumulatedDepreciationAmortizationPPE], [CapitalLeaseObligations], [CashAndCashEquivalentsAtCarryingValue], [CashAndShortTermInvestments], [CommonStock], [CommonStockSharesOutstanding], [CurrentAccountsPayable], [CurrentDebt], [CurrentLongTermDebt], [CurrentNetReceivables], [DeferredRevenue], [FiscalDateEnding], [Goodwill], [IntangibleAssets], [IntangibleAssetsExcludingGoodwill], [Inventory], [Investments], [LongTermDebt], [LongTermDebtNoncurrent], [LongTermInvestments], [OtherCurrentAssets], [OtherCurrentLiabilities], [OtherNonCurrentAssets], [OtherNonCurrentLiabilities], [PropertyPlantEquipment], [ReportedCurrency], [RetainedEarnings], [ShortLongTermDebtTotal], [ShortTermDebt], [ShortTermInvestments], [Symbol], [TotalAssets], [TotalCurrentAssets], [TotalCurrentLiabilities], [TotalLiabilities], [TotalNonCurrentAssets], [TotalNonCurrentLiabilities], [TotalShareholderEquity], [TreasuryStock], _Position) ON 1=0
WHEN NOT MATCHED THEN
INSERT ([AccumulatedDepreciationAmortizationPPE], [CapitalLeaseObligations], [CashAndCashEquivalentsAtCarryingValue], [CashAndShortTermInvestments], [CommonStock], [CommonStockSharesOutstanding], [CurrentAccountsPayable], [CurrentDebt], [CurrentLongTermDebt], [CurrentNetReceivables], [DeferredRevenue], [FiscalDateEnding], [Goodwill], [IntangibleAssets], [IntangibleAssetsExcludingGoodwill], [Inventory], [Investments], [LongTermDebt], [LongTermDebtNoncurrent], [LongTermInvestments], [OtherCurrentAssets], [OtherCurrentLiabilities], [OtherNonCurrentAssets], [OtherNonCurrentLiabilities], [PropertyPlantEquipment], [ReportedCurrency], [RetainedEarnings], [ShortLongTermDebtTotal], [ShortTermDebt], [ShortTermInvestments], [Symbol], [TotalAssets], [TotalCurrentAssets], [TotalCurrentLiabilities], [TotalLiabilities], [TotalNonCurrentAssets], [TotalNonCurrentLiabilities], [TotalShareholderEquity], [TreasuryStock])
VALUES (i.[AccumulatedDepreciationAmortizationPPE], i.[CapitalLeaseObligations], i.[CashAndCashEquivalentsAtCarryingValue], i.[CashAndShortTermInvestments], i.[CommonStock], i.[CommonStockSharesOutstanding], i.[CurrentAccountsPayable], i.[CurrentDebt], i.[CurrentLongTermDebt], i.[CurrentNetReceivables], i.[DeferredRevenue], i.[FiscalDateEnding], i.[Goodwill], i.[IntangibleAssets], i.[IntangibleAssetsExcludingGoodwill], i.[Inventory], i.[Investments], i.[LongTermDebt], i.[LongTermDebtNoncurrent], i.[LongTermInvestments], i.[OtherCurrentAssets], i.[OtherCurrentLiabilities], i.[OtherNonCurrentAssets], i.[OtherNonCurrentLiabilities], i.[PropertyPlantEquipment], i.[ReportedCurrency], i.[RetainedEarnings], i.[ShortLongTermDebtTotal], i.[ShortTermDebt], i.[ShortTermInvestments], i.[Symbol], i.[TotalAssets], i.[TotalCurrentAssets], i.[TotalCurrentLiabilities], i.[TotalLiabilities], i.[TotalNonCurrentAssets], i.[TotalNonCurrentLiabilities], i.[TotalShareholderEquity], i.[TreasuryStock])
OUTPUT INSERTED.[Id], i._Position
INTO @inserted5;

SELECT [i].[Id] FROM @inserted5 i
ORDER BY [i].[_Position];
2022-04-03 19:53:05.819 +03:00 [INF] AddOrUpdate run successful.
