2022-05-12 00:50:50.759 +03:00 [INF] Generating URI for LISTING_STATUS with params: state: active
2022-05-12 00:50:50.785 +03:00 [INF] URI: https://www.alphavantage.co/query?apikey=YTXYXH479B3J1MY2&function=LISTING_STATUS&state=active
2022-05-12 00:50:50.788 +03:00 [INF] Starting to get and parse CSV from "https://www.alphavantage.co/query?apikey=YTXYXH479B3J1MY2&function=LISTING_STATUS&state=active".
2022-05-12 00:50:50.869 +03:00 [INF] Now listening on: https://localhost:5001
2022-05-12 00:50:50.871 +03:00 [INF] Now listening on: http://localhost:5000
2022-05-12 00:50:50.873 +03:00 [INF] Application started. Press Ctrl+C to shut down.
2022-05-12 00:50:50.874 +03:00 [INF] Hosting environment: Development
2022-05-12 00:50:50.876 +03:00 [INF] Content root path: D:\repo\SaluteStocks\SaluteStocksAPI\
2022-05-12 00:50:51.065 +03:00 [INF] Request starting HTTP/2 GET https://localhost:5001/swagger/index.html - -
2022-05-12 00:50:51.144 +03:00 [INF] Response has success status code
2022-05-12 00:50:51.146 +03:00 [INF] Trying to deserialize response.
2022-05-12 00:50:51.158 +03:00 [INF] Request finished HTTP/2 GET https://localhost:5001/swagger/index.html - - - 200 - text/html;charset=utf-8 96.0582ms
2022-05-12 00:50:51.259 +03:00 [INF] Request starting HTTP/2 GET https://localhost:5001/swagger/v1/swagger.json - -
2022-05-12 00:50:51.273 +03:00 [ERR] An unhandled exception has occurred while executing the request.
Swashbuckle.AspNetCore.SwaggerGen.SwaggerGeneratorException: Ambiguous HTTP method for action - SaluteStocksAPI.Controllers.ApiController.Ping (SaluteStocksAPI). Actions require an explicit HttpMethod binding for Swagger/OpenAPI 3.0
   at Swashbuckle.AspNetCore.SwaggerGen.SwaggerGenerator.GenerateOperations(IEnumerable`1 apiDescriptions, SchemaRepository schemaRepository)
   at Swashbuckle.AspNetCore.SwaggerGen.SwaggerGenerator.GeneratePaths(IEnumerable`1 apiDescriptions, SchemaRepository schemaRepository)
   at Swashbuckle.AspNetCore.SwaggerGen.SwaggerGenerator.GetSwagger(String documentName, String host, String basePath)
   at Swashbuckle.AspNetCore.Swagger.SwaggerMiddleware.Invoke(HttpContext httpContext, ISwaggerProvider swaggerProvider)
   at Microsoft.AspNetCore.Diagnostics.DeveloperExceptionPageMiddleware.Invoke(HttpContext context)
2022-05-12 00:50:51.285 +03:00 [INF] Request finished HTTP/2 GET https://localhost:5001/swagger/v1/swagger.json - - - 500 - text/plain;+charset=utf-8 25.3683ms
2022-05-12 00:50:51.986 +03:00 [INF] Entity Framework Core 6.0.3 initialized 'StocksContext' using provider 'Microsoft.EntityFrameworkCore.SqlServer:6.0.0' with options: None
2022-05-12 00:50:52.289 +03:00 [INF] Executed DbCommand (35ms) [Parameters=[], CommandType='"Text"', CommandTimeout='30']
SELECT TOP 0 T.[Symbol], T.[AssetType], T.[DelistingDate], T.[Exchange], T.[ExistInApi], T.[IpoDate], T.[LastApiRefresh], T.[LastLocalRefresh], T.[Name], T.[Status] INTO [ListingTemp54ffa750] FROM [Listing] AS T LEFT JOIN [Listing] AS Source ON 1 = 0;
2022-05-12 00:50:52.359 +03:00 [INF] Executed DbCommand (18ms) [Parameters=[], CommandType='"Text"', CommandTimeout='30']
MERGE [Listing] WITH (HOLDLOCK) AS T USING (SELECT TOP 0 * FROM [ListingTemp54ffa750] ORDER BY [Symbol]) AS S ON T.[Symbol] = S.[Symbol] WHEN NOT MATCHED BY TARGET THEN INSERT ([Symbol], [AssetType], [DelistingDate], [Exchange], [ExistInApi], [IpoDate], [LastApiRefresh], [LastLocalRefresh], [Name], [Status]) VALUES (S.[Symbol], S.[AssetType], S.[DelistingDate], S.[Exchange], S.[ExistInApi], S.[IpoDate], S.[LastApiRefresh], S.[LastLocalRefresh], S.[Name], S.[Status]) WHEN MATCHED AND EXISTS (SELECT S.[Symbol], S.[AssetType], S.[DelistingDate], S.[Exchange], S.[ExistInApi], S.[IpoDate], S.[LastApiRefresh], S.[LastLocalRefresh], S.[Name], S.[Status] EXCEPT SELECT T.[Symbol], T.[AssetType], T.[DelistingDate], T.[Exchange], T.[ExistInApi], T.[IpoDate], T.[LastApiRefresh], T.[LastLocalRefresh], T.[Name], T.[Status]) THEN UPDATE SET T.[AssetType] = S.[AssetType], T.[DelistingDate] = S.[DelistingDate], T.[Exchange] = S.[Exchange], T.[ExistInApi] = S.[ExistInApi], T.[IpoDate] = S.[IpoDate], T.[LastApiRefresh] = S.[LastApiRefresh], T.[LastLocalRefresh] = S.[LastLocalRefresh], T.[Name] = S.[Name], T.[Status] = S.[Status] WHEN NOT MATCHED BY SOURCE THEN DELETE;
2022-05-12 00:50:52.370 +03:00 [INF] Executed DbCommand (9ms) [Parameters=[], CommandType='"Text"', CommandTimeout='30']
IF OBJECT_ID ('[ListingTemp54ffa750]', 'U') IS NOT NULL DROP TABLE [ListingTemp54ffa750]
2022-05-12 00:50:52.389 +03:00 [INF] Loading missing data.
2022-05-12 00:50:52.392 +03:00 [INF] Entity Framework Core 6.0.3 initialized 'StocksContext' using provider 'Microsoft.EntityFrameworkCore.SqlServer:6.0.0' with options: None
2022-05-12 00:50:52.613 +03:00 [INF] Request starting HTTP/2 GET https://localhost:5001/api/distribution/market-cap/30 - -
2022-05-12 00:50:52.613 +03:00 [INF] Request starting HTTP/2 GET https://localhost:5001/api/screener-model - -
2022-05-12 00:50:52.616 +03:00 [INF] CORS policy execution successful.
2022-05-12 00:50:52.616 +03:00 [INF] CORS policy execution successful.
2022-05-12 00:50:52.620 +03:00 [INF] Executing endpoint 'SaluteStocksAPI.Controllers.ApiController.GetScreenerModel (SaluteStocksAPI)'
2022-05-12 00:50:52.620 +03:00 [INF] Executing endpoint 'SaluteStocksAPI.Controllers.ApiController.GetMarketCapDistribution (SaluteStocksAPI)'
2022-05-12 00:50:52.630 +03:00 [INF] Route matched with {action = "GetScreenerModel", controller = "Api"}. Executing controller action with signature System.Threading.Tasks.Task`1[Microsoft.AspNetCore.Mvc.IActionResult] GetScreenerModel() on controller SaluteStocksAPI.Controllers.ApiController (SaluteStocksAPI).
2022-05-12 00:50:52.633 +03:00 [INF] Executed DbCommand (23ms) [Parameters=[], CommandType='"Text"', CommandTimeout='30']
SELECT [l].[Symbol]
FROM [Listing] AS [l]
2022-05-12 00:50:52.634 +03:00 [INF] Route matched with {action = "GetMarketCapDistribution", controller = "Api"}. Executing controller action with signature System.Threading.Tasks.Task`1[System.String] GetMarketCapDistribution(Int32) on controller SaluteStocksAPI.Controllers.ApiController (SaluteStocksAPI).
2022-05-12 00:50:52.658 +03:00 [INF] Loading missing entities for SaluteStocksAPI.Models.FundamentalData.BalanceSheet
2022-05-12 00:50:52.659 +03:00 [INF] Getting already loaded entities
2022-05-12 00:50:52.679 +03:00 [INF] Entity Framework Core 6.0.3 initialized 'StocksContext' using provider 'Microsoft.EntityFrameworkCore.SqlServer:6.0.0' with options: None
2022-05-12 00:50:52.679 +03:00 [INF] Entity Framework Core 6.0.3 initialized 'StocksContext' using provider 'Microsoft.EntityFrameworkCore.SqlServer:6.0.0' with options: None
2022-05-12 00:50:52.679 +03:00 [INF] Entity Framework Core 6.0.3 initialized 'StocksContext' using provider 'Microsoft.EntityFrameworkCore.SqlServer:6.0.0' with options: None
2022-05-12 00:50:52.700 +03:00 [INF] Loading missing entities for SaluteStocksAPI.Models.FundamentalData.CashFlow
2022-05-12 00:50:52.701 +03:00 [INF] Getting already loaded entities
2022-05-12 00:50:52.702 +03:00 [INF] Entity Framework Core 6.0.3 initialized 'StocksContext' using provider 'Microsoft.EntityFrameworkCore.SqlServer:6.0.0' with options: None
2022-05-12 00:50:52.705 +03:00 [INF] Loading missing entities for SaluteStocksAPI.Models.FundamentalData.CompanyOverview
2022-05-12 00:50:52.706 +03:00 [INF] Getting already loaded entities
2022-05-12 00:50:52.707 +03:00 [INF] Entity Framework Core 6.0.3 initialized 'StocksContext' using provider 'Microsoft.EntityFrameworkCore.SqlServer:6.0.0' with options: None
2022-05-12 00:50:52.708 +03:00 [INF] Executed DbCommand (9ms) [Parameters=[], CommandType='"Text"', CommandTimeout='30']
SELECT DISTINCT [b].[Symbol]
FROM [BalanceSheets] AS [b]
WHERE [b].[ExistInApi] IS NOT NULL
2022-05-12 00:50:52.710 +03:00 [INF] Loading missing entities for SaluteStocksAPI.Models.FundamentalData.Earnings
2022-05-12 00:50:52.710 +03:00 [INF] Getting already loaded entities
2022-05-12 00:50:52.712 +03:00 [INF] Entity Framework Core 6.0.3 initialized 'StocksContext' using provider 'Microsoft.EntityFrameworkCore.SqlServer:6.0.0' with options: None
2022-05-12 00:50:52.715 +03:00 [INF] Loading missing entities for SaluteStocksAPI.Models.FundamentalData.IncomeStatement
2022-05-12 00:50:52.715 +03:00 [INF] Getting already loaded entities
2022-05-12 00:50:52.716 +03:00 [INF] Entity Framework Core 6.0.3 initialized 'StocksContext' using provider 'Microsoft.EntityFrameworkCore.SqlServer:6.0.0' with options: None
2022-05-12 00:50:52.718 +03:00 [INF] Already loaded: 1312
2022-05-12 00:50:52.726 +03:00 [INF] Executed DbCommand (7ms) [Parameters=[], CommandType='"Text"', CommandTimeout='30']
SELECT DISTINCT [i].[Symbol]
FROM [IncomeStatements] AS [i]
WHERE [i].[ExistInApi] IS NOT NULL
2022-05-12 00:50:52.729 +03:00 [INF] Already loaded: 973
2022-05-12 00:50:52.742 +03:00 [INF] Executed DbCommand (8ms) [Parameters=[], CommandType='"Text"', CommandTimeout='30']
SELECT DISTINCT [c].[Symbol]
FROM [CompanyOverviews] AS [c]
WHERE [c].[ExistInApi] IS NOT NULL
2022-05-12 00:50:52.743 +03:00 [INF] Executed DbCommand (9ms) [Parameters=[], CommandType='"Text"', CommandTimeout='30']
SELECT DISTINCT [c].[Symbol]
FROM [CashFlows] AS [c]
WHERE [c].[ExistInApi] IS NOT NULL
2022-05-12 00:50:52.745 +03:00 [INF] Already loaded: 1425
2022-05-12 00:50:52.746 +03:00 [INF] Already loaded: 972
2022-05-12 00:50:52.774 +03:00 [INF] Executed DbCommand (7ms) [Parameters=[], CommandType='"Text"', CommandTimeout='30']
SELECT DISTINCT [e].[Symbol]
FROM [Earnings] AS [e]
WHERE [e].[ExistInApi] IS NOT NULL
2022-05-12 00:50:52.776 +03:00 [INF] Executed DbCommand (9ms) [Parameters=[], CommandType='"Text"', CommandTimeout='30']
SELECT MIN([c].[MarketCapitalization])
FROM [CompanyOverviews] AS [c]
WHERE [c].[ExistInApi] = CAST(1 AS bit)
2022-05-12 00:50:52.776 +03:00 [INF] Executed DbCommand (9ms) [Parameters=[], CommandType='"Text"', CommandTimeout='30']
SELECT MAX([c].[MarketCapitalization])
FROM [CompanyOverviews] AS [c]
WHERE [c].[ExistInApi] = CAST(1 AS bit)
2022-05-12 00:50:52.777 +03:00 [INF] Already loaded: 1048
2022-05-12 00:50:52.791 +03:00 [INF] Executed DbCommand (8ms) [Parameters=[], CommandType='"Text"', CommandTimeout='30']
SELECT MAX([c].[MarketCapitalization])
FROM [CompanyOverviews] AS [c]
WHERE [c].[ExistInApi] = CAST(1 AS bit)
2022-05-12 00:50:52.794 +03:00 [INF] Executed DbCommand (10ms) [Parameters=[], CommandType='"Text"', CommandTimeout='30']
SELECT MIN([c].[MarketCapitalization])
FROM [CompanyOverviews] AS [c]
WHERE [c].[ExistInApi] = CAST(1 AS bit)
2022-05-12 00:50:52.806 +03:00 [INF] Executed DbCommand (10ms) [Parameters=[], CommandType='"Text"', CommandTimeout='30']
SELECT MIN([c].[EBITDA])
FROM [CompanyOverviews] AS [c]
WHERE [c].[ExistInApi] = CAST(1 AS bit)
2022-05-12 00:50:52.817 +03:00 [INF] Executed DbCommand (8ms) [Parameters=[], CommandType='"Text"', CommandTimeout='30']
SELECT MAX([c].[EBITDA])
FROM [CompanyOverviews] AS [c]
WHERE [c].[ExistInApi] = CAST(1 AS bit)
2022-05-12 00:50:52.835 +03:00 [INF] Executed DbCommand (9ms) [Parameters=[], CommandType='"Text"', CommandTimeout='30']
SELECT MIN([c].[PERatio])
FROM [CompanyOverviews] AS [c]
WHERE [c].[ExistInApi] = CAST(1 AS bit)
2022-05-12 00:50:52.848 +03:00 [INF] Executed DbCommand (7ms) [Parameters=[], CommandType='"Text"', CommandTimeout='30']
SELECT MAX([c].[PERatio])
FROM [CompanyOverviews] AS [c]
WHERE [c].[ExistInApi] = CAST(1 AS bit)
2022-05-12 00:50:52.850 +03:00 [INF] Executed DbCommand (33ms) [Parameters=[@__from_0='?' (DbType = Double), @__to_1='?' (DbType = Double)], CommandType='"Text"', CommandTimeout='30']
SELECT COUNT(*)
FROM [CompanyOverviews] AS [c]
WHERE ([c].[ExistInApi] = CAST(1 AS bit)) AND ((([c].[MarketCapitalization] IS NOT NULL) AND (CAST([c].[MarketCapitalization] AS float) > @__from_0)) AND (CAST([c].[MarketCapitalization] AS float) < @__to_1))
2022-05-12 00:50:52.869 +03:00 [INF] Executed DbCommand (11ms) [Parameters=[@__from_0='?' (DbType = Double), @__to_1='?' (DbType = Double)], CommandType='"Text"', CommandTimeout='30']
SELECT COUNT(*)
FROM [CompanyOverviews] AS [c]
WHERE ([c].[ExistInApi] = CAST(1 AS bit)) AND ((([c].[MarketCapitalization] IS NOT NULL) AND (CAST([c].[MarketCapitalization] AS float) > @__from_0)) AND (CAST([c].[MarketCapitalization] AS float) < @__to_1))
2022-05-12 00:50:52.882 +03:00 [INF] Executed DbCommand (11ms) [Parameters=[@__from_0='?' (DbType = Double), @__to_1='?' (DbType = Double)], CommandType='"Text"', CommandTimeout='30']
SELECT COUNT(*)
FROM [CompanyOverviews] AS [c]
WHERE ([c].[ExistInApi] = CAST(1 AS bit)) AND ((([c].[MarketCapitalization] IS NOT NULL) AND (CAST([c].[MarketCapitalization] AS float) > @__from_0)) AND (CAST([c].[MarketCapitalization] AS float) < @__to_1))
2022-05-12 00:50:52.899 +03:00 [INF] Executed DbCommand (14ms) [Parameters=[@__from_0='?' (DbType = Double), @__to_1='?' (DbType = Double)], CommandType='"Text"', CommandTimeout='30']
SELECT COUNT(*)
FROM [CompanyOverviews] AS [c]
WHERE ([c].[ExistInApi] = CAST(1 AS bit)) AND ((([c].[MarketCapitalization] IS NOT NULL) AND (CAST([c].[MarketCapitalization] AS float) > @__from_0)) AND (CAST([c].[MarketCapitalization] AS float) < @__to_1))
2022-05-12 00:50:52.912 +03:00 [INF] Executed DbCommand (10ms) [Parameters=[@__from_0='?' (DbType = Double), @__to_1='?' (DbType = Double)], CommandType='"Text"', CommandTimeout='30']
SELECT COUNT(*)
FROM [CompanyOverviews] AS [c]
WHERE ([c].[ExistInApi] = CAST(1 AS bit)) AND ((([c].[MarketCapitalization] IS NOT NULL) AND (CAST([c].[MarketCapitalization] AS float) > @__from_0)) AND (CAST([c].[MarketCapitalization] AS float) < @__to_1))
2022-05-12 00:50:52.926 +03:00 [INF] Executed DbCommand (11ms) [Parameters=[@__from_0='?' (DbType = Double), @__to_1='?' (DbType = Double)], CommandType='"Text"', CommandTimeout='30']
SELECT COUNT(*)
FROM [CompanyOverviews] AS [c]
WHERE ([c].[ExistInApi] = CAST(1 AS bit)) AND ((([c].[MarketCapitalization] IS NOT NULL) AND (CAST([c].[MarketCapitalization] AS float) > @__from_0)) AND (CAST([c].[MarketCapitalization] AS float) < @__to_1))
2022-05-12 00:50:52.935 +03:00 [INF] Executing OkObjectResult, writing value of type 'System.String'.
2022-05-12 00:50:52.938 +03:00 [INF] Executed DbCommand (10ms) [Parameters=[@__from_0='?' (DbType = Double), @__to_1='?' (DbType = Double)], CommandType='"Text"', CommandTimeout='30']
SELECT COUNT(*)
FROM [CompanyOverviews] AS [c]
WHERE ([c].[ExistInApi] = CAST(1 AS bit)) AND ((([c].[MarketCapitalization] IS NOT NULL) AND (CAST([c].[MarketCapitalization] AS float) > @__from_0)) AND (CAST([c].[MarketCapitalization] AS float) < @__to_1))
2022-05-12 00:50:52.942 +03:00 [INF] Executed action SaluteStocksAPI.Controllers.ApiController.GetScreenerModel (SaluteStocksAPI) in 306.1846ms
2022-05-12 00:50:52.943 +03:00 [INF] Executed endpoint 'SaluteStocksAPI.Controllers.ApiController.GetScreenerModel (SaluteStocksAPI)'
2022-05-12 00:50:52.946 +03:00 [INF] Request finished HTTP/2 GET https://localhost:5001/api/screener-model - - - 200 - text/plain;+charset=utf-8 333.4023ms
2022-05-12 00:50:52.948 +03:00 [INF] Executed DbCommand (8ms) [Parameters=[@__from_0='?' (DbType = Double), @__to_1='?' (DbType = Double)], CommandType='"Text"', CommandTimeout='30']
SELECT COUNT(*)
FROM [CompanyOverviews] AS [c]
WHERE ([c].[ExistInApi] = CAST(1 AS bit)) AND ((([c].[MarketCapitalization] IS NOT NULL) AND (CAST([c].[MarketCapitalization] AS float) > @__from_0)) AND (CAST([c].[MarketCapitalization] AS float) < @__to_1))
2022-05-12 00:50:52.961 +03:00 [INF] Executed DbCommand (11ms) [Parameters=[@__from_0='?' (DbType = Double), @__to_1='?' (DbType = Double)], CommandType='"Text"', CommandTimeout='30']
SELECT COUNT(*)
FROM [CompanyOverviews] AS [c]
WHERE ([c].[ExistInApi] = CAST(1 AS bit)) AND ((([c].[MarketCapitalization] IS NOT NULL) AND (CAST([c].[MarketCapitalization] AS float) > @__from_0)) AND (CAST([c].[MarketCapitalization] AS float) < @__to_1))
2022-05-12 00:50:52.972 +03:00 [INF] Executed DbCommand (9ms) [Parameters=[@__from_0='?' (DbType = Double), @__to_1='?' (DbType = Double)], CommandType='"Text"', CommandTimeout='30']
SELECT COUNT(*)
FROM [CompanyOverviews] AS [c]
WHERE ([c].[ExistInApi] = CAST(1 AS bit)) AND ((([c].[MarketCapitalization] IS NOT NULL) AND (CAST([c].[MarketCapitalization] AS float) > @__from_0)) AND (CAST([c].[MarketCapitalization] AS float) < @__to_1))
2022-05-12 00:50:52.985 +03:00 [INF] Executed DbCommand (10ms) [Parameters=[@__from_0='?' (DbType = Double), @__to_1='?' (DbType = Double)], CommandType='"Text"', CommandTimeout='30']
SELECT COUNT(*)
FROM [CompanyOverviews] AS [c]
WHERE ([c].[ExistInApi] = CAST(1 AS bit)) AND ((([c].[MarketCapitalization] IS NOT NULL) AND (CAST([c].[MarketCapitalization] AS float) > @__from_0)) AND (CAST([c].[MarketCapitalization] AS float) < @__to_1))
2022-05-12 00:50:52.996 +03:00 [INF] Executed DbCommand (9ms) [Parameters=[@__from_0='?' (DbType = Double), @__to_1='?' (DbType = Double)], CommandType='"Text"', CommandTimeout='30']
SELECT COUNT(*)
FROM [CompanyOverviews] AS [c]
WHERE ([c].[ExistInApi] = CAST(1 AS bit)) AND ((([c].[MarketCapitalization] IS NOT NULL) AND (CAST([c].[MarketCapitalization] AS float) > @__from_0)) AND (CAST([c].[MarketCapitalization] AS float) < @__to_1))
2022-05-12 00:50:53.005 +03:00 [INF] Executed DbCommand (8ms) [Parameters=[@__from_0='?' (DbType = Double), @__to_1='?' (DbType = Double)], CommandType='"Text"', CommandTimeout='30']
SELECT COUNT(*)
FROM [CompanyOverviews] AS [c]
WHERE ([c].[ExistInApi] = CAST(1 AS bit)) AND ((([c].[MarketCapitalization] IS NOT NULL) AND (CAST([c].[MarketCapitalization] AS float) > @__from_0)) AND (CAST([c].[MarketCapitalization] AS float) < @__to_1))
2022-05-12 00:50:53.017 +03:00 [INF] Executed DbCommand (10ms) [Parameters=[@__from_0='?' (DbType = Double), @__to_1='?' (DbType = Double)], CommandType='"Text"', CommandTimeout='30']
SELECT COUNT(*)
FROM [CompanyOverviews] AS [c]
WHERE ([c].[ExistInApi] = CAST(1 AS bit)) AND ((([c].[MarketCapitalization] IS NOT NULL) AND (CAST([c].[MarketCapitalization] AS float) > @__from_0)) AND (CAST([c].[MarketCapitalization] AS float) < @__to_1))
2022-05-12 00:50:53.028 +03:00 [INF] Executed DbCommand (10ms) [Parameters=[@__from_0='?' (DbType = Double), @__to_1='?' (DbType = Double)], CommandType='"Text"', CommandTimeout='30']
SELECT COUNT(*)
FROM [CompanyOverviews] AS [c]
WHERE ([c].[ExistInApi] = CAST(1 AS bit)) AND ((([c].[MarketCapitalization] IS NOT NULL) AND (CAST([c].[MarketCapitalization] AS float) > @__from_0)) AND (CAST([c].[MarketCapitalization] AS float) < @__to_1))
2022-05-12 00:50:53.040 +03:00 [INF] Executed DbCommand (10ms) [Parameters=[@__from_0='?' (DbType = Double), @__to_1='?' (DbType = Double)], CommandType='"Text"', CommandTimeout='30']
SELECT COUNT(*)
FROM [CompanyOverviews] AS [c]
WHERE ([c].[ExistInApi] = CAST(1 AS bit)) AND ((([c].[MarketCapitalization] IS NOT NULL) AND (CAST([c].[MarketCapitalization] AS float) > @__from_0)) AND (CAST([c].[MarketCapitalization] AS float) < @__to_1))
2022-05-12 00:50:53.051 +03:00 [INF] Executed DbCommand (8ms) [Parameters=[@__from_0='?' (DbType = Double), @__to_1='?' (DbType = Double)], CommandType='"Text"', CommandTimeout='30']
SELECT COUNT(*)
FROM [CompanyOverviews] AS [c]
WHERE ([c].[ExistInApi] = CAST(1 AS bit)) AND ((([c].[MarketCapitalization] IS NOT NULL) AND (CAST([c].[MarketCapitalization] AS float) > @__from_0)) AND (CAST([c].[MarketCapitalization] AS float) < @__to_1))
2022-05-12 00:50:53.062 +03:00 [INF] Executed DbCommand (9ms) [Parameters=[@__from_0='?' (DbType = Double), @__to_1='?' (DbType = Double)], CommandType='"Text"', CommandTimeout='30']
SELECT COUNT(*)
FROM [CompanyOverviews] AS [c]
WHERE ([c].[ExistInApi] = CAST(1 AS bit)) AND ((([c].[MarketCapitalization] IS NOT NULL) AND (CAST([c].[MarketCapitalization] AS float) > @__from_0)) AND (CAST([c].[MarketCapitalization] AS float) < @__to_1))
2022-05-12 00:50:53.072 +03:00 [INF] Executed DbCommand (8ms) [Parameters=[@__from_0='?' (DbType = Double), @__to_1='?' (DbType = Double)], CommandType='"Text"', CommandTimeout='30']
SELECT COUNT(*)
FROM [CompanyOverviews] AS [c]
WHERE ([c].[ExistInApi] = CAST(1 AS bit)) AND ((([c].[MarketCapitalization] IS NOT NULL) AND (CAST([c].[MarketCapitalization] AS float) > @__from_0)) AND (CAST([c].[MarketCapitalization] AS float) < @__to_1))
2022-05-12 00:50:53.083 +03:00 [INF] Executed DbCommand (9ms) [Parameters=[@__from_0='?' (DbType = Double), @__to_1='?' (DbType = Double)], CommandType='"Text"', CommandTimeout='30']
SELECT COUNT(*)
FROM [CompanyOverviews] AS [c]
WHERE ([c].[ExistInApi] = CAST(1 AS bit)) AND ((([c].[MarketCapitalization] IS NOT NULL) AND (CAST([c].[MarketCapitalization] AS float) > @__from_0)) AND (CAST([c].[MarketCapitalization] AS float) < @__to_1))
2022-05-12 00:50:53.095 +03:00 [INF] Executed DbCommand (10ms) [Parameters=[@__from_0='?' (DbType = Double), @__to_1='?' (DbType = Double)], CommandType='"Text"', CommandTimeout='30']
SELECT COUNT(*)
FROM [CompanyOverviews] AS [c]
WHERE ([c].[ExistInApi] = CAST(1 AS bit)) AND ((([c].[MarketCapitalization] IS NOT NULL) AND (CAST([c].[MarketCapitalization] AS float) > @__from_0)) AND (CAST([c].[MarketCapitalization] AS float) < @__to_1))
2022-05-12 00:50:53.106 +03:00 [INF] Executed DbCommand (9ms) [Parameters=[@__from_0='?' (DbType = Double), @__to_1='?' (DbType = Double)], CommandType='"Text"', CommandTimeout='30']
SELECT COUNT(*)
FROM [CompanyOverviews] AS [c]
WHERE ([c].[ExistInApi] = CAST(1 AS bit)) AND ((([c].[MarketCapitalization] IS NOT NULL) AND (CAST([c].[MarketCapitalization] AS float) > @__from_0)) AND (CAST([c].[MarketCapitalization] AS float) < @__to_1))
2022-05-12 00:50:53.125 +03:00 [INF] Executed DbCommand (15ms) [Parameters=[@__from_0='?' (DbType = Double), @__to_1='?' (DbType = Double)], CommandType='"Text"', CommandTimeout='30']
SELECT COUNT(*)
FROM [CompanyOverviews] AS [c]
WHERE ([c].[ExistInApi] = CAST(1 AS bit)) AND ((([c].[MarketCapitalization] IS NOT NULL) AND (CAST([c].[MarketCapitalization] AS float) > @__from_0)) AND (CAST([c].[MarketCapitalization] AS float) < @__to_1))
2022-05-12 00:50:53.137 +03:00 [INF] Executed DbCommand (9ms) [Parameters=[@__from_0='?' (DbType = Double), @__to_1='?' (DbType = Double)], CommandType='"Text"', CommandTimeout='30']
SELECT COUNT(*)
FROM [CompanyOverviews] AS [c]
WHERE ([c].[ExistInApi] = CAST(1 AS bit)) AND ((([c].[MarketCapitalization] IS NOT NULL) AND (CAST([c].[MarketCapitalization] AS float) > @__from_0)) AND (CAST([c].[MarketCapitalization] AS float) < @__to_1))
2022-05-12 00:50:53.148 +03:00 [INF] Executed DbCommand (8ms) [Parameters=[@__from_0='?' (DbType = Double), @__to_1='?' (DbType = Double)], CommandType='"Text"', CommandTimeout='30']
SELECT COUNT(*)
FROM [CompanyOverviews] AS [c]
WHERE ([c].[ExistInApi] = CAST(1 AS bit)) AND ((([c].[MarketCapitalization] IS NOT NULL) AND (CAST([c].[MarketCapitalization] AS float) > @__from_0)) AND (CAST([c].[MarketCapitalization] AS float) < @__to_1))
2022-05-12 00:50:53.159 +03:00 [INF] Executed DbCommand (9ms) [Parameters=[@__from_0='?' (DbType = Double), @__to_1='?' (DbType = Double)], CommandType='"Text"', CommandTimeout='30']
SELECT COUNT(*)
FROM [CompanyOverviews] AS [c]
WHERE ([c].[ExistInApi] = CAST(1 AS bit)) AND ((([c].[MarketCapitalization] IS NOT NULL) AND (CAST([c].[MarketCapitalization] AS float) > @__from_0)) AND (CAST([c].[MarketCapitalization] AS float) < @__to_1))
2022-05-12 00:50:53.171 +03:00 [INF] Executed DbCommand (9ms) [Parameters=[@__from_0='?' (DbType = Double), @__to_1='?' (DbType = Double)], CommandType='"Text"', CommandTimeout='30']
SELECT COUNT(*)
FROM [CompanyOverviews] AS [c]
WHERE ([c].[ExistInApi] = CAST(1 AS bit)) AND ((([c].[MarketCapitalization] IS NOT NULL) AND (CAST([c].[MarketCapitalization] AS float) > @__from_0)) AND (CAST([c].[MarketCapitalization] AS float) < @__to_1))
2022-05-12 00:50:53.183 +03:00 [INF] Executed DbCommand (9ms) [Parameters=[@__from_0='?' (DbType = Double), @__to_1='?' (DbType = Double)], CommandType='"Text"', CommandTimeout='30']
SELECT COUNT(*)
FROM [CompanyOverviews] AS [c]
WHERE ([c].[ExistInApi] = CAST(1 AS bit)) AND ((([c].[MarketCapitalization] IS NOT NULL) AND (CAST([c].[MarketCapitalization] AS float) > @__from_0)) AND (CAST([c].[MarketCapitalization] AS float) < @__to_1))
2022-05-12 00:50:53.193 +03:00 [INF] Executed DbCommand (8ms) [Parameters=[@__from_0='?' (DbType = Double), @__to_1='?' (DbType = Double)], CommandType='"Text"', CommandTimeout='30']
SELECT COUNT(*)
FROM [CompanyOverviews] AS [c]
WHERE ([c].[ExistInApi] = CAST(1 AS bit)) AND ((([c].[MarketCapitalization] IS NOT NULL) AND (CAST([c].[MarketCapitalization] AS float) > @__from_0)) AND (CAST([c].[MarketCapitalization] AS float) < @__to_1))
2022-05-12 00:50:53.208 +03:00 [INF] Executing ObjectResult, writing value of type 'System.String'.
2022-05-12 00:50:53.209 +03:00 [INF] Executed action SaluteStocksAPI.Controllers.ApiController.GetMarketCapDistribution (SaluteStocksAPI) in 569.7043ms
2022-05-12 00:50:53.210 +03:00 [INF] Executed endpoint 'SaluteStocksAPI.Controllers.ApiController.GetMarketCapDistribution (SaluteStocksAPI)'
2022-05-12 00:50:53.210 +03:00 [INF] Request finished HTTP/2 GET https://localhost:5001/api/distribution/market-cap/30 - - - 200 - text/plain;+charset=utf-8 597.5916ms
2022-05-12 00:51:14.396 +03:00 [INF] Application is shutting down...
2022-05-12 00:51:14.407 +03:00 [FTL] Error in background service.
System.Threading.Tasks.TaskCanceledException: A task was canceled.
   at SaluteStocksAPI.Service.Background.Loader.LoadMissingData(CancellationToken stoppingToken) in D:\repo\SaluteStocks\SaluteStocksAPI\Service\Background\Loader.cs:line 159
   at SaluteStocksAPI.Service.Background.Loader.ExecuteAsync(CancellationToken stoppingToken) in D:\repo\SaluteStocks\SaluteStocksAPI\Service\Background\Loader.cs:line 49
