2022-04-03 19:39:26.139 +03:00 [INF] Generating URI for LISTING_STATUS with params: state: active
2022-04-03 19:39:26.164 +03:00 [INF] URI: https://www.alphavantage.co/query?apikey=YTXYXH479B3J1MY2&function=LISTING_STATUS&state=active
2022-04-03 19:39:26.171 +03:00 [INF] Starting to get and parse CSV from "https://www.alphavantage.co/query?apikey=YTXYXH479B3J1MY2&function=LISTING_STATUS&state=active".
2022-04-03 19:39:26.341 +03:00 [INF] Now listening on: https://localhost:5001
2022-04-03 19:39:26.343 +03:00 [INF] Now listening on: http://localhost:5000
2022-04-03 19:39:26.344 +03:00 [INF] Application started. Press Ctrl+C to shut down.
2022-04-03 19:39:26.345 +03:00 [INF] Hosting environment: Development
2022-04-03 19:39:26.346 +03:00 [INF] Content root path: D:\repo\SaluteStocks\SaluteStocksAPI\
2022-04-03 19:39:26.816 +03:00 [INF] Request starting HTTP/2 GET https://localhost:5001/swagger/index.html - -
2022-04-03 19:39:26.888 +03:00 [INF] Request finished HTTP/2 GET https://localhost:5001/swagger/index.html - - - 200 - text/html;charset=utf-8 73.7409ms
2022-04-03 19:39:26.996 +03:00 [INF] Request starting HTTP/2 GET https://localhost:5001/swagger/v1/swagger.json - -
2022-04-03 19:39:27.007 +03:00 [ERR] An unhandled exception has occurred while executing the request.
Swashbuckle.AspNetCore.SwaggerGen.SwaggerGeneratorException: Ambiguous HTTP method for action - SaluteStocksAPI.Controllers.ApiController.Ping (SaluteStocksAPI). Actions require an explicit HttpMethod binding for Swagger/OpenAPI 3.0
   at Swashbuckle.AspNetCore.SwaggerGen.SwaggerGenerator.GenerateOperations(IEnumerable`1 apiDescriptions, SchemaRepository schemaRepository)
   at Swashbuckle.AspNetCore.SwaggerGen.SwaggerGenerator.GeneratePaths(IEnumerable`1 apiDescriptions, SchemaRepository schemaRepository)
   at Swashbuckle.AspNetCore.SwaggerGen.SwaggerGenerator.GetSwagger(String documentName, String host, String basePath)
   at Swashbuckle.AspNetCore.Swagger.SwaggerMiddleware.Invoke(HttpContext httpContext, ISwaggerProvider swaggerProvider)
   at Microsoft.AspNetCore.Diagnostics.DeveloperExceptionPageMiddleware.Invoke(HttpContext context)
2022-04-03 19:39:27.030 +03:00 [INF] Request finished HTTP/2 GET https://localhost:5001/swagger/v1/swagger.json - - - 500 - text/plain;+charset=utf-8 34.4217ms
2022-04-03 19:39:33.615 +03:00 [INF] Response has success status code
2022-04-03 19:39:33.617 +03:00 [INF] Trying to deserialize response.
2022-04-03 19:39:34.149 +03:00 [INF] Entity Framework Core 6.0.3 initialized 'StocksContext' using provider 'Microsoft.EntityFrameworkCore.SqlServer:6.0.0' with options: None
2022-04-03 19:39:34.428 +03:00 [INF] Executed DbCommand (29ms) [Parameters=[], CommandType='"Text"', CommandTimeout='30']
SELECT TOP 0 T.[Symbol], T.[AssetType], T.[DelistingDate], T.[Exchange], T.[ExistInApi], T.[IpoDate], T.[LastApiRefresh], T.[LastLocalRefresh], T.[Name], T.[Status] INTO [ListingTemp14610a59] FROM [Listing] AS T LEFT JOIN [Listing] AS Source ON 1 = 0;
2022-04-03 19:39:35.571 +03:00 [INF] Executed DbCommand (555ms) [Parameters=[], CommandType='"Text"', CommandTimeout='30']
MERGE [Listing] WITH (HOLDLOCK) AS T USING (SELECT TOP 12514 * FROM [ListingTemp14610a59] ORDER BY [Symbol]) AS S ON T.[Symbol] = S.[Symbol] WHEN NOT MATCHED BY TARGET THEN INSERT ([Symbol], [AssetType], [DelistingDate], [Exchange], [ExistInApi], [IpoDate], [LastApiRefresh], [LastLocalRefresh], [Name], [Status]) VALUES (S.[Symbol], S.[AssetType], S.[DelistingDate], S.[Exchange], S.[ExistInApi], S.[IpoDate], S.[LastApiRefresh], S.[LastLocalRefresh], S.[Name], S.[Status]) WHEN MATCHED AND EXISTS (SELECT S.[Symbol], S.[AssetType], S.[DelistingDate], S.[Exchange], S.[ExistInApi], S.[IpoDate], S.[LastApiRefresh], S.[LastLocalRefresh], S.[Name], S.[Status] EXCEPT SELECT T.[Symbol], T.[AssetType], T.[DelistingDate], T.[Exchange], T.[ExistInApi], T.[IpoDate], T.[LastApiRefresh], T.[LastLocalRefresh], T.[Name], T.[Status]) THEN UPDATE SET T.[AssetType] = S.[AssetType], T.[DelistingDate] = S.[DelistingDate], T.[Exchange] = S.[Exchange], T.[ExistInApi] = S.[ExistInApi], T.[IpoDate] = S.[IpoDate], T.[LastApiRefresh] = S.[LastApiRefresh], T.[LastLocalRefresh] = S.[LastLocalRefresh], T.[Name] = S.[Name], T.[Status] = S.[Status] WHEN NOT MATCHED BY SOURCE THEN DELETE;
2022-04-03 19:39:35.584 +03:00 [INF] Executed DbCommand (10ms) [Parameters=[], CommandType='"Text"', CommandTimeout='30']
IF OBJECT_ID ('[ListingTemp14610a59]', 'U') IS NOT NULL DROP TABLE [ListingTemp14610a59]
2022-04-03 19:39:35.593 +03:00 [INF] Loading missing data.
2022-04-03 19:39:35.595 +03:00 [INF] Entity Framework Core 6.0.3 initialized 'StocksContext' using provider 'Microsoft.EntityFrameworkCore.SqlServer:6.0.0' with options: None
2022-04-03 19:39:35.739 +03:00 [INF] Executed DbCommand (23ms) [Parameters=[], CommandType='"Text"', CommandTimeout='30']
SELECT [l].[Symbol]
FROM [Listing] AS [l]
2022-04-03 19:39:35.806 +03:00 [INF] Loading missing entities for SaluteStocksAPI.Models.FundamentalData.BalanceSheet
2022-04-03 19:39:35.808 +03:00 [INF] Getting already loaded entities
2022-04-03 19:39:35.821 +03:00 [INF] Entity Framework Core 6.0.3 initialized 'StocksContext' using provider 'Microsoft.EntityFrameworkCore.SqlServer:6.0.0' with options: None
2022-04-03 19:39:35.833 +03:00 [INF] Loading missing entities for SaluteStocksAPI.Models.FundamentalData.CashFlow
2022-04-03 19:39:35.834 +03:00 [INF] Getting already loaded entities
2022-04-03 19:39:35.835 +03:00 [INF] Entity Framework Core 6.0.3 initialized 'StocksContext' using provider 'Microsoft.EntityFrameworkCore.SqlServer:6.0.0' with options: None
2022-04-03 19:39:35.840 +03:00 [INF] Loading missing entities for SaluteStocksAPI.Models.FundamentalData.CompanyOverview
2022-04-03 19:39:35.840 +03:00 [INF] Getting already loaded entities
2022-04-03 19:39:35.841 +03:00 [INF] Executed DbCommand (9ms) [Parameters=[], CommandType='"Text"', CommandTimeout='30']
SELECT DISTINCT [b].[Symbol]
FROM [BalanceSheets] AS [b]
WHERE [b].[ExistInApi] IS NOT NULL
2022-04-03 19:39:35.841 +03:00 [INF] Entity Framework Core 6.0.3 initialized 'StocksContext' using provider 'Microsoft.EntityFrameworkCore.SqlServer:6.0.0' with options: None
2022-04-03 19:39:35.844 +03:00 [INF] Already loaded: 787
2022-04-03 19:39:35.845 +03:00 [INF] Loading missing entities for SaluteStocksAPI.Models.FundamentalData.Earnings
2022-04-03 19:39:35.846 +03:00 [INF] Getting already loaded entities
2022-04-03 19:39:35.847 +03:00 [INF] Entity Framework Core 6.0.3 initialized 'StocksContext' using provider 'Microsoft.EntityFrameworkCore.SqlServer:6.0.0' with options: None
2022-04-03 19:39:35.850 +03:00 [INF] Trying to refresh entity SaluteStocksAPI.Models.FundamentalData.BalanceSheet with Symbol AMTR
2022-04-03 19:39:35.852 +03:00 [INF] Loading missing entities for SaluteStocksAPI.Models.FundamentalData.IncomeStatement
2022-04-03 19:39:35.852 +03:00 [INF] Getting already loaded entities
2022-04-03 19:39:35.853 +03:00 [INF] Generating URI for BALANCE_SHEET with params: symbol: AMTR
2022-04-03 19:39:35.853 +03:00 [INF] Entity Framework Core 6.0.3 initialized 'StocksContext' using provider 'Microsoft.EntityFrameworkCore.SqlServer:6.0.0' with options: None
2022-04-03 19:39:35.853 +03:00 [INF] URI: https://www.alphavantage.co/query?apikey=YTXYXH479B3J1MY2&function=BALANCE_SHEET&symbol=AMTR
2022-04-03 19:39:35.855 +03:00 [INF] Executed DbCommand (10ms) [Parameters=[], CommandType='"Text"', CommandTimeout='30']
SELECT DISTINCT [c].[Symbol]
FROM [CompanyOverviews] AS [c]
WHERE [c].[ExistInApi] IS NOT NULL
2022-04-03 19:39:35.857 +03:00 [INF] Starting to get and parse JSON from "https://www.alphavantage.co/query?apikey=YTXYXH479B3J1MY2&function=BALANCE_SHEET&symbol=AMTR".
2022-04-03 19:39:35.858 +03:00 [INF] Already loaded: 386
2022-04-03 19:39:35.861 +03:00 [INF] Trying to refresh entity SaluteStocksAPI.Models.FundamentalData.CompanyOverview with Symbol ACABW
2022-04-03 19:39:35.863 +03:00 [INF] Generating URI for OVERVIEW with params: symbol: ACABW
2022-04-03 19:39:35.864 +03:00 [INF] URI: https://www.alphavantage.co/query?apikey=YTXYXH479B3J1MY2&function=OVERVIEW&symbol=ACABW
2022-04-03 19:39:35.865 +03:00 [INF] Starting to get and parse JSON from "https://www.alphavantage.co/query?apikey=YTXYXH479B3J1MY2&function=OVERVIEW&symbol=ACABW".
2022-04-03 19:39:35.874 +03:00 [INF] Executed DbCommand (6ms) [Parameters=[], CommandType='"Text"', CommandTimeout='30']
SELECT DISTINCT [e].[Symbol]
FROM [Earnings] AS [e]
WHERE [e].[ExistInApi] IS NOT NULL
2022-04-03 19:39:35.876 +03:00 [INF] Executed DbCommand (8ms) [Parameters=[], CommandType='"Text"', CommandTimeout='30']
SELECT DISTINCT [c].[Symbol]
FROM [CashFlows] AS [c]
WHERE [c].[ExistInApi] IS NOT NULL
2022-04-03 19:39:35.876 +03:00 [INF] Already loaded: 109
2022-04-03 19:39:35.877 +03:00 [INF] Already loaded: 112
2022-04-03 19:39:35.878 +03:00 [INF] Trying to refresh entity SaluteStocksAPI.Models.FundamentalData.Earnings with Symbol AAQC-U
2022-04-03 19:39:35.878 +03:00 [INF] Trying to refresh entity SaluteStocksAPI.Models.FundamentalData.CashFlow with Symbol AAQC-U
2022-04-03 19:39:35.880 +03:00 [INF] Generating URI for EARNINGS with params: symbol: AAQC-U
2022-04-03 19:39:35.882 +03:00 [INF] URI: https://www.alphavantage.co/query?apikey=YTXYXH479B3J1MY2&function=EARNINGS&symbol=AAQC-U
2022-04-03 19:39:35.883 +03:00 [INF] Generating URI for CASH_FLOW with params: symbol: AAQC-U
2022-04-03 19:39:35.883 +03:00 [INF] Starting to get and parse JSON from "https://www.alphavantage.co/query?apikey=YTXYXH479B3J1MY2&function=EARNINGS&symbol=AAQC-U".
2022-04-03 19:39:35.884 +03:00 [INF] URI: https://www.alphavantage.co/query?apikey=YTXYXH479B3J1MY2&function=CASH_FLOW&symbol=AAQC-U
2022-04-03 19:39:35.886 +03:00 [INF] Starting to get and parse JSON from "https://www.alphavantage.co/query?apikey=YTXYXH479B3J1MY2&function=CASH_FLOW&symbol=AAQC-U".
2022-04-03 19:39:35.962 +03:00 [INF] Executed DbCommand (19ms) [Parameters=[], CommandType='"Text"', CommandTimeout='30']
SELECT DISTINCT [i].[Symbol]
FROM [IncomeStatements] AS [i]
WHERE [i].[ExistInApi] IS NOT NULL
2022-04-03 19:39:35.963 +03:00 [INF] Already loaded: 98
2022-04-03 19:39:35.964 +03:00 [INF] Trying to refresh entity SaluteStocksAPI.Models.FundamentalData.IncomeStatement with Symbol AAQC-WS
2022-04-03 19:39:35.966 +03:00 [INF] Generating URI for INCOME_STATEMENT with params: symbol: AAQC-WS
2022-04-03 19:39:35.967 +03:00 [INF] URI: https://www.alphavantage.co/query?apikey=YTXYXH479B3J1MY2&function=INCOME_STATEMENT&symbol=AAQC-WS
2022-04-03 19:39:35.967 +03:00 [INF] Starting to get and parse JSON from "https://www.alphavantage.co/query?apikey=YTXYXH479B3J1MY2&function=INCOME_STATEMENT&symbol=AAQC-WS".
2022-04-03 19:39:36.141 +03:00 [INF] Response has success status code
2022-04-03 19:39:36.141 +03:00 [INF] Trying to deserialize response.
2022-04-03 19:39:36.207 +03:00 [INF] Entity Framework Core 6.0.3 initialized 'StocksContext' using provider 'Microsoft.EntityFrameworkCore.SqlServer:6.0.0' with options: None
2022-04-03 19:39:36.274 +03:00 [INF] Executed DbCommand (23ms) [Parameters=[@__symbol_0='?' (Size = 450)], CommandType='"Text"', CommandTimeout='30']
SELECT TOP(2) [c].[Symbol], [c].[Address], [c].[AnalystTargetPrice], [c].[AssetType], [c].[Beta], [c].[BookValue], [c].[CIK], [c].[Country], [c].[Currency], [c].[Description], [c].[DilutedEPSTTM], [c].[DividendDate], [c].[DividendPerShare], [c].[DividendYield], [c].[EBITDA], [c].[EPS], [c].[EVToEBITDA], [c].[EVToRevenue], [c].[ExDividendDate], [c].[Exchange], [c].[ExistInApi], [c].[FiscalYearEnd], [c].[ForwardPE], [c].[GrossProfitTTM], [c].[Industry], [c].[LastApiRefresh], [c].[LastLocalRefresh], [c].[LatestQuarter], [c].[MarketCapitalization], [c].[Name], [c].[OperatingMarginTTM], [c].[PEGRatio], [c].[PERatio], [c].[PriceToBookRatio], [c].[PriceToSalesRatioTTM], [c].[ProfitMargin], [c].[QuarterlyEarningsGrowthYOY], [c].[QuarterlyRevenueGrowthYOY], [c].[ReturnOnAssetsTTM], [c].[ReturnOnEquityTTM], [c].[RevenuePerShareTTM], [c].[RevenueTTM], [c].[Sector], [c].[SharesOutstanding], [c].[TrailingPE], [c].[_200DayMovingAverage], [c].[_50DayMovingAverage], [c].[_52WeekHigh], [c].[_52WeekLow]
FROM [CompanyOverviews] AS [c]
WHERE [c].[Symbol] = @__symbol_0
2022-04-03 19:39:36.274 +03:00 [INF] Response has success status code
2022-04-03 19:39:36.276 +03:00 [INF] Trying to deserialize response.
2022-04-03 19:39:36.282 +03:00 [INF] Entity Framework Core 6.0.3 initialized 'StocksContext' using provider 'Microsoft.EntityFrameworkCore.SqlServer:6.0.0' with options: None
2022-04-03 19:39:36.291 +03:00 [ERR] An exception occurred while iterating over the results of a query for context type 'SaluteStocksAPI.DataBase.StocksContext'.
System.InvalidCastException: Unable to cast object of type 'System.Int64' to type 'System.Double'.
   at Microsoft.Data.SqlClient.SqlBuffer.get_Double()
   at Microsoft.Data.SqlClient.SqlDataReader.GetDouble(Int32 i)
   at lambda_method63(Closure , QueryContext , DbDataReader , ResultContext , SingleQueryResultCoordinator )
   at Microsoft.EntityFrameworkCore.Query.Internal.SingleQueryingEnumerable`1.AsyncEnumerator.MoveNextAsync()
System.InvalidCastException: Unable to cast object of type 'System.Int64' to type 'System.Double'.
   at Microsoft.Data.SqlClient.SqlBuffer.get_Double()
   at Microsoft.Data.SqlClient.SqlDataReader.GetDouble(Int32 i)
   at lambda_method63(Closure , QueryContext , DbDataReader , ResultContext , SingleQueryResultCoordinator )
   at Microsoft.EntityFrameworkCore.Query.Internal.SingleQueryingEnumerable`1.AsyncEnumerator.MoveNextAsync()
2022-04-03 19:39:36.295 +03:00 [INF] Executed DbCommand (11ms) [Parameters=[@__symbol_0='?' (Size = 450)], CommandType='"Text"', CommandTimeout='30']
SELECT TOP(2) [c].[Symbol], [c].[Address], [c].[AnalystTargetPrice], [c].[AssetType], [c].[Beta], [c].[BookValue], [c].[CIK], [c].[Country], [c].[Currency], [c].[Description], [c].[DilutedEPSTTM], [c].[DividendDate], [c].[DividendPerShare], [c].[DividendYield], [c].[EBITDA], [c].[EPS], [c].[EVToEBITDA], [c].[EVToRevenue], [c].[ExDividendDate], [c].[Exchange], [c].[ExistInApi], [c].[FiscalYearEnd], [c].[ForwardPE], [c].[GrossProfitTTM], [c].[Industry], [c].[LastApiRefresh], [c].[LastLocalRefresh], [c].[LatestQuarter], [c].[MarketCapitalization], [c].[Name], [c].[OperatingMarginTTM], [c].[PEGRatio], [c].[PERatio], [c].[PriceToBookRatio], [c].[PriceToSalesRatioTTM], [c].[ProfitMargin], [c].[QuarterlyEarningsGrowthYOY], [c].[QuarterlyRevenueGrowthYOY], [c].[ReturnOnAssetsTTM], [c].[ReturnOnEquityTTM], [c].[RevenuePerShareTTM], [c].[RevenueTTM], [c].[Sector], [c].[SharesOutstanding], [c].[TrailingPE], [c].[_200DayMovingAverage], [c].[_50DayMovingAverage], [c].[_52WeekHigh], [c].[_52WeekLow]
FROM [CompanyOverviews] AS [c]
WHERE [c].[Symbol] = @__symbol_0
2022-04-03 19:39:36.348 +03:00 [ERR] Failed to refresh  entity SaluteStocksAPI.Models.FundamentalData.Earnings with Symbol AAQC-U
System.InvalidCastException: Unable to cast object of type 'System.Int64' to type 'System.Double'.
   at Microsoft.Data.SqlClient.SqlBuffer.get_Double()
   at Microsoft.Data.SqlClient.SqlDataReader.GetDouble(Int32 i)
   at lambda_method63(Closure , QueryContext , DbDataReader , ResultContext , SingleQueryResultCoordinator )
   at Microsoft.EntityFrameworkCore.Query.Internal.SingleQueryingEnumerable`1.AsyncEnumerator.MoveNextAsync()
   at Microsoft.EntityFrameworkCore.Query.ShapedQueryCompilingExpressionVisitor.SingleOrDefaultAsync[TSource](IAsyncEnumerable`1 asyncEnumerable, CancellationToken cancellationToken)
   at Microsoft.EntityFrameworkCore.Query.ShapedQueryCompilingExpressionVisitor.SingleOrDefaultAsync[TSource](IAsyncEnumerable`1 asyncEnumerable, CancellationToken cancellationToken)
   at SaluteStocksAPI.Service.DataBaseRepository.Get[T](String symbol) in D:\repo\SaluteStocks\SaluteStocksAPI\Service\DataBaseRepository.cs:line 54
   at SaluteStocksAPI.Service.Background.Loader.RefreshEntity[T](String symbol) in D:\repo\SaluteStocks\SaluteStocksAPI\Service\Background\Loader.cs:line 189
2022-04-03 19:39:36.350 +03:00 [ERR] An exception occurred while iterating over the results of a query for context type 'SaluteStocksAPI.DataBase.StocksContext'.
System.InvalidCastException: Unable to cast object of type 'System.Int64' to type 'System.Double'.
   at Microsoft.Data.SqlClient.SqlBuffer.get_Double()
   at Microsoft.Data.SqlClient.SqlDataReader.GetDouble(Int32 i)
   at lambda_method63(Closure , QueryContext , DbDataReader , ResultContext , SingleQueryResultCoordinator )
   at Microsoft.EntityFrameworkCore.Query.Internal.SingleQueryingEnumerable`1.AsyncEnumerator.MoveNextAsync()
System.InvalidCastException: Unable to cast object of type 'System.Int64' to type 'System.Double'.
   at Microsoft.Data.SqlClient.SqlBuffer.get_Double()
   at Microsoft.Data.SqlClient.SqlDataReader.GetDouble(Int32 i)
   at lambda_method63(Closure , QueryContext , DbDataReader , ResultContext , SingleQueryResultCoordinator )
   at Microsoft.EntityFrameworkCore.Query.Internal.SingleQueryingEnumerable`1.AsyncEnumerator.MoveNextAsync()
2022-04-03 19:39:36.399 +03:00 [ERR] Failed to refresh  entity SaluteStocksAPI.Models.FundamentalData.IncomeStatement with Symbol AAQC-WS
System.InvalidCastException: Unable to cast object of type 'System.Int64' to type 'System.Double'.
   at Microsoft.Data.SqlClient.SqlBuffer.get_Double()
   at Microsoft.Data.SqlClient.SqlDataReader.GetDouble(Int32 i)
   at lambda_method63(Closure , QueryContext , DbDataReader , ResultContext , SingleQueryResultCoordinator )
   at Microsoft.EntityFrameworkCore.Query.Internal.SingleQueryingEnumerable`1.AsyncEnumerator.MoveNextAsync()
   at Microsoft.EntityFrameworkCore.Query.ShapedQueryCompilingExpressionVisitor.SingleOrDefaultAsync[TSource](IAsyncEnumerable`1 asyncEnumerable, CancellationToken cancellationToken)
   at Microsoft.EntityFrameworkCore.Query.ShapedQueryCompilingExpressionVisitor.SingleOrDefaultAsync[TSource](IAsyncEnumerable`1 asyncEnumerable, CancellationToken cancellationToken)
   at SaluteStocksAPI.Service.DataBaseRepository.Get[T](String symbol) in D:\repo\SaluteStocks\SaluteStocksAPI\Service\DataBaseRepository.cs:line 54
   at SaluteStocksAPI.Service.Background.Loader.RefreshEntity[T](String symbol) in D:\repo\SaluteStocks\SaluteStocksAPI\Service\Background\Loader.cs:line 189
2022-04-03 19:39:36.399 +03:00 [INF] Response has success status code
2022-04-03 19:39:36.415 +03:00 [INF] Trying to deserialize response.
2022-04-03 19:39:36.423 +03:00 [INF] Entity Framework Core 6.0.3 initialized 'StocksContext' using provider 'Microsoft.EntityFrameworkCore.SqlServer:6.0.0' with options: None
2022-04-03 19:39:36.437 +03:00 [INF] Executed DbCommand (13ms) [Parameters=[@__symbol_0='?' (Size = 450)], CommandType='"Text"', CommandTimeout='30']
SELECT TOP(2) [c].[Symbol], [c].[Address], [c].[AnalystTargetPrice], [c].[AssetType], [c].[Beta], [c].[BookValue], [c].[CIK], [c].[Country], [c].[Currency], [c].[Description], [c].[DilutedEPSTTM], [c].[DividendDate], [c].[DividendPerShare], [c].[DividendYield], [c].[EBITDA], [c].[EPS], [c].[EVToEBITDA], [c].[EVToRevenue], [c].[ExDividendDate], [c].[Exchange], [c].[ExistInApi], [c].[FiscalYearEnd], [c].[ForwardPE], [c].[GrossProfitTTM], [c].[Industry], [c].[LastApiRefresh], [c].[LastLocalRefresh], [c].[LatestQuarter], [c].[MarketCapitalization], [c].[Name], [c].[OperatingMarginTTM], [c].[PEGRatio], [c].[PERatio], [c].[PriceToBookRatio], [c].[PriceToSalesRatioTTM], [c].[ProfitMargin], [c].[QuarterlyEarningsGrowthYOY], [c].[QuarterlyRevenueGrowthYOY], [c].[ReturnOnAssetsTTM], [c].[ReturnOnEquityTTM], [c].[RevenuePerShareTTM], [c].[RevenueTTM], [c].[Sector], [c].[SharesOutstanding], [c].[TrailingPE], [c].[_200DayMovingAverage], [c].[_50DayMovingAverage], [c].[_52WeekHigh], [c].[_52WeekLow]
FROM [CompanyOverviews] AS [c]
WHERE [c].[Symbol] = @__symbol_0
2022-04-03 19:39:36.439 +03:00 [ERR] An exception occurred while iterating over the results of a query for context type 'SaluteStocksAPI.DataBase.StocksContext'.
System.InvalidCastException: Unable to cast object of type 'System.Int64' to type 'System.Double'.
   at Microsoft.Data.SqlClient.SqlBuffer.get_Double()
   at Microsoft.Data.SqlClient.SqlDataReader.GetDouble(Int32 i)
   at lambda_method63(Closure , QueryContext , DbDataReader , ResultContext , SingleQueryResultCoordinator )
   at Microsoft.EntityFrameworkCore.Query.Internal.SingleQueryingEnumerable`1.AsyncEnumerator.MoveNextAsync()
System.InvalidCastException: Unable to cast object of type 'System.Int64' to type 'System.Double'.
   at Microsoft.Data.SqlClient.SqlBuffer.get_Double()
   at Microsoft.Data.SqlClient.SqlDataReader.GetDouble(Int32 i)
   at lambda_method63(Closure , QueryContext , DbDataReader , ResultContext , SingleQueryResultCoordinator )
   at Microsoft.EntityFrameworkCore.Query.Internal.SingleQueryingEnumerable`1.AsyncEnumerator.MoveNextAsync()
2022-04-03 19:39:36.468 +03:00 [ERR] Failed to refresh  entity SaluteStocksAPI.Models.FundamentalData.CashFlow with Symbol AAQC-U
System.InvalidCastException: Unable to cast object of type 'System.Int64' to type 'System.Double'.
   at Microsoft.Data.SqlClient.SqlBuffer.get_Double()
   at Microsoft.Data.SqlClient.SqlDataReader.GetDouble(Int32 i)
   at lambda_method63(Closure , QueryContext , DbDataReader , ResultContext , SingleQueryResultCoordinator )
   at Microsoft.EntityFrameworkCore.Query.Internal.SingleQueryingEnumerable`1.AsyncEnumerator.MoveNextAsync()
   at Microsoft.EntityFrameworkCore.Query.ShapedQueryCompilingExpressionVisitor.SingleOrDefaultAsync[TSource](IAsyncEnumerable`1 asyncEnumerable, CancellationToken cancellationToken)
   at Microsoft.EntityFrameworkCore.Query.ShapedQueryCompilingExpressionVisitor.SingleOrDefaultAsync[TSource](IAsyncEnumerable`1 asyncEnumerable, CancellationToken cancellationToken)
   at SaluteStocksAPI.Service.DataBaseRepository.Get[T](String symbol) in D:\repo\SaluteStocks\SaluteStocksAPI\Service\DataBaseRepository.cs:line 54
   at SaluteStocksAPI.Service.Background.Loader.RefreshEntity[T](String symbol) in D:\repo\SaluteStocks\SaluteStocksAPI\Service\Background\Loader.cs:line 189
2022-04-03 19:39:36.757 +03:00 [INF] Response has success status code
2022-04-03 19:39:36.758 +03:00 [INF] Trying to deserialize response.
2022-04-03 19:39:36.759 +03:00 [WRN] Bad response: {
    "Error Message": "Invalid API call. Please retry or visit the documentation (https://www.alphavantage.co/documentation/) for BALANCE_SHEET."
}
2022-04-03 19:39:36.813 +03:00 [INF] Entity Framework Core 6.0.3 initialized 'StocksContext' using provider 'Microsoft.EntityFrameworkCore.SqlServer:6.0.0' with options: None
2022-04-03 19:39:36.824 +03:00 [INF] Executed DbCommand (10ms) [Parameters=[@__symbol_0='?' (Size = 450)], CommandType='"Text"', CommandTimeout='30']
SELECT TOP(2) [c].[Symbol], [c].[Address], [c].[AnalystTargetPrice], [c].[AssetType], [c].[Beta], [c].[BookValue], [c].[CIK], [c].[Country], [c].[Currency], [c].[Description], [c].[DilutedEPSTTM], [c].[DividendDate], [c].[DividendPerShare], [c].[DividendYield], [c].[EBITDA], [c].[EPS], [c].[EVToEBITDA], [c].[EVToRevenue], [c].[ExDividendDate], [c].[Exchange], [c].[ExistInApi], [c].[FiscalYearEnd], [c].[ForwardPE], [c].[GrossProfitTTM], [c].[Industry], [c].[LastApiRefresh], [c].[LastLocalRefresh], [c].[LatestQuarter], [c].[MarketCapitalization], [c].[Name], [c].[OperatingMarginTTM], [c].[PEGRatio], [c].[PERatio], [c].[PriceToBookRatio], [c].[PriceToSalesRatioTTM], [c].[ProfitMargin], [c].[QuarterlyEarningsGrowthYOY], [c].[QuarterlyRevenueGrowthYOY], [c].[ReturnOnAssetsTTM], [c].[ReturnOnEquityTTM], [c].[RevenuePerShareTTM], [c].[RevenueTTM], [c].[Sector], [c].[SharesOutstanding], [c].[TrailingPE], [c].[_200DayMovingAverage], [c].[_50DayMovingAverage], [c].[_52WeekHigh], [c].[_52WeekLow]
FROM [CompanyOverviews] AS [c]
WHERE [c].[Symbol] = @__symbol_0
2022-04-03 19:39:36.826 +03:00 [INF] Generating URI for OVERVIEW with params: symbol: AMTR
2022-04-03 19:39:36.827 +03:00 [INF] URI: https://www.alphavantage.co/query?apikey=YTXYXH479B3J1MY2&function=OVERVIEW&symbol=AMTR
2022-04-03 19:39:36.828 +03:00 [INF] Starting to get and parse JSON from "https://www.alphavantage.co/query?apikey=YTXYXH479B3J1MY2&function=OVERVIEW&symbol=AMTR".
