2022-05-12 01:20:18.851 +03:00 [INF] Generating URI for LISTING_STATUS with params: state: active
2022-05-12 01:20:18.882 +03:00 [INF] URI: https://www.alphavantage.co/query?apikey=YTXYXH479B3J1MY2&function=LISTING_STATUS&state=active
2022-05-12 01:20:18.889 +03:00 [INF] Starting to get and parse CSV from "https://www.alphavantage.co/query?apikey=YTXYXH479B3J1MY2&function=LISTING_STATUS&state=active".
2022-05-12 01:20:19.071 +03:00 [INF] Now listening on: https://localhost:5001
2022-05-12 01:20:19.072 +03:00 [INF] Now listening on: http://localhost:5000
2022-05-12 01:20:19.073 +03:00 [INF] Application started. Press Ctrl+C to shut down.
2022-05-12 01:20:19.074 +03:00 [INF] Hosting environment: Development
2022-05-12 01:20:19.075 +03:00 [INF] Content root path: D:\repo\SaluteStocks\SaluteStocksAPI\
2022-05-12 01:20:19.647 +03:00 [INF] Request starting HTTP/2 GET https://localhost:5001/swagger/index.html - -
2022-05-12 01:20:19.718 +03:00 [INF] Request finished HTTP/2 GET https://localhost:5001/swagger/index.html - - - 200 - text/html;charset=utf-8 72.4974ms
2022-05-12 01:20:19.829 +03:00 [INF] Request starting HTTP/2 GET https://localhost:5001/swagger/v1/swagger.json - -
2022-05-12 01:20:19.839 +03:00 [ERR] An unhandled exception has occurred while executing the request.
Swashbuckle.AspNetCore.SwaggerGen.SwaggerGeneratorException: Ambiguous HTTP method for action - SaluteStocksAPI.Controllers.ApiController.Ping (SaluteStocksAPI). Actions require an explicit HttpMethod binding for Swagger/OpenAPI 3.0
   at Swashbuckle.AspNetCore.SwaggerGen.SwaggerGenerator.GenerateOperations(IEnumerable`1 apiDescriptions, SchemaRepository schemaRepository)
   at Swashbuckle.AspNetCore.SwaggerGen.SwaggerGenerator.GeneratePaths(IEnumerable`1 apiDescriptions, SchemaRepository schemaRepository)
   at Swashbuckle.AspNetCore.SwaggerGen.SwaggerGenerator.GetSwagger(String documentName, String host, String basePath)
   at Swashbuckle.AspNetCore.Swagger.SwaggerMiddleware.Invoke(HttpContext httpContext, ISwaggerProvider swaggerProvider)
   at Microsoft.AspNetCore.Diagnostics.DeveloperExceptionPageMiddleware.Invoke(HttpContext context)
2022-05-12 01:20:19.861 +03:00 [INF] Request finished HTTP/2 GET https://localhost:5001/swagger/v1/swagger.json - - - 500 - text/plain;+charset=utf-8 32.0130ms
2022-05-12 01:20:19.912 +03:00 [INF] Response has success status code
2022-05-12 01:20:19.914 +03:00 [INF] Trying to deserialize response.
2022-05-12 01:20:20.427 +03:00 [INF] Entity Framework Core 6.0.3 initialized 'StocksContext' using provider 'Microsoft.EntityFrameworkCore.SqlServer:6.0.0' with options: None
2022-05-12 01:20:20.711 +03:00 [INF] Executed DbCommand (26ms) [Parameters=[], CommandType='"Text"', CommandTimeout='30']
SELECT TOP 0 T.[Symbol], T.[AssetType], T.[DelistingDate], T.[Exchange], T.[ExistInApi], T.[IpoDate], T.[LastApiRefresh], T.[LastLocalRefresh], T.[Name], T.[Status] INTO [ListingTempd1df776a] FROM [Listing] AS T LEFT JOIN [Listing] AS Source ON 1 = 0;
2022-05-12 01:20:20.811 +03:00 [INF] Executed DbCommand (18ms) [Parameters=[], CommandType='"Text"', CommandTimeout='30']
MERGE [Listing] WITH (HOLDLOCK) AS T USING (SELECT TOP 0 * FROM [ListingTempd1df776a] ORDER BY [Symbol]) AS S ON T.[Symbol] = S.[Symbol] WHEN NOT MATCHED BY TARGET THEN INSERT ([Symbol], [AssetType], [DelistingDate], [Exchange], [ExistInApi], [IpoDate], [LastApiRefresh], [LastLocalRefresh], [Name], [Status]) VALUES (S.[Symbol], S.[AssetType], S.[DelistingDate], S.[Exchange], S.[ExistInApi], S.[IpoDate], S.[LastApiRefresh], S.[LastLocalRefresh], S.[Name], S.[Status]) WHEN MATCHED AND EXISTS (SELECT S.[Symbol], S.[AssetType], S.[DelistingDate], S.[Exchange], S.[ExistInApi], S.[IpoDate], S.[LastApiRefresh], S.[LastLocalRefresh], S.[Name], S.[Status] EXCEPT SELECT T.[Symbol], T.[AssetType], T.[DelistingDate], T.[Exchange], T.[ExistInApi], T.[IpoDate], T.[LastApiRefresh], T.[LastLocalRefresh], T.[Name], T.[Status]) THEN UPDATE SET T.[AssetType] = S.[AssetType], T.[DelistingDate] = S.[DelistingDate], T.[Exchange] = S.[Exchange], T.[ExistInApi] = S.[ExistInApi], T.[IpoDate] = S.[IpoDate], T.[LastApiRefresh] = S.[LastApiRefresh], T.[LastLocalRefresh] = S.[LastLocalRefresh], T.[Name] = S.[Name], T.[Status] = S.[Status] WHEN NOT MATCHED BY SOURCE THEN DELETE;
2022-05-12 01:20:20.822 +03:00 [INF] Executed DbCommand (9ms) [Parameters=[], CommandType='"Text"', CommandTimeout='30']
IF OBJECT_ID ('[ListingTempd1df776a]', 'U') IS NOT NULL DROP TABLE [ListingTempd1df776a]
2022-05-12 01:20:20.832 +03:00 [INF] Loading missing data.
2022-05-12 01:20:20.835 +03:00 [INF] Entity Framework Core 6.0.3 initialized 'StocksContext' using provider 'Microsoft.EntityFrameworkCore.SqlServer:6.0.0' with options: None
2022-05-12 01:20:20.996 +03:00 [INF] Executed DbCommand (16ms) [Parameters=[], CommandType='"Text"', CommandTimeout='30']
SELECT [l].[Symbol]
FROM [Listing] AS [l]
2022-05-12 01:20:21.007 +03:00 [INF] Loading missing entities for SaluteStocksAPI.Models.FundamentalData.BalanceSheet
2022-05-12 01:20:21.009 +03:00 [INF] Getting already loaded entities
2022-05-12 01:20:21.022 +03:00 [INF] Entity Framework Core 6.0.3 initialized 'StocksContext' using provider 'Microsoft.EntityFrameworkCore.SqlServer:6.0.0' with options: None
2022-05-12 01:20:21.036 +03:00 [INF] Loading missing entities for SaluteStocksAPI.Models.FundamentalData.CashFlow
2022-05-12 01:20:21.036 +03:00 [INF] Getting already loaded entities
2022-05-12 01:20:21.037 +03:00 [INF] Entity Framework Core 6.0.3 initialized 'StocksContext' using provider 'Microsoft.EntityFrameworkCore.SqlServer:6.0.0' with options: None
2022-05-12 01:20:21.042 +03:00 [INF] Loading missing entities for SaluteStocksAPI.Models.FundamentalData.CompanyOverview
2022-05-12 01:20:21.043 +03:00 [INF] Getting already loaded entities
2022-05-12 01:20:21.044 +03:00 [INF] Executed DbCommand (10ms) [Parameters=[], CommandType='"Text"', CommandTimeout='30']
SELECT DISTINCT [b].[Symbol]
FROM [BalanceSheets] AS [b]
WHERE [b].[ExistInApi] IS NOT NULL
2022-05-12 01:20:21.044 +03:00 [INF] Entity Framework Core 6.0.3 initialized 'StocksContext' using provider 'Microsoft.EntityFrameworkCore.SqlServer:6.0.0' with options: None
2022-05-12 01:20:21.050 +03:00 [INF] Loading missing entities for SaluteStocksAPI.Models.FundamentalData.Earnings
2022-05-12 01:20:21.051 +03:00 [INF] Getting already loaded entities
2022-05-12 01:20:21.052 +03:00 [INF] Entity Framework Core 6.0.3 initialized 'StocksContext' using provider 'Microsoft.EntityFrameworkCore.SqlServer:6.0.0' with options: None
2022-05-12 01:20:21.053 +03:00 [INF] Already loaded: 1334
2022-05-12 01:20:21.054 +03:00 [INF] Loading missing entities for SaluteStocksAPI.Models.FundamentalData.IncomeStatement
2022-05-12 01:20:21.055 +03:00 [INF] Getting already loaded entities
2022-05-12 01:20:21.056 +03:00 [INF] Entity Framework Core 6.0.3 initialized 'StocksContext' using provider 'Microsoft.EntityFrameworkCore.SqlServer:6.0.0' with options: None
2022-05-12 01:20:21.062 +03:00 [INF] Executed DbCommand (8ms) [Parameters=[], CommandType='"Text"', CommandTimeout='30']
SELECT DISTINCT [e].[Symbol]
FROM [Earnings] AS [e]
WHERE [e].[ExistInApi] IS NOT NULL
2022-05-12 01:20:21.066 +03:00 [INF] Already loaded: 1074
2022-05-12 01:20:21.081 +03:00 [INF] Executed DbCommand (9ms) [Parameters=[], CommandType='"Text"', CommandTimeout='30']
SELECT DISTINCT [c].[Symbol]
FROM [CashFlows] AS [c]
WHERE [c].[ExistInApi] IS NOT NULL
2022-05-12 01:20:21.082 +03:00 [INF] Executed DbCommand (10ms) [Parameters=[], CommandType='"Text"', CommandTimeout='30']
SELECT DISTINCT [c].[Symbol]
FROM [CompanyOverviews] AS [c]
WHERE [c].[ExistInApi] IS NOT NULL
2022-05-12 01:20:21.084 +03:00 [INF] Already loaded: 995
2022-05-12 01:20:21.086 +03:00 [INF] Already loaded: 1450
2022-05-12 01:20:21.116 +03:00 [INF] Executed DbCommand (9ms) [Parameters=[], CommandType='"Text"', CommandTimeout='30']
SELECT DISTINCT [i].[Symbol]
FROM [IncomeStatements] AS [i]
WHERE [i].[ExistInApi] IS NOT NULL
2022-05-12 01:20:21.120 +03:00 [INF] Already loaded: 996
2022-05-12 01:20:26.910 +03:00 [INF] Request starting HTTP/2 GET https://localhost:5001/api/screener-model - -
2022-05-12 01:20:26.910 +03:00 [INF] Request starting HTTP/2 GET https://localhost:5001/api/distribution/market-cap/100 - -
2022-05-12 01:20:26.913 +03:00 [INF] CORS policy execution successful.
2022-05-12 01:20:26.913 +03:00 [INF] CORS policy execution successful.
2022-05-12 01:20:26.915 +03:00 [INF] Executing endpoint 'SaluteStocksAPI.Controllers.ApiController.GetMarketCapDistribution (SaluteStocksAPI)'
2022-05-12 01:20:26.915 +03:00 [INF] Executing endpoint 'SaluteStocksAPI.Controllers.ApiController.GetScreenerModel (SaluteStocksAPI)'
2022-05-12 01:20:26.923 +03:00 [INF] Route matched with {action = "GetScreenerModel", controller = "Api"}. Executing controller action with signature System.Threading.Tasks.Task`1[Microsoft.AspNetCore.Mvc.IActionResult] GetScreenerModel() on controller SaluteStocksAPI.Controllers.ApiController (SaluteStocksAPI).
2022-05-12 01:20:26.925 +03:00 [INF] Route matched with {action = "GetMarketCapDistribution", controller = "Api"}. Executing controller action with signature System.Threading.Tasks.Task`1[System.String] GetMarketCapDistribution(Int32) on controller SaluteStocksAPI.Controllers.ApiController (SaluteStocksAPI).
2022-05-12 01:20:26.930 +03:00 [INF] Entity Framework Core 6.0.3 initialized 'StocksContext' using provider 'Microsoft.EntityFrameworkCore.SqlServer:6.0.0' with options: None
2022-05-12 01:20:26.946 +03:00 [INF] Entity Framework Core 6.0.3 initialized 'StocksContext' using provider 'Microsoft.EntityFrameworkCore.SqlServer:6.0.0' with options: None
2022-05-12 01:20:26.972 +03:00 [INF] Executed DbCommand (9ms) [Parameters=[], CommandType='"Text"', CommandTimeout='30']
SELECT MAX([c].[MarketCapitalization])
FROM [CompanyOverviews] AS [c]
WHERE [c].[ExistInApi] = CAST(1 AS bit)
2022-05-12 01:20:26.973 +03:00 [INF] Executed DbCommand (9ms) [Parameters=[], CommandType='"Text"', CommandTimeout='30']
SELECT MIN([c].[MarketCapitalization])
FROM [CompanyOverviews] AS [c]
WHERE [c].[ExistInApi] = CAST(1 AS bit)
2022-05-12 01:20:26.990 +03:00 [INF] Executed DbCommand (11ms) [Parameters=[], CommandType='"Text"', CommandTimeout='30']
SELECT MAX([c].[MarketCapitalization])
FROM [CompanyOverviews] AS [c]
WHERE [c].[ExistInApi] = CAST(1 AS bit)
2022-05-12 01:20:26.990 +03:00 [INF] Executed DbCommand (11ms) [Parameters=[], CommandType='"Text"', CommandTimeout='30']
SELECT MIN([c].[MarketCapitalization])
FROM [CompanyOverviews] AS [c]
WHERE [c].[ExistInApi] = CAST(1 AS bit)
2022-05-12 01:20:27.002 +03:00 [INF] Executed DbCommand (8ms) [Parameters=[], CommandType='"Text"', CommandTimeout='30']
SELECT MIN([c].[EBITDA])
FROM [CompanyOverviews] AS [c]
WHERE [c].[ExistInApi] = CAST(1 AS bit)
2022-05-12 01:20:27.014 +03:00 [INF] Executed DbCommand (9ms) [Parameters=[], CommandType='"Text"', CommandTimeout='30']
SELECT MAX([c].[EBITDA])
FROM [CompanyOverviews] AS [c]
WHERE [c].[ExistInApi] = CAST(1 AS bit)
2022-05-12 01:20:27.024 +03:00 [INF] Executed DbCommand (16ms) [Parameters=[@__from_0='?' (DbType = Double), @__to_1='?' (DbType = Double)], CommandType='"Text"', CommandTimeout='30']
SELECT COUNT(*)
FROM [CompanyOverviews] AS [c]
WHERE ([c].[ExistInApi] = CAST(1 AS bit)) AND ((([c].[MarketCapitalization] IS NOT NULL) AND (CAST([c].[MarketCapitalization] AS float) > @__from_0)) AND (CAST([c].[MarketCapitalization] AS float) < @__to_1))
2022-05-12 01:20:27.027 +03:00 [INF] Executed DbCommand (6ms) [Parameters=[], CommandType='"Text"', CommandTimeout='30']
SELECT MIN([c].[PERatio])
FROM [CompanyOverviews] AS [c]
WHERE [c].[ExistInApi] = CAST(1 AS bit)
2022-05-12 01:20:27.039 +03:00 [INF] Executed DbCommand (10ms) [Parameters=[@__from_0='?' (DbType = Double), @__to_1='?' (DbType = Double)], CommandType='"Text"', CommandTimeout='30']
SELECT COUNT(*)
FROM [CompanyOverviews] AS [c]
WHERE ([c].[ExistInApi] = CAST(1 AS bit)) AND ((([c].[MarketCapitalization] IS NOT NULL) AND (CAST([c].[MarketCapitalization] AS float) > @__from_0)) AND (CAST([c].[MarketCapitalization] AS float) < @__to_1))
2022-05-12 01:20:27.041 +03:00 [INF] Executed DbCommand (6ms) [Parameters=[], CommandType='"Text"', CommandTimeout='30']
SELECT MAX([c].[PERatio])
FROM [CompanyOverviews] AS [c]
WHERE [c].[ExistInApi] = CAST(1 AS bit)
2022-05-12 01:20:27.051 +03:00 [INF] Executed DbCommand (10ms) [Parameters=[@__from_0='?' (DbType = Double), @__to_1='?' (DbType = Double)], CommandType='"Text"', CommandTimeout='30']
SELECT COUNT(*)
FROM [CompanyOverviews] AS [c]
WHERE ([c].[ExistInApi] = CAST(1 AS bit)) AND ((([c].[MarketCapitalization] IS NOT NULL) AND (CAST([c].[MarketCapitalization] AS float) > @__from_0)) AND (CAST([c].[MarketCapitalization] AS float) < @__to_1))
2022-05-12 01:20:27.063 +03:00 [INF] Executed DbCommand (10ms) [Parameters=[@__from_0='?' (DbType = Double), @__to_1='?' (DbType = Double)], CommandType='"Text"', CommandTimeout='30']
SELECT COUNT(*)
FROM [CompanyOverviews] AS [c]
WHERE ([c].[ExistInApi] = CAST(1 AS bit)) AND ((([c].[MarketCapitalization] IS NOT NULL) AND (CAST([c].[MarketCapitalization] AS float) > @__from_0)) AND (CAST([c].[MarketCapitalization] AS float) < @__to_1))
2022-05-12 01:20:27.077 +03:00 [INF] Executed DbCommand (12ms) [Parameters=[@__from_0='?' (DbType = Double), @__to_1='?' (DbType = Double)], CommandType='"Text"', CommandTimeout='30']
SELECT COUNT(*)
FROM [CompanyOverviews] AS [c]
WHERE ([c].[ExistInApi] = CAST(1 AS bit)) AND ((([c].[MarketCapitalization] IS NOT NULL) AND (CAST([c].[MarketCapitalization] AS float) > @__from_0)) AND (CAST([c].[MarketCapitalization] AS float) < @__to_1))
2022-05-12 01:20:27.089 +03:00 [INF] Executed DbCommand (9ms) [Parameters=[@__from_0='?' (DbType = Double), @__to_1='?' (DbType = Double)], CommandType='"Text"', CommandTimeout='30']
SELECT COUNT(*)
FROM [CompanyOverviews] AS [c]
WHERE ([c].[ExistInApi] = CAST(1 AS bit)) AND ((([c].[MarketCapitalization] IS NOT NULL) AND (CAST([c].[MarketCapitalization] AS float) > @__from_0)) AND (CAST([c].[MarketCapitalization] AS float) < @__to_1))
2022-05-12 01:20:27.106 +03:00 [INF] Executed DbCommand (14ms) [Parameters=[@__from_0='?' (DbType = Double), @__to_1='?' (DbType = Double)], CommandType='"Text"', CommandTimeout='30']
SELECT COUNT(*)
FROM [CompanyOverviews] AS [c]
WHERE ([c].[ExistInApi] = CAST(1 AS bit)) AND ((([c].[MarketCapitalization] IS NOT NULL) AND (CAST([c].[MarketCapitalization] AS float) > @__from_0)) AND (CAST([c].[MarketCapitalization] AS float) < @__to_1))
2022-05-12 01:20:27.118 +03:00 [INF] Executed DbCommand (9ms) [Parameters=[@__from_0='?' (DbType = Double), @__to_1='?' (DbType = Double)], CommandType='"Text"', CommandTimeout='30']
SELECT COUNT(*)
FROM [CompanyOverviews] AS [c]
WHERE ([c].[ExistInApi] = CAST(1 AS bit)) AND ((([c].[MarketCapitalization] IS NOT NULL) AND (CAST([c].[MarketCapitalization] AS float) > @__from_0)) AND (CAST([c].[MarketCapitalization] AS float) < @__to_1))
2022-05-12 01:20:27.121 +03:00 [INF] Executing OkObjectResult, writing value of type 'System.String'.
2022-05-12 01:20:27.125 +03:00 [INF] Executed action SaluteStocksAPI.Controllers.ApiController.GetScreenerModel (SaluteStocksAPI) in 197.7583ms
2022-05-12 01:20:27.126 +03:00 [INF] Executed endpoint 'SaluteStocksAPI.Controllers.ApiController.GetScreenerModel (SaluteStocksAPI)'
2022-05-12 01:20:27.128 +03:00 [INF] Executed DbCommand (8ms) [Parameters=[@__from_0='?' (DbType = Double), @__to_1='?' (DbType = Double)], CommandType='"Text"', CommandTimeout='30']
SELECT COUNT(*)
FROM [CompanyOverviews] AS [c]
WHERE ([c].[ExistInApi] = CAST(1 AS bit)) AND ((([c].[MarketCapitalization] IS NOT NULL) AND (CAST([c].[MarketCapitalization] AS float) > @__from_0)) AND (CAST([c].[MarketCapitalization] AS float) < @__to_1))
2022-05-12 01:20:27.128 +03:00 [INF] Request finished HTTP/2 GET https://localhost:5001/api/screener-model - - - 200 - text/plain;+charset=utf-8 218.8078ms
2022-05-12 01:20:27.138 +03:00 [INF] Executed DbCommand (8ms) [Parameters=[@__from_0='?' (DbType = Double), @__to_1='?' (DbType = Double)], CommandType='"Text"', CommandTimeout='30']
SELECT COUNT(*)
FROM [CompanyOverviews] AS [c]
WHERE ([c].[ExistInApi] = CAST(1 AS bit)) AND ((([c].[MarketCapitalization] IS NOT NULL) AND (CAST([c].[MarketCapitalization] AS float) > @__from_0)) AND (CAST([c].[MarketCapitalization] AS float) < @__to_1))
2022-05-12 01:20:27.150 +03:00 [INF] Executed DbCommand (8ms) [Parameters=[@__from_0='?' (DbType = Double), @__to_1='?' (DbType = Double)], CommandType='"Text"', CommandTimeout='30']
SELECT COUNT(*)
FROM [CompanyOverviews] AS [c]
WHERE ([c].[ExistInApi] = CAST(1 AS bit)) AND ((([c].[MarketCapitalization] IS NOT NULL) AND (CAST([c].[MarketCapitalization] AS float) > @__from_0)) AND (CAST([c].[MarketCapitalization] AS float) < @__to_1))
2022-05-12 01:20:27.160 +03:00 [INF] Executed DbCommand (8ms) [Parameters=[@__from_0='?' (DbType = Double), @__to_1='?' (DbType = Double)], CommandType='"Text"', CommandTimeout='30']
SELECT COUNT(*)
FROM [CompanyOverviews] AS [c]
WHERE ([c].[ExistInApi] = CAST(1 AS bit)) AND ((([c].[MarketCapitalization] IS NOT NULL) AND (CAST([c].[MarketCapitalization] AS float) > @__from_0)) AND (CAST([c].[MarketCapitalization] AS float) < @__to_1))
2022-05-12 01:20:27.170 +03:00 [INF] Executed DbCommand (8ms) [Parameters=[@__from_0='?' (DbType = Double), @__to_1='?' (DbType = Double)], CommandType='"Text"', CommandTimeout='30']
SELECT COUNT(*)
FROM [CompanyOverviews] AS [c]
WHERE ([c].[ExistInApi] = CAST(1 AS bit)) AND ((([c].[MarketCapitalization] IS NOT NULL) AND (CAST([c].[MarketCapitalization] AS float) > @__from_0)) AND (CAST([c].[MarketCapitalization] AS float) < @__to_1))
2022-05-12 01:20:27.182 +03:00 [INF] Executed DbCommand (9ms) [Parameters=[@__from_0='?' (DbType = Double), @__to_1='?' (DbType = Double)], CommandType='"Text"', CommandTimeout='30']
SELECT COUNT(*)
FROM [CompanyOverviews] AS [c]
WHERE ([c].[ExistInApi] = CAST(1 AS bit)) AND ((([c].[MarketCapitalization] IS NOT NULL) AND (CAST([c].[MarketCapitalization] AS float) > @__from_0)) AND (CAST([c].[MarketCapitalization] AS float) < @__to_1))
2022-05-12 01:20:27.195 +03:00 [INF] Executed DbCommand (9ms) [Parameters=[@__from_0='?' (DbType = Double), @__to_1='?' (DbType = Double)], CommandType='"Text"', CommandTimeout='30']
SELECT COUNT(*)
FROM [CompanyOverviews] AS [c]
WHERE ([c].[ExistInApi] = CAST(1 AS bit)) AND ((([c].[MarketCapitalization] IS NOT NULL) AND (CAST([c].[MarketCapitalization] AS float) > @__from_0)) AND (CAST([c].[MarketCapitalization] AS float) < @__to_1))
2022-05-12 01:20:27.205 +03:00 [INF] Executed DbCommand (7ms) [Parameters=[@__from_0='?' (DbType = Double), @__to_1='?' (DbType = Double)], CommandType='"Text"', CommandTimeout='30']
SELECT COUNT(*)
FROM [CompanyOverviews] AS [c]
WHERE ([c].[ExistInApi] = CAST(1 AS bit)) AND ((([c].[MarketCapitalization] IS NOT NULL) AND (CAST([c].[MarketCapitalization] AS float) > @__from_0)) AND (CAST([c].[MarketCapitalization] AS float) < @__to_1))
2022-05-12 01:20:27.215 +03:00 [INF] Executed DbCommand (8ms) [Parameters=[@__from_0='?' (DbType = Double), @__to_1='?' (DbType = Double)], CommandType='"Text"', CommandTimeout='30']
SELECT COUNT(*)
FROM [CompanyOverviews] AS [c]
WHERE ([c].[ExistInApi] = CAST(1 AS bit)) AND ((([c].[MarketCapitalization] IS NOT NULL) AND (CAST([c].[MarketCapitalization] AS float) > @__from_0)) AND (CAST([c].[MarketCapitalization] AS float) < @__to_1))
2022-05-12 01:20:27.227 +03:00 [INF] Executed DbCommand (9ms) [Parameters=[@__from_0='?' (DbType = Double), @__to_1='?' (DbType = Double)], CommandType='"Text"', CommandTimeout='30']
SELECT COUNT(*)
FROM [CompanyOverviews] AS [c]
WHERE ([c].[ExistInApi] = CAST(1 AS bit)) AND ((([c].[MarketCapitalization] IS NOT NULL) AND (CAST([c].[MarketCapitalization] AS float) > @__from_0)) AND (CAST([c].[MarketCapitalization] AS float) < @__to_1))
2022-05-12 01:20:27.237 +03:00 [INF] Executed DbCommand (8ms) [Parameters=[@__from_0='?' (DbType = Double), @__to_1='?' (DbType = Double)], CommandType='"Text"', CommandTimeout='30']
SELECT COUNT(*)
FROM [CompanyOverviews] AS [c]
WHERE ([c].[ExistInApi] = CAST(1 AS bit)) AND ((([c].[MarketCapitalization] IS NOT NULL) AND (CAST([c].[MarketCapitalization] AS float) > @__from_0)) AND (CAST([c].[MarketCapitalization] AS float) < @__to_1))
2022-05-12 01:20:27.249 +03:00 [INF] Executed DbCommand (9ms) [Parameters=[@__from_0='?' (DbType = Double), @__to_1='?' (DbType = Double)], CommandType='"Text"', CommandTimeout='30']
SELECT COUNT(*)
FROM [CompanyOverviews] AS [c]
WHERE ([c].[ExistInApi] = CAST(1 AS bit)) AND ((([c].[MarketCapitalization] IS NOT NULL) AND (CAST([c].[MarketCapitalization] AS float) > @__from_0)) AND (CAST([c].[MarketCapitalization] AS float) < @__to_1))
2022-05-12 01:20:27.259 +03:00 [INF] Executed DbCommand (8ms) [Parameters=[@__from_0='?' (DbType = Double), @__to_1='?' (DbType = Double)], CommandType='"Text"', CommandTimeout='30']
SELECT COUNT(*)
FROM [CompanyOverviews] AS [c]
WHERE ([c].[ExistInApi] = CAST(1 AS bit)) AND ((([c].[MarketCapitalization] IS NOT NULL) AND (CAST([c].[MarketCapitalization] AS float) > @__from_0)) AND (CAST([c].[MarketCapitalization] AS float) < @__to_1))
2022-05-12 01:20:27.269 +03:00 [INF] Executed DbCommand (9ms) [Parameters=[@__from_0='?' (DbType = Double), @__to_1='?' (DbType = Double)], CommandType='"Text"', CommandTimeout='30']
SELECT COUNT(*)
FROM [CompanyOverviews] AS [c]
WHERE ([c].[ExistInApi] = CAST(1 AS bit)) AND ((([c].[MarketCapitalization] IS NOT NULL) AND (CAST([c].[MarketCapitalization] AS float) > @__from_0)) AND (CAST([c].[MarketCapitalization] AS float) < @__to_1))
2022-05-12 01:20:27.281 +03:00 [INF] Executed DbCommand (9ms) [Parameters=[@__from_0='?' (DbType = Double), @__to_1='?' (DbType = Double)], CommandType='"Text"', CommandTimeout='30']
SELECT COUNT(*)
FROM [CompanyOverviews] AS [c]
WHERE ([c].[ExistInApi] = CAST(1 AS bit)) AND ((([c].[MarketCapitalization] IS NOT NULL) AND (CAST([c].[MarketCapitalization] AS float) > @__from_0)) AND (CAST([c].[MarketCapitalization] AS float) < @__to_1))
2022-05-12 01:20:27.292 +03:00 [INF] Executed DbCommand (8ms) [Parameters=[@__from_0='?' (DbType = Double), @__to_1='?' (DbType = Double)], CommandType='"Text"', CommandTimeout='30']
SELECT COUNT(*)
FROM [CompanyOverviews] AS [c]
WHERE ([c].[ExistInApi] = CAST(1 AS bit)) AND ((([c].[MarketCapitalization] IS NOT NULL) AND (CAST([c].[MarketCapitalization] AS float) > @__from_0)) AND (CAST([c].[MarketCapitalization] AS float) < @__to_1))
2022-05-12 01:20:27.302 +03:00 [INF] Executed DbCommand (8ms) [Parameters=[@__from_0='?' (DbType = Double), @__to_1='?' (DbType = Double)], CommandType='"Text"', CommandTimeout='30']
SELECT COUNT(*)
FROM [CompanyOverviews] AS [c]
WHERE ([c].[ExistInApi] = CAST(1 AS bit)) AND ((([c].[MarketCapitalization] IS NOT NULL) AND (CAST([c].[MarketCapitalization] AS float) > @__from_0)) AND (CAST([c].[MarketCapitalization] AS float) < @__to_1))
2022-05-12 01:20:27.312 +03:00 [INF] Executed DbCommand (8ms) [Parameters=[@__from_0='?' (DbType = Double), @__to_1='?' (DbType = Double)], CommandType='"Text"', CommandTimeout='30']
SELECT COUNT(*)
FROM [CompanyOverviews] AS [c]
WHERE ([c].[ExistInApi] = CAST(1 AS bit)) AND ((([c].[MarketCapitalization] IS NOT NULL) AND (CAST([c].[MarketCapitalization] AS float) > @__from_0)) AND (CAST([c].[MarketCapitalization] AS float) < @__to_1))
2022-05-12 01:20:27.326 +03:00 [INF] Executed DbCommand (11ms) [Parameters=[@__from_0='?' (DbType = Double), @__to_1='?' (DbType = Double)], CommandType='"Text"', CommandTimeout='30']
SELECT COUNT(*)
FROM [CompanyOverviews] AS [c]
WHERE ([c].[ExistInApi] = CAST(1 AS bit)) AND ((([c].[MarketCapitalization] IS NOT NULL) AND (CAST([c].[MarketCapitalization] AS float) > @__from_0)) AND (CAST([c].[MarketCapitalization] AS float) < @__to_1))
2022-05-12 01:20:27.340 +03:00 [INF] Executed DbCommand (10ms) [Parameters=[@__from_0='?' (DbType = Double), @__to_1='?' (DbType = Double)], CommandType='"Text"', CommandTimeout='30']
SELECT COUNT(*)
FROM [CompanyOverviews] AS [c]
WHERE ([c].[ExistInApi] = CAST(1 AS bit)) AND ((([c].[MarketCapitalization] IS NOT NULL) AND (CAST([c].[MarketCapitalization] AS float) > @__from_0)) AND (CAST([c].[MarketCapitalization] AS float) < @__to_1))
2022-05-12 01:20:27.358 +03:00 [INF] Executed DbCommand (11ms) [Parameters=[@__from_0='?' (DbType = Double), @__to_1='?' (DbType = Double)], CommandType='"Text"', CommandTimeout='30']
SELECT COUNT(*)
FROM [CompanyOverviews] AS [c]
WHERE ([c].[ExistInApi] = CAST(1 AS bit)) AND ((([c].[MarketCapitalization] IS NOT NULL) AND (CAST([c].[MarketCapitalization] AS float) > @__from_0)) AND (CAST([c].[MarketCapitalization] AS float) < @__to_1))
2022-05-12 01:20:27.372 +03:00 [INF] Executed DbCommand (10ms) [Parameters=[@__from_0='?' (DbType = Double), @__to_1='?' (DbType = Double)], CommandType='"Text"', CommandTimeout='30']
SELECT COUNT(*)
FROM [CompanyOverviews] AS [c]
WHERE ([c].[ExistInApi] = CAST(1 AS bit)) AND ((([c].[MarketCapitalization] IS NOT NULL) AND (CAST([c].[MarketCapitalization] AS float) > @__from_0)) AND (CAST([c].[MarketCapitalization] AS float) < @__to_1))
2022-05-12 01:20:27.388 +03:00 [INF] Executed DbCommand (12ms) [Parameters=[@__from_0='?' (DbType = Double), @__to_1='?' (DbType = Double)], CommandType='"Text"', CommandTimeout='30']
SELECT COUNT(*)
FROM [CompanyOverviews] AS [c]
WHERE ([c].[ExistInApi] = CAST(1 AS bit)) AND ((([c].[MarketCapitalization] IS NOT NULL) AND (CAST([c].[MarketCapitalization] AS float) > @__from_0)) AND (CAST([c].[MarketCapitalization] AS float) < @__to_1))
2022-05-12 01:20:27.404 +03:00 [INF] Executed DbCommand (11ms) [Parameters=[@__from_0='?' (DbType = Double), @__to_1='?' (DbType = Double)], CommandType='"Text"', CommandTimeout='30']
SELECT COUNT(*)
FROM [CompanyOverviews] AS [c]
WHERE ([c].[ExistInApi] = CAST(1 AS bit)) AND ((([c].[MarketCapitalization] IS NOT NULL) AND (CAST([c].[MarketCapitalization] AS float) > @__from_0)) AND (CAST([c].[MarketCapitalization] AS float) < @__to_1))
2022-05-12 01:20:27.420 +03:00 [INF] Executed DbCommand (10ms) [Parameters=[@__from_0='?' (DbType = Double), @__to_1='?' (DbType = Double)], CommandType='"Text"', CommandTimeout='30']
SELECT COUNT(*)
FROM [CompanyOverviews] AS [c]
WHERE ([c].[ExistInApi] = CAST(1 AS bit)) AND ((([c].[MarketCapitalization] IS NOT NULL) AND (CAST([c].[MarketCapitalization] AS float) > @__from_0)) AND (CAST([c].[MarketCapitalization] AS float) < @__to_1))
2022-05-12 01:20:27.435 +03:00 [INF] Executed DbCommand (10ms) [Parameters=[@__from_0='?' (DbType = Double), @__to_1='?' (DbType = Double)], CommandType='"Text"', CommandTimeout='30']
SELECT COUNT(*)
FROM [CompanyOverviews] AS [c]
WHERE ([c].[ExistInApi] = CAST(1 AS bit)) AND ((([c].[MarketCapitalization] IS NOT NULL) AND (CAST([c].[MarketCapitalization] AS float) > @__from_0)) AND (CAST([c].[MarketCapitalization] AS float) < @__to_1))
2022-05-12 01:20:27.448 +03:00 [INF] Executed DbCommand (10ms) [Parameters=[@__from_0='?' (DbType = Double), @__to_1='?' (DbType = Double)], CommandType='"Text"', CommandTimeout='30']
SELECT COUNT(*)
FROM [CompanyOverviews] AS [c]
WHERE ([c].[ExistInApi] = CAST(1 AS bit)) AND ((([c].[MarketCapitalization] IS NOT NULL) AND (CAST([c].[MarketCapitalization] AS float) > @__from_0)) AND (CAST([c].[MarketCapitalization] AS float) < @__to_1))
2022-05-12 01:20:27.459 +03:00 [INF] Executed DbCommand (9ms) [Parameters=[@__from_0='?' (DbType = Double), @__to_1='?' (DbType = Double)], CommandType='"Text"', CommandTimeout='30']
SELECT COUNT(*)
FROM [CompanyOverviews] AS [c]
WHERE ([c].[ExistInApi] = CAST(1 AS bit)) AND ((([c].[MarketCapitalization] IS NOT NULL) AND (CAST([c].[MarketCapitalization] AS float) > @__from_0)) AND (CAST([c].[MarketCapitalization] AS float) < @__to_1))
2022-05-12 01:20:27.471 +03:00 [INF] Executed DbCommand (9ms) [Parameters=[@__from_0='?' (DbType = Double), @__to_1='?' (DbType = Double)], CommandType='"Text"', CommandTimeout='30']
SELECT COUNT(*)
FROM [CompanyOverviews] AS [c]
WHERE ([c].[ExistInApi] = CAST(1 AS bit)) AND ((([c].[MarketCapitalization] IS NOT NULL) AND (CAST([c].[MarketCapitalization] AS float) > @__from_0)) AND (CAST([c].[MarketCapitalization] AS float) < @__to_1))
2022-05-12 01:20:27.481 +03:00 [INF] Executed DbCommand (8ms) [Parameters=[@__from_0='?' (DbType = Double), @__to_1='?' (DbType = Double)], CommandType='"Text"', CommandTimeout='30']
SELECT COUNT(*)
FROM [CompanyOverviews] AS [c]
WHERE ([c].[ExistInApi] = CAST(1 AS bit)) AND ((([c].[MarketCapitalization] IS NOT NULL) AND (CAST([c].[MarketCapitalization] AS float) > @__from_0)) AND (CAST([c].[MarketCapitalization] AS float) < @__to_1))
2022-05-12 01:20:27.492 +03:00 [INF] Executed DbCommand (8ms) [Parameters=[@__from_0='?' (DbType = Double), @__to_1='?' (DbType = Double)], CommandType='"Text"', CommandTimeout='30']
SELECT COUNT(*)
FROM [CompanyOverviews] AS [c]
WHERE ([c].[ExistInApi] = CAST(1 AS bit)) AND ((([c].[MarketCapitalization] IS NOT NULL) AND (CAST([c].[MarketCapitalization] AS float) > @__from_0)) AND (CAST([c].[MarketCapitalization] AS float) < @__to_1))
2022-05-12 01:20:27.504 +03:00 [INF] Executed DbCommand (10ms) [Parameters=[@__from_0='?' (DbType = Double), @__to_1='?' (DbType = Double)], CommandType='"Text"', CommandTimeout='30']
SELECT COUNT(*)
FROM [CompanyOverviews] AS [c]
WHERE ([c].[ExistInApi] = CAST(1 AS bit)) AND ((([c].[MarketCapitalization] IS NOT NULL) AND (CAST([c].[MarketCapitalization] AS float) > @__from_0)) AND (CAST([c].[MarketCapitalization] AS float) < @__to_1))
2022-05-12 01:20:27.514 +03:00 [INF] Executed DbCommand (8ms) [Parameters=[@__from_0='?' (DbType = Double), @__to_1='?' (DbType = Double)], CommandType='"Text"', CommandTimeout='30']
SELECT COUNT(*)
FROM [CompanyOverviews] AS [c]
WHERE ([c].[ExistInApi] = CAST(1 AS bit)) AND ((([c].[MarketCapitalization] IS NOT NULL) AND (CAST([c].[MarketCapitalization] AS float) > @__from_0)) AND (CAST([c].[MarketCapitalization] AS float) < @__to_1))
2022-05-12 01:20:27.524 +03:00 [INF] Executed DbCommand (8ms) [Parameters=[@__from_0='?' (DbType = Double), @__to_1='?' (DbType = Double)], CommandType='"Text"', CommandTimeout='30']
SELECT COUNT(*)
FROM [CompanyOverviews] AS [c]
WHERE ([c].[ExistInApi] = CAST(1 AS bit)) AND ((([c].[MarketCapitalization] IS NOT NULL) AND (CAST([c].[MarketCapitalization] AS float) > @__from_0)) AND (CAST([c].[MarketCapitalization] AS float) < @__to_1))
2022-05-12 01:20:27.534 +03:00 [INF] Executed DbCommand (8ms) [Parameters=[@__from_0='?' (DbType = Double), @__to_1='?' (DbType = Double)], CommandType='"Text"', CommandTimeout='30']
SELECT COUNT(*)
FROM [CompanyOverviews] AS [c]
WHERE ([c].[ExistInApi] = CAST(1 AS bit)) AND ((([c].[MarketCapitalization] IS NOT NULL) AND (CAST([c].[MarketCapitalization] AS float) > @__from_0)) AND (CAST([c].[MarketCapitalization] AS float) < @__to_1))
2022-05-12 01:20:27.544 +03:00 [INF] Executed DbCommand (8ms) [Parameters=[@__from_0='?' (DbType = Double), @__to_1='?' (DbType = Double)], CommandType='"Text"', CommandTimeout='30']
SELECT COUNT(*)
FROM [CompanyOverviews] AS [c]
WHERE ([c].[ExistInApi] = CAST(1 AS bit)) AND ((([c].[MarketCapitalization] IS NOT NULL) AND (CAST([c].[MarketCapitalization] AS float) > @__from_0)) AND (CAST([c].[MarketCapitalization] AS float) < @__to_1))
2022-05-12 01:20:27.556 +03:00 [INF] Executed DbCommand (8ms) [Parameters=[@__from_0='?' (DbType = Double), @__to_1='?' (DbType = Double)], CommandType='"Text"', CommandTimeout='30']
SELECT COUNT(*)
FROM [CompanyOverviews] AS [c]
WHERE ([c].[ExistInApi] = CAST(1 AS bit)) AND ((([c].[MarketCapitalization] IS NOT NULL) AND (CAST([c].[MarketCapitalization] AS float) > @__from_0)) AND (CAST([c].[MarketCapitalization] AS float) < @__to_1))
2022-05-12 01:20:27.568 +03:00 [INF] Executed DbCommand (10ms) [Parameters=[@__from_0='?' (DbType = Double), @__to_1='?' (DbType = Double)], CommandType='"Text"', CommandTimeout='30']
SELECT COUNT(*)
FROM [CompanyOverviews] AS [c]
WHERE ([c].[ExistInApi] = CAST(1 AS bit)) AND ((([c].[MarketCapitalization] IS NOT NULL) AND (CAST([c].[MarketCapitalization] AS float) > @__from_0)) AND (CAST([c].[MarketCapitalization] AS float) < @__to_1))
2022-05-12 01:20:27.580 +03:00 [INF] Executed DbCommand (10ms) [Parameters=[@__from_0='?' (DbType = Double), @__to_1='?' (DbType = Double)], CommandType='"Text"', CommandTimeout='30']
SELECT COUNT(*)
FROM [CompanyOverviews] AS [c]
WHERE ([c].[ExistInApi] = CAST(1 AS bit)) AND ((([c].[MarketCapitalization] IS NOT NULL) AND (CAST([c].[MarketCapitalization] AS float) > @__from_0)) AND (CAST([c].[MarketCapitalization] AS float) < @__to_1))
2022-05-12 01:20:27.594 +03:00 [INF] Executed DbCommand (11ms) [Parameters=[@__from_0='?' (DbType = Double), @__to_1='?' (DbType = Double)], CommandType='"Text"', CommandTimeout='30']
SELECT COUNT(*)
FROM [CompanyOverviews] AS [c]
WHERE ([c].[ExistInApi] = CAST(1 AS bit)) AND ((([c].[MarketCapitalization] IS NOT NULL) AND (CAST([c].[MarketCapitalization] AS float) > @__from_0)) AND (CAST([c].[MarketCapitalization] AS float) < @__to_1))
2022-05-12 01:20:27.605 +03:00 [INF] Executed DbCommand (9ms) [Parameters=[@__from_0='?' (DbType = Double), @__to_1='?' (DbType = Double)], CommandType='"Text"', CommandTimeout='30']
SELECT COUNT(*)
FROM [CompanyOverviews] AS [c]
WHERE ([c].[ExistInApi] = CAST(1 AS bit)) AND ((([c].[MarketCapitalization] IS NOT NULL) AND (CAST([c].[MarketCapitalization] AS float) > @__from_0)) AND (CAST([c].[MarketCapitalization] AS float) < @__to_1))
2022-05-12 01:20:27.623 +03:00 [INF] Executed DbCommand (12ms) [Parameters=[@__from_0='?' (DbType = Double), @__to_1='?' (DbType = Double)], CommandType='"Text"', CommandTimeout='30']
SELECT COUNT(*)
FROM [CompanyOverviews] AS [c]
WHERE ([c].[ExistInApi] = CAST(1 AS bit)) AND ((([c].[MarketCapitalization] IS NOT NULL) AND (CAST([c].[MarketCapitalization] AS float) > @__from_0)) AND (CAST([c].[MarketCapitalization] AS float) < @__to_1))
2022-05-12 01:20:27.637 +03:00 [INF] Executed DbCommand (9ms) [Parameters=[@__from_0='?' (DbType = Double), @__to_1='?' (DbType = Double)], CommandType='"Text"', CommandTimeout='30']
SELECT COUNT(*)
FROM [CompanyOverviews] AS [c]
WHERE ([c].[ExistInApi] = CAST(1 AS bit)) AND ((([c].[MarketCapitalization] IS NOT NULL) AND (CAST([c].[MarketCapitalization] AS float) > @__from_0)) AND (CAST([c].[MarketCapitalization] AS float) < @__to_1))
2022-05-12 01:20:27.653 +03:00 [INF] Executed DbCommand (12ms) [Parameters=[@__from_0='?' (DbType = Double), @__to_1='?' (DbType = Double)], CommandType='"Text"', CommandTimeout='30']
SELECT COUNT(*)
FROM [CompanyOverviews] AS [c]
WHERE ([c].[ExistInApi] = CAST(1 AS bit)) AND ((([c].[MarketCapitalization] IS NOT NULL) AND (CAST([c].[MarketCapitalization] AS float) > @__from_0)) AND (CAST([c].[MarketCapitalization] AS float) < @__to_1))
2022-05-12 01:20:27.668 +03:00 [INF] Executed DbCommand (11ms) [Parameters=[@__from_0='?' (DbType = Double), @__to_1='?' (DbType = Double)], CommandType='"Text"', CommandTimeout='30']
SELECT COUNT(*)
FROM [CompanyOverviews] AS [c]
WHERE ([c].[ExistInApi] = CAST(1 AS bit)) AND ((([c].[MarketCapitalization] IS NOT NULL) AND (CAST([c].[MarketCapitalization] AS float) > @__from_0)) AND (CAST([c].[MarketCapitalization] AS float) < @__to_1))
2022-05-12 01:20:27.683 +03:00 [INF] Executed DbCommand (12ms) [Parameters=[@__from_0='?' (DbType = Double), @__to_1='?' (DbType = Double)], CommandType='"Text"', CommandTimeout='30']
SELECT COUNT(*)
FROM [CompanyOverviews] AS [c]
WHERE ([c].[ExistInApi] = CAST(1 AS bit)) AND ((([c].[MarketCapitalization] IS NOT NULL) AND (CAST([c].[MarketCapitalization] AS float) > @__from_0)) AND (CAST([c].[MarketCapitalization] AS float) < @__to_1))
2022-05-12 01:20:27.699 +03:00 [INF] Executed DbCommand (10ms) [Parameters=[@__from_0='?' (DbType = Double), @__to_1='?' (DbType = Double)], CommandType='"Text"', CommandTimeout='30']
SELECT COUNT(*)
FROM [CompanyOverviews] AS [c]
WHERE ([c].[ExistInApi] = CAST(1 AS bit)) AND ((([c].[MarketCapitalization] IS NOT NULL) AND (CAST([c].[MarketCapitalization] AS float) > @__from_0)) AND (CAST([c].[MarketCapitalization] AS float) < @__to_1))
2022-05-12 01:20:27.714 +03:00 [INF] Executed DbCommand (9ms) [Parameters=[@__from_0='?' (DbType = Double), @__to_1='?' (DbType = Double)], CommandType='"Text"', CommandTimeout='30']
SELECT COUNT(*)
FROM [CompanyOverviews] AS [c]
WHERE ([c].[ExistInApi] = CAST(1 AS bit)) AND ((([c].[MarketCapitalization] IS NOT NULL) AND (CAST([c].[MarketCapitalization] AS float) > @__from_0)) AND (CAST([c].[MarketCapitalization] AS float) < @__to_1))
2022-05-12 01:20:27.728 +03:00 [INF] Executed DbCommand (8ms) [Parameters=[@__from_0='?' (DbType = Double), @__to_1='?' (DbType = Double)], CommandType='"Text"', CommandTimeout='30']
SELECT COUNT(*)
FROM [CompanyOverviews] AS [c]
WHERE ([c].[ExistInApi] = CAST(1 AS bit)) AND ((([c].[MarketCapitalization] IS NOT NULL) AND (CAST([c].[MarketCapitalization] AS float) > @__from_0)) AND (CAST([c].[MarketCapitalization] AS float) < @__to_1))
2022-05-12 01:20:27.740 +03:00 [INF] Executed DbCommand (8ms) [Parameters=[@__from_0='?' (DbType = Double), @__to_1='?' (DbType = Double)], CommandType='"Text"', CommandTimeout='30']
SELECT COUNT(*)
FROM [CompanyOverviews] AS [c]
WHERE ([c].[ExistInApi] = CAST(1 AS bit)) AND ((([c].[MarketCapitalization] IS NOT NULL) AND (CAST([c].[MarketCapitalization] AS float) > @__from_0)) AND (CAST([c].[MarketCapitalization] AS float) < @__to_1))
2022-05-12 01:20:27.752 +03:00 [INF] Executed DbCommand (8ms) [Parameters=[@__from_0='?' (DbType = Double), @__to_1='?' (DbType = Double)], CommandType='"Text"', CommandTimeout='30']
SELECT COUNT(*)
FROM [CompanyOverviews] AS [c]
WHERE ([c].[ExistInApi] = CAST(1 AS bit)) AND ((([c].[MarketCapitalization] IS NOT NULL) AND (CAST([c].[MarketCapitalization] AS float) > @__from_0)) AND (CAST([c].[MarketCapitalization] AS float) < @__to_1))
2022-05-12 01:20:27.766 +03:00 [INF] Executed DbCommand (11ms) [Parameters=[@__from_0='?' (DbType = Double), @__to_1='?' (DbType = Double)], CommandType='"Text"', CommandTimeout='30']
SELECT COUNT(*)
FROM [CompanyOverviews] AS [c]
WHERE ([c].[ExistInApi] = CAST(1 AS bit)) AND ((([c].[MarketCapitalization] IS NOT NULL) AND (CAST([c].[MarketCapitalization] AS float) > @__from_0)) AND (CAST([c].[MarketCapitalization] AS float) < @__to_1))
2022-05-12 01:20:27.780 +03:00 [INF] Executed DbCommand (11ms) [Parameters=[@__from_0='?' (DbType = Double), @__to_1='?' (DbType = Double)], CommandType='"Text"', CommandTimeout='30']
SELECT COUNT(*)
FROM [CompanyOverviews] AS [c]
WHERE ([c].[ExistInApi] = CAST(1 AS bit)) AND ((([c].[MarketCapitalization] IS NOT NULL) AND (CAST([c].[MarketCapitalization] AS float) > @__from_0)) AND (CAST([c].[MarketCapitalization] AS float) < @__to_1))
2022-05-12 01:20:27.793 +03:00 [INF] Executed DbCommand (8ms) [Parameters=[@__from_0='?' (DbType = Double), @__to_1='?' (DbType = Double)], CommandType='"Text"', CommandTimeout='30']
SELECT COUNT(*)
FROM [CompanyOverviews] AS [c]
WHERE ([c].[ExistInApi] = CAST(1 AS bit)) AND ((([c].[MarketCapitalization] IS NOT NULL) AND (CAST([c].[MarketCapitalization] AS float) > @__from_0)) AND (CAST([c].[MarketCapitalization] AS float) < @__to_1))
2022-05-12 01:20:27.808 +03:00 [INF] Executed DbCommand (9ms) [Parameters=[@__from_0='?' (DbType = Double), @__to_1='?' (DbType = Double)], CommandType='"Text"', CommandTimeout='30']
SELECT COUNT(*)
FROM [CompanyOverviews] AS [c]
WHERE ([c].[ExistInApi] = CAST(1 AS bit)) AND ((([c].[MarketCapitalization] IS NOT NULL) AND (CAST([c].[MarketCapitalization] AS float) > @__from_0)) AND (CAST([c].[MarketCapitalization] AS float) < @__to_1))
2022-05-12 01:20:27.823 +03:00 [INF] Executed DbCommand (9ms) [Parameters=[@__from_0='?' (DbType = Double), @__to_1='?' (DbType = Double)], CommandType='"Text"', CommandTimeout='30']
SELECT COUNT(*)
FROM [CompanyOverviews] AS [c]
WHERE ([c].[ExistInApi] = CAST(1 AS bit)) AND ((([c].[MarketCapitalization] IS NOT NULL) AND (CAST([c].[MarketCapitalization] AS float) > @__from_0)) AND (CAST([c].[MarketCapitalization] AS float) < @__to_1))
2022-05-12 01:20:27.837 +03:00 [INF] Executed DbCommand (9ms) [Parameters=[@__from_0='?' (DbType = Double), @__to_1='?' (DbType = Double)], CommandType='"Text"', CommandTimeout='30']
SELECT COUNT(*)
FROM [CompanyOverviews] AS [c]
WHERE ([c].[ExistInApi] = CAST(1 AS bit)) AND ((([c].[MarketCapitalization] IS NOT NULL) AND (CAST([c].[MarketCapitalization] AS float) > @__from_0)) AND (CAST([c].[MarketCapitalization] AS float) < @__to_1))
2022-05-12 01:20:27.849 +03:00 [INF] Executed DbCommand (10ms) [Parameters=[@__from_0='?' (DbType = Double), @__to_1='?' (DbType = Double)], CommandType='"Text"', CommandTimeout='30']
SELECT COUNT(*)
FROM [CompanyOverviews] AS [c]
WHERE ([c].[ExistInApi] = CAST(1 AS bit)) AND ((([c].[MarketCapitalization] IS NOT NULL) AND (CAST([c].[MarketCapitalization] AS float) > @__from_0)) AND (CAST([c].[MarketCapitalization] AS float) < @__to_1))
2022-05-12 01:20:27.861 +03:00 [INF] Executed DbCommand (9ms) [Parameters=[@__from_0='?' (DbType = Double), @__to_1='?' (DbType = Double)], CommandType='"Text"', CommandTimeout='30']
SELECT COUNT(*)
FROM [CompanyOverviews] AS [c]
WHERE ([c].[ExistInApi] = CAST(1 AS bit)) AND ((([c].[MarketCapitalization] IS NOT NULL) AND (CAST([c].[MarketCapitalization] AS float) > @__from_0)) AND (CAST([c].[MarketCapitalization] AS float) < @__to_1))
2022-05-12 01:20:27.875 +03:00 [INF] Executed DbCommand (9ms) [Parameters=[@__from_0='?' (DbType = Double), @__to_1='?' (DbType = Double)], CommandType='"Text"', CommandTimeout='30']
SELECT COUNT(*)
FROM [CompanyOverviews] AS [c]
WHERE ([c].[ExistInApi] = CAST(1 AS bit)) AND ((([c].[MarketCapitalization] IS NOT NULL) AND (CAST([c].[MarketCapitalization] AS float) > @__from_0)) AND (CAST([c].[MarketCapitalization] AS float) < @__to_1))
2022-05-12 01:20:27.886 +03:00 [INF] Executed DbCommand (8ms) [Parameters=[@__from_0='?' (DbType = Double), @__to_1='?' (DbType = Double)], CommandType='"Text"', CommandTimeout='30']
SELECT COUNT(*)
FROM [CompanyOverviews] AS [c]
WHERE ([c].[ExistInApi] = CAST(1 AS bit)) AND ((([c].[MarketCapitalization] IS NOT NULL) AND (CAST([c].[MarketCapitalization] AS float) > @__from_0)) AND (CAST([c].[MarketCapitalization] AS float) < @__to_1))
2022-05-12 01:20:27.898 +03:00 [INF] Executed DbCommand (9ms) [Parameters=[@__from_0='?' (DbType = Double), @__to_1='?' (DbType = Double)], CommandType='"Text"', CommandTimeout='30']
SELECT COUNT(*)
FROM [CompanyOverviews] AS [c]
WHERE ([c].[ExistInApi] = CAST(1 AS bit)) AND ((([c].[MarketCapitalization] IS NOT NULL) AND (CAST([c].[MarketCapitalization] AS float) > @__from_0)) AND (CAST([c].[MarketCapitalization] AS float) < @__to_1))
2022-05-12 01:20:27.908 +03:00 [INF] Executed DbCommand (8ms) [Parameters=[@__from_0='?' (DbType = Double), @__to_1='?' (DbType = Double)], CommandType='"Text"', CommandTimeout='30']
SELECT COUNT(*)
FROM [CompanyOverviews] AS [c]
WHERE ([c].[ExistInApi] = CAST(1 AS bit)) AND ((([c].[MarketCapitalization] IS NOT NULL) AND (CAST([c].[MarketCapitalization] AS float) > @__from_0)) AND (CAST([c].[MarketCapitalization] AS float) < @__to_1))
2022-05-12 01:20:27.920 +03:00 [INF] Executed DbCommand (9ms) [Parameters=[@__from_0='?' (DbType = Double), @__to_1='?' (DbType = Double)], CommandType='"Text"', CommandTimeout='30']
SELECT COUNT(*)
FROM [CompanyOverviews] AS [c]
WHERE ([c].[ExistInApi] = CAST(1 AS bit)) AND ((([c].[MarketCapitalization] IS NOT NULL) AND (CAST([c].[MarketCapitalization] AS float) > @__from_0)) AND (CAST([c].[MarketCapitalization] AS float) < @__to_1))
2022-05-12 01:20:27.932 +03:00 [INF] Executed DbCommand (8ms) [Parameters=[@__from_0='?' (DbType = Double), @__to_1='?' (DbType = Double)], CommandType='"Text"', CommandTimeout='30']
SELECT COUNT(*)
FROM [CompanyOverviews] AS [c]
WHERE ([c].[ExistInApi] = CAST(1 AS bit)) AND ((([c].[MarketCapitalization] IS NOT NULL) AND (CAST([c].[MarketCapitalization] AS float) > @__from_0)) AND (CAST([c].[MarketCapitalization] AS float) < @__to_1))
2022-05-12 01:20:27.943 +03:00 [INF] Executed DbCommand (9ms) [Parameters=[@__from_0='?' (DbType = Double), @__to_1='?' (DbType = Double)], CommandType='"Text"', CommandTimeout='30']
SELECT COUNT(*)
FROM [CompanyOverviews] AS [c]
WHERE ([c].[ExistInApi] = CAST(1 AS bit)) AND ((([c].[MarketCapitalization] IS NOT NULL) AND (CAST([c].[MarketCapitalization] AS float) > @__from_0)) AND (CAST([c].[MarketCapitalization] AS float) < @__to_1))
2022-05-12 01:20:27.954 +03:00 [INF] Executed DbCommand (9ms) [Parameters=[@__from_0='?' (DbType = Double), @__to_1='?' (DbType = Double)], CommandType='"Text"', CommandTimeout='30']
SELECT COUNT(*)
FROM [CompanyOverviews] AS [c]
WHERE ([c].[ExistInApi] = CAST(1 AS bit)) AND ((([c].[MarketCapitalization] IS NOT NULL) AND (CAST([c].[MarketCapitalization] AS float) > @__from_0)) AND (CAST([c].[MarketCapitalization] AS float) < @__to_1))
2022-05-12 01:20:27.964 +03:00 [INF] Executed DbCommand (8ms) [Parameters=[@__from_0='?' (DbType = Double), @__to_1='?' (DbType = Double)], CommandType='"Text"', CommandTimeout='30']
SELECT COUNT(*)
FROM [CompanyOverviews] AS [c]
WHERE ([c].[ExistInApi] = CAST(1 AS bit)) AND ((([c].[MarketCapitalization] IS NOT NULL) AND (CAST([c].[MarketCapitalization] AS float) > @__from_0)) AND (CAST([c].[MarketCapitalization] AS float) < @__to_1))
2022-05-12 01:20:27.974 +03:00 [INF] Executed DbCommand (9ms) [Parameters=[@__from_0='?' (DbType = Double), @__to_1='?' (DbType = Double)], CommandType='"Text"', CommandTimeout='30']
SELECT COUNT(*)
FROM [CompanyOverviews] AS [c]
WHERE ([c].[ExistInApi] = CAST(1 AS bit)) AND ((([c].[MarketCapitalization] IS NOT NULL) AND (CAST([c].[MarketCapitalization] AS float) > @__from_0)) AND (CAST([c].[MarketCapitalization] AS float) < @__to_1))
2022-05-12 01:20:27.985 +03:00 [INF] Executed DbCommand (9ms) [Parameters=[@__from_0='?' (DbType = Double), @__to_1='?' (DbType = Double)], CommandType='"Text"', CommandTimeout='30']
SELECT COUNT(*)
FROM [CompanyOverviews] AS [c]
WHERE ([c].[ExistInApi] = CAST(1 AS bit)) AND ((([c].[MarketCapitalization] IS NOT NULL) AND (CAST([c].[MarketCapitalization] AS float) > @__from_0)) AND (CAST([c].[MarketCapitalization] AS float) < @__to_1))
2022-05-12 01:20:27.995 +03:00 [INF] Executed DbCommand (7ms) [Parameters=[@__from_0='?' (DbType = Double), @__to_1='?' (DbType = Double)], CommandType='"Text"', CommandTimeout='30']
SELECT COUNT(*)
FROM [CompanyOverviews] AS [c]
WHERE ([c].[ExistInApi] = CAST(1 AS bit)) AND ((([c].[MarketCapitalization] IS NOT NULL) AND (CAST([c].[MarketCapitalization] AS float) > @__from_0)) AND (CAST([c].[MarketCapitalization] AS float) < @__to_1))
2022-05-12 01:20:28.005 +03:00 [INF] Executed DbCommand (9ms) [Parameters=[@__from_0='?' (DbType = Double), @__to_1='?' (DbType = Double)], CommandType='"Text"', CommandTimeout='30']
SELECT COUNT(*)
FROM [CompanyOverviews] AS [c]
WHERE ([c].[ExistInApi] = CAST(1 AS bit)) AND ((([c].[MarketCapitalization] IS NOT NULL) AND (CAST([c].[MarketCapitalization] AS float) > @__from_0)) AND (CAST([c].[MarketCapitalization] AS float) < @__to_1))
2022-05-12 01:20:28.018 +03:00 [INF] Executed DbCommand (10ms) [Parameters=[@__from_0='?' (DbType = Double), @__to_1='?' (DbType = Double)], CommandType='"Text"', CommandTimeout='30']
SELECT COUNT(*)
FROM [CompanyOverviews] AS [c]
WHERE ([c].[ExistInApi] = CAST(1 AS bit)) AND ((([c].[MarketCapitalization] IS NOT NULL) AND (CAST([c].[MarketCapitalization] AS float) > @__from_0)) AND (CAST([c].[MarketCapitalization] AS float) < @__to_1))
2022-05-12 01:20:28.031 +03:00 [INF] Executed DbCommand (11ms) [Parameters=[@__from_0='?' (DbType = Double), @__to_1='?' (DbType = Double)], CommandType='"Text"', CommandTimeout='30']
SELECT COUNT(*)
FROM [CompanyOverviews] AS [c]
WHERE ([c].[ExistInApi] = CAST(1 AS bit)) AND ((([c].[MarketCapitalization] IS NOT NULL) AND (CAST([c].[MarketCapitalization] AS float) > @__from_0)) AND (CAST([c].[MarketCapitalization] AS float) < @__to_1))
2022-05-12 01:20:28.042 +03:00 [INF] Executed DbCommand (9ms) [Parameters=[@__from_0='?' (DbType = Double), @__to_1='?' (DbType = Double)], CommandType='"Text"', CommandTimeout='30']
SELECT COUNT(*)
FROM [CompanyOverviews] AS [c]
WHERE ([c].[ExistInApi] = CAST(1 AS bit)) AND ((([c].[MarketCapitalization] IS NOT NULL) AND (CAST([c].[MarketCapitalization] AS float) > @__from_0)) AND (CAST([c].[MarketCapitalization] AS float) < @__to_1))
2022-05-12 01:20:28.053 +03:00 [INF] Executed DbCommand (9ms) [Parameters=[@__from_0='?' (DbType = Double), @__to_1='?' (DbType = Double)], CommandType='"Text"', CommandTimeout='30']
SELECT COUNT(*)
FROM [CompanyOverviews] AS [c]
WHERE ([c].[ExistInApi] = CAST(1 AS bit)) AND ((([c].[MarketCapitalization] IS NOT NULL) AND (CAST([c].[MarketCapitalization] AS float) > @__from_0)) AND (CAST([c].[MarketCapitalization] AS float) < @__to_1))
2022-05-12 01:20:28.069 +03:00 [INF] Executed DbCommand (14ms) [Parameters=[@__from_0='?' (DbType = Double), @__to_1='?' (DbType = Double)], CommandType='"Text"', CommandTimeout='30']
SELECT COUNT(*)
FROM [CompanyOverviews] AS [c]
WHERE ([c].[ExistInApi] = CAST(1 AS bit)) AND ((([c].[MarketCapitalization] IS NOT NULL) AND (CAST([c].[MarketCapitalization] AS float) > @__from_0)) AND (CAST([c].[MarketCapitalization] AS float) < @__to_1))
2022-05-12 01:20:28.080 +03:00 [INF] Executed DbCommand (9ms) [Parameters=[@__from_0='?' (DbType = Double), @__to_1='?' (DbType = Double)], CommandType='"Text"', CommandTimeout='30']
SELECT COUNT(*)
FROM [CompanyOverviews] AS [c]
WHERE ([c].[ExistInApi] = CAST(1 AS bit)) AND ((([c].[MarketCapitalization] IS NOT NULL) AND (CAST([c].[MarketCapitalization] AS float) > @__from_0)) AND (CAST([c].[MarketCapitalization] AS float) < @__to_1))
2022-05-12 01:20:28.090 +03:00 [INF] Executed DbCommand (8ms) [Parameters=[@__from_0='?' (DbType = Double), @__to_1='?' (DbType = Double)], CommandType='"Text"', CommandTimeout='30']
SELECT COUNT(*)
FROM [CompanyOverviews] AS [c]
WHERE ([c].[ExistInApi] = CAST(1 AS bit)) AND ((([c].[MarketCapitalization] IS NOT NULL) AND (CAST([c].[MarketCapitalization] AS float) > @__from_0)) AND (CAST([c].[MarketCapitalization] AS float) < @__to_1))
2022-05-12 01:20:28.102 +03:00 [INF] Executed DbCommand (9ms) [Parameters=[@__from_0='?' (DbType = Double), @__to_1='?' (DbType = Double)], CommandType='"Text"', CommandTimeout='30']
SELECT COUNT(*)
FROM [CompanyOverviews] AS [c]
WHERE ([c].[ExistInApi] = CAST(1 AS bit)) AND ((([c].[MarketCapitalization] IS NOT NULL) AND (CAST([c].[MarketCapitalization] AS float) > @__from_0)) AND (CAST([c].[MarketCapitalization] AS float) < @__to_1))
2022-05-12 01:20:28.113 +03:00 [INF] Executed DbCommand (9ms) [Parameters=[@__from_0='?' (DbType = Double), @__to_1='?' (DbType = Double)], CommandType='"Text"', CommandTimeout='30']
SELECT COUNT(*)
FROM [CompanyOverviews] AS [c]
WHERE ([c].[ExistInApi] = CAST(1 AS bit)) AND ((([c].[MarketCapitalization] IS NOT NULL) AND (CAST([c].[MarketCapitalization] AS float) > @__from_0)) AND (CAST([c].[MarketCapitalization] AS float) < @__to_1))
2022-05-12 01:20:28.123 +03:00 [INF] Executed DbCommand (9ms) [Parameters=[@__from_0='?' (DbType = Double), @__to_1='?' (DbType = Double)], CommandType='"Text"', CommandTimeout='30']
SELECT COUNT(*)
FROM [CompanyOverviews] AS [c]
WHERE ([c].[ExistInApi] = CAST(1 AS bit)) AND ((([c].[MarketCapitalization] IS NOT NULL) AND (CAST([c].[MarketCapitalization] AS float) > @__from_0)) AND (CAST([c].[MarketCapitalization] AS float) < @__to_1))
2022-05-12 01:20:28.134 +03:00 [INF] Executed DbCommand (8ms) [Parameters=[@__from_0='?' (DbType = Double), @__to_1='?' (DbType = Double)], CommandType='"Text"', CommandTimeout='30']
SELECT COUNT(*)
FROM [CompanyOverviews] AS [c]
WHERE ([c].[ExistInApi] = CAST(1 AS bit)) AND ((([c].[MarketCapitalization] IS NOT NULL) AND (CAST([c].[MarketCapitalization] AS float) > @__from_0)) AND (CAST([c].[MarketCapitalization] AS float) < @__to_1))
2022-05-12 01:20:28.144 +03:00 [INF] Executed DbCommand (8ms) [Parameters=[@__from_0='?' (DbType = Double), @__to_1='?' (DbType = Double)], CommandType='"Text"', CommandTimeout='30']
SELECT COUNT(*)
FROM [CompanyOverviews] AS [c]
WHERE ([c].[ExistInApi] = CAST(1 AS bit)) AND ((([c].[MarketCapitalization] IS NOT NULL) AND (CAST([c].[MarketCapitalization] AS float) > @__from_0)) AND (CAST([c].[MarketCapitalization] AS float) < @__to_1))
2022-05-12 01:20:28.156 +03:00 [INF] Executed DbCommand (10ms) [Parameters=[@__from_0='?' (DbType = Double), @__to_1='?' (DbType = Double)], CommandType='"Text"', CommandTimeout='30']
SELECT COUNT(*)
FROM [CompanyOverviews] AS [c]
WHERE ([c].[ExistInApi] = CAST(1 AS bit)) AND ((([c].[MarketCapitalization] IS NOT NULL) AND (CAST([c].[MarketCapitalization] AS float) > @__from_0)) AND (CAST([c].[MarketCapitalization] AS float) < @__to_1))
2022-05-12 01:20:28.167 +03:00 [INF] Executed DbCommand (7ms) [Parameters=[@__from_0='?' (DbType = Double), @__to_1='?' (DbType = Double)], CommandType='"Text"', CommandTimeout='30']
SELECT COUNT(*)
FROM [CompanyOverviews] AS [c]
WHERE ([c].[ExistInApi] = CAST(1 AS bit)) AND ((([c].[MarketCapitalization] IS NOT NULL) AND (CAST([c].[MarketCapitalization] AS float) > @__from_0)) AND (CAST([c].[MarketCapitalization] AS float) < @__to_1))
2022-05-12 01:20:28.177 +03:00 [INF] Executed DbCommand (8ms) [Parameters=[@__from_0='?' (DbType = Double), @__to_1='?' (DbType = Double)], CommandType='"Text"', CommandTimeout='30']
SELECT COUNT(*)
FROM [CompanyOverviews] AS [c]
WHERE ([c].[ExistInApi] = CAST(1 AS bit)) AND ((([c].[MarketCapitalization] IS NOT NULL) AND (CAST([c].[MarketCapitalization] AS float) > @__from_0)) AND (CAST([c].[MarketCapitalization] AS float) < @__to_1))
2022-05-12 01:20:28.186 +03:00 [INF] Executed DbCommand (7ms) [Parameters=[@__from_0='?' (DbType = Double), @__to_1='?' (DbType = Double)], CommandType='"Text"', CommandTimeout='30']
SELECT COUNT(*)
FROM [CompanyOverviews] AS [c]
WHERE ([c].[ExistInApi] = CAST(1 AS bit)) AND ((([c].[MarketCapitalization] IS NOT NULL) AND (CAST([c].[MarketCapitalization] AS float) > @__from_0)) AND (CAST([c].[MarketCapitalization] AS float) < @__to_1))
2022-05-12 01:20:28.197 +03:00 [INF] Executed DbCommand (9ms) [Parameters=[@__from_0='?' (DbType = Double), @__to_1='?' (DbType = Double)], CommandType='"Text"', CommandTimeout='30']
SELECT COUNT(*)
FROM [CompanyOverviews] AS [c]
WHERE ([c].[ExistInApi] = CAST(1 AS bit)) AND ((([c].[MarketCapitalization] IS NOT NULL) AND (CAST([c].[MarketCapitalization] AS float) > @__from_0)) AND (CAST([c].[MarketCapitalization] AS float) < @__to_1))
2022-05-12 01:20:28.207 +03:00 [INF] Executed DbCommand (8ms) [Parameters=[@__from_0='?' (DbType = Double), @__to_1='?' (DbType = Double)], CommandType='"Text"', CommandTimeout='30']
SELECT COUNT(*)
FROM [CompanyOverviews] AS [c]
WHERE ([c].[ExistInApi] = CAST(1 AS bit)) AND ((([c].[MarketCapitalization] IS NOT NULL) AND (CAST([c].[MarketCapitalization] AS float) > @__from_0)) AND (CAST([c].[MarketCapitalization] AS float) < @__to_1))
2022-05-12 01:20:28.217 +03:00 [INF] Executed DbCommand (8ms) [Parameters=[@__from_0='?' (DbType = Double), @__to_1='?' (DbType = Double)], CommandType='"Text"', CommandTimeout='30']
SELECT COUNT(*)
FROM [CompanyOverviews] AS [c]
WHERE ([c].[ExistInApi] = CAST(1 AS bit)) AND ((([c].[MarketCapitalization] IS NOT NULL) AND (CAST([c].[MarketCapitalization] AS float) > @__from_0)) AND (CAST([c].[MarketCapitalization] AS float) < @__to_1))
2022-05-12 01:20:28.229 +03:00 [INF] Executed DbCommand (9ms) [Parameters=[@__from_0='?' (DbType = Double), @__to_1='?' (DbType = Double)], CommandType='"Text"', CommandTimeout='30']
SELECT COUNT(*)
FROM [CompanyOverviews] AS [c]
WHERE ([c].[ExistInApi] = CAST(1 AS bit)) AND ((([c].[MarketCapitalization] IS NOT NULL) AND (CAST([c].[MarketCapitalization] AS float) > @__from_0)) AND (CAST([c].[MarketCapitalization] AS float) < @__to_1))
