2022-05-26 22:49:21.784 +03:00 [INF] Generating URI for LISTING_STATUS with params: state: active
2022-05-26 22:49:21.809 +03:00 [INF] URI: https://www.alphavantage.co/query?apikey=KBO0R5WJR4O4UIHS&function=LISTING_STATUS&state=active
2022-05-26 22:49:21.812 +03:00 [INF] Starting to get and parse CSV from "https://www.alphavantage.co/query?apikey=KBO0R5WJR4O4UIHS&function=LISTING_STATUS&state=active".
2022-05-26 22:49:21.888 +03:00 [INF] Now listening on: https://localhost:5001
2022-05-26 22:49:21.890 +03:00 [INF] Now listening on: http://localhost:5000
2022-05-26 22:49:21.892 +03:00 [INF] Application started. Press Ctrl+C to shut down.
2022-05-26 22:49:21.892 +03:00 [INF] Hosting environment: Development
2022-05-26 22:49:21.893 +03:00 [INF] Content root path: D:\repo\SaluteStocks\SaluteStocksAPI\
2022-05-26 22:49:22.047 +03:00 [INF] Request starting HTTP/2 GET https://localhost:5001/swagger/index.html - -
2022-05-26 22:49:22.128 +03:00 [INF] Request finished HTTP/2 GET https://localhost:5001/swagger/index.html - - - 200 - text/html;charset=utf-8 83.1160ms
2022-05-26 22:49:22.225 +03:00 [INF] Request starting HTTP/2 GET https://localhost:5001/swagger/v1/swagger.json - -
2022-05-26 22:49:22.240 +03:00 [ERR] An unhandled exception has occurred while executing the request.
Swashbuckle.AspNetCore.SwaggerGen.SwaggerGeneratorException: Ambiguous HTTP method for action - SaluteStocksAPI.Controllers.ApiController.Ping (SaluteStocksAPI). Actions require an explicit HttpMethod binding for Swagger/OpenAPI 3.0
   at Swashbuckle.AspNetCore.SwaggerGen.SwaggerGenerator.GenerateOperations(IEnumerable`1 apiDescriptions, SchemaRepository schemaRepository)
   at Swashbuckle.AspNetCore.SwaggerGen.SwaggerGenerator.GeneratePaths(IEnumerable`1 apiDescriptions, SchemaRepository schemaRepository)
   at Swashbuckle.AspNetCore.SwaggerGen.SwaggerGenerator.GetSwagger(String documentName, String host, String basePath)
   at Swashbuckle.AspNetCore.Swagger.SwaggerMiddleware.Invoke(HttpContext httpContext, ISwaggerProvider swaggerProvider)
   at Microsoft.AspNetCore.Diagnostics.DeveloperExceptionPageMiddleware.Invoke(HttpContext context)
2022-05-26 22:49:22.251 +03:00 [INF] Request finished HTTP/2 GET https://localhost:5001/swagger/v1/swagger.json - - - 500 - text/plain;+charset=utf-8 26.2581ms
2022-05-26 22:49:22.711 +03:00 [INF] Response has success status code
2022-05-26 22:49:22.713 +03:00 [INF] Trying to deserialize response.
2022-05-26 22:49:23.505 +03:00 [INF] Entity Framework Core 6.0.3 initialized 'StocksContext' using provider 'Microsoft.EntityFrameworkCore.SqlServer:6.0.0' with options: None
2022-05-26 22:49:23.788 +03:00 [INF] Executed DbCommand (30ms) [Parameters=[], CommandType='"Text"', CommandTimeout='30']
SELECT TOP 0 T.[Symbol], T.[AssetType], T.[DelistingDate], T.[Exchange], T.[ExistInApi], T.[IpoDate], T.[LastApiRefresh], T.[LastLocalRefresh], T.[Name], T.[Status] INTO [ListingTemp335754f8] FROM [Listing] AS T LEFT JOIN [Listing] AS Source ON 1 = 0;
2022-05-26 22:49:23.861 +03:00 [INF] Executed DbCommand (17ms) [Parameters=[], CommandType='"Text"', CommandTimeout='30']
MERGE [Listing] WITH (HOLDLOCK) AS T USING (SELECT TOP 0 * FROM [ListingTemp335754f8] ORDER BY [Symbol]) AS S ON T.[Symbol] = S.[Symbol] WHEN NOT MATCHED BY TARGET THEN INSERT ([Symbol], [AssetType], [DelistingDate], [Exchange], [ExistInApi], [IpoDate], [LastApiRefresh], [LastLocalRefresh], [Name], [Status]) VALUES (S.[Symbol], S.[AssetType], S.[DelistingDate], S.[Exchange], S.[ExistInApi], S.[IpoDate], S.[LastApiRefresh], S.[LastLocalRefresh], S.[Name], S.[Status]) WHEN MATCHED AND EXISTS (SELECT S.[Symbol], S.[AssetType], S.[DelistingDate], S.[Exchange], S.[ExistInApi], S.[IpoDate], S.[LastApiRefresh], S.[LastLocalRefresh], S.[Name], S.[Status] EXCEPT SELECT T.[Symbol], T.[AssetType], T.[DelistingDate], T.[Exchange], T.[ExistInApi], T.[IpoDate], T.[LastApiRefresh], T.[LastLocalRefresh], T.[Name], T.[Status]) THEN UPDATE SET T.[AssetType] = S.[AssetType], T.[DelistingDate] = S.[DelistingDate], T.[Exchange] = S.[Exchange], T.[ExistInApi] = S.[ExistInApi], T.[IpoDate] = S.[IpoDate], T.[LastApiRefresh] = S.[LastApiRefresh], T.[LastLocalRefresh] = S.[LastLocalRefresh], T.[Name] = S.[Name], T.[Status] = S.[Status] WHEN NOT MATCHED BY SOURCE THEN DELETE;
2022-05-26 22:49:23.873 +03:00 [INF] Executed DbCommand (10ms) [Parameters=[], CommandType='"Text"', CommandTimeout='30']
IF OBJECT_ID ('[ListingTemp335754f8]', 'U') IS NOT NULL DROP TABLE [ListingTemp335754f8]
2022-05-26 22:49:23.891 +03:00 [INF] Loading missing data.
2022-05-26 22:49:23.894 +03:00 [INF] Entity Framework Core 6.0.3 initialized 'StocksContext' using provider 'Microsoft.EntityFrameworkCore.SqlServer:6.0.0' with options: None
2022-05-26 22:49:24.108 +03:00 [INF] Executed DbCommand (20ms) [Parameters=[], CommandType='"Text"', CommandTimeout='30']
SELECT [l].[Symbol]
FROM [Listing] AS [l]
2022-05-26 22:49:24.124 +03:00 [INF] Loading missing entities for SaluteStocksAPI.Models.FundamentalData.BalanceSheet
2022-05-26 22:49:24.126 +03:00 [INF] Getting already loaded entities
2022-05-26 22:49:24.159 +03:00 [INF] Entity Framework Core 6.0.3 initialized 'StocksContext' using provider 'Microsoft.EntityFrameworkCore.SqlServer:6.0.0' with options: None
2022-05-26 22:49:24.178 +03:00 [INF] Loading missing entities for SaluteStocksAPI.Models.FundamentalData.CashFlow
2022-05-26 22:49:24.179 +03:00 [INF] Getting already loaded entities
2022-05-26 22:49:24.180 +03:00 [INF] Entity Framework Core 6.0.3 initialized 'StocksContext' using provider 'Microsoft.EntityFrameworkCore.SqlServer:6.0.0' with options: None
2022-05-26 22:49:24.183 +03:00 [INF] Loading missing entities for SaluteStocksAPI.Models.FundamentalData.CompanyOverview
2022-05-26 22:49:24.183 +03:00 [INF] Getting already loaded entities
2022-05-26 22:49:24.184 +03:00 [INF] Entity Framework Core 6.0.3 initialized 'StocksContext' using provider 'Microsoft.EntityFrameworkCore.SqlServer:6.0.0' with options: None
2022-05-26 22:49:24.185 +03:00 [INF] Executed DbCommand (7ms) [Parameters=[], CommandType='"Text"', CommandTimeout='30']
SELECT DISTINCT [b].[Symbol]
FROM [BalanceSheets] AS [b]
WHERE [b].[ExistInApi] IS NOT NULL
2022-05-26 22:49:24.187 +03:00 [INF] Loading missing entities for SaluteStocksAPI.Models.FundamentalData.Earnings
2022-05-26 22:49:24.187 +03:00 [INF] Getting already loaded entities
2022-05-26 22:49:24.188 +03:00 [INF] Entity Framework Core 6.0.3 initialized 'StocksContext' using provider 'Microsoft.EntityFrameworkCore.SqlServer:6.0.0' with options: None
2022-05-26 22:49:24.190 +03:00 [INF] Loading missing entities for SaluteStocksAPI.Models.FundamentalData.IncomeStatement
2022-05-26 22:49:24.191 +03:00 [INF] Getting already loaded entities
2022-05-26 22:49:24.192 +03:00 [INF] Entity Framework Core 6.0.3 initialized 'StocksContext' using provider 'Microsoft.EntityFrameworkCore.SqlServer:6.0.0' with options: None
2022-05-26 22:49:24.196 +03:00 [INF] Already loaded: 1607
2022-05-26 22:49:24.219 +03:00 [INF] Executed DbCommand (8ms) [Parameters=[], CommandType='"Text"', CommandTimeout='30']
SELECT DISTINCT [c].[Symbol]
FROM [CompanyOverviews] AS [c]
WHERE [c].[ExistInApi] IS NOT NULL
2022-05-26 22:49:24.219 +03:00 [INF] Executed DbCommand (8ms) [Parameters=[], CommandType='"Text"', CommandTimeout='30']
SELECT DISTINCT [c].[Symbol]
FROM [CashFlows] AS [c]
WHERE [c].[ExistInApi] IS NOT NULL
2022-05-26 22:49:24.223 +03:00 [INF] Already loaded: 2138
2022-05-26 22:49:24.223 +03:00 [INF] Already loaded: 1236
2022-05-26 22:49:24.249 +03:00 [INF] Executed DbCommand (9ms) [Parameters=[], CommandType='"Text"', CommandTimeout='30']
SELECT DISTINCT [i].[Symbol]
FROM [IncomeStatements] AS [i]
WHERE [i].[ExistInApi] IS NOT NULL
2022-05-26 22:49:24.250 +03:00 [INF] Executed DbCommand (9ms) [Parameters=[], CommandType='"Text"', CommandTimeout='30']
SELECT DISTINCT [e].[Symbol]
FROM [Earnings] AS [e]
WHERE [e].[ExistInApi] IS NOT NULL
2022-05-26 22:49:24.252 +03:00 [INF] Already loaded: 1269
2022-05-26 22:49:24.257 +03:00 [INF] Already loaded: 1755
2022-05-26 22:49:40.737 +03:00 [INF] Application is shutting down...
2022-05-26 22:49:40.747 +03:00 [FTL] Error in background service.
System.Threading.Tasks.TaskCanceledException: A task was canceled.
   at SaluteStocksAPI.Service.Background.Loader.LoadMissingData(CancellationToken stoppingToken) in D:\repo\SaluteStocks\SaluteStocksAPI\Service\Background\Loader.cs:line 159
   at SaluteStocksAPI.Service.Background.Loader.ExecuteAsync(CancellationToken stoppingToken) in D:\repo\SaluteStocks\SaluteStocksAPI\Service\Background\Loader.cs:line 49
