2022-04-03 19:46:24.323 +03:00 [INF] Generating URI for LISTING_STATUS with params: state: active
2022-04-03 19:46:24.348 +03:00 [INF] URI: https://www.alphavantage.co/query?apikey=YTXYXH479B3J1MY2&function=LISTING_STATUS&state=active
2022-04-03 19:46:24.355 +03:00 [INF] Starting to get and parse CSV from "https://www.alphavantage.co/query?apikey=YTXYXH479B3J1MY2&function=LISTING_STATUS&state=active".
2022-04-03 19:46:24.521 +03:00 [INF] Now listening on: https://localhost:5001
2022-04-03 19:46:24.522 +03:00 [INF] Now listening on: http://localhost:5000
2022-04-03 19:46:24.523 +03:00 [INF] Application started. Press Ctrl+C to shut down.
2022-04-03 19:46:24.524 +03:00 [INF] Hosting environment: Development
2022-04-03 19:46:24.525 +03:00 [INF] Content root path: D:\repo\SaluteStocks\SaluteStocksAPI\
2022-04-03 19:46:24.654 +03:00 [INF] Request starting HTTP/2 GET https://localhost:5001/swagger/index.html - -
2022-04-03 19:46:24.727 +03:00 [INF] Request finished HTTP/2 GET https://localhost:5001/swagger/index.html - - - 200 - text/html;charset=utf-8 73.4328ms
2022-04-03 19:46:24.832 +03:00 [INF] Request starting HTTP/2 GET https://localhost:5001/swagger/v1/swagger.json - -
2022-04-03 19:46:24.842 +03:00 [ERR] An unhandled exception has occurred while executing the request.
Swashbuckle.AspNetCore.SwaggerGen.SwaggerGeneratorException: Ambiguous HTTP method for action - SaluteStocksAPI.Controllers.ApiController.Ping (SaluteStocksAPI). Actions require an explicit HttpMethod binding for Swagger/OpenAPI 3.0
   at Swashbuckle.AspNetCore.SwaggerGen.SwaggerGenerator.GenerateOperations(IEnumerable`1 apiDescriptions, SchemaRepository schemaRepository)
   at Swashbuckle.AspNetCore.SwaggerGen.SwaggerGenerator.GeneratePaths(IEnumerable`1 apiDescriptions, SchemaRepository schemaRepository)
   at Swashbuckle.AspNetCore.SwaggerGen.SwaggerGenerator.GetSwagger(String documentName, String host, String basePath)
   at Swashbuckle.AspNetCore.Swagger.SwaggerMiddleware.Invoke(HttpContext httpContext, ISwaggerProvider swaggerProvider)
   at Microsoft.AspNetCore.Diagnostics.DeveloperExceptionPageMiddleware.Invoke(HttpContext context)
2022-04-03 19:46:24.864 +03:00 [INF] Request finished HTTP/2 GET https://localhost:5001/swagger/v1/swagger.json - - - 500 - text/plain;+charset=utf-8 32.2209ms
2022-04-03 19:46:43.617 +03:00 [INF] Response has success status code
2022-04-03 19:46:43.620 +03:00 [INF] Trying to deserialize response.
2022-04-03 19:46:44.156 +03:00 [INF] Entity Framework Core 6.0.3 initialized 'StocksContext' using provider 'Microsoft.EntityFrameworkCore.SqlServer:6.0.0' with options: None
2022-04-03 19:46:44.451 +03:00 [INF] Executed DbCommand (27ms) [Parameters=[], CommandType='"Text"', CommandTimeout='30']
SELECT TOP 0 T.[Symbol], T.[AssetType], T.[DelistingDate], T.[Exchange], T.[ExistInApi], T.[IpoDate], T.[LastApiRefresh], T.[LastLocalRefresh], T.[Name], T.[Status] INTO [ListingTemp40331d12] FROM [Listing] AS T LEFT JOIN [Listing] AS Source ON 1 = 0;
2022-04-03 19:46:46.117 +03:00 [INF] Executed DbCommand (937ms) [Parameters=[], CommandType='"Text"', CommandTimeout='30']
MERGE [Listing] WITH (HOLDLOCK) AS T USING (SELECT TOP 12514 * FROM [ListingTemp40331d12] ORDER BY [Symbol]) AS S ON T.[Symbol] = S.[Symbol] WHEN NOT MATCHED BY TARGET THEN INSERT ([Symbol], [AssetType], [DelistingDate], [Exchange], [ExistInApi], [IpoDate], [LastApiRefresh], [LastLocalRefresh], [Name], [Status]) VALUES (S.[Symbol], S.[AssetType], S.[DelistingDate], S.[Exchange], S.[ExistInApi], S.[IpoDate], S.[LastApiRefresh], S.[LastLocalRefresh], S.[Name], S.[Status]) WHEN MATCHED AND EXISTS (SELECT S.[Symbol], S.[AssetType], S.[DelistingDate], S.[Exchange], S.[ExistInApi], S.[IpoDate], S.[LastApiRefresh], S.[LastLocalRefresh], S.[Name], S.[Status] EXCEPT SELECT T.[Symbol], T.[AssetType], T.[DelistingDate], T.[Exchange], T.[ExistInApi], T.[IpoDate], T.[LastApiRefresh], T.[LastLocalRefresh], T.[Name], T.[Status]) THEN UPDATE SET T.[AssetType] = S.[AssetType], T.[DelistingDate] = S.[DelistingDate], T.[Exchange] = S.[Exchange], T.[ExistInApi] = S.[ExistInApi], T.[IpoDate] = S.[IpoDate], T.[LastApiRefresh] = S.[LastApiRefresh], T.[LastLocalRefresh] = S.[LastLocalRefresh], T.[Name] = S.[Name], T.[Status] = S.[Status] WHEN NOT MATCHED BY SOURCE THEN DELETE;
2022-04-03 19:46:46.142 +03:00 [INF] Executed DbCommand (23ms) [Parameters=[], CommandType='"Text"', CommandTimeout='30']
IF OBJECT_ID ('[ListingTemp40331d12]', 'U') IS NOT NULL DROP TABLE [ListingTemp40331d12]
2022-04-03 19:46:46.152 +03:00 [INF] Loading missing data.
2022-04-03 19:46:46.156 +03:00 [INF] Entity Framework Core 6.0.3 initialized 'StocksContext' using provider 'Microsoft.EntityFrameworkCore.SqlServer:6.0.0' with options: None
2022-04-03 19:46:46.364 +03:00 [INF] Executed DbCommand (84ms) [Parameters=[], CommandType='"Text"', CommandTimeout='30']
SELECT [l].[Symbol]
FROM [Listing] AS [l]
2022-04-03 19:46:46.485 +03:00 [INF] Loading missing entities for SaluteStocksAPI.Models.FundamentalData.BalanceSheet
2022-04-03 19:46:46.487 +03:00 [INF] Getting already loaded entities
2022-04-03 19:46:46.500 +03:00 [INF] Entity Framework Core 6.0.3 initialized 'StocksContext' using provider 'Microsoft.EntityFrameworkCore.SqlServer:6.0.0' with options: None
2022-04-03 19:46:46.513 +03:00 [INF] Loading missing entities for SaluteStocksAPI.Models.FundamentalData.CashFlow
2022-04-03 19:46:46.513 +03:00 [INF] Getting already loaded entities
2022-04-03 19:46:46.514 +03:00 [INF] Entity Framework Core 6.0.3 initialized 'StocksContext' using provider 'Microsoft.EntityFrameworkCore.SqlServer:6.0.0' with options: None
2022-04-03 19:46:46.519 +03:00 [INF] Loading missing entities for SaluteStocksAPI.Models.FundamentalData.CompanyOverview
2022-04-03 19:46:46.519 +03:00 [INF] Getting already loaded entities
2022-04-03 19:46:46.520 +03:00 [INF] Entity Framework Core 6.0.3 initialized 'StocksContext' using provider 'Microsoft.EntityFrameworkCore.SqlServer:6.0.0' with options: None
2022-04-03 19:46:46.522 +03:00 [INF] Executed DbCommand (10ms) [Parameters=[], CommandType='"Text"', CommandTimeout='30']
SELECT DISTINCT [b].[Symbol]
FROM [BalanceSheets] AS [b]
WHERE [b].[ExistInApi] IS NOT NULL
2022-04-03 19:46:46.523 +03:00 [INF] Loading missing entities for SaluteStocksAPI.Models.FundamentalData.Earnings
2022-04-03 19:46:46.524 +03:00 [INF] Getting already loaded entities
2022-04-03 19:46:46.525 +03:00 [INF] Entity Framework Core 6.0.3 initialized 'StocksContext' using provider 'Microsoft.EntityFrameworkCore.SqlServer:6.0.0' with options: None
2022-04-03 19:46:46.525 +03:00 [INF] Already loaded: 788
2022-04-03 19:46:46.527 +03:00 [INF] Loading missing entities for SaluteStocksAPI.Models.FundamentalData.IncomeStatement
2022-04-03 19:46:46.528 +03:00 [INF] Getting already loaded entities
2022-04-03 19:46:46.530 +03:00 [INF] Entity Framework Core 6.0.3 initialized 'StocksContext' using provider 'Microsoft.EntityFrameworkCore.SqlServer:6.0.0' with options: None
2022-04-03 19:46:46.532 +03:00 [INF] Trying to refresh entity SaluteStocksAPI.Models.FundamentalData.BalanceSheet with Symbol ARES
2022-04-03 19:46:46.534 +03:00 [INF] Executed DbCommand (7ms) [Parameters=[], CommandType='"Text"', CommandTimeout='30']
SELECT DISTINCT [e].[Symbol]
FROM [Earnings] AS [e]
WHERE [e].[ExistInApi] IS NOT NULL
2022-04-03 19:46:46.535 +03:00 [INF] Generating URI for BALANCE_SHEET with params: symbol: ARES
2022-04-03 19:46:46.535 +03:00 [INF] Already loaded: 109
2022-04-03 19:46:46.536 +03:00 [INF] URI: https://www.alphavantage.co/query?apikey=YTXYXH479B3J1MY2&function=BALANCE_SHEET&symbol=ARES
2022-04-03 19:46:46.536 +03:00 [INF] Trying to refresh entity SaluteStocksAPI.Models.FundamentalData.Earnings with Symbol AAQC-U
2022-04-03 19:46:46.538 +03:00 [INF] Starting to get and parse JSON from "https://www.alphavantage.co/query?apikey=YTXYXH479B3J1MY2&function=BALANCE_SHEET&symbol=ARES".
2022-04-03 19:46:46.539 +03:00 [INF] Generating URI for EARNINGS with params: symbol: AAQC-U
2022-04-03 19:46:46.541 +03:00 [INF] URI: https://www.alphavantage.co/query?apikey=YTXYXH479B3J1MY2&function=EARNINGS&symbol=AAQC-U
2022-04-03 19:46:46.542 +03:00 [INF] Starting to get and parse JSON from "https://www.alphavantage.co/query?apikey=YTXYXH479B3J1MY2&function=EARNINGS&symbol=AAQC-U".
2022-04-03 19:46:46.558 +03:00 [INF] Executed DbCommand (8ms) [Parameters=[], CommandType='"Text"', CommandTimeout='30']
SELECT DISTINCT [c].[Symbol]
FROM [CashFlows] AS [c]
WHERE [c].[ExistInApi] IS NOT NULL
2022-04-03 19:46:46.561 +03:00 [INF] Already loaded: 112
2022-04-03 19:46:46.561 +03:00 [INF] Trying to refresh entity SaluteStocksAPI.Models.FundamentalData.CashFlow with Symbol AAQC-U
2022-04-03 19:46:46.564 +03:00 [INF] Generating URI for CASH_FLOW with params: symbol: AAQC-U
2022-04-03 19:46:46.564 +03:00 [INF] URI: https://www.alphavantage.co/query?apikey=YTXYXH479B3J1MY2&function=CASH_FLOW&symbol=AAQC-U
2022-04-03 19:46:46.565 +03:00 [INF] Starting to get and parse JSON from "https://www.alphavantage.co/query?apikey=YTXYXH479B3J1MY2&function=CASH_FLOW&symbol=AAQC-U".
2022-04-03 19:46:46.592 +03:00 [INF] Executed DbCommand (8ms) [Parameters=[], CommandType='"Text"', CommandTimeout='30']
SELECT DISTINCT [i].[Symbol]
FROM [IncomeStatements] AS [i]
WHERE [i].[ExistInApi] IS NOT NULL
2022-04-03 19:46:46.594 +03:00 [INF] Already loaded: 98
2022-04-03 19:46:46.594 +03:00 [INF] Trying to refresh entity SaluteStocksAPI.Models.FundamentalData.IncomeStatement with Symbol AAQC-WS
2022-04-03 19:46:46.596 +03:00 [INF] Generating URI for INCOME_STATEMENT with params: symbol: AAQC-WS
2022-04-03 19:46:46.597 +03:00 [INF] URI: https://www.alphavantage.co/query?apikey=YTXYXH479B3J1MY2&function=INCOME_STATEMENT&symbol=AAQC-WS
2022-04-03 19:46:46.598 +03:00 [INF] Starting to get and parse JSON from "https://www.alphavantage.co/query?apikey=YTXYXH479B3J1MY2&function=INCOME_STATEMENT&symbol=AAQC-WS".
2022-04-03 19:46:46.612 +03:00 [INF] Executed DbCommand (62ms) [Parameters=[], CommandType='"Text"', CommandTimeout='30']
SELECT DISTINCT [c].[Symbol]
FROM [CompanyOverviews] AS [c]
WHERE [c].[ExistInApi] IS NOT NULL
2022-04-03 19:46:46.614 +03:00 [INF] Already loaded: 387
2022-04-03 19:46:46.615 +03:00 [INF] Trying to refresh entity SaluteStocksAPI.Models.FundamentalData.CompanyOverview with Symbol ACABW
2022-04-03 19:46:46.617 +03:00 [INF] Generating URI for OVERVIEW with params: symbol: ACABW
2022-04-03 19:46:46.617 +03:00 [INF] URI: https://www.alphavantage.co/query?apikey=YTXYXH479B3J1MY2&function=OVERVIEW&symbol=ACABW
2022-04-03 19:46:46.618 +03:00 [INF] Starting to get and parse JSON from "https://www.alphavantage.co/query?apikey=YTXYXH479B3J1MY2&function=OVERVIEW&symbol=ACABW".
2022-04-03 19:46:46.882 +03:00 [INF] Response has success status code
2022-04-03 19:46:46.883 +03:00 [INF] Trying to deserialize response.
2022-04-03 19:46:46.954 +03:00 [INF] Start AddOrUpdate for SaluteStocksAPI.Models.FundamentalData.CompanyOverview.
2022-04-03 19:46:46.955 +03:00 [INF] Entity Framework Core 6.0.3 initialized 'StocksContext' using provider 'Microsoft.EntityFrameworkCore.SqlServer:6.0.0' with options: None
2022-04-03 19:46:47.081 +03:00 [INF] Executed DbCommand (81ms) [Parameters=[@__entity_Symbol_0='?' (Size = 450)], CommandType='"Text"', CommandTimeout='30']
SELECT TOP(2) [c].[Symbol], [c].[Address], [c].[AnalystTargetPrice], [c].[AssetType], [c].[Beta], [c].[BookValue], [c].[CIK], [c].[Country], [c].[Currency], [c].[Description], [c].[DilutedEPSTTM], [c].[DividendDate], [c].[DividendPerShare], [c].[DividendYield], [c].[EBITDA], [c].[EPS], [c].[EVToEBITDA], [c].[EVToRevenue], [c].[ExDividendDate], [c].[Exchange], [c].[ExistInApi], [c].[FiscalYearEnd], [c].[ForwardPE], [c].[GrossProfitTTM], [c].[Industry], [c].[LastApiRefresh], [c].[LastLocalRefresh], [c].[LatestQuarter], [c].[MarketCapitalization], [c].[Name], [c].[OperatingMarginTTM], [c].[PEGRatio], [c].[PERatio], [c].[PriceToBookRatio], [c].[PriceToSalesRatioTTM], [c].[ProfitMargin], [c].[QuarterlyEarningsGrowthYOY], [c].[QuarterlyRevenueGrowthYOY], [c].[ReturnOnAssetsTTM], [c].[ReturnOnEquityTTM], [c].[RevenuePerShareTTM], [c].[RevenueTTM], [c].[Sector], [c].[SharesOutstanding], [c].[TrailingPE], [c].[_200DayMovingAverage], [c].[_50DayMovingAverage], [c].[_52WeekHigh], [c].[_52WeekLow]
FROM [CompanyOverviews] AS [c]
WHERE [c].[Symbol] = @__entity_Symbol_0
2022-04-03 19:46:47.088 +03:00 [INF] Response has success status code
2022-04-03 19:46:47.088 +03:00 [INF] Trying to deserialize response.
2022-04-03 19:46:47.099 +03:00 [ERR] An exception occurred while iterating over the results of a query for context type 'SaluteStocksAPI.DataBase.StocksContext'.
System.InvalidCastException: Unable to cast object of type 'System.Int64' to type 'System.Double'.
   at Microsoft.Data.SqlClient.SqlBuffer.get_Double()
   at Microsoft.Data.SqlClient.SqlDataReader.GetDouble(Int32 i)
   at lambda_method103(Closure , QueryContext , DbDataReader , ResultContext , SingleQueryResultCoordinator )
   at Microsoft.EntityFrameworkCore.Query.Internal.SingleQueryingEnumerable`1.AsyncEnumerator.MoveNextAsync()
System.InvalidCastException: Unable to cast object of type 'System.Int64' to type 'System.Double'.
   at Microsoft.Data.SqlClient.SqlBuffer.get_Double()
   at Microsoft.Data.SqlClient.SqlDataReader.GetDouble(Int32 i)
   at lambda_method103(Closure , QueryContext , DbDataReader , ResultContext , SingleQueryResultCoordinator )
   at Microsoft.EntityFrameworkCore.Query.Internal.SingleQueryingEnumerable`1.AsyncEnumerator.MoveNextAsync()
2022-04-03 19:46:47.101 +03:00 [INF] Entity Framework Core 6.0.3 initialized 'StocksContext' using provider 'Microsoft.EntityFrameworkCore.SqlServer:6.0.0' with options: None
