2022-04-03 02:19:57.684 +03:00 [INF] Generating URI for LISTING_STATUS with params: state: active
2022-04-03 02:19:57.709 +03:00 [INF] URI: https://www.alphavantage.co/query?apikey=YTXYXH479B3J1MY2&function=LISTING_STATUS&state=active
2022-04-03 02:19:57.716 +03:00 [INF] Starting to get and parse CSV from "https://www.alphavantage.co/query?apikey=YTXYXH479B3J1MY2&function=LISTING_STATUS&state=active".
2022-04-03 02:19:57.926 +03:00 [INF] Now listening on: https://localhost:5001
2022-04-03 02:19:57.929 +03:00 [INF] Now listening on: http://localhost:5000
2022-04-03 02:19:57.933 +03:00 [INF] Application started. Press Ctrl+C to shut down.
2022-04-03 02:19:57.934 +03:00 [INF] Hosting environment: Development
2022-04-03 02:19:57.936 +03:00 [INF] Content root path: D:\repo\SaluteStocks\SaluteStocksAPI\
2022-04-03 02:19:58.086 +03:00 [INF] Response has success status code
2022-04-03 02:19:58.087 +03:00 [INF] Trying to deserialize response.
2022-04-03 02:19:58.787 +03:00 [INF] Request starting HTTP/2 GET https://localhost:5001/swagger/index.html - -
2022-04-03 02:19:58.932 +03:00 [INF] Entity Framework Core 6.0.3 initialized 'StocksContext' using provider 'Microsoft.EntityFrameworkCore.SqlServer:6.0.0' with options: None
2022-04-03 02:19:58.944 +03:00 [INF] Request starting HTTP/2 GET https://localhost:5001/_framework/aspnetcore-browser-refresh.js - -
2022-04-03 02:19:58.945 +03:00 [INF] Request finished HTTP/2 GET https://localhost:5001/swagger/index.html - - - 200 - text/html;charset=utf-8 162.9815ms
2022-04-03 02:19:58.946 +03:00 [INF] Request finished HTTP/2 GET https://localhost:5001/_framework/aspnetcore-browser-refresh.js - - - 200 11949 application/javascript;+charset=utf-8 2.4810ms
2022-04-03 02:19:59.335 +03:00 [INF] Request starting HTTP/2 GET https://localhost:5001/swagger/v1/swagger.json - -
2022-04-03 02:19:59.351 +03:00 [ERR] An unhandled exception has occurred while executing the request.
Swashbuckle.AspNetCore.SwaggerGen.SwaggerGeneratorException: Ambiguous HTTP method for action - SaluteStocksAPI.Controllers.ApiController.Ping (SaluteStocksAPI). Actions require an explicit HttpMethod binding for Swagger/OpenAPI 3.0
   at Swashbuckle.AspNetCore.SwaggerGen.SwaggerGenerator.GenerateOperations(IEnumerable`1 apiDescriptions, SchemaRepository schemaRepository)
   at Swashbuckle.AspNetCore.SwaggerGen.SwaggerGenerator.GeneratePaths(IEnumerable`1 apiDescriptions, SchemaRepository schemaRepository)
   at Swashbuckle.AspNetCore.SwaggerGen.SwaggerGenerator.GetSwagger(String documentName, String host, String basePath)
   at Swashbuckle.AspNetCore.Swagger.SwaggerMiddleware.Invoke(HttpContext httpContext, ISwaggerProvider swaggerProvider)
   at Microsoft.AspNetCore.Diagnostics.DeveloperExceptionPageMiddleware.Invoke(HttpContext context)
2022-04-03 02:19:59.372 +03:00 [INF] Request finished HTTP/2 GET https://localhost:5001/swagger/v1/swagger.json - - - 500 - text/plain;+charset=utf-8 36.7951ms
2022-04-03 02:19:59.614 +03:00 [INF] Executed DbCommand (27ms) [Parameters=[], CommandType='"Text"', CommandTimeout='30']
SELECT TOP 0 T.[Symbol], T.[AssetType], T.[DelistingDate], T.[Exchange], T.[ExistInApi], T.[IpoDate], T.[LastApiRefresh], T.[LastLocalRefresh], T.[Name], T.[Status] INTO [ListingTempad6bbbbc] FROM [Listing] AS T LEFT JOIN [Listing] AS Source ON 1 = 0;
2022-04-03 02:19:59.705 +03:00 [INF] Executed DbCommand (19ms) [Parameters=[], CommandType='"Text"', CommandTimeout='30']
MERGE [Listing] WITH (HOLDLOCK) AS T USING (SELECT TOP 0 * FROM [ListingTempad6bbbbc] ORDER BY [Symbol]) AS S ON T.[Symbol] = S.[Symbol] WHEN NOT MATCHED BY TARGET THEN INSERT ([Symbol], [AssetType], [DelistingDate], [Exchange], [ExistInApi], [IpoDate], [LastApiRefresh], [LastLocalRefresh], [Name], [Status]) VALUES (S.[Symbol], S.[AssetType], S.[DelistingDate], S.[Exchange], S.[ExistInApi], S.[IpoDate], S.[LastApiRefresh], S.[LastLocalRefresh], S.[Name], S.[Status]) WHEN MATCHED AND EXISTS (SELECT S.[Symbol], S.[AssetType], S.[DelistingDate], S.[Exchange], S.[ExistInApi], S.[IpoDate], S.[LastApiRefresh], S.[LastLocalRefresh], S.[Name], S.[Status] EXCEPT SELECT T.[Symbol], T.[AssetType], T.[DelistingDate], T.[Exchange], T.[ExistInApi], T.[IpoDate], T.[LastApiRefresh], T.[LastLocalRefresh], T.[Name], T.[Status]) THEN UPDATE SET T.[AssetType] = S.[AssetType], T.[DelistingDate] = S.[DelistingDate], T.[Exchange] = S.[Exchange], T.[ExistInApi] = S.[ExistInApi], T.[IpoDate] = S.[IpoDate], T.[LastApiRefresh] = S.[LastApiRefresh], T.[LastLocalRefresh] = S.[LastLocalRefresh], T.[Name] = S.[Name], T.[Status] = S.[Status] WHEN NOT MATCHED BY SOURCE THEN DELETE;
2022-04-03 02:19:59.717 +03:00 [INF] Executed DbCommand (10ms) [Parameters=[], CommandType='"Text"', CommandTimeout='30']
IF OBJECT_ID ('[ListingTempad6bbbbc]', 'U') IS NOT NULL DROP TABLE [ListingTempad6bbbbc]
2022-04-03 02:19:59.731 +03:00 [INF] Loading missing data.
2022-04-03 02:19:59.733 +03:00 [INF] Entity Framework Core 6.0.3 initialized 'StocksContext' using provider 'Microsoft.EntityFrameworkCore.SqlServer:6.0.0' with options: None
2022-04-03 02:19:59.905 +03:00 [INF] Executed DbCommand (16ms) [Parameters=[], CommandType='"Text"', CommandTimeout='30']
SELECT [l].[Symbol]
FROM [Listing] AS [l]
2022-04-03 02:19:59.916 +03:00 [INF] Loading missing entities for SaluteStocksAPI.Models.FundamentalData.BalanceSheet
2022-04-03 02:19:59.918 +03:00 [INF] Getting already loaded entities
2022-04-03 02:19:59.950 +03:00 [INF] Entity Framework Core 6.0.3 initialized 'StocksContext' using provider 'Microsoft.EntityFrameworkCore.SqlServer:6.0.0' with options: None
2022-04-03 02:19:59.966 +03:00 [INF] Loading missing entities for SaluteStocksAPI.Models.FundamentalData.CashFlow
2022-04-03 02:19:59.966 +03:00 [INF] Getting already loaded entities
2022-04-03 02:19:59.967 +03:00 [INF] Entity Framework Core 6.0.3 initialized 'StocksContext' using provider 'Microsoft.EntityFrameworkCore.SqlServer:6.0.0' with options: None
2022-04-03 02:19:59.973 +03:00 [INF] Executed DbCommand (8ms) [Parameters=[], CommandType='"Text"', CommandTimeout='30']
SELECT DISTINCT [b].[Symbol]
FROM [BalanceSheets] AS [b]
WHERE [b].[ExistInApi] IS NOT NULL
2022-04-03 02:19:59.974 +03:00 [INF] Loading missing entities for SaluteStocksAPI.Models.FundamentalData.CompanyOverview
2022-04-03 02:19:59.976 +03:00 [INF] Getting already loaded entities
2022-04-03 02:19:59.977 +03:00 [INF] Entity Framework Core 6.0.3 initialized 'StocksContext' using provider 'Microsoft.EntityFrameworkCore.SqlServer:6.0.0' with options: None
2022-04-03 02:19:59.981 +03:00 [INF] Loading missing entities for SaluteStocksAPI.Models.FundamentalData.Earnings
2022-04-03 02:19:59.982 +03:00 [INF] Getting already loaded entities
2022-04-03 02:19:59.982 +03:00 [INF] Already loaded: 786
2022-04-03 02:19:59.984 +03:00 [INF] Entity Framework Core 6.0.3 initialized 'StocksContext' using provider 'Microsoft.EntityFrameworkCore.SqlServer:6.0.0' with options: None
2022-04-03 02:19:59.988 +03:00 [INF] Loading missing entities for SaluteStocksAPI.Models.FundamentalData.IncomeStatement
2022-04-03 02:19:59.989 +03:00 [INF] Getting already loaded entities
2022-04-03 02:19:59.990 +03:00 [INF] Entity Framework Core 6.0.3 initialized 'StocksContext' using provider 'Microsoft.EntityFrameworkCore.SqlServer:6.0.0' with options: None
2022-04-03 02:19:59.995 +03:00 [INF] Executed DbCommand (7ms) [Parameters=[], CommandType='"Text"', CommandTimeout='30']
SELECT DISTINCT [e].[Symbol]
FROM [Earnings] AS [e]
WHERE [e].[ExistInApi] IS NOT NULL
2022-04-03 02:19:59.997 +03:00 [INF] Already loaded: 109
2022-04-03 02:20:00.013 +03:00 [INF] Executed DbCommand (7ms) [Parameters=[], CommandType='"Text"', CommandTimeout='30']
SELECT DISTINCT [c].[Symbol]
FROM [CashFlows] AS [c]
WHERE [c].[ExistInApi] IS NOT NULL
2022-04-03 02:20:00.014 +03:00 [INF] Executed DbCommand (8ms) [Parameters=[], CommandType='"Text"', CommandTimeout='30']
SELECT DISTINCT [c].[Symbol]
FROM [CompanyOverviews] AS [c]
WHERE [c].[ExistInApi] IS NOT NULL
2022-04-03 02:20:00.014 +03:00 [INF] Already loaded: 112
2022-04-03 02:20:00.016 +03:00 [INF] Already loaded: 385
2022-04-03 02:20:00.045 +03:00 [INF] Executed DbCommand (9ms) [Parameters=[], CommandType='"Text"', CommandTimeout='30']
SELECT DISTINCT [i].[Symbol]
FROM [IncomeStatements] AS [i]
WHERE [i].[ExistInApi] IS NOT NULL
2022-04-03 02:20:00.047 +03:00 [INF] Already loaded: 98
