2022-04-03 19:41:34.353 +03:00 [INF] Generating URI for LISTING_STATUS with params: state: active
2022-04-03 19:41:34.380 +03:00 [INF] URI: https://www.alphavantage.co/query?apikey=YTXYXH479B3J1MY2&function=LISTING_STATUS&state=active
2022-04-03 19:41:34.387 +03:00 [INF] Starting to get and parse CSV from "https://www.alphavantage.co/query?apikey=YTXYXH479B3J1MY2&function=LISTING_STATUS&state=active".
2022-04-03 19:41:34.567 +03:00 [INF] Now listening on: https://localhost:5001
2022-04-03 19:41:34.568 +03:00 [INF] Now listening on: http://localhost:5000
2022-04-03 19:41:34.570 +03:00 [INF] Application started. Press Ctrl+C to shut down.
2022-04-03 19:41:34.570 +03:00 [INF] Hosting environment: Development
2022-04-03 19:41:34.571 +03:00 [INF] Content root path: D:\repo\SaluteStocks\SaluteStocksAPI\
2022-04-03 19:41:35.152 +03:00 [INF] Request starting HTTP/2 GET https://localhost:5001/swagger/index.html - -
2022-04-03 19:41:35.219 +03:00 [INF] Request finished HTTP/2 GET https://localhost:5001/swagger/index.html - - - 200 - text/html;charset=utf-8 67.3465ms
2022-04-03 19:41:35.323 +03:00 [INF] Request starting HTTP/2 GET https://localhost:5001/swagger/v1/swagger.json - -
2022-04-03 19:41:35.333 +03:00 [ERR] An unhandled exception has occurred while executing the request.
Swashbuckle.AspNetCore.SwaggerGen.SwaggerGeneratorException: Ambiguous HTTP method for action - SaluteStocksAPI.Controllers.ApiController.Ping (SaluteStocksAPI). Actions require an explicit HttpMethod binding for Swagger/OpenAPI 3.0
   at Swashbuckle.AspNetCore.SwaggerGen.SwaggerGenerator.GenerateOperations(IEnumerable`1 apiDescriptions, SchemaRepository schemaRepository)
   at Swashbuckle.AspNetCore.SwaggerGen.SwaggerGenerator.GeneratePaths(IEnumerable`1 apiDescriptions, SchemaRepository schemaRepository)
   at Swashbuckle.AspNetCore.SwaggerGen.SwaggerGenerator.GetSwagger(String documentName, String host, String basePath)
   at Swashbuckle.AspNetCore.Swagger.SwaggerMiddleware.Invoke(HttpContext httpContext, ISwaggerProvider swaggerProvider)
   at Microsoft.AspNetCore.Diagnostics.DeveloperExceptionPageMiddleware.Invoke(HttpContext context)
2022-04-03 19:41:35.354 +03:00 [INF] Request finished HTTP/2 GET https://localhost:5001/swagger/v1/swagger.json - - - 500 - text/plain;+charset=utf-8 31.9570ms
2022-04-03 19:41:45.704 +03:00 [INF] Response has success status code
2022-04-03 19:41:45.706 +03:00 [INF] Trying to deserialize response.
2022-04-03 19:41:46.241 +03:00 [INF] Entity Framework Core 6.0.3 initialized 'StocksContext' using provider 'Microsoft.EntityFrameworkCore.SqlServer:6.0.0' with options: None
2022-04-03 19:41:46.537 +03:00 [INF] Executed DbCommand (27ms) [Parameters=[], CommandType='"Text"', CommandTimeout='30']
SELECT TOP 0 T.[Symbol], T.[AssetType], T.[DelistingDate], T.[Exchange], T.[ExistInApi], T.[IpoDate], T.[LastApiRefresh], T.[LastLocalRefresh], T.[Name], T.[Status] INTO [ListingTemp9cd4352d] FROM [Listing] AS T LEFT JOIN [Listing] AS Source ON 1 = 0;
2022-04-03 19:41:47.747 +03:00 [INF] Executed DbCommand (590ms) [Parameters=[], CommandType='"Text"', CommandTimeout='30']
MERGE [Listing] WITH (HOLDLOCK) AS T USING (SELECT TOP 12514 * FROM [ListingTemp9cd4352d] ORDER BY [Symbol]) AS S ON T.[Symbol] = S.[Symbol] WHEN NOT MATCHED BY TARGET THEN INSERT ([Symbol], [AssetType], [DelistingDate], [Exchange], [ExistInApi], [IpoDate], [LastApiRefresh], [LastLocalRefresh], [Name], [Status]) VALUES (S.[Symbol], S.[AssetType], S.[DelistingDate], S.[Exchange], S.[ExistInApi], S.[IpoDate], S.[LastApiRefresh], S.[LastLocalRefresh], S.[Name], S.[Status]) WHEN MATCHED AND EXISTS (SELECT S.[Symbol], S.[AssetType], S.[DelistingDate], S.[Exchange], S.[ExistInApi], S.[IpoDate], S.[LastApiRefresh], S.[LastLocalRefresh], S.[Name], S.[Status] EXCEPT SELECT T.[Symbol], T.[AssetType], T.[DelistingDate], T.[Exchange], T.[ExistInApi], T.[IpoDate], T.[LastApiRefresh], T.[LastLocalRefresh], T.[Name], T.[Status]) THEN UPDATE SET T.[AssetType] = S.[AssetType], T.[DelistingDate] = S.[DelistingDate], T.[Exchange] = S.[Exchange], T.[ExistInApi] = S.[ExistInApi], T.[IpoDate] = S.[IpoDate], T.[LastApiRefresh] = S.[LastApiRefresh], T.[LastLocalRefresh] = S.[LastLocalRefresh], T.[Name] = S.[Name], T.[Status] = S.[Status] WHEN NOT MATCHED BY SOURCE THEN DELETE;
2022-04-03 19:41:47.758 +03:00 [INF] Executed DbCommand (9ms) [Parameters=[], CommandType='"Text"', CommandTimeout='30']
IF OBJECT_ID ('[ListingTemp9cd4352d]', 'U') IS NOT NULL DROP TABLE [ListingTemp9cd4352d]
2022-04-03 19:41:47.768 +03:00 [INF] Loading missing data.
2022-04-03 19:41:47.770 +03:00 [INF] Entity Framework Core 6.0.3 initialized 'StocksContext' using provider 'Microsoft.EntityFrameworkCore.SqlServer:6.0.0' with options: None
2022-04-03 19:41:47.906 +03:00 [INF] Executed DbCommand (16ms) [Parameters=[], CommandType='"Text"', CommandTimeout='30']
SELECT [l].[Symbol]
FROM [Listing] AS [l]
2022-04-03 19:41:47.938 +03:00 [INF] Loading missing entities for SaluteStocksAPI.Models.FundamentalData.BalanceSheet
2022-04-03 19:41:47.939 +03:00 [INF] Getting already loaded entities
2022-04-03 19:41:47.953 +03:00 [INF] Entity Framework Core 6.0.3 initialized 'StocksContext' using provider 'Microsoft.EntityFrameworkCore.SqlServer:6.0.0' with options: None
2022-04-03 19:41:47.965 +03:00 [INF] Loading missing entities for SaluteStocksAPI.Models.FundamentalData.CashFlow
2022-04-03 19:41:47.966 +03:00 [INF] Getting already loaded entities
2022-04-03 19:41:47.967 +03:00 [INF] Entity Framework Core 6.0.3 initialized 'StocksContext' using provider 'Microsoft.EntityFrameworkCore.SqlServer:6.0.0' with options: None
2022-04-03 19:41:47.971 +03:00 [INF] Loading missing entities for SaluteStocksAPI.Models.FundamentalData.CompanyOverview
2022-04-03 19:41:47.972 +03:00 [INF] Getting already loaded entities
2022-04-03 19:41:47.972 +03:00 [INF] Executed DbCommand (8ms) [Parameters=[], CommandType='"Text"', CommandTimeout='30']
SELECT DISTINCT [b].[Symbol]
FROM [BalanceSheets] AS [b]
WHERE [b].[ExistInApi] IS NOT NULL
2022-04-03 19:41:47.973 +03:00 [INF] Entity Framework Core 6.0.3 initialized 'StocksContext' using provider 'Microsoft.EntityFrameworkCore.SqlServer:6.0.0' with options: None
2022-04-03 19:41:47.976 +03:00 [INF] Already loaded: 787
2022-04-03 19:41:47.977 +03:00 [INF] Loading missing entities for SaluteStocksAPI.Models.FundamentalData.Earnings
2022-04-03 19:41:47.978 +03:00 [INF] Getting already loaded entities
2022-04-03 19:41:47.979 +03:00 [INF] Entity Framework Core 6.0.3 initialized 'StocksContext' using provider 'Microsoft.EntityFrameworkCore.SqlServer:6.0.0' with options: None
2022-04-03 19:41:47.981 +03:00 [INF] Trying to refresh entity SaluteStocksAPI.Models.FundamentalData.BalanceSheet with Symbol AMTR
2022-04-03 19:41:47.982 +03:00 [INF] Loading missing entities for SaluteStocksAPI.Models.FundamentalData.IncomeStatement
2022-04-03 19:41:47.983 +03:00 [INF] Getting already loaded entities
2022-04-03 19:41:47.984 +03:00 [INF] Generating URI for BALANCE_SHEET with params: symbol: AMTR
2022-04-03 19:41:47.984 +03:00 [INF] Entity Framework Core 6.0.3 initialized 'StocksContext' using provider 'Microsoft.EntityFrameworkCore.SqlServer:6.0.0' with options: None
2022-04-03 19:41:47.984 +03:00 [INF] URI: https://www.alphavantage.co/query?apikey=YTXYXH479B3J1MY2&function=BALANCE_SHEET&symbol=AMTR
2022-04-03 19:41:47.984 +03:00 [INF] Executed DbCommand (8ms) [Parameters=[], CommandType='"Text"', CommandTimeout='30']
SELECT DISTINCT [c].[Symbol]
FROM [CompanyOverviews] AS [c]
WHERE [c].[ExistInApi] IS NOT NULL
2022-04-03 19:41:47.987 +03:00 [INF] Starting to get and parse JSON from "https://www.alphavantage.co/query?apikey=YTXYXH479B3J1MY2&function=BALANCE_SHEET&symbol=AMTR".
2022-04-03 19:41:47.988 +03:00 [INF] Already loaded: 386
2022-04-03 19:41:47.990 +03:00 [INF] Trying to refresh entity SaluteStocksAPI.Models.FundamentalData.CompanyOverview with Symbol ACABW
2022-04-03 19:41:47.993 +03:00 [INF] Generating URI for OVERVIEW with params: symbol: ACABW
2022-04-03 19:41:47.995 +03:00 [INF] URI: https://www.alphavantage.co/query?apikey=YTXYXH479B3J1MY2&function=OVERVIEW&symbol=ACABW
2022-04-03 19:41:47.995 +03:00 [INF] Starting to get and parse JSON from "https://www.alphavantage.co/query?apikey=YTXYXH479B3J1MY2&function=OVERVIEW&symbol=ACABW".
2022-04-03 19:41:48.012 +03:00 [INF] Executed DbCommand (8ms) [Parameters=[], CommandType='"Text"', CommandTimeout='30']
SELECT DISTINCT [e].[Symbol]
FROM [Earnings] AS [e]
WHERE [e].[ExistInApi] IS NOT NULL
2022-04-03 19:41:48.012 +03:00 [INF] Executed DbCommand (9ms) [Parameters=[], CommandType='"Text"', CommandTimeout='30']
SELECT DISTINCT [c].[Symbol]
FROM [CashFlows] AS [c]
WHERE [c].[ExistInApi] IS NOT NULL
2022-04-03 19:41:48.013 +03:00 [INF] Already loaded: 109
2022-04-03 19:41:48.015 +03:00 [INF] Already loaded: 112
2022-04-03 19:41:48.015 +03:00 [INF] Trying to refresh entity SaluteStocksAPI.Models.FundamentalData.Earnings with Symbol AAQC-U
2022-04-03 19:41:48.016 +03:00 [INF] Trying to refresh entity SaluteStocksAPI.Models.FundamentalData.CashFlow with Symbol AAQC-U
2022-04-03 19:41:48.018 +03:00 [INF] Generating URI for EARNINGS with params: symbol: AAQC-U
2022-04-03 19:41:48.018 +03:00 [INF] Generating URI for CASH_FLOW with params: symbol: AAQC-U
2022-04-03 19:41:48.018 +03:00 [INF] URI: https://www.alphavantage.co/query?apikey=YTXYXH479B3J1MY2&function=EARNINGS&symbol=AAQC-U
2022-04-03 19:41:48.019 +03:00 [INF] URI: https://www.alphavantage.co/query?apikey=YTXYXH479B3J1MY2&function=CASH_FLOW&symbol=AAQC-U
2022-04-03 19:41:48.019 +03:00 [INF] Starting to get and parse JSON from "https://www.alphavantage.co/query?apikey=YTXYXH479B3J1MY2&function=EARNINGS&symbol=AAQC-U".
2022-04-03 19:41:48.020 +03:00 [INF] Starting to get and parse JSON from "https://www.alphavantage.co/query?apikey=YTXYXH479B3J1MY2&function=CASH_FLOW&symbol=AAQC-U".
2022-04-03 19:41:48.087 +03:00 [INF] Executed DbCommand (15ms) [Parameters=[], CommandType='"Text"', CommandTimeout='30']
SELECT DISTINCT [i].[Symbol]
FROM [IncomeStatements] AS [i]
WHERE [i].[ExistInApi] IS NOT NULL
2022-04-03 19:41:48.088 +03:00 [INF] Already loaded: 98
2022-04-03 19:41:48.089 +03:00 [INF] Trying to refresh entity SaluteStocksAPI.Models.FundamentalData.IncomeStatement with Symbol AAQC-WS
2022-04-03 19:41:48.091 +03:00 [INF] Generating URI for INCOME_STATEMENT with params: symbol: AAQC-WS
2022-04-03 19:41:48.091 +03:00 [INF] URI: https://www.alphavantage.co/query?apikey=YTXYXH479B3J1MY2&function=INCOME_STATEMENT&symbol=AAQC-WS
2022-04-03 19:41:48.092 +03:00 [INF] Starting to get and parse JSON from "https://www.alphavantage.co/query?apikey=YTXYXH479B3J1MY2&function=INCOME_STATEMENT&symbol=AAQC-WS".
2022-04-03 19:41:49.159 +03:00 [INF] Response has success status code
2022-04-03 19:41:49.160 +03:00 [INF] Trying to deserialize response.
2022-04-03 19:41:49.213 +03:00 [WRN] Bad response: {
    "Error Message": "Invalid API call. Please retry or visit the documentation (https://www.alphavantage.co/documentation/) for BALANCE_SHEET."
}
2022-04-03 19:42:08.376 +03:00 [INF] Response has success status code
2022-04-03 19:42:08.379 +03:00 [INF] Response has success status code
2022-04-03 19:42:08.383 +03:00 [INF] Trying to deserialize response.
2022-04-03 19:42:08.384 +03:00 [INF] Trying to deserialize response.
2022-04-03 19:42:08.381 +03:00 [INF] Response has success status code
2022-04-03 19:42:08.390 +03:00 [INF] Entity Framework Core 6.0.3 initialized 'StocksContext' using provider 'Microsoft.EntityFrameworkCore.SqlServer:6.0.0' with options: None
2022-04-03 19:42:08.395 +03:00 [INF] Trying to deserialize response.
2022-04-03 19:42:08.512 +03:00 [ERR] Failed to refresh  entity SaluteStocksAPI.Models.FundamentalData.Earnings with Symbol AAQC-U
System.Net.Http.HttpRequestException: The SSL connection could not be established, see inner exception.
 ---> System.IO.IOException:  Received an unexpected EOF or 0 bytes from the transport stream.
   at System.Net.Security.SslStream.ReceiveBlobAsync[TIOAdapter](TIOAdapter adapter)
   at System.Net.Security.SslStream.ForceAuthenticationAsync[TIOAdapter](TIOAdapter adapter, Boolean receiveFirst, Byte[] reAuthenticationData, Boolean isApm)
   at System.Net.Http.ConnectHelper.EstablishSslConnectionAsync(SslClientAuthenticationOptions sslOptions, HttpRequestMessage request, Boolean async, Stream stream, CancellationToken cancellationToken)
   --- End of inner exception stack trace ---
   at System.Net.Http.ConnectHelper.EstablishSslConnectionAsync(SslClientAuthenticationOptions sslOptions, HttpRequestMessage request, Boolean async, Stream stream, CancellationToken cancellationToken)
   at System.Net.Http.HttpConnectionPool.ConnectAsync(HttpRequestMessage request, Boolean async, CancellationToken cancellationToken)
   at System.Net.Http.HttpConnectionPool.CreateHttp11ConnectionAsync(HttpRequestMessage request, Boolean async, CancellationToken cancellationToken)
   at System.Net.Http.HttpConnectionPool.AddHttp11ConnectionAsync(HttpRequestMessage request)
   at System.Threading.Tasks.TaskCompletionSourceWithCancellation`1.WaitWithCancellationAsync(CancellationToken cancellationToken)
   at System.Net.Http.HttpConnectionPool.GetHttp11ConnectionAsync(HttpRequestMessage request, Boolean async, CancellationToken cancellationToken)
   at System.Net.Http.HttpConnectionPool.SendWithVersionDetectionAndRetryAsync(HttpRequestMessage request, Boolean async, Boolean doRequestAuth, CancellationToken cancellationToken)
   at System.Net.Http.RedirectHandler.SendAsync(HttpRequestMessage request, Boolean async, CancellationToken cancellationToken)
   at System.Net.Http.HttpClient.<SendAsync>g__Core|83_0(HttpRequestMessage request, HttpCompletionOption completionOption, CancellationTokenSource cts, Boolean disposeCts, CancellationTokenSource pendingRequestsCts, CancellationToken originalCancellationToken)
   at SaluteStocksAPI.AlphaVantage.AlphaVantageClient.GetAndParseJsonAsync[T](Uri uri) in D:\repo\SaluteStocks\SaluteStocksAPI\AlphaVantage\AlphaVantageClient.cs:line 306
   at SaluteStocksAPI.AlphaVantage.AlphaVantageClient.GetCompanyEarnings(String symbol) in D:\repo\SaluteStocks\SaluteStocksAPI\AlphaVantage\AlphaVantageClient.cs:line 142
   at SaluteStocksAPI.Service.Background.Loader.RefreshEntity[T](String symbol) in D:\repo\SaluteStocks\SaluteStocksAPI\Service\Background\Loader.cs:line 180
2022-04-03 19:42:19.239 +03:00 [INF] Start AddOrUpdate for SaluteStocksAPI.Models.FundamentalData.CompanyOverview.
2022-04-03 19:42:20.153 +03:00 [INF] Entity Framework Core 6.0.3 initialized 'StocksContext' using provider 'Microsoft.EntityFrameworkCore.SqlServer:6.0.0' with options: None
2022-04-03 19:42:20.156 +03:00 [INF] Entity Framework Core 6.0.3 initialized 'StocksContext' using provider 'Microsoft.EntityFrameworkCore.SqlServer:6.0.0' with options: None
2022-04-03 19:42:20.156 +03:00 [INF] Entity Framework Core 6.0.3 initialized 'StocksContext' using provider 'Microsoft.EntityFrameworkCore.SqlServer:6.0.0' with options: None
2022-04-03 19:42:20.395 +03:00 [INF] Executed DbCommand (57ms) [Parameters=[@__symbol_0='?' (Size = 450)], CommandType='"Text"', CommandTimeout='30']
SELECT TOP(2) [c].[Symbol], [c].[Address], [c].[AnalystTargetPrice], [c].[AssetType], [c].[Beta], [c].[BookValue], [c].[CIK], [c].[Country], [c].[Currency], [c].[Description], [c].[DilutedEPSTTM], [c].[DividendDate], [c].[DividendPerShare], [c].[DividendYield], [c].[EBITDA], [c].[EPS], [c].[EVToEBITDA], [c].[EVToRevenue], [c].[ExDividendDate], [c].[Exchange], [c].[ExistInApi], [c].[FiscalYearEnd], [c].[ForwardPE], [c].[GrossProfitTTM], [c].[Industry], [c].[LastApiRefresh], [c].[LastLocalRefresh], [c].[LatestQuarter], [c].[MarketCapitalization], [c].[Name], [c].[OperatingMarginTTM], [c].[PEGRatio], [c].[PERatio], [c].[PriceToBookRatio], [c].[PriceToSalesRatioTTM], [c].[ProfitMargin], [c].[QuarterlyEarningsGrowthYOY], [c].[QuarterlyRevenueGrowthYOY], [c].[ReturnOnAssetsTTM], [c].[ReturnOnEquityTTM], [c].[RevenuePerShareTTM], [c].[RevenueTTM], [c].[Sector], [c].[SharesOutstanding], [c].[TrailingPE], [c].[_200DayMovingAverage], [c].[_50DayMovingAverage], [c].[_52WeekHigh], [c].[_52WeekLow]
FROM [CompanyOverviews] AS [c]
WHERE [c].[Symbol] = @__symbol_0
2022-04-03 19:42:20.395 +03:00 [INF] Executed DbCommand (16ms) [Parameters=[@__symbol_0='?' (Size = 450)], CommandType='"Text"', CommandTimeout='30']
SELECT TOP(2) [c].[Symbol], [c].[Address], [c].[AnalystTargetPrice], [c].[AssetType], [c].[Beta], [c].[BookValue], [c].[CIK], [c].[Country], [c].[Currency], [c].[Description], [c].[DilutedEPSTTM], [c].[DividendDate], [c].[DividendPerShare], [c].[DividendYield], [c].[EBITDA], [c].[EPS], [c].[EVToEBITDA], [c].[EVToRevenue], [c].[ExDividendDate], [c].[Exchange], [c].[ExistInApi], [c].[FiscalYearEnd], [c].[ForwardPE], [c].[GrossProfitTTM], [c].[Industry], [c].[LastApiRefresh], [c].[LastLocalRefresh], [c].[LatestQuarter], [c].[MarketCapitalization], [c].[Name], [c].[OperatingMarginTTM], [c].[PEGRatio], [c].[PERatio], [c].[PriceToBookRatio], [c].[PriceToSalesRatioTTM], [c].[ProfitMargin], [c].[QuarterlyEarningsGrowthYOY], [c].[QuarterlyRevenueGrowthYOY], [c].[ReturnOnAssetsTTM], [c].[ReturnOnEquityTTM], [c].[RevenuePerShareTTM], [c].[RevenueTTM], [c].[Sector], [c].[SharesOutstanding], [c].[TrailingPE], [c].[_200DayMovingAverage], [c].[_50DayMovingAverage], [c].[_52WeekHigh], [c].[_52WeekLow]
FROM [CompanyOverviews] AS [c]
WHERE [c].[Symbol] = @__symbol_0
2022-04-03 19:42:20.395 +03:00 [INF] Executed DbCommand (38ms) [Parameters=[@__symbol_0='?' (Size = 450)], CommandType='"Text"', CommandTimeout='30']
SELECT TOP(2) [c].[Symbol], [c].[Address], [c].[AnalystTargetPrice], [c].[AssetType], [c].[Beta], [c].[BookValue], [c].[CIK], [c].[Country], [c].[Currency], [c].[Description], [c].[DilutedEPSTTM], [c].[DividendDate], [c].[DividendPerShare], [c].[DividendYield], [c].[EBITDA], [c].[EPS], [c].[EVToEBITDA], [c].[EVToRevenue], [c].[ExDividendDate], [c].[Exchange], [c].[ExistInApi], [c].[FiscalYearEnd], [c].[ForwardPE], [c].[GrossProfitTTM], [c].[Industry], [c].[LastApiRefresh], [c].[LastLocalRefresh], [c].[LatestQuarter], [c].[MarketCapitalization], [c].[Name], [c].[OperatingMarginTTM], [c].[PEGRatio], [c].[PERatio], [c].[PriceToBookRatio], [c].[PriceToSalesRatioTTM], [c].[ProfitMargin], [c].[QuarterlyEarningsGrowthYOY], [c].[QuarterlyRevenueGrowthYOY], [c].[ReturnOnAssetsTTM], [c].[ReturnOnEquityTTM], [c].[RevenuePerShareTTM], [c].[RevenueTTM], [c].[Sector], [c].[SharesOutstanding], [c].[TrailingPE], [c].[_200DayMovingAverage], [c].[_50DayMovingAverage], [c].[_52WeekHigh], [c].[_52WeekLow]
FROM [CompanyOverviews] AS [c]
WHERE [c].[Symbol] = @__symbol_0
2022-04-03 19:42:20.395 +03:00 [INF] Executed DbCommand (38ms) [Parameters=[@__entity_Symbol_0='?' (Size = 450)], CommandType='"Text"', CommandTimeout='30']
SELECT TOP(2) [c].[Symbol], [c].[Address], [c].[AnalystTargetPrice], [c].[AssetType], [c].[Beta], [c].[BookValue], [c].[CIK], [c].[Country], [c].[Currency], [c].[Description], [c].[DilutedEPSTTM], [c].[DividendDate], [c].[DividendPerShare], [c].[DividendYield], [c].[EBITDA], [c].[EPS], [c].[EVToEBITDA], [c].[EVToRevenue], [c].[ExDividendDate], [c].[Exchange], [c].[ExistInApi], [c].[FiscalYearEnd], [c].[ForwardPE], [c].[GrossProfitTTM], [c].[Industry], [c].[LastApiRefresh], [c].[LastLocalRefresh], [c].[LatestQuarter], [c].[MarketCapitalization], [c].[Name], [c].[OperatingMarginTTM], [c].[PEGRatio], [c].[PERatio], [c].[PriceToBookRatio], [c].[PriceToSalesRatioTTM], [c].[ProfitMargin], [c].[QuarterlyEarningsGrowthYOY], [c].[QuarterlyRevenueGrowthYOY], [c].[ReturnOnAssetsTTM], [c].[ReturnOnEquityTTM], [c].[RevenuePerShareTTM], [c].[RevenueTTM], [c].[Sector], [c].[SharesOutstanding], [c].[TrailingPE], [c].[_200DayMovingAverage], [c].[_50DayMovingAverage], [c].[_52WeekHigh], [c].[_52WeekLow]
FROM [CompanyOverviews] AS [c]
WHERE [c].[Symbol] = @__entity_Symbol_0
2022-04-03 19:42:20.411 +03:00 [INF] Generating URI for OVERVIEW with params: symbol: AMTR
2022-04-03 19:42:20.412 +03:00 [INF] URI: https://www.alphavantage.co/query?apikey=YTXYXH479B3J1MY2&function=OVERVIEW&symbol=AMTR
2022-04-03 19:42:20.413 +03:00 [INF] Starting to get and parse JSON from "https://www.alphavantage.co/query?apikey=YTXYXH479B3J1MY2&function=OVERVIEW&symbol=AMTR".
2022-04-03 19:42:20.423 +03:00 [ERR] An exception occurred while iterating over the results of a query for context type 'SaluteStocksAPI.DataBase.StocksContext'.
System.InvalidCastException: Unable to cast object of type 'System.Int64' to type 'System.Double'.
   at Microsoft.Data.SqlClient.SqlBuffer.get_Double()
   at Microsoft.Data.SqlClient.SqlDataReader.GetDouble(Int32 i)
   at lambda_method124(Closure , QueryContext , DbDataReader , ResultContext , SingleQueryResultCoordinator )
   at Microsoft.EntityFrameworkCore.Query.Internal.SingleQueryingEnumerable`1.AsyncEnumerator.MoveNextAsync()
System.InvalidCastException: Unable to cast object of type 'System.Int64' to type 'System.Double'.
   at Microsoft.Data.SqlClient.SqlBuffer.get_Double()
   at Microsoft.Data.SqlClient.SqlDataReader.GetDouble(Int32 i)
   at lambda_method124(Closure , QueryContext , DbDataReader , ResultContext , SingleQueryResultCoordinator )
   at Microsoft.EntityFrameworkCore.Query.Internal.SingleQueryingEnumerable`1.AsyncEnumerator.MoveNextAsync()
2022-04-03 19:42:20.423 +03:00 [ERR] An exception occurred while iterating over the results of a query for context type 'SaluteStocksAPI.DataBase.StocksContext'.
System.InvalidCastException: Unable to cast object of type 'System.Int64' to type 'System.Double'.
   at Microsoft.Data.SqlClient.SqlBuffer.get_Double()
   at Microsoft.Data.SqlClient.SqlDataReader.GetDouble(Int32 i)
   at lambda_method125(Closure , QueryContext , DbDataReader , ResultContext , SingleQueryResultCoordinator )
   at Microsoft.EntityFrameworkCore.Query.Internal.SingleQueryingEnumerable`1.AsyncEnumerator.MoveNextAsync()
System.InvalidCastException: Unable to cast object of type 'System.Int64' to type 'System.Double'.
   at Microsoft.Data.SqlClient.SqlBuffer.get_Double()
   at Microsoft.Data.SqlClient.SqlDataReader.GetDouble(Int32 i)
   at lambda_method125(Closure , QueryContext , DbDataReader , ResultContext , SingleQueryResultCoordinator )
   at Microsoft.EntityFrameworkCore.Query.Internal.SingleQueryingEnumerable`1.AsyncEnumerator.MoveNextAsync()
2022-04-03 19:42:20.423 +03:00 [ERR] An exception occurred while iterating over the results of a query for context type 'SaluteStocksAPI.DataBase.StocksContext'.
System.InvalidCastException: Unable to cast object of type 'System.Int64' to type 'System.Double'.
   at Microsoft.Data.SqlClient.SqlBuffer.get_Double()
   at Microsoft.Data.SqlClient.SqlDataReader.GetDouble(Int32 i)
   at lambda_method125(Closure , QueryContext , DbDataReader , ResultContext , SingleQueryResultCoordinator )
   at Microsoft.EntityFrameworkCore.Query.Internal.SingleQueryingEnumerable`1.AsyncEnumerator.MoveNextAsync()
System.InvalidCastException: Unable to cast object of type 'System.Int64' to type 'System.Double'.
   at Microsoft.Data.SqlClient.SqlBuffer.get_Double()
   at Microsoft.Data.SqlClient.SqlDataReader.GetDouble(Int32 i)
   at lambda_method125(Closure , QueryContext , DbDataReader , ResultContext , SingleQueryResultCoordinator )
   at Microsoft.EntityFrameworkCore.Query.Internal.SingleQueryingEnumerable`1.AsyncEnumerator.MoveNextAsync()
2022-04-03 19:42:20.464 +03:00 [ERR] Failed to refresh  entity SaluteStocksAPI.Models.FundamentalData.CompanyOverview with Symbol ACABW
System.InvalidCastException: Unable to cast object of type 'System.Int64' to type 'System.Double'.
   at Microsoft.Data.SqlClient.SqlBuffer.get_Double()
   at Microsoft.Data.SqlClient.SqlDataReader.GetDouble(Int32 i)
   at lambda_method124(Closure , QueryContext , DbDataReader , ResultContext , SingleQueryResultCoordinator )
   at Microsoft.EntityFrameworkCore.Query.Internal.SingleQueryingEnumerable`1.AsyncEnumerator.MoveNextAsync()
   at Microsoft.EntityFrameworkCore.Query.ShapedQueryCompilingExpressionVisitor.SingleOrDefaultAsync[TSource](IAsyncEnumerable`1 asyncEnumerable, CancellationToken cancellationToken)
   at Microsoft.EntityFrameworkCore.Query.ShapedQueryCompilingExpressionVisitor.SingleOrDefaultAsync[TSource](IAsyncEnumerable`1 asyncEnumerable, CancellationToken cancellationToken)
   at SaluteStocksAPI.Service.DataBaseRepository.AddOrUpdate[T](T entity) in D:\repo\SaluteStocks\SaluteStocksAPI\Service\DataBaseRepository.cs:line 37
   at SaluteStocksAPI.Service.Background.Loader.RefreshEntity[T](String symbol) in D:\repo\SaluteStocks\SaluteStocksAPI\Service\Background\Loader.cs:line 201
2022-04-03 19:42:20.494 +03:00 [ERR] Failed to refresh  entity SaluteStocksAPI.Models.FundamentalData.IncomeStatement with Symbol AAQC-WS
System.InvalidCastException: Unable to cast object of type 'System.Int64' to type 'System.Double'.
   at Microsoft.Data.SqlClient.SqlBuffer.get_Double()
   at Microsoft.Data.SqlClient.SqlDataReader.GetDouble(Int32 i)
   at lambda_method125(Closure , QueryContext , DbDataReader , ResultContext , SingleQueryResultCoordinator )
   at Microsoft.EntityFrameworkCore.Query.Internal.SingleQueryingEnumerable`1.AsyncEnumerator.MoveNextAsync()
   at Microsoft.EntityFrameworkCore.Query.ShapedQueryCompilingExpressionVisitor.SingleOrDefaultAsync[TSource](IAsyncEnumerable`1 asyncEnumerable, CancellationToken cancellationToken)
   at Microsoft.EntityFrameworkCore.Query.ShapedQueryCompilingExpressionVisitor.SingleOrDefaultAsync[TSource](IAsyncEnumerable`1 asyncEnumerable, CancellationToken cancellationToken)
   at SaluteStocksAPI.Service.DataBaseRepository.Get[T](String symbol) in D:\repo\SaluteStocks\SaluteStocksAPI\Service\DataBaseRepository.cs:line 54
   at SaluteStocksAPI.Service.Background.Loader.RefreshEntity[T](String symbol) in D:\repo\SaluteStocks\SaluteStocksAPI\Service\Background\Loader.cs:line 189
2022-04-03 19:42:20.524 +03:00 [ERR] Failed to refresh  entity SaluteStocksAPI.Models.FundamentalData.CashFlow with Symbol AAQC-U
System.InvalidCastException: Unable to cast object of type 'System.Int64' to type 'System.Double'.
   at Microsoft.Data.SqlClient.SqlBuffer.get_Double()
   at Microsoft.Data.SqlClient.SqlDataReader.GetDouble(Int32 i)
   at lambda_method125(Closure , QueryContext , DbDataReader , ResultContext , SingleQueryResultCoordinator )
   at Microsoft.EntityFrameworkCore.Query.Internal.SingleQueryingEnumerable`1.AsyncEnumerator.MoveNextAsync()
   at Microsoft.EntityFrameworkCore.Query.ShapedQueryCompilingExpressionVisitor.SingleOrDefaultAsync[TSource](IAsyncEnumerable`1 asyncEnumerable, CancellationToken cancellationToken)
   at Microsoft.EntityFrameworkCore.Query.ShapedQueryCompilingExpressionVisitor.SingleOrDefaultAsync[TSource](IAsyncEnumerable`1 asyncEnumerable, CancellationToken cancellationToken)
   at SaluteStocksAPI.Service.DataBaseRepository.Get[T](String symbol) in D:\repo\SaluteStocks\SaluteStocksAPI\Service\DataBaseRepository.cs:line 54
   at SaluteStocksAPI.Service.Background.Loader.RefreshEntity[T](String symbol) in D:\repo\SaluteStocks\SaluteStocksAPI\Service\Background\Loader.cs:line 189
2022-04-03 19:42:22.018 +03:00 [INF] Response has success status code
2022-04-03 19:42:22.018 +03:00 [INF] Trying to deserialize response.
2022-04-03 19:42:22.019 +03:00 [WRN] Bad response: {
    "Error Message": "Invalid API call. Please retry or visit the documentation (https://www.alphavantage.co/documentation/) for OVERVIEW."
}
2022-04-03 19:42:22.058 +03:00 [INF] Start AddOrUpdate for SaluteStocksAPI.Models.FundamentalData.CompanyOverview.
2022-04-03 19:42:22.068 +03:00 [INF] Executed DbCommand (10ms) [Parameters=[@__entity_Symbol_0='?' (Size = 450)], CommandType='"Text"', CommandTimeout='30']
SELECT TOP(2) [c].[Symbol], [c].[Address], [c].[AnalystTargetPrice], [c].[AssetType], [c].[Beta], [c].[BookValue], [c].[CIK], [c].[Country], [c].[Currency], [c].[Description], [c].[DilutedEPSTTM], [c].[DividendDate], [c].[DividendPerShare], [c].[DividendYield], [c].[EBITDA], [c].[EPS], [c].[EVToEBITDA], [c].[EVToRevenue], [c].[ExDividendDate], [c].[Exchange], [c].[ExistInApi], [c].[FiscalYearEnd], [c].[ForwardPE], [c].[GrossProfitTTM], [c].[Industry], [c].[LastApiRefresh], [c].[LastLocalRefresh], [c].[LatestQuarter], [c].[MarketCapitalization], [c].[Name], [c].[OperatingMarginTTM], [c].[PEGRatio], [c].[PERatio], [c].[PriceToBookRatio], [c].[PriceToSalesRatioTTM], [c].[ProfitMargin], [c].[QuarterlyEarningsGrowthYOY], [c].[QuarterlyRevenueGrowthYOY], [c].[ReturnOnAssetsTTM], [c].[ReturnOnEquityTTM], [c].[RevenuePerShareTTM], [c].[RevenueTTM], [c].[Sector], [c].[SharesOutstanding], [c].[TrailingPE], [c].[_200DayMovingAverage], [c].[_50DayMovingAverage], [c].[_52WeekHigh], [c].[_52WeekLow]
FROM [CompanyOverviews] AS [c]
WHERE [c].[Symbol] = @__entity_Symbol_0
2022-04-03 19:42:22.070 +03:00 [INF] Entity does not exist. Adding to DB.
2022-04-03 19:42:22.216 +03:00 [INF] Executed DbCommand (12ms) [Parameters=[@p0='?' (Size = 450), @p1='?' (Size = 4000), @p2='?' (DbType = Double), @p3='?' (Size = 4000), @p4='?' (DbType = Double), @p5='?' (DbType = Double), @p6='?' (DbType = Double), @p7='?' (Size = 4000), @p8='?' (Size = 4000), @p9='?' (Size = 4000), @p10='?' (DbType = Double), @p11='?' (DbType = DateTime2), @p12='?' (DbType = Double), @p13='?' (DbType = Double), @p14='?' (DbType = Int64), @p15='?' (DbType = Double), @p16='?' (DbType = Double), @p17='?' (DbType = Double), @p18='?' (DbType = DateTime2), @p19='?' (Size = 4000), @p20='?' (DbType = Boolean), @p21='?' (Size = 4000), @p22='?' (DbType = Double), @p23='?' (DbType = Double), @p24='?' (Size = 4000), @p25='?' (DbType = DateTime2), @p26='?' (DbType = DateTime2), @p27='?' (DbType = DateTime2), @p28='?' (DbType = Int64), @p29='?' (Size = 4000), @p30='?' (DbType = Double), @p31='?' (DbType = Double), @p32='?' (DbType = Double), @p33='?' (DbType = Double), @p34='?' (DbType = Double), @p35='?' (DbType = Double), @p36='?' (DbType = Double), @p37='?' (DbType = Double), @p38='?' (DbType = Double), @p39='?' (DbType = Double), @p40='?' (DbType = Double), @p41='?' (DbType = Double), @p42='?' (Size = 4000), @p43='?' (DbType = Double), @p44='?' (DbType = Double), @p45='?' (DbType = Double), @p46='?' (DbType = Double), @p47='?' (DbType = Double), @p48='?' (DbType = Double)], CommandType='"Text"', CommandTimeout='30']
SET NOCOUNT ON;
INSERT INTO [CompanyOverviews] ([Symbol], [Address], [AnalystTargetPrice], [AssetType], [Beta], [BookValue], [CIK], [Country], [Currency], [Description], [DilutedEPSTTM], [DividendDate], [DividendPerShare], [DividendYield], [EBITDA], [EPS], [EVToEBITDA], [EVToRevenue], [ExDividendDate], [Exchange], [ExistInApi], [FiscalYearEnd], [ForwardPE], [GrossProfitTTM], [Industry], [LastApiRefresh], [LastLocalRefresh], [LatestQuarter], [MarketCapitalization], [Name], [OperatingMarginTTM], [PEGRatio], [PERatio], [PriceToBookRatio], [PriceToSalesRatioTTM], [ProfitMargin], [QuarterlyEarningsGrowthYOY], [QuarterlyRevenueGrowthYOY], [ReturnOnAssetsTTM], [ReturnOnEquityTTM], [RevenuePerShareTTM], [RevenueTTM], [Sector], [SharesOutstanding], [TrailingPE], [_200DayMovingAverage], [_50DayMovingAverage], [_52WeekHigh], [_52WeekLow])
VALUES (@p0, @p1, @p2, @p3, @p4, @p5, @p6, @p7, @p8, @p9, @p10, @p11, @p12, @p13, @p14, @p15, @p16, @p17, @p18, @p19, @p20, @p21, @p22, @p23, @p24, @p25, @p26, @p27, @p28, @p29, @p30, @p31, @p32, @p33, @p34, @p35, @p36, @p37, @p38, @p39, @p40, @p41, @p42, @p43, @p44, @p45, @p46, @p47, @p48);
2022-04-03 19:42:22.235 +03:00 [INF] AddOrUpdate run successful.
2022-04-03 19:42:22.235 +03:00 [INF] Start AddOrUpdate for SaluteStocksAPI.Models.FundamentalData.BalanceSheet.
2022-04-03 19:42:22.249 +03:00 [INF] Executed DbCommand (10ms) [Parameters=[@__entity_Symbol_0='?' (Size = 450)], CommandType='"Text"', CommandTimeout='30']
SELECT TOP(2) [b].[Symbol], [b].[ExistInApi], [b].[LastApiRefresh], [b].[LastLocalRefresh]
FROM [BalanceSheets] AS [b]
WHERE [b].[Symbol] = @__entity_Symbol_0
2022-04-03 19:42:22.250 +03:00 [INF] Entity does not exist. Adding to DB.
2022-04-03 19:42:22.287 +03:00 [INF] Executed DbCommand (16ms) [Parameters=[@p0='?' (Size = 450), @p1='?' (DbType = Boolean), @p2='?' (DbType = DateTime2), @p3='?' (DbType = DateTime2)], CommandType='"Text"', CommandTimeout='30']
SET NOCOUNT ON;
INSERT INTO [BalanceSheets] ([Symbol], [ExistInApi], [LastApiRefresh], [LastLocalRefresh])
VALUES (@p0, @p1, @p2, @p3);
2022-04-03 19:42:22.295 +03:00 [INF] AddOrUpdate run successful.
2022-04-03 19:42:22.296 +03:00 [WRN] Alpha Vantage has no SaluteStocksAPI.Models.FundamentalData.BalanceSheet for symbol AMTR
SaluteStocksAPI.AlphaVantage.Exceptions.AlphaVantageEmptyResponse: {
    "Error Message": "Invalid API call. Please retry or visit the documentation (https://www.alphavantage.co/documentation/) for BALANCE_SHEET."
}
   at SaluteStocksAPI.AlphaVantage.AlphaVantageClient.GetAndParseJsonAsync[T](Uri uri) in D:\repo\SaluteStocks\SaluteStocksAPI\AlphaVantage\AlphaVantageClient.cs:line 329
   at SaluteStocksAPI.AlphaVantage.AlphaVantageClient.GetBalanceSheet(String symbol) in D:\repo\SaluteStocks\SaluteStocksAPI\AlphaVantage\AlphaVantageClient.cs:line 82
   at SaluteStocksAPI.Service.Background.Loader.RefreshEntity[T](String symbol) in D:\repo\SaluteStocks\SaluteStocksAPI\Service\Background\Loader.cs:line 176
2022-04-03 19:42:38.603 +03:00 [INF] Trying to refresh entity SaluteStocksAPI.Models.FundamentalData.Earnings with Symbol AAU
2022-04-03 19:42:38.605 +03:00 [INF] Generating URI for EARNINGS with params: symbol: AAU
2022-04-03 19:42:38.606 +03:00 [INF] URI: https://www.alphavantage.co/query?apikey=YTXYXH479B3J1MY2&function=EARNINGS&symbol=AAU
2022-04-03 19:42:38.606 +03:00 [INF] Starting to get and parse JSON from "https://www.alphavantage.co/query?apikey=YTXYXH479B3J1MY2&function=EARNINGS&symbol=AAU".
2022-04-03 19:42:39.464 +03:00 [INF] Response has success status code
2022-04-03 19:42:39.465 +03:00 [INF] Trying to deserialize response.
2022-04-03 19:42:42.496 +03:00 [INF] Entity Framework Core 6.0.3 initialized 'StocksContext' using provider 'Microsoft.EntityFrameworkCore.SqlServer:6.0.0' with options: None
2022-04-03 19:42:42.615 +03:00 [INF] Executed DbCommand (16ms) [Parameters=[@__symbol_0='?' (Size = 450)], CommandType='"Text"', CommandTimeout='30']
SELECT TOP(2) [c].[Symbol], [c].[Address], [c].[AnalystTargetPrice], [c].[AssetType], [c].[Beta], [c].[BookValue], [c].[CIK], [c].[Country], [c].[Currency], [c].[Description], [c].[DilutedEPSTTM], [c].[DividendDate], [c].[DividendPerShare], [c].[DividendYield], [c].[EBITDA], [c].[EPS], [c].[EVToEBITDA], [c].[EVToRevenue], [c].[ExDividendDate], [c].[Exchange], [c].[ExistInApi], [c].[FiscalYearEnd], [c].[ForwardPE], [c].[GrossProfitTTM], [c].[Industry], [c].[LastApiRefresh], [c].[LastLocalRefresh], [c].[LatestQuarter], [c].[MarketCapitalization], [c].[Name], [c].[OperatingMarginTTM], [c].[PEGRatio], [c].[PERatio], [c].[PriceToBookRatio], [c].[PriceToSalesRatioTTM], [c].[ProfitMargin], [c].[QuarterlyEarningsGrowthYOY], [c].[QuarterlyRevenueGrowthYOY], [c].[ReturnOnAssetsTTM], [c].[ReturnOnEquityTTM], [c].[RevenuePerShareTTM], [c].[RevenueTTM], [c].[Sector], [c].[SharesOutstanding], [c].[TrailingPE], [c].[_200DayMovingAverage], [c].[_50DayMovingAverage], [c].[_52WeekHigh], [c].[_52WeekLow]
FROM [CompanyOverviews] AS [c]
WHERE [c].[Symbol] = @__symbol_0
2022-04-03 19:42:42.627 +03:00 [ERR] An exception occurred while iterating over the results of a query for context type 'SaluteStocksAPI.DataBase.StocksContext'.
System.InvalidCastException: Unable to cast object of type 'System.Int64' to type 'System.Double'.
   at Microsoft.Data.SqlClient.SqlBuffer.get_Double()
   at Microsoft.Data.SqlClient.SqlDataReader.GetDouble(Int32 i)
   at lambda_method125(Closure , QueryContext , DbDataReader , ResultContext , SingleQueryResultCoordinator )
   at Microsoft.EntityFrameworkCore.Query.Internal.SingleQueryingEnumerable`1.AsyncEnumerator.MoveNextAsync()
System.InvalidCastException: Unable to cast object of type 'System.Int64' to type 'System.Double'.
   at Microsoft.Data.SqlClient.SqlBuffer.get_Double()
   at Microsoft.Data.SqlClient.SqlDataReader.GetDouble(Int32 i)
   at lambda_method125(Closure , QueryContext , DbDataReader , ResultContext , SingleQueryResultCoordinator )
   at Microsoft.EntityFrameworkCore.Query.Internal.SingleQueryingEnumerable`1.AsyncEnumerator.MoveNextAsync()
2022-04-03 19:42:42.660 +03:00 [ERR] Failed to refresh  entity SaluteStocksAPI.Models.FundamentalData.Earnings with Symbol AAU
System.InvalidCastException: Unable to cast object of type 'System.Int64' to type 'System.Double'.
   at Microsoft.Data.SqlClient.SqlBuffer.get_Double()
   at Microsoft.Data.SqlClient.SqlDataReader.GetDouble(Int32 i)
   at lambda_method125(Closure , QueryContext , DbDataReader , ResultContext , SingleQueryResultCoordinator )
   at Microsoft.EntityFrameworkCore.Query.Internal.SingleQueryingEnumerable`1.AsyncEnumerator.MoveNextAsync()
   at Microsoft.EntityFrameworkCore.Query.ShapedQueryCompilingExpressionVisitor.SingleOrDefaultAsync[TSource](IAsyncEnumerable`1 asyncEnumerable, CancellationToken cancellationToken)
   at Microsoft.EntityFrameworkCore.Query.ShapedQueryCompilingExpressionVisitor.SingleOrDefaultAsync[TSource](IAsyncEnumerable`1 asyncEnumerable, CancellationToken cancellationToken)
   at SaluteStocksAPI.Service.DataBaseRepository.Get[T](String symbol) in D:\repo\SaluteStocks\SaluteStocksAPI\Service\DataBaseRepository.cs:line 54
   at SaluteStocksAPI.Service.Background.Loader.RefreshEntity[T](String symbol) in D:\repo\SaluteStocks\SaluteStocksAPI\Service\Background\Loader.cs:line 189
2022-04-03 19:42:50.633 +03:00 [INF] Trying to refresh entity SaluteStocksAPI.Models.FundamentalData.IncomeStatement with Symbol AAWW
2022-04-03 19:42:50.633 +03:00 [INF] Trying to refresh entity SaluteStocksAPI.Models.FundamentalData.CashFlow with Symbol AAU
2022-04-03 19:42:50.633 +03:00 [INF] Trying to refresh entity SaluteStocksAPI.Models.FundamentalData.CompanyOverview with Symbol ADVWW
2022-04-03 19:42:50.634 +03:00 [INF] Generating URI for INCOME_STATEMENT with params: symbol: AAWW
2022-04-03 19:42:50.635 +03:00 [INF] Generating URI for CASH_FLOW with params: symbol: AAU
2022-04-03 19:42:50.635 +03:00 [INF] Generating URI for OVERVIEW with params: symbol: ADVWW
2022-04-03 19:42:50.635 +03:00 [INF] URI: https://www.alphavantage.co/query?apikey=YTXYXH479B3J1MY2&function=INCOME_STATEMENT&symbol=AAWW
2022-04-03 19:42:50.636 +03:00 [INF] URI: https://www.alphavantage.co/query?apikey=YTXYXH479B3J1MY2&function=CASH_FLOW&symbol=AAU
2022-04-03 19:42:50.637 +03:00 [INF] URI: https://www.alphavantage.co/query?apikey=YTXYXH479B3J1MY2&function=OVERVIEW&symbol=ADVWW
2022-04-03 19:42:50.637 +03:00 [INF] Starting to get and parse JSON from "https://www.alphavantage.co/query?apikey=YTXYXH479B3J1MY2&function=INCOME_STATEMENT&symbol=AAWW".
2022-04-03 19:42:50.639 +03:00 [INF] Starting to get and parse JSON from "https://www.alphavantage.co/query?apikey=YTXYXH479B3J1MY2&function=CASH_FLOW&symbol=AAU".
2022-04-03 19:42:50.639 +03:00 [INF] Starting to get and parse JSON from "https://www.alphavantage.co/query?apikey=YTXYXH479B3J1MY2&function=OVERVIEW&symbol=ADVWW".
2022-04-03 19:42:51.391 +03:00 [INF] Response has success status code
2022-04-03 19:42:51.391 +03:00 [INF] Trying to deserialize response.
2022-04-03 19:42:51.392 +03:00 [INF] Start AddOrUpdate for SaluteStocksAPI.Models.FundamentalData.CompanyOverview.
2022-04-03 19:42:51.393 +03:00 [INF] Entity Framework Core 6.0.3 initialized 'StocksContext' using provider 'Microsoft.EntityFrameworkCore.SqlServer:6.0.0' with options: None
2022-04-03 19:42:51.405 +03:00 [INF] Executed DbCommand (11ms) [Parameters=[@__entity_Symbol_0='?' (Size = 450)], CommandType='"Text"', CommandTimeout='30']
SELECT TOP(2) [c].[Symbol], [c].[Address], [c].[AnalystTargetPrice], [c].[AssetType], [c].[Beta], [c].[BookValue], [c].[CIK], [c].[Country], [c].[Currency], [c].[Description], [c].[DilutedEPSTTM], [c].[DividendDate], [c].[DividendPerShare], [c].[DividendYield], [c].[EBITDA], [c].[EPS], [c].[EVToEBITDA], [c].[EVToRevenue], [c].[ExDividendDate], [c].[Exchange], [c].[ExistInApi], [c].[FiscalYearEnd], [c].[ForwardPE], [c].[GrossProfitTTM], [c].[Industry], [c].[LastApiRefresh], [c].[LastLocalRefresh], [c].[LatestQuarter], [c].[MarketCapitalization], [c].[Name], [c].[OperatingMarginTTM], [c].[PEGRatio], [c].[PERatio], [c].[PriceToBookRatio], [c].[PriceToSalesRatioTTM], [c].[ProfitMargin], [c].[QuarterlyEarningsGrowthYOY], [c].[QuarterlyRevenueGrowthYOY], [c].[ReturnOnAssetsTTM], [c].[ReturnOnEquityTTM], [c].[RevenuePerShareTTM], [c].[RevenueTTM], [c].[Sector], [c].[SharesOutstanding], [c].[TrailingPE], [c].[_200DayMovingAverage], [c].[_50DayMovingAverage], [c].[_52WeekHigh], [c].[_52WeekLow]
FROM [CompanyOverviews] AS [c]
WHERE [c].[Symbol] = @__entity_Symbol_0
2022-04-03 19:42:51.410 +03:00 [ERR] An exception occurred while iterating over the results of a query for context type 'SaluteStocksAPI.DataBase.StocksContext'.
System.InvalidCastException: Unable to cast object of type 'System.Int64' to type 'System.Double'.
   at Microsoft.Data.SqlClient.SqlBuffer.get_Double()
   at Microsoft.Data.SqlClient.SqlDataReader.GetDouble(Int32 i)
   at lambda_method124(Closure , QueryContext , DbDataReader , ResultContext , SingleQueryResultCoordinator )
   at Microsoft.EntityFrameworkCore.Query.Internal.SingleQueryingEnumerable`1.AsyncEnumerator.MoveNextAsync()
System.InvalidCastException: Unable to cast object of type 'System.Int64' to type 'System.Double'.
   at Microsoft.Data.SqlClient.SqlBuffer.get_Double()
   at Microsoft.Data.SqlClient.SqlDataReader.GetDouble(Int32 i)
   at lambda_method124(Closure , QueryContext , DbDataReader , ResultContext , SingleQueryResultCoordinator )
   at Microsoft.EntityFrameworkCore.Query.Internal.SingleQueryingEnumerable`1.AsyncEnumerator.MoveNextAsync()
2022-04-03 19:42:51.439 +03:00 [ERR] Failed to refresh  entity SaluteStocksAPI.Models.FundamentalData.CompanyOverview with Symbol ADVWW
System.InvalidCastException: Unable to cast object of type 'System.Int64' to type 'System.Double'.
   at Microsoft.Data.SqlClient.SqlBuffer.get_Double()
   at Microsoft.Data.SqlClient.SqlDataReader.GetDouble(Int32 i)
   at lambda_method124(Closure , QueryContext , DbDataReader , ResultContext , SingleQueryResultCoordinator )
   at Microsoft.EntityFrameworkCore.Query.Internal.SingleQueryingEnumerable`1.AsyncEnumerator.MoveNextAsync()
   at Microsoft.EntityFrameworkCore.Query.ShapedQueryCompilingExpressionVisitor.SingleOrDefaultAsync[TSource](IAsyncEnumerable`1 asyncEnumerable, CancellationToken cancellationToken)
   at Microsoft.EntityFrameworkCore.Query.ShapedQueryCompilingExpressionVisitor.SingleOrDefaultAsync[TSource](IAsyncEnumerable`1 asyncEnumerable, CancellationToken cancellationToken)
   at SaluteStocksAPI.Service.DataBaseRepository.AddOrUpdate[T](T entity) in D:\repo\SaluteStocks\SaluteStocksAPI\Service\DataBaseRepository.cs:line 37
   at SaluteStocksAPI.Service.Background.Loader.RefreshEntity[T](String symbol) in D:\repo\SaluteStocks\SaluteStocksAPI\Service\Background\Loader.cs:line 201
2022-04-03 19:42:52.081 +03:00 [INF] Response has success status code
2022-04-03 19:42:52.083 +03:00 [INF] Trying to deserialize response.
2022-04-03 19:43:00.616 +03:00 [INF] Trying to refresh entity SaluteStocksAPI.Models.FundamentalData.BalanceSheet with Symbol ARES
2022-04-03 19:43:00.627 +03:00 [INF] Generating URI for BALANCE_SHEET with params: symbol: ARES
2022-04-03 19:43:00.629 +03:00 [INF] Entity Framework Core 6.0.3 initialized 'StocksContext' using provider 'Microsoft.EntityFrameworkCore.SqlServer:6.0.0' with options: None
2022-04-03 19:43:00.629 +03:00 [INF] URI: https://www.alphavantage.co/query?apikey=YTXYXH479B3J1MY2&function=BALANCE_SHEET&symbol=ARES
2022-04-03 19:43:00.639 +03:00 [INF] Starting to get and parse JSON from "https://www.alphavantage.co/query?apikey=YTXYXH479B3J1MY2&function=BALANCE_SHEET&symbol=ARES".
2022-04-03 19:43:00.743 +03:00 [INF] Executed DbCommand (9ms) [Parameters=[@__symbol_0='?' (Size = 450)], CommandType='"Text"', CommandTimeout='30']
SELECT TOP(2) [c].[Symbol], [c].[Address], [c].[AnalystTargetPrice], [c].[AssetType], [c].[Beta], [c].[BookValue], [c].[CIK], [c].[Country], [c].[Currency], [c].[Description], [c].[DilutedEPSTTM], [c].[DividendDate], [c].[DividendPerShare], [c].[DividendYield], [c].[EBITDA], [c].[EPS], [c].[EVToEBITDA], [c].[EVToRevenue], [c].[ExDividendDate], [c].[Exchange], [c].[ExistInApi], [c].[FiscalYearEnd], [c].[ForwardPE], [c].[GrossProfitTTM], [c].[Industry], [c].[LastApiRefresh], [c].[LastLocalRefresh], [c].[LatestQuarter], [c].[MarketCapitalization], [c].[Name], [c].[OperatingMarginTTM], [c].[PEGRatio], [c].[PERatio], [c].[PriceToBookRatio], [c].[PriceToSalesRatioTTM], [c].[ProfitMargin], [c].[QuarterlyEarningsGrowthYOY], [c].[QuarterlyRevenueGrowthYOY], [c].[ReturnOnAssetsTTM], [c].[ReturnOnEquityTTM], [c].[RevenuePerShareTTM], [c].[RevenueTTM], [c].[Sector], [c].[SharesOutstanding], [c].[TrailingPE], [c].[_200DayMovingAverage], [c].[_50DayMovingAverage], [c].[_52WeekHigh], [c].[_52WeekLow]
FROM [CompanyOverviews] AS [c]
WHERE [c].[Symbol] = @__symbol_0
2022-04-03 19:43:00.761 +03:00 [ERR] An exception occurred while iterating over the results of a query for context type 'SaluteStocksAPI.DataBase.StocksContext'.
System.InvalidCastException: Unable to cast object of type 'System.Int64' to type 'System.Double'.
   at Microsoft.Data.SqlClient.SqlBuffer.get_Double()
   at Microsoft.Data.SqlClient.SqlDataReader.GetDouble(Int32 i)
   at lambda_method125(Closure , QueryContext , DbDataReader , ResultContext , SingleQueryResultCoordinator )
   at Microsoft.EntityFrameworkCore.Query.Internal.SingleQueryingEnumerable`1.AsyncEnumerator.MoveNextAsync()
System.InvalidCastException: Unable to cast object of type 'System.Int64' to type 'System.Double'.
   at Microsoft.Data.SqlClient.SqlBuffer.get_Double()
   at Microsoft.Data.SqlClient.SqlDataReader.GetDouble(Int32 i)
   at lambda_method125(Closure , QueryContext , DbDataReader , ResultContext , SingleQueryResultCoordinator )
   at Microsoft.EntityFrameworkCore.Query.Internal.SingleQueryingEnumerable`1.AsyncEnumerator.MoveNextAsync()
2022-04-03 19:43:00.794 +03:00 [ERR] Failed to refresh  entity SaluteStocksAPI.Models.FundamentalData.CashFlow with Symbol AAU
System.InvalidCastException: Unable to cast object of type 'System.Int64' to type 'System.Double'.
   at Microsoft.Data.SqlClient.SqlBuffer.get_Double()
   at Microsoft.Data.SqlClient.SqlDataReader.GetDouble(Int32 i)
   at lambda_method125(Closure , QueryContext , DbDataReader , ResultContext , SingleQueryResultCoordinator )
   at Microsoft.EntityFrameworkCore.Query.Internal.SingleQueryingEnumerable`1.AsyncEnumerator.MoveNextAsync()
   at Microsoft.EntityFrameworkCore.Query.ShapedQueryCompilingExpressionVisitor.SingleOrDefaultAsync[TSource](IAsyncEnumerable`1 asyncEnumerable, CancellationToken cancellationToken)
   at Microsoft.EntityFrameworkCore.Query.ShapedQueryCompilingExpressionVisitor.SingleOrDefaultAsync[TSource](IAsyncEnumerable`1 asyncEnumerable, CancellationToken cancellationToken)
   at SaluteStocksAPI.Service.DataBaseRepository.Get[T](String symbol) in D:\repo\SaluteStocks\SaluteStocksAPI\Service\DataBaseRepository.cs:line 54
   at SaluteStocksAPI.Service.Background.Loader.RefreshEntity[T](String symbol) in D:\repo\SaluteStocks\SaluteStocksAPI\Service\Background\Loader.cs:line 189
2022-04-03 19:43:01.047 +03:00 [INF] Response has success status code
2022-04-03 19:43:01.048 +03:00 [INF] Trying to deserialize response.
2022-04-03 19:44:37.640 +03:00 [INF] Entity Framework Core 6.0.3 initialized 'StocksContext' using provider 'Microsoft.EntityFrameworkCore.SqlServer:6.0.0' with options: None
2022-04-03 19:44:37.711 +03:00 [INF] Trying to refresh entity SaluteStocksAPI.Models.FundamentalData.CompanyOverview with Symbol AEHR
2022-04-03 19:44:37.712 +03:00 [INF] Trying to refresh entity SaluteStocksAPI.Models.FundamentalData.Earnings with Symbol ABB
2022-04-03 19:44:37.712 +03:00 [INF] Trying to refresh entity SaluteStocksAPI.Models.FundamentalData.CashFlow with Symbol ABB
2022-04-03 19:44:37.740 +03:00 [ERR] Failed to refresh  entity SaluteStocksAPI.Models.FundamentalData.BalanceSheet with Symbol ARES
System.Net.Http.HttpRequestException: The SSL connection could not be established, see inner exception.
 ---> System.IO.IOException:  Received an unexpected EOF or 0 bytes from the transport stream.
   at System.Net.Security.SslStream.ReceiveBlobAsync[TIOAdapter](TIOAdapter adapter)
   at System.Net.Security.SslStream.ForceAuthenticationAsync[TIOAdapter](TIOAdapter adapter, Boolean receiveFirst, Byte[] reAuthenticationData, Boolean isApm)
   at System.Net.Http.ConnectHelper.EstablishSslConnectionAsync(SslClientAuthenticationOptions sslOptions, HttpRequestMessage request, Boolean async, Stream stream, CancellationToken cancellationToken)
   --- End of inner exception stack trace ---
   at System.Net.Http.ConnectHelper.EstablishSslConnectionAsync(SslClientAuthenticationOptions sslOptions, HttpRequestMessage request, Boolean async, Stream stream, CancellationToken cancellationToken)
   at System.Net.Http.HttpConnectionPool.ConnectAsync(HttpRequestMessage request, Boolean async, CancellationToken cancellationToken)
   at System.Net.Http.HttpConnectionPool.CreateHttp11ConnectionAsync(HttpRequestMessage request, Boolean async, CancellationToken cancellationToken)
   at System.Net.Http.HttpConnectionPool.AddHttp11ConnectionAsync(HttpRequestMessage request)
   at System.Threading.Tasks.TaskCompletionSourceWithCancellation`1.WaitWithCancellationAsync(CancellationToken cancellationToken)
   at System.Net.Http.HttpConnectionPool.GetHttp11ConnectionAsync(HttpRequestMessage request, Boolean async, CancellationToken cancellationToken)
   at System.Net.Http.HttpConnectionPool.SendWithVersionDetectionAndRetryAsync(HttpRequestMessage request, Boolean async, Boolean doRequestAuth, CancellationToken cancellationToken)
   at System.Net.Http.RedirectHandler.SendAsync(HttpRequestMessage request, Boolean async, CancellationToken cancellationToken)
   at System.Net.Http.HttpClient.<SendAsync>g__Core|83_0(HttpRequestMessage request, HttpCompletionOption completionOption, CancellationTokenSource cts, Boolean disposeCts, CancellationTokenSource pendingRequestsCts, CancellationToken originalCancellationToken)
   at SaluteStocksAPI.AlphaVantage.AlphaVantageClient.GetAndParseJsonAsync[T](Uri uri) in D:\repo\SaluteStocks\SaluteStocksAPI\AlphaVantage\AlphaVantageClient.cs:line 306
   at SaluteStocksAPI.AlphaVantage.AlphaVantageClient.GetBalanceSheet(String symbol) in D:\repo\SaluteStocks\SaluteStocksAPI\AlphaVantage\AlphaVantageClient.cs:line 82
   at SaluteStocksAPI.Service.Background.Loader.RefreshEntity[T](String symbol) in D:\repo\SaluteStocks\SaluteStocksAPI\Service\Background\Loader.cs:line 176
2022-04-03 19:44:37.741 +03:00 [INF] Generating URI for OVERVIEW with params: symbol: AEHR
2022-04-03 19:44:37.741 +03:00 [INF] Generating URI for EARNINGS with params: symbol: ABB
2022-04-03 19:44:37.755 +03:00 [INF] Executed DbCommand (15ms) [Parameters=[@__symbol_0='?' (Size = 450)], CommandType='"Text"', CommandTimeout='30']
SELECT TOP(2) [c].[Symbol], [c].[Address], [c].[AnalystTargetPrice], [c].[AssetType], [c].[Beta], [c].[BookValue], [c].[CIK], [c].[Country], [c].[Currency], [c].[Description], [c].[DilutedEPSTTM], [c].[DividendDate], [c].[DividendPerShare], [c].[DividendYield], [c].[EBITDA], [c].[EPS], [c].[EVToEBITDA], [c].[EVToRevenue], [c].[ExDividendDate], [c].[Exchange], [c].[ExistInApi], [c].[FiscalYearEnd], [c].[ForwardPE], [c].[GrossProfitTTM], [c].[Industry], [c].[LastApiRefresh], [c].[LastLocalRefresh], [c].[LatestQuarter], [c].[MarketCapitalization], [c].[Name], [c].[OperatingMarginTTM], [c].[PEGRatio], [c].[PERatio], [c].[PriceToBookRatio], [c].[PriceToSalesRatioTTM], [c].[ProfitMargin], [c].[QuarterlyEarningsGrowthYOY], [c].[QuarterlyRevenueGrowthYOY], [c].[ReturnOnAssetsTTM], [c].[ReturnOnEquityTTM], [c].[RevenuePerShareTTM], [c].[RevenueTTM], [c].[Sector], [c].[SharesOutstanding], [c].[TrailingPE], [c].[_200DayMovingAverage], [c].[_50DayMovingAverage], [c].[_52WeekHigh], [c].[_52WeekLow]
FROM [CompanyOverviews] AS [c]
WHERE [c].[Symbol] = @__symbol_0
2022-04-03 19:44:37.742 +03:00 [INF] Generating URI for CASH_FLOW with params: symbol: ABB
2022-04-03 19:44:37.762 +03:00 [INF] URI: https://www.alphavantage.co/query?apikey=YTXYXH479B3J1MY2&function=EARNINGS&symbol=ABB
2022-04-03 19:44:37.747 +03:00 [INF] URI: https://www.alphavantage.co/query?apikey=YTXYXH479B3J1MY2&function=OVERVIEW&symbol=AEHR
2022-04-03 19:44:37.765 +03:00 [ERR] An exception occurred while iterating over the results of a query for context type 'SaluteStocksAPI.DataBase.StocksContext'.
System.InvalidCastException: Unable to cast object of type 'System.Int64' to type 'System.Double'.
   at Microsoft.Data.SqlClient.SqlBuffer.get_Double()
   at Microsoft.Data.SqlClient.SqlDataReader.GetDouble(Int32 i)
   at lambda_method125(Closure , QueryContext , DbDataReader , ResultContext , SingleQueryResultCoordinator )
   at Microsoft.EntityFrameworkCore.Query.Internal.SingleQueryingEnumerable`1.AsyncEnumerator.MoveNextAsync()
System.InvalidCastException: Unable to cast object of type 'System.Int64' to type 'System.Double'.
   at Microsoft.Data.SqlClient.SqlBuffer.get_Double()
   at Microsoft.Data.SqlClient.SqlDataReader.GetDouble(Int32 i)
   at lambda_method125(Closure , QueryContext , DbDataReader , ResultContext , SingleQueryResultCoordinator )
   at Microsoft.EntityFrameworkCore.Query.Internal.SingleQueryingEnumerable`1.AsyncEnumerator.MoveNextAsync()
2022-04-03 19:44:37.766 +03:00 [INF] URI: https://www.alphavantage.co/query?apikey=YTXYXH479B3J1MY2&function=CASH_FLOW&symbol=ABB
2022-04-03 19:44:37.766 +03:00 [INF] Starting to get and parse JSON from "https://www.alphavantage.co/query?apikey=YTXYXH479B3J1MY2&function=EARNINGS&symbol=ABB".
2022-04-03 19:44:37.773 +03:00 [INF] Starting to get and parse JSON from "https://www.alphavantage.co/query?apikey=YTXYXH479B3J1MY2&function=CASH_FLOW&symbol=ABB".
2022-04-03 19:44:37.767 +03:00 [INF] Starting to get and parse JSON from "https://www.alphavantage.co/query?apikey=YTXYXH479B3J1MY2&function=OVERVIEW&symbol=AEHR".
2022-04-03 19:44:37.802 +03:00 [ERR] Failed to refresh  entity SaluteStocksAPI.Models.FundamentalData.IncomeStatement with Symbol AAWW
System.InvalidCastException: Unable to cast object of type 'System.Int64' to type 'System.Double'.
   at Microsoft.Data.SqlClient.SqlBuffer.get_Double()
   at Microsoft.Data.SqlClient.SqlDataReader.GetDouble(Int32 i)
   at lambda_method125(Closure , QueryContext , DbDataReader , ResultContext , SingleQueryResultCoordinator )
   at Microsoft.EntityFrameworkCore.Query.Internal.SingleQueryingEnumerable`1.AsyncEnumerator.MoveNextAsync()
   at Microsoft.EntityFrameworkCore.Query.ShapedQueryCompilingExpressionVisitor.SingleOrDefaultAsync[TSource](IAsyncEnumerable`1 asyncEnumerable, CancellationToken cancellationToken)
   at Microsoft.EntityFrameworkCore.Query.ShapedQueryCompilingExpressionVisitor.SingleOrDefaultAsync[TSource](IAsyncEnumerable`1 asyncEnumerable, CancellationToken cancellationToken)
   at SaluteStocksAPI.Service.DataBaseRepository.Get[T](String symbol) in D:\repo\SaluteStocks\SaluteStocksAPI\Service\DataBaseRepository.cs:line 54
   at SaluteStocksAPI.Service.Background.Loader.RefreshEntity[T](String symbol) in D:\repo\SaluteStocks\SaluteStocksAPI\Service\Background\Loader.cs:line 189
2022-04-03 19:44:39.305 +03:00 [INF] Response has success status code
2022-04-03 19:44:39.305 +03:00 [INF] Trying to deserialize response.
2022-04-03 19:44:39.306 +03:00 [INF] Start AddOrUpdate for SaluteStocksAPI.Models.FundamentalData.CompanyOverview.
2022-04-03 19:44:39.307 +03:00 [INF] Entity Framework Core 6.0.3 initialized 'StocksContext' using provider 'Microsoft.EntityFrameworkCore.SqlServer:6.0.0' with options: None
2022-04-03 19:44:39.330 +03:00 [INF] Executed DbCommand (22ms) [Parameters=[@__entity_Symbol_0='?' (Size = 450)], CommandType='"Text"', CommandTimeout='30']
SELECT TOP(2) [c].[Symbol], [c].[Address], [c].[AnalystTargetPrice], [c].[AssetType], [c].[Beta], [c].[BookValue], [c].[CIK], [c].[Country], [c].[Currency], [c].[Description], [c].[DilutedEPSTTM], [c].[DividendDate], [c].[DividendPerShare], [c].[DividendYield], [c].[EBITDA], [c].[EPS], [c].[EVToEBITDA], [c].[EVToRevenue], [c].[ExDividendDate], [c].[Exchange], [c].[ExistInApi], [c].[FiscalYearEnd], [c].[ForwardPE], [c].[GrossProfitTTM], [c].[Industry], [c].[LastApiRefresh], [c].[LastLocalRefresh], [c].[LatestQuarter], [c].[MarketCapitalization], [c].[Name], [c].[OperatingMarginTTM], [c].[PEGRatio], [c].[PERatio], [c].[PriceToBookRatio], [c].[PriceToSalesRatioTTM], [c].[ProfitMargin], [c].[QuarterlyEarningsGrowthYOY], [c].[QuarterlyRevenueGrowthYOY], [c].[ReturnOnAssetsTTM], [c].[ReturnOnEquityTTM], [c].[RevenuePerShareTTM], [c].[RevenueTTM], [c].[Sector], [c].[SharesOutstanding], [c].[TrailingPE], [c].[_200DayMovingAverage], [c].[_50DayMovingAverage], [c].[_52WeekHigh], [c].[_52WeekLow]
FROM [CompanyOverviews] AS [c]
WHERE [c].[Symbol] = @__entity_Symbol_0
2022-04-03 19:44:39.333 +03:00 [ERR] An exception occurred while iterating over the results of a query for context type 'SaluteStocksAPI.DataBase.StocksContext'.
System.InvalidCastException: Unable to cast object of type 'System.Int64' to type 'System.Double'.
   at Microsoft.Data.SqlClient.SqlBuffer.get_Double()
   at Microsoft.Data.SqlClient.SqlDataReader.GetDouble(Int32 i)
   at lambda_method124(Closure , QueryContext , DbDataReader , ResultContext , SingleQueryResultCoordinator )
   at Microsoft.EntityFrameworkCore.Query.Internal.SingleQueryingEnumerable`1.AsyncEnumerator.MoveNextAsync()
System.InvalidCastException: Unable to cast object of type 'System.Int64' to type 'System.Double'.
   at Microsoft.Data.SqlClient.SqlBuffer.get_Double()
   at Microsoft.Data.SqlClient.SqlDataReader.GetDouble(Int32 i)
   at lambda_method124(Closure , QueryContext , DbDataReader , ResultContext , SingleQueryResultCoordinator )
   at Microsoft.EntityFrameworkCore.Query.Internal.SingleQueryingEnumerable`1.AsyncEnumerator.MoveNextAsync()
2022-04-03 19:44:39.360 +03:00 [ERR] Failed to refresh  entity SaluteStocksAPI.Models.FundamentalData.CompanyOverview with Symbol AEHR
System.InvalidCastException: Unable to cast object of type 'System.Int64' to type 'System.Double'.
   at Microsoft.Data.SqlClient.SqlBuffer.get_Double()
   at Microsoft.Data.SqlClient.SqlDataReader.GetDouble(Int32 i)
   at lambda_method124(Closure , QueryContext , DbDataReader , ResultContext , SingleQueryResultCoordinator )
   at Microsoft.EntityFrameworkCore.Query.Internal.SingleQueryingEnumerable`1.AsyncEnumerator.MoveNextAsync()
   at Microsoft.EntityFrameworkCore.Query.ShapedQueryCompilingExpressionVisitor.SingleOrDefaultAsync[TSource](IAsyncEnumerable`1 asyncEnumerable, CancellationToken cancellationToken)
   at Microsoft.EntityFrameworkCore.Query.ShapedQueryCompilingExpressionVisitor.SingleOrDefaultAsync[TSource](IAsyncEnumerable`1 asyncEnumerable, CancellationToken cancellationToken)
   at SaluteStocksAPI.Service.DataBaseRepository.AddOrUpdate[T](T entity) in D:\repo\SaluteStocks\SaluteStocksAPI\Service\DataBaseRepository.cs:line 37
   at SaluteStocksAPI.Service.Background.Loader.RefreshEntity[T](String symbol) in D:\repo\SaluteStocks\SaluteStocksAPI\Service\Background\Loader.cs:line 201
2022-04-03 19:44:39.618 +03:00 [INF] Response has success status code
2022-04-03 19:44:39.620 +03:00 [INF] Trying to deserialize response.
2022-04-03 19:44:39.622 +03:00 [INF] Entity Framework Core 6.0.3 initialized 'StocksContext' using provider 'Microsoft.EntityFrameworkCore.SqlServer:6.0.0' with options: None
2022-04-03 19:44:39.634 +03:00 [INF] Executed DbCommand (11ms) [Parameters=[@__symbol_0='?' (Size = 450)], CommandType='"Text"', CommandTimeout='30']
SELECT TOP(2) [c].[Symbol], [c].[Address], [c].[AnalystTargetPrice], [c].[AssetType], [c].[Beta], [c].[BookValue], [c].[CIK], [c].[Country], [c].[Currency], [c].[Description], [c].[DilutedEPSTTM], [c].[DividendDate], [c].[DividendPerShare], [c].[DividendYield], [c].[EBITDA], [c].[EPS], [c].[EVToEBITDA], [c].[EVToRevenue], [c].[ExDividendDate], [c].[Exchange], [c].[ExistInApi], [c].[FiscalYearEnd], [c].[ForwardPE], [c].[GrossProfitTTM], [c].[Industry], [c].[LastApiRefresh], [c].[LastLocalRefresh], [c].[LatestQuarter], [c].[MarketCapitalization], [c].[Name], [c].[OperatingMarginTTM], [c].[PEGRatio], [c].[PERatio], [c].[PriceToBookRatio], [c].[PriceToSalesRatioTTM], [c].[ProfitMargin], [c].[QuarterlyEarningsGrowthYOY], [c].[QuarterlyRevenueGrowthYOY], [c].[ReturnOnAssetsTTM], [c].[ReturnOnEquityTTM], [c].[RevenuePerShareTTM], [c].[RevenueTTM], [c].[Sector], [c].[SharesOutstanding], [c].[TrailingPE], [c].[_200DayMovingAverage], [c].[_50DayMovingAverage], [c].[_52WeekHigh], [c].[_52WeekLow]
FROM [CompanyOverviews] AS [c]
WHERE [c].[Symbol] = @__symbol_0
2022-04-03 19:44:39.638 +03:00 [ERR] An exception occurred while iterating over the results of a query for context type 'SaluteStocksAPI.DataBase.StocksContext'.
System.InvalidCastException: Unable to cast object of type 'System.Int64' to type 'System.Double'.
   at Microsoft.Data.SqlClient.SqlBuffer.get_Double()
   at Microsoft.Data.SqlClient.SqlDataReader.GetDouble(Int32 i)
   at lambda_method125(Closure , QueryContext , DbDataReader , ResultContext , SingleQueryResultCoordinator )
   at Microsoft.EntityFrameworkCore.Query.Internal.SingleQueryingEnumerable`1.AsyncEnumerator.MoveNextAsync()
System.InvalidCastException: Unable to cast object of type 'System.Int64' to type 'System.Double'.
   at Microsoft.Data.SqlClient.SqlBuffer.get_Double()
   at Microsoft.Data.SqlClient.SqlDataReader.GetDouble(Int32 i)
   at lambda_method125(Closure , QueryContext , DbDataReader , ResultContext , SingleQueryResultCoordinator )
   at Microsoft.EntityFrameworkCore.Query.Internal.SingleQueryingEnumerable`1.AsyncEnumerator.MoveNextAsync()
2022-04-03 19:44:39.671 +03:00 [ERR] Failed to refresh  entity SaluteStocksAPI.Models.FundamentalData.CashFlow with Symbol ABB
System.InvalidCastException: Unable to cast object of type 'System.Int64' to type 'System.Double'.
   at Microsoft.Data.SqlClient.SqlBuffer.get_Double()
   at Microsoft.Data.SqlClient.SqlDataReader.GetDouble(Int32 i)
   at lambda_method125(Closure , QueryContext , DbDataReader , ResultContext , SingleQueryResultCoordinator )
   at Microsoft.EntityFrameworkCore.Query.Internal.SingleQueryingEnumerable`1.AsyncEnumerator.MoveNextAsync()
   at Microsoft.EntityFrameworkCore.Query.ShapedQueryCompilingExpressionVisitor.SingleOrDefaultAsync[TSource](IAsyncEnumerable`1 asyncEnumerable, CancellationToken cancellationToken)
   at Microsoft.EntityFrameworkCore.Query.ShapedQueryCompilingExpressionVisitor.SingleOrDefaultAsync[TSource](IAsyncEnumerable`1 asyncEnumerable, CancellationToken cancellationToken)
   at SaluteStocksAPI.Service.DataBaseRepository.Get[T](String symbol) in D:\repo\SaluteStocks\SaluteStocksAPI\Service\DataBaseRepository.cs:line 54
   at SaluteStocksAPI.Service.Background.Loader.RefreshEntity[T](String symbol) in D:\repo\SaluteStocks\SaluteStocksAPI\Service\Background\Loader.cs:line 189
2022-04-03 19:44:39.692 +03:00 [INF] Response has success status code
2022-04-03 19:44:39.693 +03:00 [INF] Trying to deserialize response.
2022-04-03 19:44:39.695 +03:00 [INF] Entity Framework Core 6.0.3 initialized 'StocksContext' using provider 'Microsoft.EntityFrameworkCore.SqlServer:6.0.0' with options: None
2022-04-03 19:44:39.709 +03:00 [INF] Executed DbCommand (13ms) [Parameters=[@__symbol_0='?' (Size = 450)], CommandType='"Text"', CommandTimeout='30']
SELECT TOP(2) [c].[Symbol], [c].[Address], [c].[AnalystTargetPrice], [c].[AssetType], [c].[Beta], [c].[BookValue], [c].[CIK], [c].[Country], [c].[Currency], [c].[Description], [c].[DilutedEPSTTM], [c].[DividendDate], [c].[DividendPerShare], [c].[DividendYield], [c].[EBITDA], [c].[EPS], [c].[EVToEBITDA], [c].[EVToRevenue], [c].[ExDividendDate], [c].[Exchange], [c].[ExistInApi], [c].[FiscalYearEnd], [c].[ForwardPE], [c].[GrossProfitTTM], [c].[Industry], [c].[LastApiRefresh], [c].[LastLocalRefresh], [c].[LatestQuarter], [c].[MarketCapitalization], [c].[Name], [c].[OperatingMarginTTM], [c].[PEGRatio], [c].[PERatio], [c].[PriceToBookRatio], [c].[PriceToSalesRatioTTM], [c].[ProfitMargin], [c].[QuarterlyEarningsGrowthYOY], [c].[QuarterlyRevenueGrowthYOY], [c].[ReturnOnAssetsTTM], [c].[ReturnOnEquityTTM], [c].[RevenuePerShareTTM], [c].[RevenueTTM], [c].[Sector], [c].[SharesOutstanding], [c].[TrailingPE], [c].[_200DayMovingAverage], [c].[_50DayMovingAverage], [c].[_52WeekHigh], [c].[_52WeekLow]
FROM [CompanyOverviews] AS [c]
WHERE [c].[Symbol] = @__symbol_0
2022-04-03 19:44:39.711 +03:00 [ERR] An exception occurred while iterating over the results of a query for context type 'SaluteStocksAPI.DataBase.StocksContext'.
System.InvalidCastException: Unable to cast object of type 'System.Int64' to type 'System.Double'.
   at Microsoft.Data.SqlClient.SqlBuffer.get_Double()
   at Microsoft.Data.SqlClient.SqlDataReader.GetDouble(Int32 i)
   at lambda_method125(Closure , QueryContext , DbDataReader , ResultContext , SingleQueryResultCoordinator )
   at Microsoft.EntityFrameworkCore.Query.Internal.SingleQueryingEnumerable`1.AsyncEnumerator.MoveNextAsync()
System.InvalidCastException: Unable to cast object of type 'System.Int64' to type 'System.Double'.
   at Microsoft.Data.SqlClient.SqlBuffer.get_Double()
   at Microsoft.Data.SqlClient.SqlDataReader.GetDouble(Int32 i)
   at lambda_method125(Closure , QueryContext , DbDataReader , ResultContext , SingleQueryResultCoordinator )
   at Microsoft.EntityFrameworkCore.Query.Internal.SingleQueryingEnumerable`1.AsyncEnumerator.MoveNextAsync()
2022-04-03 19:44:39.747 +03:00 [ERR] Failed to refresh  entity SaluteStocksAPI.Models.FundamentalData.Earnings with Symbol ABB
System.InvalidCastException: Unable to cast object of type 'System.Int64' to type 'System.Double'.
   at Microsoft.Data.SqlClient.SqlBuffer.get_Double()
   at Microsoft.Data.SqlClient.SqlDataReader.GetDouble(Int32 i)
   at lambda_method125(Closure , QueryContext , DbDataReader , ResultContext , SingleQueryResultCoordinator )
   at Microsoft.EntityFrameworkCore.Query.Internal.SingleQueryingEnumerable`1.AsyncEnumerator.MoveNextAsync()
   at Microsoft.EntityFrameworkCore.Query.ShapedQueryCompilingExpressionVisitor.SingleOrDefaultAsync[TSource](IAsyncEnumerable`1 asyncEnumerable, CancellationToken cancellationToken)
   at Microsoft.EntityFrameworkCore.Query.ShapedQueryCompilingExpressionVisitor.SingleOrDefaultAsync[TSource](IAsyncEnumerable`1 asyncEnumerable, CancellationToken cancellationToken)
   at SaluteStocksAPI.Service.DataBaseRepository.Get[T](String symbol) in D:\repo\SaluteStocks\SaluteStocksAPI\Service\DataBaseRepository.cs:line 54
   at SaluteStocksAPI.Service.Background.Loader.RefreshEntity[T](String symbol) in D:\repo\SaluteStocks\SaluteStocksAPI\Service\Background\Loader.cs:line 189
2022-04-03 19:45:07.799 +03:00 [INF] Trying to refresh entity SaluteStocksAPI.Models.FundamentalData.BalanceSheet with Symbol ARGD
2022-04-03 19:45:07.801 +03:00 [INF] Generating URI for BALANCE_SHEET with params: symbol: ARGD
2022-04-03 19:45:07.802 +03:00 [INF] URI: https://www.alphavantage.co/query?apikey=YTXYXH479B3J1MY2&function=BALANCE_SHEET&symbol=ARGD
2022-04-03 19:45:07.802 +03:00 [INF] Starting to get and parse JSON from "https://www.alphavantage.co/query?apikey=YTXYXH479B3J1MY2&function=BALANCE_SHEET&symbol=ARGD".
2022-04-03 19:45:07.849 +03:00 [INF] Trying to refresh entity SaluteStocksAPI.Models.FundamentalData.IncomeStatement with Symbol ABB
2022-04-03 19:45:07.851 +03:00 [INF] Generating URI for INCOME_STATEMENT with params: symbol: ABB
2022-04-03 19:45:07.852 +03:00 [INF] URI: https://www.alphavantage.co/query?apikey=YTXYXH479B3J1MY2&function=INCOME_STATEMENT&symbol=ABB
2022-04-03 19:45:07.852 +03:00 [INF] Starting to get and parse JSON from "https://www.alphavantage.co/query?apikey=YTXYXH479B3J1MY2&function=INCOME_STATEMENT&symbol=ABB".
2022-04-03 19:45:08.388 +03:00 [INF] Response has success status code
2022-04-03 19:45:08.389 +03:00 [INF] Trying to deserialize response.
2022-04-03 19:45:15.214 +03:00 [INF] Entity Framework Core 6.0.3 initialized 'StocksContext' using provider 'Microsoft.EntityFrameworkCore.SqlServer:6.0.0' with options: None
2022-04-03 19:45:15.268 +03:00 [INF] Trying to refresh entity SaluteStocksAPI.Models.FundamentalData.CashFlow with Symbol ABCM
2022-04-03 19:45:15.268 +03:00 [INF] Executed DbCommand (18ms) [Parameters=[@__symbol_0='?' (Size = 450)], CommandType='"Text"', CommandTimeout='30']
SELECT TOP(2) [c].[Symbol], [c].[Address], [c].[AnalystTargetPrice], [c].[AssetType], [c].[Beta], [c].[BookValue], [c].[CIK], [c].[Country], [c].[Currency], [c].[Description], [c].[DilutedEPSTTM], [c].[DividendDate], [c].[DividendPerShare], [c].[DividendYield], [c].[EBITDA], [c].[EPS], [c].[EVToEBITDA], [c].[EVToRevenue], [c].[ExDividendDate], [c].[Exchange], [c].[ExistInApi], [c].[FiscalYearEnd], [c].[ForwardPE], [c].[GrossProfitTTM], [c].[Industry], [c].[LastApiRefresh], [c].[LastLocalRefresh], [c].[LatestQuarter], [c].[MarketCapitalization], [c].[Name], [c].[OperatingMarginTTM], [c].[PEGRatio], [c].[PERatio], [c].[PriceToBookRatio], [c].[PriceToSalesRatioTTM], [c].[ProfitMargin], [c].[QuarterlyEarningsGrowthYOY], [c].[QuarterlyRevenueGrowthYOY], [c].[ReturnOnAssetsTTM], [c].[ReturnOnEquityTTM], [c].[RevenuePerShareTTM], [c].[RevenueTTM], [c].[Sector], [c].[SharesOutstanding], [c].[TrailingPE], [c].[_200DayMovingAverage], [c].[_50DayMovingAverage], [c].[_52WeekHigh], [c].[_52WeekLow]
FROM [CompanyOverviews] AS [c]
WHERE [c].[Symbol] = @__symbol_0
2022-04-03 19:45:15.272 +03:00 [INF] Trying to refresh entity SaluteStocksAPI.Models.FundamentalData.CompanyOverview with Symbol AEL
2022-04-03 19:45:15.276 +03:00 [INF] Trying to refresh entity SaluteStocksAPI.Models.FundamentalData.Earnings with Symbol ABC
2022-04-03 19:45:15.277 +03:00 [INF] Generating URI for CASH_FLOW with params: symbol: ABCM
2022-04-03 19:45:15.284 +03:00 [INF] Generating URI for EARNINGS with params: symbol: ABC
2022-04-03 19:45:15.283 +03:00 [INF] Generating URI for OVERVIEW with params: symbol: ARGD
2022-04-03 19:45:15.283 +03:00 [INF] Generating URI for OVERVIEW with params: symbol: AEL
2022-04-03 19:45:15.284 +03:00 [INF] URI: https://www.alphavantage.co/query?apikey=YTXYXH479B3J1MY2&function=CASH_FLOW&symbol=ABCM
2022-04-03 19:45:15.285 +03:00 [INF] URI: https://www.alphavantage.co/query?apikey=YTXYXH479B3J1MY2&function=EARNINGS&symbol=ABC
2022-04-03 19:45:15.285 +03:00 [INF] URI: https://www.alphavantage.co/query?apikey=YTXYXH479B3J1MY2&function=OVERVIEW&symbol=ARGD
2022-04-03 19:45:15.286 +03:00 [INF] URI: https://www.alphavantage.co/query?apikey=YTXYXH479B3J1MY2&function=OVERVIEW&symbol=AEL
2022-04-03 19:45:15.286 +03:00 [INF] Starting to get and parse JSON from "https://www.alphavantage.co/query?apikey=YTXYXH479B3J1MY2&function=CASH_FLOW&symbol=ABCM".
2022-04-03 19:45:15.287 +03:00 [INF] Starting to get and parse JSON from "https://www.alphavantage.co/query?apikey=YTXYXH479B3J1MY2&function=EARNINGS&symbol=ABC".
2022-04-03 19:45:15.288 +03:00 [INF] Starting to get and parse JSON from "https://www.alphavantage.co/query?apikey=YTXYXH479B3J1MY2&function=OVERVIEW&symbol=ARGD".
2022-04-03 19:45:15.288 +03:00 [INF] Starting to get and parse JSON from "https://www.alphavantage.co/query?apikey=YTXYXH479B3J1MY2&function=OVERVIEW&symbol=AEL".
2022-04-03 19:45:15.804 +03:00 [INF] Response has success status code
2022-04-03 19:45:15.805 +03:00 [INF] Trying to deserialize response.
2022-04-03 19:45:15.805 +03:00 [INF] Start AddOrUpdate for SaluteStocksAPI.Models.FundamentalData.CompanyOverview.
2022-04-03 19:45:15.806 +03:00 [INF] Entity Framework Core 6.0.3 initialized 'StocksContext' using provider 'Microsoft.EntityFrameworkCore.SqlServer:6.0.0' with options: None
2022-04-03 19:45:15.850 +03:00 [INF] Executed DbCommand (42ms) [Parameters=[@__entity_Symbol_0='?' (Size = 450)], CommandType='"Text"', CommandTimeout='30']
SELECT TOP(2) [c].[Symbol], [c].[Address], [c].[AnalystTargetPrice], [c].[AssetType], [c].[Beta], [c].[BookValue], [c].[CIK], [c].[Country], [c].[Currency], [c].[Description], [c].[DilutedEPSTTM], [c].[DividendDate], [c].[DividendPerShare], [c].[DividendYield], [c].[EBITDA], [c].[EPS], [c].[EVToEBITDA], [c].[EVToRevenue], [c].[ExDividendDate], [c].[Exchange], [c].[ExistInApi], [c].[FiscalYearEnd], [c].[ForwardPE], [c].[GrossProfitTTM], [c].[Industry], [c].[LastApiRefresh], [c].[LastLocalRefresh], [c].[LatestQuarter], [c].[MarketCapitalization], [c].[Name], [c].[OperatingMarginTTM], [c].[PEGRatio], [c].[PERatio], [c].[PriceToBookRatio], [c].[PriceToSalesRatioTTM], [c].[ProfitMargin], [c].[QuarterlyEarningsGrowthYOY], [c].[QuarterlyRevenueGrowthYOY], [c].[ReturnOnAssetsTTM], [c].[ReturnOnEquityTTM], [c].[RevenuePerShareTTM], [c].[RevenueTTM], [c].[Sector], [c].[SharesOutstanding], [c].[TrailingPE], [c].[_200DayMovingAverage], [c].[_50DayMovingAverage], [c].[_52WeekHigh], [c].[_52WeekLow]
FROM [CompanyOverviews] AS [c]
WHERE [c].[Symbol] = @__entity_Symbol_0
2022-04-03 19:45:15.852 +03:00 [ERR] An exception occurred while iterating over the results of a query for context type 'SaluteStocksAPI.DataBase.StocksContext'.
System.InvalidCastException: Unable to cast object of type 'System.Int64' to type 'System.Double'.
   at Microsoft.Data.SqlClient.SqlBuffer.get_Double()
   at Microsoft.Data.SqlClient.SqlDataReader.GetDouble(Int32 i)
   at lambda_method124(Closure , QueryContext , DbDataReader , ResultContext , SingleQueryResultCoordinator )
   at Microsoft.EntityFrameworkCore.Query.Internal.SingleQueryingEnumerable`1.AsyncEnumerator.MoveNextAsync()
System.InvalidCastException: Unable to cast object of type 'System.Int64' to type 'System.Double'.
   at Microsoft.Data.SqlClient.SqlBuffer.get_Double()
   at Microsoft.Data.SqlClient.SqlDataReader.GetDouble(Int32 i)
   at lambda_method124(Closure , QueryContext , DbDataReader , ResultContext , SingleQueryResultCoordinator )
   at Microsoft.EntityFrameworkCore.Query.Internal.SingleQueryingEnumerable`1.AsyncEnumerator.MoveNextAsync()
2022-04-03 19:45:15.881 +03:00 [ERR] Failed to refresh  entity SaluteStocksAPI.Models.FundamentalData.CompanyOverview with Symbol AEL
System.InvalidCastException: Unable to cast object of type 'System.Int64' to type 'System.Double'.
   at Microsoft.Data.SqlClient.SqlBuffer.get_Double()
   at Microsoft.Data.SqlClient.SqlDataReader.GetDouble(Int32 i)
   at lambda_method124(Closure , QueryContext , DbDataReader , ResultContext , SingleQueryResultCoordinator )
   at Microsoft.EntityFrameworkCore.Query.Internal.SingleQueryingEnumerable`1.AsyncEnumerator.MoveNextAsync()
   at Microsoft.EntityFrameworkCore.Query.ShapedQueryCompilingExpressionVisitor.SingleOrDefaultAsync[TSource](IAsyncEnumerable`1 asyncEnumerable, CancellationToken cancellationToken)
   at Microsoft.EntityFrameworkCore.Query.ShapedQueryCompilingExpressionVisitor.SingleOrDefaultAsync[TSource](IAsyncEnumerable`1 asyncEnumerable, CancellationToken cancellationToken)
   at SaluteStocksAPI.Service.DataBaseRepository.AddOrUpdate[T](T entity) in D:\repo\SaluteStocks\SaluteStocksAPI\Service\DataBaseRepository.cs:line 37
   at SaluteStocksAPI.Service.Background.Loader.RefreshEntity[T](String symbol) in D:\repo\SaluteStocks\SaluteStocksAPI\Service\Background\Loader.cs:line 201
2022-04-03 19:45:15.898 +03:00 [INF] Response has success status code
2022-04-03 19:45:15.901 +03:00 [INF] Trying to deserialize response.
2022-04-03 19:45:15.903 +03:00 [INF] Entity Framework Core 6.0.3 initialized 'StocksContext' using provider 'Microsoft.EntityFrameworkCore.SqlServer:6.0.0' with options: None
2022-04-03 19:45:15.934 +03:00 [INF] Executed DbCommand (30ms) [Parameters=[@__symbol_0='?' (Size = 450)], CommandType='"Text"', CommandTimeout='30']
SELECT TOP(2) [c].[Symbol], [c].[Address], [c].[AnalystTargetPrice], [c].[AssetType], [c].[Beta], [c].[BookValue], [c].[CIK], [c].[Country], [c].[Currency], [c].[Description], [c].[DilutedEPSTTM], [c].[DividendDate], [c].[DividendPerShare], [c].[DividendYield], [c].[EBITDA], [c].[EPS], [c].[EVToEBITDA], [c].[EVToRevenue], [c].[ExDividendDate], [c].[Exchange], [c].[ExistInApi], [c].[FiscalYearEnd], [c].[ForwardPE], [c].[GrossProfitTTM], [c].[Industry], [c].[LastApiRefresh], [c].[LastLocalRefresh], [c].[LatestQuarter], [c].[MarketCapitalization], [c].[Name], [c].[OperatingMarginTTM], [c].[PEGRatio], [c].[PERatio], [c].[PriceToBookRatio], [c].[PriceToSalesRatioTTM], [c].[ProfitMargin], [c].[QuarterlyEarningsGrowthYOY], [c].[QuarterlyRevenueGrowthYOY], [c].[ReturnOnAssetsTTM], [c].[ReturnOnEquityTTM], [c].[RevenuePerShareTTM], [c].[RevenueTTM], [c].[Sector], [c].[SharesOutstanding], [c].[TrailingPE], [c].[_200DayMovingAverage], [c].[_50DayMovingAverage], [c].[_52WeekHigh], [c].[_52WeekLow]
FROM [CompanyOverviews] AS [c]
WHERE [c].[Symbol] = @__symbol_0
2022-04-03 19:45:15.937 +03:00 [ERR] An exception occurred while iterating over the results of a query for context type 'SaluteStocksAPI.DataBase.StocksContext'.
System.InvalidCastException: Unable to cast object of type 'System.Int64' to type 'System.Double'.
   at Microsoft.Data.SqlClient.SqlBuffer.get_Double()
   at Microsoft.Data.SqlClient.SqlDataReader.GetDouble(Int32 i)
   at lambda_method125(Closure , QueryContext , DbDataReader , ResultContext , SingleQueryResultCoordinator )
   at Microsoft.EntityFrameworkCore.Query.Internal.SingleQueryingEnumerable`1.AsyncEnumerator.MoveNextAsync()
System.InvalidCastException: Unable to cast object of type 'System.Int64' to type 'System.Double'.
   at Microsoft.Data.SqlClient.SqlBuffer.get_Double()
   at Microsoft.Data.SqlClient.SqlDataReader.GetDouble(Int32 i)
   at lambda_method125(Closure , QueryContext , DbDataReader , ResultContext , SingleQueryResultCoordinator )
   at Microsoft.EntityFrameworkCore.Query.Internal.SingleQueryingEnumerable`1.AsyncEnumerator.MoveNextAsync()
2022-04-03 19:45:15.972 +03:00 [ERR] Failed to refresh  entity SaluteStocksAPI.Models.FundamentalData.IncomeStatement with Symbol ABB
System.InvalidCastException: Unable to cast object of type 'System.Int64' to type 'System.Double'.
   at Microsoft.Data.SqlClient.SqlBuffer.get_Double()
   at Microsoft.Data.SqlClient.SqlDataReader.GetDouble(Int32 i)
   at lambda_method125(Closure , QueryContext , DbDataReader , ResultContext , SingleQueryResultCoordinator )
   at Microsoft.EntityFrameworkCore.Query.Internal.SingleQueryingEnumerable`1.AsyncEnumerator.MoveNextAsync()
   at Microsoft.EntityFrameworkCore.Query.ShapedQueryCompilingExpressionVisitor.SingleOrDefaultAsync[TSource](IAsyncEnumerable`1 asyncEnumerable, CancellationToken cancellationToken)
   at Microsoft.EntityFrameworkCore.Query.ShapedQueryCompilingExpressionVisitor.SingleOrDefaultAsync[TSource](IAsyncEnumerable`1 asyncEnumerable, CancellationToken cancellationToken)
   at SaluteStocksAPI.Service.DataBaseRepository.Get[T](String symbol) in D:\repo\SaluteStocks\SaluteStocksAPI\Service\DataBaseRepository.cs:line 54
   at SaluteStocksAPI.Service.Background.Loader.RefreshEntity[T](String symbol) in D:\repo\SaluteStocks\SaluteStocksAPI\Service\Background\Loader.cs:line 189
2022-04-03 19:45:16.099 +03:00 [INF] Response has success status code
2022-04-03 19:45:16.101 +03:00 [INF] Trying to deserialize response.
2022-04-03 19:45:16.103 +03:00 [INF] Entity Framework Core 6.0.3 initialized 'StocksContext' using provider 'Microsoft.EntityFrameworkCore.SqlServer:6.0.0' with options: None
2022-04-03 19:45:16.127 +03:00 [INF] Executed DbCommand (23ms) [Parameters=[@__symbol_0='?' (Size = 450)], CommandType='"Text"', CommandTimeout='30']
SELECT TOP(2) [c].[Symbol], [c].[Address], [c].[AnalystTargetPrice], [c].[AssetType], [c].[Beta], [c].[BookValue], [c].[CIK], [c].[Country], [c].[Currency], [c].[Description], [c].[DilutedEPSTTM], [c].[DividendDate], [c].[DividendPerShare], [c].[DividendYield], [c].[EBITDA], [c].[EPS], [c].[EVToEBITDA], [c].[EVToRevenue], [c].[ExDividendDate], [c].[Exchange], [c].[ExistInApi], [c].[FiscalYearEnd], [c].[ForwardPE], [c].[GrossProfitTTM], [c].[Industry], [c].[LastApiRefresh], [c].[LastLocalRefresh], [c].[LatestQuarter], [c].[MarketCapitalization], [c].[Name], [c].[OperatingMarginTTM], [c].[PEGRatio], [c].[PERatio], [c].[PriceToBookRatio], [c].[PriceToSalesRatioTTM], [c].[ProfitMargin], [c].[QuarterlyEarningsGrowthYOY], [c].[QuarterlyRevenueGrowthYOY], [c].[ReturnOnAssetsTTM], [c].[ReturnOnEquityTTM], [c].[RevenuePerShareTTM], [c].[RevenueTTM], [c].[Sector], [c].[SharesOutstanding], [c].[TrailingPE], [c].[_200DayMovingAverage], [c].[_50DayMovingAverage], [c].[_52WeekHigh], [c].[_52WeekLow]
FROM [CompanyOverviews] AS [c]
WHERE [c].[Symbol] = @__symbol_0
2022-04-03 19:45:16.132 +03:00 [ERR] An exception occurred while iterating over the results of a query for context type 'SaluteStocksAPI.DataBase.StocksContext'.
System.InvalidCastException: Unable to cast object of type 'System.Int64' to type 'System.Double'.
   at Microsoft.Data.SqlClient.SqlBuffer.get_Double()
   at Microsoft.Data.SqlClient.SqlDataReader.GetDouble(Int32 i)
   at lambda_method125(Closure , QueryContext , DbDataReader , ResultContext , SingleQueryResultCoordinator )
   at Microsoft.EntityFrameworkCore.Query.Internal.SingleQueryingEnumerable`1.AsyncEnumerator.MoveNextAsync()
System.InvalidCastException: Unable to cast object of type 'System.Int64' to type 'System.Double'.
   at Microsoft.Data.SqlClient.SqlBuffer.get_Double()
   at Microsoft.Data.SqlClient.SqlDataReader.GetDouble(Int32 i)
   at lambda_method125(Closure , QueryContext , DbDataReader , ResultContext , SingleQueryResultCoordinator )
   at Microsoft.EntityFrameworkCore.Query.Internal.SingleQueryingEnumerable`1.AsyncEnumerator.MoveNextAsync()
2022-04-03 19:45:16.169 +03:00 [ERR] Failed to refresh  entity SaluteStocksAPI.Models.FundamentalData.Earnings with Symbol ABC
System.InvalidCastException: Unable to cast object of type 'System.Int64' to type 'System.Double'.
   at Microsoft.Data.SqlClient.SqlBuffer.get_Double()
   at Microsoft.Data.SqlClient.SqlDataReader.GetDouble(Int32 i)
   at lambda_method125(Closure , QueryContext , DbDataReader , ResultContext , SingleQueryResultCoordinator )
   at Microsoft.EntityFrameworkCore.Query.Internal.SingleQueryingEnumerable`1.AsyncEnumerator.MoveNextAsync()
   at Microsoft.EntityFrameworkCore.Query.ShapedQueryCompilingExpressionVisitor.SingleOrDefaultAsync[TSource](IAsyncEnumerable`1 asyncEnumerable, CancellationToken cancellationToken)
   at Microsoft.EntityFrameworkCore.Query.ShapedQueryCompilingExpressionVisitor.SingleOrDefaultAsync[TSource](IAsyncEnumerable`1 asyncEnumerable, CancellationToken cancellationToken)
   at SaluteStocksAPI.Service.DataBaseRepository.Get[T](String symbol) in D:\repo\SaluteStocks\SaluteStocksAPI\Service\DataBaseRepository.cs:line 54
   at SaluteStocksAPI.Service.Background.Loader.RefreshEntity[T](String symbol) in D:\repo\SaluteStocks\SaluteStocksAPI\Service\Background\Loader.cs:line 189
2022-04-03 19:45:16.551 +03:00 [INF] Response has success status code
2022-04-03 19:45:16.576 +03:00 [INF] Response has success status code
2022-04-03 19:45:16.589 +03:00 [WRN] Reached the API limit when getting SaluteStocksAPI.Models.FundamentalData.BalanceSheet for symbol ARGD
SaluteStocksAPI.AlphaVantage.Exceptions.AlphaVantageRequestLimit: {
    "Note": "Thank you for using Alpha Vantage! Our standard API call frequency is 5 calls per minute and 500 calls per day. Please visit https://www.alphavantage.co/premium/ if you would like to target a higher API call frequency."
}
   at SaluteStocksAPI.AlphaVantage.AlphaVantageClient.GetAndParseJsonAsync[T](Uri uri) in D:\repo\SaluteStocks\SaluteStocksAPI\AlphaVantage\AlphaVantageClient.cs:line 316
   at SaluteStocksAPI.AlphaVantage.AlphaVantageClient.GetCompanyOverview(String symbol) in D:\repo\SaluteStocks\SaluteStocksAPI\AlphaVantage\AlphaVantageClient.cs:line 109
   at SaluteStocksAPI.Service.Background.Loader.RefreshEntity[T](String symbol) in D:\repo\SaluteStocks\SaluteStocksAPI\Service\Background\Loader.cs:line 193
2022-04-03 19:45:16.590 +03:00 [INF] Trying to deserialize response.
2022-04-03 19:45:16.594 +03:00 [INF] Entity Framework Core 6.0.3 initialized 'StocksContext' using provider 'Microsoft.EntityFrameworkCore.SqlServer:6.0.0' with options: None
2022-04-03 19:45:16.615 +03:00 [INF] Executed DbCommand (20ms) [Parameters=[@__symbol_0='?' (Size = 450)], CommandType='"Text"', CommandTimeout='30']
SELECT TOP(2) [c].[Symbol], [c].[Address], [c].[AnalystTargetPrice], [c].[AssetType], [c].[Beta], [c].[BookValue], [c].[CIK], [c].[Country], [c].[Currency], [c].[Description], [c].[DilutedEPSTTM], [c].[DividendDate], [c].[DividendPerShare], [c].[DividendYield], [c].[EBITDA], [c].[EPS], [c].[EVToEBITDA], [c].[EVToRevenue], [c].[ExDividendDate], [c].[Exchange], [c].[ExistInApi], [c].[FiscalYearEnd], [c].[ForwardPE], [c].[GrossProfitTTM], [c].[Industry], [c].[LastApiRefresh], [c].[LastLocalRefresh], [c].[LatestQuarter], [c].[MarketCapitalization], [c].[Name], [c].[OperatingMarginTTM], [c].[PEGRatio], [c].[PERatio], [c].[PriceToBookRatio], [c].[PriceToSalesRatioTTM], [c].[ProfitMargin], [c].[QuarterlyEarningsGrowthYOY], [c].[QuarterlyRevenueGrowthYOY], [c].[ReturnOnAssetsTTM], [c].[ReturnOnEquityTTM], [c].[RevenuePerShareTTM], [c].[RevenueTTM], [c].[Sector], [c].[SharesOutstanding], [c].[TrailingPE], [c].[_200DayMovingAverage], [c].[_50DayMovingAverage], [c].[_52WeekHigh], [c].[_52WeekLow]
FROM [CompanyOverviews] AS [c]
WHERE [c].[Symbol] = @__symbol_0
2022-04-03 19:45:16.618 +03:00 [ERR] An exception occurred while iterating over the results of a query for context type 'SaluteStocksAPI.DataBase.StocksContext'.
System.InvalidCastException: Unable to cast object of type 'System.Int64' to type 'System.Double'.
   at Microsoft.Data.SqlClient.SqlBuffer.get_Double()
   at Microsoft.Data.SqlClient.SqlDataReader.GetDouble(Int32 i)
   at lambda_method125(Closure , QueryContext , DbDataReader , ResultContext , SingleQueryResultCoordinator )
   at Microsoft.EntityFrameworkCore.Query.Internal.SingleQueryingEnumerable`1.AsyncEnumerator.MoveNextAsync()
System.InvalidCastException: Unable to cast object of type 'System.Int64' to type 'System.Double'.
   at Microsoft.Data.SqlClient.SqlBuffer.get_Double()
   at Microsoft.Data.SqlClient.SqlDataReader.GetDouble(Int32 i)
   at lambda_method125(Closure , QueryContext , DbDataReader , ResultContext , SingleQueryResultCoordinator )
   at Microsoft.EntityFrameworkCore.Query.Internal.SingleQueryingEnumerable`1.AsyncEnumerator.MoveNextAsync()
2022-04-03 19:45:16.651 +03:00 [ERR] Failed to refresh  entity SaluteStocksAPI.Models.FundamentalData.CashFlow with Symbol ABCM
System.InvalidCastException: Unable to cast object of type 'System.Int64' to type 'System.Double'.
   at Microsoft.Data.SqlClient.SqlBuffer.get_Double()
   at Microsoft.Data.SqlClient.SqlDataReader.GetDouble(Int32 i)
   at lambda_method125(Closure , QueryContext , DbDataReader , ResultContext , SingleQueryResultCoordinator )
   at Microsoft.EntityFrameworkCore.Query.Internal.SingleQueryingEnumerable`1.AsyncEnumerator.MoveNextAsync()
   at Microsoft.EntityFrameworkCore.Query.ShapedQueryCompilingExpressionVisitor.SingleOrDefaultAsync[TSource](IAsyncEnumerable`1 asyncEnumerable, CancellationToken cancellationToken)
   at Microsoft.EntityFrameworkCore.Query.ShapedQueryCompilingExpressionVisitor.SingleOrDefaultAsync[TSource](IAsyncEnumerable`1 asyncEnumerable, CancellationToken cancellationToken)
   at SaluteStocksAPI.Service.DataBaseRepository.Get[T](String symbol) in D:\repo\SaluteStocks\SaluteStocksAPI\Service\DataBaseRepository.cs:line 54
   at SaluteStocksAPI.Service.Background.Loader.RefreshEntity[T](String symbol) in D:\repo\SaluteStocks\SaluteStocksAPI\Service\Background\Loader.cs:line 189
